[2025-04-15T08:19:13.770+0000] {taskinstance.py:1083} INFO - Dependencies all met for <TaskInstance: Anas.fetch_data_task manual__2025-04-15T08:19:12.412887+00:00 [queued]>
[2025-04-15T08:19:13.776+0000] {taskinstance.py:1083} INFO - Dependencies all met for <TaskInstance: Anas.fetch_data_task manual__2025-04-15T08:19:12.412887+00:00 [queued]>
[2025-04-15T08:19:13.776+0000] {taskinstance.py:1279} INFO - 
--------------------------------------------------------------------------------
[2025-04-15T08:19:13.776+0000] {taskinstance.py:1280} INFO - Starting attempt 1 of 1
[2025-04-15T08:19:13.776+0000] {taskinstance.py:1281} INFO - 
--------------------------------------------------------------------------------
[2025-04-15T08:19:13.784+0000] {taskinstance.py:1300} INFO - Executing <Task(PythonOperator): fetch_data_task> on 2025-04-15 08:19:12.412887+00:00
[2025-04-15T08:19:13.791+0000] {standard_task_runner.py:55} INFO - Started process 676 to run task
[2025-04-15T08:19:13.794+0000] {standard_task_runner.py:82} INFO - Running: ['***', 'tasks', 'run', 'Anas', 'fetch_data_task', 'manual__2025-04-15T08:19:12.412887+00:00', '--job-id', '37', '--raw', '--subdir', 'DAGS_FOLDER/day.py', '--cfg-path', '/tmp/tmpwp6aozvc']
[2025-04-15T08:19:13.795+0000] {standard_task_runner.py:83} INFO - Job 37: Subtask fetch_data_task
[2025-04-15T08:19:13.835+0000] {task_command.py:388} INFO - Running <TaskInstance: Anas.fetch_data_task manual__2025-04-15T08:19:12.412887+00:00 [running]> on host ac4c8066c1b3
[2025-04-15T08:19:13.882+0000] {taskinstance.py:1509} INFO - Exporting the following env vars:
AIRFLOW_CTX_DAG_OWNER=***
AIRFLOW_CTX_DAG_ID=Anas
AIRFLOW_CTX_TASK_ID=fetch_data_task
AIRFLOW_CTX_EXECUTION_DATE=2025-04-15T08:19:12.412887+00:00
AIRFLOW_CTX_TRY_NUMBER=1
AIRFLOW_CTX_DAG_RUN_ID=manual__2025-04-15T08:19:12.412887+00:00
[2025-04-15T08:19:14.362+0000] {logging_mixin.py:137} INFO - Table 1 saved to: /opt/***/data/table_1.csv
[2025-04-15T08:19:14.362+0000] {logging_mixin.py:137} INFO - 
All 1 tables saved to '/opt/***/data/'!
[2025-04-15T08:19:14.363+0000] {python.py:177} INFO - Done. Returned value was: /opt/***/data/table_1.csv
[2025-04-15T08:19:14.380+0000] {taskinstance.py:1323} INFO - Marking task as SUCCESS. dag_id=Anas, task_id=fetch_data_task, execution_date=20250415T081912, start_date=20250415T081913, end_date=20250415T081914
[2025-04-15T08:19:14.406+0000] {local_task_job.py:208} INFO - Task exited with return code 0
[2025-04-15T08:19:14.428+0000] {taskinstance.py:2578} INFO - 1 downstream tasks scheduled from follow-on schedule check
