[2025-04-15T07:42:56.672+0000] {taskinstance.py:1083} INFO - Dependencies all met for <TaskInstance: Anas.consume_and_insert_task manual__2025-04-15T07:42:49.905680+00:00 [queued]>
[2025-04-15T07:42:56.678+0000] {taskinstance.py:1083} INFO - Dependencies all met for <TaskInstance: Anas.consume_and_insert_task manual__2025-04-15T07:42:49.905680+00:00 [queued]>
[2025-04-15T07:42:56.678+0000] {taskinstance.py:1279} INFO - 
--------------------------------------------------------------------------------
[2025-04-15T07:42:56.678+0000] {taskinstance.py:1280} INFO - Starting attempt 1 of 1
[2025-04-15T07:42:56.678+0000] {taskinstance.py:1281} INFO - 
--------------------------------------------------------------------------------
[2025-04-15T07:42:56.686+0000] {taskinstance.py:1300} INFO - Executing <Task(PythonOperator): consume_and_insert_task> on 2025-04-15 07:42:49.905680+00:00
[2025-04-15T07:42:56.694+0000] {standard_task_runner.py:55} INFO - Started process 591 to run task
[2025-04-15T07:42:56.696+0000] {standard_task_runner.py:82} INFO - Running: ['***', 'tasks', 'run', 'Anas', 'consume_and_insert_task', 'manual__2025-04-15T07:42:49.905680+00:00', '--job-id', '89', '--raw', '--subdir', 'DAGS_FOLDER/day.py', '--cfg-path', '/tmp/tmpbuqdey_5']
[2025-04-15T07:42:56.698+0000] {standard_task_runner.py:83} INFO - Job 89: Subtask consume_and_insert_task
[2025-04-15T07:42:56.738+0000] {task_command.py:388} INFO - Running <TaskInstance: Anas.consume_and_insert_task manual__2025-04-15T07:42:49.905680+00:00 [running]> on host 0c4d66587ca1
[2025-04-15T07:42:56.785+0000] {taskinstance.py:1509} INFO - Exporting the following env vars:
AIRFLOW_CTX_DAG_OWNER=***
AIRFLOW_CTX_DAG_ID=Anas
AIRFLOW_CTX_TASK_ID=consume_and_insert_task
AIRFLOW_CTX_EXECUTION_DATE=2025-04-15T07:42:49.905680+00:00
AIRFLOW_CTX_TRY_NUMBER=1
AIRFLOW_CTX_DAG_RUN_ID=manual__2025-04-15T07:42:49.905680+00:00
[2025-04-15T07:42:56.787+0000] {conn.py:396} INFO - <BrokerConnection client_id=kafka-python-2.1.5, node_id=bootstrap-0 host=kafka:9092 <connecting> [IPv4 ('172.20.0.6', 9092)]>: connecting to kafka:9092 [('172.20.0.6', 9092) IPv4]
[2025-04-15T07:42:56.789+0000] {conn.py:615} INFO - <BrokerConnection client_id=kafka-python-2.1.5, node_id=bootstrap-0 host=kafka:9092 <checking_api_versions_recv> [IPv4 ('172.20.0.6', 9092)]>: Broker version identified as 2.6
[2025-04-15T07:42:56.789+0000] {conn.py:456} INFO - <BrokerConnection client_id=kafka-python-2.1.5, node_id=bootstrap-0 host=kafka:9092 <connected> [IPv4 ('172.20.0.6', 9092)]>: Connection complete.
[2025-04-15T07:42:56.790+0000] {taskinstance.py:1768} ERROR - Task failed with exception
Traceback (most recent call last):
  File "/home/airflow/.local/lib/python3.7/site-packages/airflow/operators/python.py", line 175, in execute
    return_value = self.execute_callable()
  File "/home/airflow/.local/lib/python3.7/site-packages/airflow/operators/python.py", line 192, in execute_callable
    return self.python_callable(*self.op_args, **self.op_kwargs)
  File "/opt/airflow/dags/day.py", line 188, in consume_and_insert
    value_deserializer=lambda x: json.loads(x.decode('utf-8'))
  File "/home/airflow/.local/lib/python3.7/site-packages/kafka/consumer/group.py", line 419, in __init__
    self._subscription.subscribe(topics=topics)
  File "/home/airflow/.local/lib/python3.7/site-packages/kafka/consumer/subscription_state.py", line 149, in subscribe
    self.change_subscription(topics)
  File "/home/airflow/.local/lib/python3.7/site-packages/kafka/consumer/subscription_state.py", line 180, in change_subscription
    ensure_valid_topic_name(t)
  File "/home/airflow/.local/lib/python3.7/site-packages/kafka/util.py", line 57, in ensure_valid_topic_name
    raise TypeError('All topics must not be None')
TypeError: All topics must not be None
[2025-04-15T07:42:56.797+0000] {taskinstance.py:1323} INFO - Marking task as FAILED. dag_id=Anas, task_id=consume_and_insert_task, execution_date=20250415T074249, start_date=20250415T074256, end_date=20250415T074256
[2025-04-15T07:42:56.804+0000] {standard_task_runner.py:105} ERROR - Failed to execute job 89 for task consume_and_insert_task (All topics must not be None; 591)
[2025-04-15T07:42:56.827+0000] {local_task_job.py:208} INFO - Task exited with return code 1
[2025-04-15T07:42:56.843+0000] {taskinstance.py:2578} INFO - 0 downstream tasks scheduled from follow-on schedule check
