[2025-08-01T08:21:16.699+0000] {manager.py:483} INFO - Processing files using up to 2 processes at a time 
[2025-08-01T08:21:16.699+0000] {manager.py:484} INFO - Process each file at most once every 30 seconds
[2025-08-01T08:21:16.700+0000] {manager.py:485} INFO - Checking for new files in /opt/airflow/dags every 300 seconds
[2025-08-01T08:21:16.700+0000] {manager.py:821} INFO - Searching for files in /opt/airflow/dags
[2025-08-01T08:21:16.701+0000] {manager.py:824} INFO - There are 2 files in /opt/airflow/dags
[2025-08-01T08:21:17.039+0000] {manager.py:997} INFO - 
================================================================================
DAG File Processing Stats

File Path                              PID  Runtime      # DAGs    # Errors  Last Runtime    Last Run      Last # of DB Queries
-----------------------------------  -----  ---------  --------  ----------  --------------  ----------  ----------------------
/opt/airflow/dags/project_01_dag.py    189  0.02s             0           0                                                   0
/opt/airflow/dags/test.py              186  0.03s             0           0                                                   0
================================================================================
[2025-08-01T08:21:47.152+0000] {manager.py:997} INFO - 
================================================================================
DAG File Processing Stats

File Path                            PID    Runtime      # DAGs    # Errors  Last Runtime    Last Run               Last # of DB Queries
-----------------------------------  -----  ---------  --------  ----------  --------------  -------------------  ----------------------
/opt/airflow/dags/project_01_dag.py                           1           0  2.10s           2025-08-01T08:21:19                      45
/opt/airflow/dags/test.py                                     0           1  1.98s           2025-08-01T08:21:18                       3
================================================================================
[2025-08-01T08:22:17.353+0000] {manager.py:997} INFO - 
================================================================================
DAG File Processing Stats

File Path                            PID    Runtime      # DAGs    # Errors  Last Runtime    Last Run               Last # of DB Queries
-----------------------------------  -----  ---------  --------  ----------  --------------  -------------------  ----------------------
/opt/airflow/dags/test.py                                     0           1  0.55s           2025-08-01T08:22:12                       5
/opt/airflow/dags/project_01_dag.py                           1           0  0.55s           2025-08-01T08:21:49                      12
================================================================================
[2025-08-01T08:22:47.511+0000] {manager.py:997} INFO - 
================================================================================
DAG File Processing Stats

File Path                            PID    Runtime      # DAGs    # Errors  Last Runtime    Last Run               Last # of DB Queries
-----------------------------------  -----  ---------  --------  ----------  --------------  -------------------  ----------------------
/opt/airflow/dags/project_01_dag.py                           1           0  0.56s           2025-08-01T08:22:20                      12
/opt/airflow/dags/test.py                                     0           1  0.49s           2025-08-01T08:22:42                       5
================================================================================
[2025-08-01T08:23:17.580+0000] {manager.py:997} INFO - 
================================================================================
DAG File Processing Stats

File Path                            PID    Runtime      # DAGs    # Errors  Last Runtime    Last Run               Last # of DB Queries
-----------------------------------  -----  ---------  --------  ----------  --------------  -------------------  ----------------------
/opt/airflow/dags/project_01_dag.py                           1           0  0.51s           2025-08-01T08:22:51                      12
/opt/airflow/dags/test.py                                     0           1  0.48s           2025-08-01T08:23:13                       5
================================================================================
[2025-08-01T08:23:47.797+0000] {manager.py:997} INFO - 
================================================================================
DAG File Processing Stats

File Path                            PID    Runtime      # DAGs    # Errors  Last Runtime    Last Run               Last # of DB Queries
-----------------------------------  -----  ---------  --------  ----------  --------------  -------------------  ----------------------
/opt/airflow/dags/test.py                                     0           1  0.53s           2025-08-01T08:23:44                       5
/opt/airflow/dags/project_01_dag.py                           1           0  0.53s           2025-08-01T08:23:21                      12
================================================================================
[2025-08-01T08:24:17.870+0000] {manager.py:997} INFO - 
================================================================================
DAG File Processing Stats

File Path                            PID    Runtime      # DAGs    # Errors  Last Runtime    Last Run               Last # of DB Queries
-----------------------------------  -----  ---------  --------  ----------  --------------  -------------------  ----------------------
/opt/airflow/dags/project_01_dag.py                           1           0  0.51s           2025-08-01T08:23:52                      12
/opt/airflow/dags/test.py                                     0           1  0.48s           2025-08-01T08:24:14                       5
================================================================================
[2025-08-01T08:24:48.063+0000] {manager.py:997} INFO - 
================================================================================
DAG File Processing Stats

File Path                            PID    Runtime      # DAGs    # Errors  Last Runtime    Last Run               Last # of DB Queries
-----------------------------------  -----  ---------  --------  ----------  --------------  -------------------  ----------------------
/opt/airflow/dags/test.py                                     0           1  0.57s           2025-08-01T08:24:40                       5
/opt/airflow/dags/project_01_dag.py                           1           0  0.50s           2025-08-01T08:24:22                      12
================================================================================
[2025-08-01T08:25:18.198+0000] {manager.py:997} INFO - 
================================================================================
DAG File Processing Stats

File Path                            PID    Runtime      # DAGs    # Errors  Last Runtime    Last Run               Last # of DB Queries
-----------------------------------  -----  ---------  --------  ----------  --------------  -------------------  ----------------------
/opt/airflow/dags/project_01_dag.py                           1           0  0.53s           2025-08-01T08:24:53                      12
/opt/airflow/dags/test.py                                     0           1  0.48s           2025-08-01T08:25:11                       5
================================================================================
[2025-08-01T08:25:48.394+0000] {manager.py:997} INFO - 
================================================================================
DAG File Processing Stats

File Path                            PID    Runtime      # DAGs    # Errors  Last Runtime    Last Run               Last # of DB Queries
-----------------------------------  -----  ---------  --------  ----------  --------------  -------------------  ----------------------
/opt/airflow/dags/project_01_dag.py                           1           0  0.55s           2025-08-01T08:25:24                      12
/opt/airflow/dags/test.py                                     0           1  0.52s           2025-08-01T08:25:41                       5
================================================================================
[2025-08-01T08:26:17.040+0000] {manager.py:821} INFO - Searching for files in /opt/airflow/dags
[2025-08-01T08:26:17.042+0000] {manager.py:824} INFO - There are 2 files in /opt/airflow/dags
[2025-08-01T08:26:18.452+0000] {manager.py:997} INFO - 
================================================================================
DAG File Processing Stats

File Path                            PID    Runtime      # DAGs    # Errors  Last Runtime    Last Run               Last # of DB Queries
-----------------------------------  -----  ---------  --------  ----------  --------------  -------------------  ----------------------
/opt/airflow/dags/project_01_dag.py                           1           0  0.53s           2025-08-01T08:25:54                      12
/opt/airflow/dags/test.py                                     0           1  0.49s           2025-08-01T08:26:12                       5
================================================================================
[2025-08-01T08:26:48.717+0000] {manager.py:997} INFO - 
================================================================================
DAG File Processing Stats

File Path                            PID    Runtime      # DAGs    # Errors  Last Runtime    Last Run               Last # of DB Queries
-----------------------------------  -----  ---------  --------  ----------  --------------  -------------------  ----------------------
/opt/airflow/dags/project_01_dag.py                           1           0  0.53s           2025-08-01T08:26:25                      12
/opt/airflow/dags/test.py                                     0           1  0.51s           2025-08-01T08:26:43                       5
================================================================================
[2025-08-01T08:27:19.366+0000] {manager.py:997} INFO - 
================================================================================
DAG File Processing Stats

File Path                            PID    Runtime      # DAGs    # Errors  Last Runtime    Last Run               Last # of DB Queries
-----------------------------------  -----  ---------  --------  ----------  --------------  -------------------  ----------------------
/opt/airflow/dags/project_01_dag.py                           1           0  0.51s           2025-08-01T08:26:56                      12
/opt/airflow/dags/test.py                                     0           1  0.48s           2025-08-01T08:27:13                       5
================================================================================
[2025-08-01T08:27:50.033+0000] {manager.py:997} INFO - 
================================================================================
DAG File Processing Stats

File Path                            PID    Runtime      # DAGs    # Errors  Last Runtime    Last Run               Last # of DB Queries
-----------------------------------  -----  ---------  --------  ----------  --------------  -------------------  ----------------------
/opt/airflow/dags/project_01_dag.py                           1           0  0.53s           2025-08-01T08:27:26                      12
/opt/airflow/dags/test.py                                     0           1  0.50s           2025-08-01T08:27:44                       5
================================================================================
[2025-08-01T08:28:20.685+0000] {manager.py:997} INFO - 
================================================================================
DAG File Processing Stats

File Path                            PID    Runtime      # DAGs    # Errors  Last Runtime    Last Run               Last # of DB Queries
-----------------------------------  -----  ---------  --------  ----------  --------------  -------------------  ----------------------
/opt/airflow/dags/project_01_dag.py                           1           0  0.52s           2025-08-01T08:27:57                      12
/opt/airflow/dags/test.py                                     0           1  0.48s           2025-08-01T08:28:14                       5
================================================================================
[2025-08-01T08:28:51.325+0000] {manager.py:997} INFO - 
================================================================================
DAG File Processing Stats

File Path                            PID    Runtime      # DAGs    # Errors  Last Runtime    Last Run               Last # of DB Queries
-----------------------------------  -----  ---------  --------  ----------  --------------  -------------------  ----------------------
/opt/airflow/dags/project_01_dag.py                           1           0  0.51s           2025-08-01T08:28:28                      12
/opt/airflow/dags/test.py                                     0           1  0.50s           2025-08-01T08:28:45                       5
================================================================================
[2025-08-01T08:29:21.986+0000] {manager.py:997} INFO - 
================================================================================
DAG File Processing Stats

File Path                            PID    Runtime      # DAGs    # Errors  Last Runtime    Last Run               Last # of DB Queries
-----------------------------------  -----  ---------  --------  ----------  --------------  -------------------  ----------------------
/opt/airflow/dags/project_01_dag.py                           1           0  0.53s           2025-08-01T08:28:58                      12
/opt/airflow/dags/test.py                                     0           1  0.50s           2025-08-01T08:29:16                       5
================================================================================
[2025-08-01T08:29:52.635+0000] {manager.py:997} INFO - 
================================================================================
DAG File Processing Stats

File Path                            PID    Runtime      # DAGs    # Errors  Last Runtime    Last Run               Last # of DB Queries
-----------------------------------  -----  ---------  --------  ----------  --------------  -------------------  ----------------------
/opt/airflow/dags/project_01_dag.py                           1           0  0.51s           2025-08-01T08:29:29                      12
/opt/airflow/dags/test.py                                     0           1  0.48s           2025-08-01T08:29:46                       5
================================================================================
[2025-08-01T08:30:23.295+0000] {manager.py:997} INFO - 
================================================================================
DAG File Processing Stats

File Path                            PID    Runtime      # DAGs    # Errors  Last Runtime    Last Run               Last # of DB Queries
-----------------------------------  -----  ---------  --------  ----------  --------------  -------------------  ----------------------
/opt/airflow/dags/project_01_dag.py                           1           0  0.52s           2025-08-01T08:30:00                      12
/opt/airflow/dags/test.py                                     0           1  0.47s           2025-08-01T08:30:17                       5
================================================================================
[2025-08-01T08:30:53.950+0000] {manager.py:997} INFO - 
================================================================================
DAG File Processing Stats

File Path                            PID    Runtime      # DAGs    # Errors  Last Runtime    Last Run               Last # of DB Queries
-----------------------------------  -----  ---------  --------  ----------  --------------  -------------------  ----------------------
/opt/airflow/dags/test.py                                     0           1  0.52s           2025-08-01T08:30:48                       5
/opt/airflow/dags/project_01_dag.py                           1           0  0.52s           2025-08-01T08:30:30                      12
================================================================================
[2025-08-01T08:31:17.158+0000] {manager.py:821} INFO - Searching for files in /opt/airflow/dags
[2025-08-01T08:31:17.160+0000] {manager.py:824} INFO - There are 2 files in /opt/airflow/dags
[2025-08-01T08:31:24.590+0000] {manager.py:997} INFO - 
================================================================================
DAG File Processing Stats

File Path                            PID    Runtime      # DAGs    # Errors  Last Runtime    Last Run               Last # of DB Queries
-----------------------------------  -----  ---------  --------  ----------  --------------  -------------------  ----------------------
/opt/airflow/dags/test.py                                     0           1  0.51s           2025-08-01T08:31:17                       5
/opt/airflow/dags/project_01_dag.py                           1           0  0.50s           2025-08-01T08:31:01                      12
================================================================================
[2025-08-01T08:31:55.247+0000] {manager.py:997} INFO - 
================================================================================
DAG File Processing Stats

File Path                            PID    Runtime      # DAGs    # Errors  Last Runtime    Last Run               Last # of DB Queries
-----------------------------------  -----  ---------  --------  ----------  --------------  -------------------  ----------------------
/opt/airflow/dags/project_01_dag.py                           1           0  0.52s           2025-08-01T08:31:32                      12
/opt/airflow/dags/test.py                                     0           1  0.50s           2025-08-01T08:31:48                       5
================================================================================
[2025-08-01T08:32:25.890+0000] {manager.py:997} INFO - 
================================================================================
DAG File Processing Stats

File Path                            PID    Runtime      # DAGs    # Errors  Last Runtime    Last Run               Last # of DB Queries
-----------------------------------  -----  ---------  --------  ----------  --------------  -------------------  ----------------------
/opt/airflow/dags/project_01_dag.py                           1           0  0.52s           2025-08-01T08:32:02                      12
/opt/airflow/dags/test.py                                     0           1  0.49s           2025-08-01T08:32:18                       5
================================================================================
[2025-08-01T08:32:56.065+0000] {manager.py:997} INFO - 
================================================================================
DAG File Processing Stats

File Path                            PID    Runtime      # DAGs    # Errors  Last Runtime    Last Run               Last # of DB Queries
-----------------------------------  -----  ---------  --------  ----------  --------------  -------------------  ----------------------
/opt/airflow/dags/project_01_dag.py                           1           0  0.59s           2025-08-01T08:32:33                      12
/opt/airflow/dags/test.py                                     0           1  0.54s           2025-08-01T08:32:40                       5
================================================================================
[2025-08-01T08:33:26.721+0000] {manager.py:997} INFO - 
================================================================================
DAG File Processing Stats

File Path                            PID    Runtime      # DAGs    # Errors  Last Runtime    Last Run               Last # of DB Queries
-----------------------------------  -----  ---------  --------  ----------  --------------  -------------------  ----------------------
/opt/airflow/dags/project_01_dag.py                           1           0  0.52s           2025-08-01T08:33:04                      12
/opt/airflow/dags/test.py                                     0           1  0.50s           2025-08-01T08:33:04                       5
================================================================================
[2025-08-01T08:33:56.900+0000] {manager.py:997} INFO - 
================================================================================
DAG File Processing Stats

File Path                            PID    Runtime      # DAGs    # Errors  Last Runtime    Last Run               Last # of DB Queries
-----------------------------------  -----  ---------  --------  ----------  --------------  -------------------  ----------------------
/opt/airflow/dags/project_01_dag.py                           1           0  0.55s           2025-08-01T08:33:35                      12
/opt/airflow/dags/test.py                                     0           1  0.50s           2025-08-01T08:33:52                       5
================================================================================
[2025-08-01T08:34:27.051+0000] {manager.py:997} INFO - 
================================================================================
DAG File Processing Stats

File Path                            PID    Runtime      # DAGs    # Errors  Last Runtime    Last Run               Last # of DB Queries
-----------------------------------  -----  ---------  --------  ----------  --------------  -------------------  ----------------------
/opt/airflow/dags/test.py                                     0           1  0.52s           2025-08-01T08:34:23                       5
/opt/airflow/dags/project_01_dag.py                           1           0  0.51s           2025-08-01T08:34:05                      12
================================================================================
[2025-08-01T08:34:57.183+0000] {manager.py:997} INFO - 
================================================================================
DAG File Processing Stats

File Path                            PID    Runtime      # DAGs    # Errors  Last Runtime    Last Run               Last # of DB Queries
-----------------------------------  -----  ---------  --------  ----------  --------------  -------------------  ----------------------
/opt/airflow/dags/project_01_dag.py                           1           0  0.51s           2025-08-01T08:34:36                      12
/opt/airflow/dags/test.py                                     0           1  0.49s           2025-08-01T08:34:48                       5
================================================================================
[2025-08-01T08:35:27.379+0000] {manager.py:997} INFO - 
================================================================================
DAG File Processing Stats

File Path                            PID    Runtime      # DAGs    # Errors  Last Runtime    Last Run               Last # of DB Queries
-----------------------------------  -----  ---------  --------  ----------  --------------  -------------------  ----------------------
/opt/airflow/dags/project_01_dag.py                           1           0  0.54s           2025-08-01T08:35:07                      12
/opt/airflow/dags/test.py                                     0           1  0.54s           2025-08-01T08:35:04                       5
================================================================================
[2025-08-01T08:35:57.532+0000] {manager.py:997} INFO - 
================================================================================
DAG File Processing Stats

File Path                            PID    Runtime      # DAGs    # Errors  Last Runtime    Last Run               Last # of DB Queries
-----------------------------------  -----  ---------  --------  ----------  --------------  -------------------  ----------------------
/opt/airflow/dags/project_01_dag.py                           1           0  0.54s           2025-08-01T08:35:38                      12
/opt/airflow/dags/test.py                                     0           1  0.50s           2025-08-01T08:35:32                       5
================================================================================
[2025-08-01T08:36:17.603+0000] {manager.py:821} INFO - Searching for files in /opt/airflow/dags
[2025-08-01T08:36:17.604+0000] {manager.py:824} INFO - There are 2 files in /opt/airflow/dags
[2025-08-01T08:36:27.659+0000] {manager.py:997} INFO - 
================================================================================
DAG File Processing Stats

File Path                            PID    Runtime      # DAGs    # Errors  Last Runtime    Last Run               Last # of DB Queries
-----------------------------------  -----  ---------  --------  ----------  --------------  -------------------  ----------------------
/opt/airflow/dags/project_01_dag.py                           1           0  0.50s           2025-08-01T08:36:09                      12
/opt/airflow/dags/test.py                                     0           1  0.50s           2025-08-01T08:36:03                       5
================================================================================
[2025-08-01T08:36:57.821+0000] {manager.py:997} INFO - 
================================================================================
DAG File Processing Stats

File Path                            PID    Runtime      # DAGs    # Errors  Last Runtime    Last Run               Last # of DB Queries
-----------------------------------  -----  ---------  --------  ----------  --------------  -------------------  ----------------------
/opt/airflow/dags/project_01_dag.py                           1           0  0.54s           2025-08-01T08:36:39                      12
/opt/airflow/dags/test.py                                     0           1  0.50s           2025-08-01T08:36:57                       5
================================================================================
[2025-08-01T08:37:28.468+0000] {manager.py:997} INFO - 
================================================================================
DAG File Processing Stats

File Path                              PID  Runtime      # DAGs    # Errors  Last Runtime    Last Run               Last # of DB Queries
-----------------------------------  -----  ---------  --------  ----------  --------------  -------------------  ----------------------
/opt/airflow/dags/project_01_dag.py                           1           0  0.56s           2025-08-01T08:37:10                      12
/opt/airflow/dags/test.py              606  0.01s             0           1  0.50s           2025-08-01T08:36:57                       5
================================================================================
[2025-08-01T08:37:58.695+0000] {manager.py:997} INFO - 
================================================================================
DAG File Processing Stats

File Path                            PID    Runtime      # DAGs    # Errors  Last Runtime    Last Run               Last # of DB Queries
-----------------------------------  -----  ---------  --------  ----------  --------------  -------------------  ----------------------
/opt/airflow/dags/test.py                                     0           1  0.51s           2025-08-01T08:37:35                       5
/opt/airflow/dags/project_01_dag.py                           1           0  0.42s           2025-08-01T08:37:41                      12
================================================================================
[2025-08-01T08:38:28.816+0000] {manager.py:997} INFO - 
================================================================================
DAG File Processing Stats

File Path                            PID    Runtime      # DAGs    # Errors  Last Runtime    Last Run               Last # of DB Queries
-----------------------------------  -----  ---------  --------  ----------  --------------  -------------------  ----------------------
/opt/airflow/dags/project_01_dag.py                           1           0  0.42s           2025-08-01T08:38:12                      12
/opt/airflow/dags/test.py                                     0           1  0.39s           2025-08-01T08:38:28                       5
================================================================================
[2025-08-01T08:38:59.738+0000] {manager.py:997} INFO - 
================================================================================
DAG File Processing Stats

File Path                              PID  Runtime      # DAGs    # Errors  Last Runtime    Last Run               Last # of DB Queries
-----------------------------------  -----  ---------  --------  ----------  --------------  -------------------  ----------------------
/opt/airflow/dags/project_01_dag.py                           1           0  0.40s           2025-08-01T08:38:42                      12
/opt/airflow/dags/test.py              661  0.01s             0           1  0.39s           2025-08-01T08:38:53                       5
================================================================================
[2025-08-01T08:39:30.273+0000] {manager.py:997} INFO - 
================================================================================
DAG File Processing Stats

File Path                            PID    Runtime      # DAGs    # Errors  Last Runtime    Last Run               Last # of DB Queries
-----------------------------------  -----  ---------  --------  ----------  --------------  -------------------  ----------------------
/opt/airflow/dags/project_01_dag.py                           1           0  0.40s           2025-08-01T08:39:13                      12
/opt/airflow/dags/test.py                                     0           1  0.38s           2025-08-01T08:39:07                       5
================================================================================
[2025-08-01T08:40:00.819+0000] {manager.py:997} INFO - 
================================================================================
DAG File Processing Stats

File Path                            PID    Runtime      # DAGs    # Errors  Last Runtime    Last Run               Last # of DB Queries
-----------------------------------  -----  ---------  --------  ----------  --------------  -------------------  ----------------------
/opt/airflow/dags/project_01_dag.py                           1           0  0.40s           2025-08-01T08:39:43                      12
/opt/airflow/dags/test.py                                     0           1  0.37s           2025-08-01T08:39:57                       5
================================================================================
[2025-08-01T08:40:30.918+0000] {manager.py:997} INFO - 
================================================================================
DAG File Processing Stats

File Path                            PID    Runtime      # DAGs    # Errors  Last Runtime    Last Run               Last # of DB Queries
-----------------------------------  -----  ---------  --------  ----------  --------------  -------------------  ----------------------
/opt/airflow/dags/test.py                                     1           0  0.63s           2025-08-01T08:40:22                      45
/opt/airflow/dags/project_01_dag.py                           1           0  0.39s           2025-08-01T08:40:14                      12
================================================================================
[2025-08-01T08:41:01.025+0000] {manager.py:997} INFO - 
================================================================================
DAG File Processing Stats

File Path                            PID    Runtime      # DAGs    # Errors  Last Runtime    Last Run               Last # of DB Queries
-----------------------------------  -----  ---------  --------  ----------  --------------  -------------------  ----------------------
/opt/airflow/dags/test.py                                     1           0  0.56s           2025-08-01T08:40:53                      12
/opt/airflow/dags/project_01_dag.py                           1           0  0.41s           2025-08-01T08:40:44                      12
================================================================================
[2025-08-01T08:41:18.098+0000] {manager.py:821} INFO - Searching for files in /opt/airflow/dags
[2025-08-01T08:41:18.099+0000] {manager.py:824} INFO - There are 2 files in /opt/airflow/dags
[2025-08-01T08:41:31.538+0000] {manager.py:997} INFO - 
================================================================================
DAG File Processing Stats

File Path                            PID    Runtime      # DAGs    # Errors  Last Runtime    Last Run               Last # of DB Queries
-----------------------------------  -----  ---------  --------  ----------  --------------  -------------------  ----------------------
/opt/airflow/dags/project_01_dag.py                           1           0  0.52s           2025-08-01T08:41:15                      12
/opt/airflow/dags/test.py                                     1           0  0.42s           2025-08-01T08:41:24                      12
================================================================================
[2025-08-01T08:42:02.072+0000] {manager.py:997} INFO - 
================================================================================
DAG File Processing Stats

File Path                            PID    Runtime      # DAGs    # Errors  Last Runtime    Last Run               Last # of DB Queries
-----------------------------------  -----  ---------  --------  ----------  --------------  -------------------  ----------------------
/opt/airflow/dags/project_01_dag.py                           1           0  0.51s           2025-08-01T08:41:46                      12
/opt/airflow/dags/test.py                                     1           0  0.40s           2025-08-01T08:41:37                      12
================================================================================
[2025-08-01T08:42:32.642+0000] {manager.py:997} INFO - 
================================================================================
DAG File Processing Stats

File Path                            PID    Runtime      # DAGs    # Errors  Last Runtime    Last Run               Last # of DB Queries
-----------------------------------  -----  ---------  --------  ----------  --------------  -------------------  ----------------------
/opt/airflow/dags/test.py                                     1           0  0.44s           2025-08-01T08:42:04                      12
/opt/airflow/dags/project_01_dag.py                           1           0  0.40s           2025-08-01T08:42:16                      12
================================================================================
[2025-08-01T08:43:03.201+0000] {manager.py:997} INFO - 
================================================================================
DAG File Processing Stats

File Path                            PID    Runtime      # DAGs    # Errors  Last Runtime    Last Run               Last # of DB Queries
-----------------------------------  -----  ---------  --------  ----------  --------------  -------------------  ----------------------
/opt/airflow/dags/project_01_dag.py                           1           0  0.57s           2025-08-01T08:42:47                      12
/opt/airflow/dags/test.py                                     1           0  0.43s           2025-08-01T08:42:35                      12
================================================================================
[2025-08-01T11:35:46.027+0000] {manager.py:483} INFO - Processing files using up to 2 processes at a time 
[2025-08-01T11:35:46.028+0000] {manager.py:484} INFO - Process each file at most once every 30 seconds
[2025-08-01T11:35:46.028+0000] {manager.py:485} INFO - Checking for new files in /opt/airflow/dags every 300 seconds
[2025-08-01T11:35:46.029+0000] {manager.py:821} INFO - Searching for files in /opt/airflow/dags
[2025-08-01T11:35:46.030+0000] {manager.py:824} INFO - There are 2 files in /opt/airflow/dags
[2025-08-01T11:35:46.219+0000] {manager.py:997} INFO - 
================================================================================
DAG File Processing Stats

File Path                              PID  Runtime      # DAGs    # Errors  Last Runtime    Last Run      Last # of DB Queries
-----------------------------------  -----  ---------  --------  ----------  --------------  ----------  ----------------------
/opt/airflow/dags/project_01_dag.py    193  0.03s             0           0                                                   0
/opt/airflow/dags/test.py              190  0.05s             0           0                                                   0
================================================================================
[2025-08-01T11:36:16.239+0000] {manager.py:997} INFO - 
================================================================================
DAG File Processing Stats

File Path                            PID    Runtime      # DAGs    # Errors  Last Runtime    Last Run               Last # of DB Queries
-----------------------------------  -----  ---------  --------  ----------  --------------  -------------------  ----------------------
/opt/airflow/dags/project_01_dag.py                           1           0  0.88s           2025-08-01T11:35:47                      12
/opt/airflow/dags/test.py                                     0           1  0.76s           2025-08-01T11:35:46                       3
================================================================================
[2025-08-01T11:36:32.084+0000] {manager.py:465} INFO - Exiting gracefully upon receiving signal 15
[2025-08-01T11:37:24.100+0000] {manager.py:483} INFO - Processing files using up to 2 processes at a time 
[2025-08-01T11:37:24.108+0000] {manager.py:484} INFO - Process each file at most once every 30 seconds
[2025-08-01T11:37:24.109+0000] {manager.py:485} INFO - Checking for new files in /opt/airflow/dags every 300 seconds
[2025-08-01T11:37:24.109+0000] {manager.py:821} INFO - Searching for files in /opt/airflow/dags
[2025-08-01T11:37:24.110+0000] {manager.py:824} INFO - There are 2 files in /opt/airflow/dags
[2025-08-01T11:37:24.448+0000] {manager.py:997} INFO - 
================================================================================
DAG File Processing Stats

File Path                              PID  Runtime      # DAGs    # Errors  Last Runtime    Last Run      Last # of DB Queries
-----------------------------------  -----  ---------  --------  ----------  --------------  ----------  ----------------------
/opt/airflow/dags/project_01_dag.py    190  0.02s             0           0                                                   0
/opt/airflow/dags/test.py              187  0.03s             0           0                                                   0
================================================================================
[2025-08-01T11:37:55.049+0000] {manager.py:997} INFO - 
================================================================================
DAG File Processing Stats

File Path                            PID    Runtime      # DAGs    # Errors  Last Runtime    Last Run               Last # of DB Queries
-----------------------------------  -----  ---------  --------  ----------  --------------  -------------------  ----------------------
/opt/airflow/dags/project_01_dag.py                           1           0  1.65s           2025-08-01T11:37:26                      45
/opt/airflow/dags/test.py                                     0           1  1.48s           2025-08-01T11:37:25                       3
================================================================================
[2025-08-01T11:38:25.388+0000] {manager.py:997} INFO - 
================================================================================
DAG File Processing Stats

File Path                            PID    Runtime      # DAGs    # Errors  Last Runtime    Last Run               Last # of DB Queries
-----------------------------------  -----  ---------  --------  ----------  --------------  -------------------  ----------------------
/opt/airflow/dags/test.py                                     0           1  1.15s           2025-08-01T11:37:57                       5
/opt/airflow/dags/project_01_dag.py                           1           0  1.13s           2025-08-01T11:37:57                      12
================================================================================
[2025-08-01T11:38:55.661+0000] {manager.py:997} INFO - 
================================================================================
DAG File Processing Stats

File Path                            PID    Runtime      # DAGs    # Errors  Last Runtime    Last Run               Last # of DB Queries
-----------------------------------  -----  ---------  --------  ----------  --------------  -------------------  ----------------------
/opt/airflow/dags/test.py                                     0           1  1.08s           2025-08-01T11:38:28                       5
/opt/airflow/dags/project_01_dag.py                           1           0  1.07s           2025-08-01T11:38:28                      12
================================================================================
[2025-08-01T11:39:25.982+0000] {manager.py:997} INFO - 
================================================================================
DAG File Processing Stats

File Path                            PID    Runtime      # DAGs    # Errors  Last Runtime    Last Run               Last # of DB Queries
-----------------------------------  -----  ---------  --------  ----------  --------------  -------------------  ----------------------
/opt/airflow/dags/project_01_dag.py                           1           0  1.16s           2025-08-01T11:38:59                      12
/opt/airflow/dags/test.py                                     0           1  1.13s           2025-08-01T11:38:59                       5
================================================================================
[2025-08-01T11:39:56.314+0000] {manager.py:997} INFO - 
================================================================================
DAG File Processing Stats

File Path                            PID    Runtime      # DAGs    # Errors  Last Runtime    Last Run               Last # of DB Queries
-----------------------------------  -----  ---------  --------  ----------  --------------  -------------------  ----------------------
/opt/airflow/dags/test.py                                     1           0  1.33s           2025-08-01T11:39:31                      45
/opt/airflow/dags/project_01_dag.py                           1           0  1.11s           2025-08-01T11:39:31                      12
================================================================================
[2025-08-01T11:40:26.530+0000] {manager.py:997} INFO - 
================================================================================
DAG File Processing Stats

File Path                            PID    Runtime      # DAGs    # Errors  Last Runtime    Last Run               Last # of DB Queries
-----------------------------------  -----  ---------  --------  ----------  --------------  -------------------  ----------------------
/opt/airflow/dags/test.py                                     1           0  1.04s           2025-08-01T11:40:02                      12
/opt/airflow/dags/project_01_dag.py                           1           0  1.00s           2025-08-01T11:40:02                      12
================================================================================
[2025-08-01T11:40:56.867+0000] {manager.py:997} INFO - 
================================================================================
DAG File Processing Stats

File Path                            PID    Runtime      # DAGs    # Errors  Last Runtime    Last Run               Last # of DB Queries
-----------------------------------  -----  ---------  --------  ----------  --------------  -------------------  ----------------------
/opt/airflow/dags/project_01_dag.py                           1           0  1.15s           2025-08-01T11:40:33                      12
/opt/airflow/dags/test.py                                     1           0  1.15s           2025-08-01T11:40:33                      12
================================================================================
[2025-08-01T11:41:27.218+0000] {manager.py:997} INFO - 
================================================================================
DAG File Processing Stats

File Path                            PID    Runtime      # DAGs    # Errors  Last Runtime    Last Run               Last # of DB Queries
-----------------------------------  -----  ---------  --------  ----------  --------------  -------------------  ----------------------
/opt/airflow/dags/test.py                                     1           0  1.15s           2025-08-01T11:41:05                      12
/opt/airflow/dags/project_01_dag.py                           1           0  1.14s           2025-08-01T11:41:05                      12
================================================================================
[2025-08-01T11:41:57.468+0000] {manager.py:997} INFO - 
================================================================================
DAG File Processing Stats

File Path                            PID    Runtime      # DAGs    # Errors  Last Runtime    Last Run               Last # of DB Queries
-----------------------------------  -----  ---------  --------  ----------  --------------  -------------------  ----------------------
/opt/airflow/dags/test.py                                     1           0  1.07s           2025-08-01T11:41:36                      12
/opt/airflow/dags/project_01_dag.py                           1           0  1.04s           2025-08-01T11:41:36                      12
================================================================================
[2025-08-01T11:42:24.791+0000] {manager.py:821} INFO - Searching for files in /opt/airflow/dags
[2025-08-01T11:42:24.793+0000] {manager.py:824} INFO - There are 2 files in /opt/airflow/dags
[2025-08-01T11:42:27.830+0000] {manager.py:997} INFO - 
================================================================================
DAG File Processing Stats

File Path                            PID    Runtime      # DAGs    # Errors  Last Runtime    Last Run               Last # of DB Queries
-----------------------------------  -----  ---------  --------  ----------  --------------  -------------------  ----------------------
/opt/airflow/dags/test.py                                     1           0  1.19s           2025-08-01T11:42:07                      12
/opt/airflow/dags/project_01_dag.py                           1           0  1.12s           2025-08-01T11:42:07                      12
================================================================================
[2025-08-01T11:42:58.163+0000] {manager.py:997} INFO - 
================================================================================
DAG File Processing Stats

File Path                            PID    Runtime      # DAGs    # Errors  Last Runtime    Last Run               Last # of DB Queries
-----------------------------------  -----  ---------  --------  ----------  --------------  -------------------  ----------------------
/opt/airflow/dags/test.py                                     1           0  1.17s           2025-08-01T11:42:39                      12
/opt/airflow/dags/project_01_dag.py                           1           0  1.11s           2025-08-01T11:42:39                      12
================================================================================
[2025-08-01T11:43:09.302+0000] {manager.py:465} INFO - Exiting gracefully upon receiving signal 15
[2025-08-01T11:54:56.183+0000] {manager.py:483} INFO - Processing files using up to 2 processes at a time 
[2025-08-01T11:54:56.185+0000] {manager.py:484} INFO - Process each file at most once every 30 seconds
[2025-08-01T11:54:56.186+0000] {manager.py:485} INFO - Checking for new files in /opt/airflow/dags every 300 seconds
[2025-08-01T11:54:56.186+0000] {manager.py:821} INFO - Searching for files in /opt/airflow/dags
[2025-08-01T11:54:56.187+0000] {manager.py:824} INFO - There are 2 files in /opt/airflow/dags
[2025-08-01T11:54:56.496+0000] {manager.py:997} INFO - 
================================================================================
DAG File Processing Stats

File Path                              PID  Runtime      # DAGs    # Errors  Last Runtime    Last Run      Last # of DB Queries
-----------------------------------  -----  ---------  --------  ----------  --------------  ----------  ----------------------
/opt/airflow/dags/project_01_dag.py    189  0.02s             0           0                                                   0
/opt/airflow/dags/test.py              186  0.03s             0           0                                                   0
================================================================================
[2025-08-01T11:55:27.240+0000] {manager.py:997} INFO - 
================================================================================
DAG File Processing Stats

File Path                            PID    Runtime      # DAGs    # Errors  Last Runtime    Last Run               Last # of DB Queries
-----------------------------------  -----  ---------  --------  ----------  --------------  -------------------  ----------------------
/opt/airflow/dags/project_01_dag.py                           1           0  1.65s           2025-08-01T11:54:58                      45
/opt/airflow/dags/test.py                                     1           0  1.61s           2025-08-01T11:54:58                      45
================================================================================
[2025-08-01T11:55:57.516+0000] {manager.py:997} INFO - 
================================================================================
DAG File Processing Stats

File Path                            PID    Runtime      # DAGs    # Errors  Last Runtime    Last Run               Last # of DB Queries
-----------------------------------  -----  ---------  --------  ----------  --------------  -------------------  ----------------------
/opt/airflow/dags/test.py                                     1           0  1.08s           2025-08-01T11:55:29                      12
/opt/airflow/dags/project_01_dag.py                           1           0  1.04s           2025-08-01T11:55:29                      12
================================================================================
[2025-08-01T11:56:27.764+0000] {manager.py:997} INFO - 
================================================================================
DAG File Processing Stats

File Path                            PID    Runtime      # DAGs    # Errors  Last Runtime    Last Run               Last # of DB Queries
-----------------------------------  -----  ---------  --------  ----------  --------------  -------------------  ----------------------
/opt/airflow/dags/test.py                                     1           0  1.08s           2025-08-01T11:56:00                      12
/opt/airflow/dags/project_01_dag.py                           1           0  1.04s           2025-08-01T11:56:00                      12
================================================================================
[2025-08-01T11:56:58.049+0000] {manager.py:997} INFO - 
================================================================================
DAG File Processing Stats

File Path                            PID    Runtime      # DAGs    # Errors  Last Runtime    Last Run               Last # of DB Queries
-----------------------------------  -----  ---------  --------  ----------  --------------  -------------------  ----------------------
/opt/airflow/dags/test.py                                     1           0  1.13s           2025-08-01T11:56:31                      12
/opt/airflow/dags/project_01_dag.py                           1           0  1.06s           2025-08-01T11:56:31                      12
================================================================================
[2025-08-01T11:57:28.215+0000] {manager.py:997} INFO - 
================================================================================
DAG File Processing Stats

File Path                            PID    Runtime      # DAGs    # Errors  Last Runtime    Last Run               Last # of DB Queries
-----------------------------------  -----  ---------  --------  ----------  --------------  -------------------  ----------------------
/opt/airflow/dags/test.py                                     1           0  0.98s           2025-08-01T11:57:03                      12
/opt/airflow/dags/project_01_dag.py                           1           0  0.95s           2025-08-01T11:57:03                      12
================================================================================
[2025-08-01T11:57:56.823+0000] {manager.py:465} INFO - Exiting gracefully upon receiving signal 15
[2025-08-01T11:58:38.136+0000] {manager.py:483} INFO - Processing files using up to 2 processes at a time 
[2025-08-01T11:58:38.144+0000] {manager.py:484} INFO - Process each file at most once every 30 seconds
[2025-08-01T11:58:38.144+0000] {manager.py:485} INFO - Checking for new files in /opt/airflow/dags every 300 seconds
[2025-08-01T11:58:38.144+0000] {manager.py:821} INFO - Searching for files in /opt/airflow/dags
[2025-08-01T11:58:38.146+0000] {manager.py:824} INFO - There are 2 files in /opt/airflow/dags
[2025-08-01T11:58:38.422+0000] {manager.py:997} INFO - 
================================================================================
DAG File Processing Stats

File Path                              PID  Runtime      # DAGs    # Errors  Last Runtime    Last Run      Last # of DB Queries
-----------------------------------  -----  ---------  --------  ----------  --------------  ----------  ----------------------
/opt/airflow/dags/project_01_dag.py    189  0.01s             0           0                                                   0
/opt/airflow/dags/test.py              186  0.03s             0           0                                                   0
================================================================================
[2025-08-01T11:59:09.036+0000] {manager.py:997} INFO - 
================================================================================
DAG File Processing Stats

File Path                            PID    Runtime      # DAGs    # Errors  Last Runtime    Last Run               Last # of DB Queries
-----------------------------------  -----  ---------  --------  ----------  --------------  -------------------  ----------------------
/opt/airflow/dags/project_01_dag.py                           1           0  1.52s           2025-08-01T11:58:39                      45
/opt/airflow/dags/test.py                                     1           0  1.47s           2025-08-01T11:58:39                      45
================================================================================
[2025-08-01T11:59:39.286+0000] {manager.py:997} INFO - 
================================================================================
DAG File Processing Stats

File Path                            PID    Runtime      # DAGs    # Errors  Last Runtime    Last Run               Last # of DB Queries
-----------------------------------  -----  ---------  --------  ----------  --------------  -------------------  ----------------------
/opt/airflow/dags/test.py                                     1           0  1.06s           2025-08-01T11:59:11                      12
/opt/airflow/dags/project_01_dag.py                           1           0  1.03s           2025-08-01T11:59:11                      12
================================================================================
[2025-08-01T12:00:09.688+0000] {manager.py:997} INFO - 
================================================================================
DAG File Processing Stats

File Path                            PID    Runtime      # DAGs    # Errors  Last Runtime    Last Run               Last # of DB Queries
-----------------------------------  -----  ---------  --------  ----------  --------------  -------------------  ----------------------
/opt/airflow/dags/test.py                                     1           0  1.20s           2025-08-01T11:59:42                      12
/opt/airflow/dags/project_01_dag.py                           1           0  1.19s           2025-08-01T11:59:42                      12
================================================================================
[2025-08-01T12:00:39.851+0000] {manager.py:997} INFO - 
================================================================================
DAG File Processing Stats

File Path                            PID    Runtime      # DAGs    # Errors  Last Runtime    Last Run               Last # of DB Queries
-----------------------------------  -----  ---------  --------  ----------  --------------  -------------------  ----------------------
/opt/airflow/dags/test.py                                     1           0  0.98s           2025-08-01T12:00:13                      12
/opt/airflow/dags/project_01_dag.py                           1           0  0.94s           2025-08-01T12:00:13                      12
================================================================================
[2025-08-01T12:01:10.079+0000] {manager.py:997} INFO - 
================================================================================
DAG File Processing Stats

File Path                            PID    Runtime      # DAGs    # Errors  Last Runtime    Last Run               Last # of DB Queries
-----------------------------------  -----  ---------  --------  ----------  --------------  -------------------  ----------------------
/opt/airflow/dags/test.py                                     1           0  1.05s           2025-08-01T12:00:44                      12
/opt/airflow/dags/project_01_dag.py                           1           0  1.03s           2025-08-01T12:00:44                      12
================================================================================
[2025-08-01T12:01:40.308+0000] {manager.py:997} INFO - 
================================================================================
DAG File Processing Stats

File Path                            PID    Runtime      # DAGs    # Errors  Last Runtime    Last Run               Last # of DB Queries
-----------------------------------  -----  ---------  --------  ----------  --------------  -------------------  ----------------------
/opt/airflow/dags/test.py                                     1           0  1.05s           2025-08-01T12:01:16                      12
/opt/airflow/dags/project_01_dag.py                           1           0  1.01s           2025-08-01T12:01:16                      12
================================================================================
[2025-08-01T12:02:10.531+0000] {manager.py:997} INFO - 
================================================================================
DAG File Processing Stats

File Path                            PID    Runtime      # DAGs    # Errors  Last Runtime    Last Run               Last # of DB Queries
-----------------------------------  -----  ---------  --------  ----------  --------------  -------------------  ----------------------
/opt/airflow/dags/test.py                                     1           0  1.09s           2025-08-01T12:01:47                      12
/opt/airflow/dags/project_01_dag.py                           1           0  1.07s           2025-08-01T12:01:47                      12
================================================================================
[2025-08-01T12:02:40.749+0000] {manager.py:997} INFO - 
================================================================================
DAG File Processing Stats

File Path                            PID    Runtime      # DAGs    # Errors  Last Runtime    Last Run               Last # of DB Queries
-----------------------------------  -----  ---------  --------  ----------  --------------  -------------------  ----------------------
/opt/airflow/dags/test.py                                     1           0  1.06s           2025-08-01T12:02:18                      12
/opt/airflow/dags/project_01_dag.py                           1           0  1.02s           2025-08-01T12:02:18                      12
================================================================================
[2025-08-01T12:03:10.925+0000] {manager.py:997} INFO - 
================================================================================
DAG File Processing Stats

File Path                            PID    Runtime      # DAGs    # Errors  Last Runtime    Last Run               Last # of DB Queries
-----------------------------------  -----  ---------  --------  ----------  --------------  -------------------  ----------------------
/opt/airflow/dags/test.py                                     1           0  0.98s           2025-08-01T12:02:49                      12
/opt/airflow/dags/project_01_dag.py                           1           0  0.96s           2025-08-01T12:02:49                      12
================================================================================
[2025-08-01T12:03:38.418+0000] {manager.py:821} INFO - Searching for files in /opt/airflow/dags
[2025-08-01T12:03:38.420+0000] {manager.py:824} INFO - There are 2 files in /opt/airflow/dags
[2025-08-01T12:03:40.984+0000] {manager.py:997} INFO - 
================================================================================
DAG File Processing Stats

File Path                            PID    Runtime      # DAGs    # Errors  Last Runtime    Last Run               Last # of DB Queries
-----------------------------------  -----  ---------  --------  ----------  --------------  -------------------  ----------------------
/opt/airflow/dags/test.py                                     1           0  0.88s           2025-08-01T12:03:20                      12
/opt/airflow/dags/project_01_dag.py                           1           0  0.85s           2025-08-01T12:03:20                      12
================================================================================
