[2025-04-15T07:31:05.994+0000] {taskinstance.py:1083} INFO - Dependencies all met for <TaskInstance: Anas.create_table_task manual__2025-04-15T07:30:59.237767+00:00 [queued]>
[2025-04-15T07:31:05.999+0000] {taskinstance.py:1083} INFO - Dependencies all met for <TaskInstance: Anas.create_table_task manual__2025-04-15T07:30:59.237767+00:00 [queued]>
[2025-04-15T07:31:05.999+0000] {taskinstance.py:1279} INFO - 
--------------------------------------------------------------------------------
[2025-04-15T07:31:06.000+0000] {taskinstance.py:1280} INFO - Starting attempt 1 of 1
[2025-04-15T07:31:06.000+0000] {taskinstance.py:1281} INFO - 
--------------------------------------------------------------------------------
[2025-04-15T07:31:06.008+0000] {taskinstance.py:1300} INFO - Executing <Task(PythonOperator): create_table_task> on 2025-04-15 07:30:59.237767+00:00
[2025-04-15T07:31:06.016+0000] {standard_task_runner.py:55} INFO - Started process 443 to run task
[2025-04-15T07:31:06.018+0000] {standard_task_runner.py:82} INFO - Running: ['***', 'tasks', 'run', 'Anas', 'create_table_task', 'manual__2025-04-15T07:30:59.237767+00:00', '--job-id', '84', '--raw', '--subdir', 'DAGS_FOLDER/day.py', '--cfg-path', '/tmp/tmpvl47iqb7']
[2025-04-15T07:31:06.019+0000] {standard_task_runner.py:83} INFO - Job 84: Subtask create_table_task
[2025-04-15T07:31:06.058+0000] {task_command.py:388} INFO - Running <TaskInstance: Anas.create_table_task manual__2025-04-15T07:30:59.237767+00:00 [running]> on host 0c4d66587ca1
[2025-04-15T07:31:06.105+0000] {taskinstance.py:1509} INFO - Exporting the following env vars:
AIRFLOW_CTX_DAG_OWNER=***
AIRFLOW_CTX_DAG_ID=Anas
AIRFLOW_CTX_TASK_ID=create_table_task
AIRFLOW_CTX_EXECUTION_DATE=2025-04-15T07:30:59.237767+00:00
AIRFLOW_CTX_TRY_NUMBER=1
AIRFLOW_CTX_DAG_RUN_ID=manual__2025-04-15T07:30:59.237767+00:00
[2025-04-15T07:31:06.109+0000] {logging_mixin.py:137} INFO - ✅ Connected to PostgreSQL
[2025-04-15T07:31:06.109+0000] {logging_mixin.py:137} INFO - ✅ Table created successfully
[2025-04-15T07:31:06.110+0000] {logging_mixin.py:137} INFO - ✅ PostgreSQL connection closed
[2025-04-15T07:31:06.110+0000] {python.py:177} INFO - Done. Returned value was: None
[2025-04-15T07:31:06.117+0000] {taskinstance.py:1323} INFO - Marking task as SUCCESS. dag_id=Anas, task_id=create_table_task, execution_date=20250415T073059, start_date=20250415T073105, end_date=20250415T073106
[2025-04-15T07:31:06.149+0000] {local_task_job.py:208} INFO - Task exited with return code 0
[2025-04-15T07:31:06.166+0000] {taskinstance.py:2578} INFO - 0 downstream tasks scheduled from follow-on schedule check
