[2025-07-31T13:21:19.166+0000] {local_task_job_runner.py:123} INFO - ::group::Pre task execution logs
[2025-07-31T13:21:19.179+0000] {taskinstance.py:2613} INFO - Dependencies all met for dep_context=non-requeueable deps ti=<TaskInstance: world_population_ETL_dag_43.consume_and_insert_task manual__2025-07-31T13:21:11.128773+00:00 [queued]>
[2025-07-31T13:21:19.185+0000] {taskinstance.py:2613} INFO - Dependencies all met for dep_context=requeueable deps ti=<TaskInstance: world_population_ETL_dag_43.consume_and_insert_task manual__2025-07-31T13:21:11.128773+00:00 [queued]>
[2025-07-31T13:21:19.185+0000] {taskinstance.py:2866} INFO - Starting attempt 1 of 2
[2025-07-31T13:21:19.194+0000] {taskinstance.py:2889} INFO - Executing <Task(PythonOperator): consume_and_insert_task> on 2025-07-31 13:21:11.128773+00:00
[2025-07-31T13:21:19.205+0000] {standard_task_runner.py:104} INFO - Running: ['***', 'tasks', 'run', 'world_population_ETL_dag_43', 'consume_and_insert_task', 'manual__2025-07-31T13:21:11.128773+00:00', '--job-id', '23', '--raw', '--subdir', 'DAGS_FOLDER/project_01_dag.py', '--cfg-path', '/tmp/tmp6xvq8n3g']
[2025-07-31T13:21:19.207+0000] {standard_task_runner.py:105} INFO - Job 23: Subtask consume_and_insert_task
[2025-07-31T13:21:19.207+0000] {logging_mixin.py:190} WARNING - /home/***/.local/lib/python3.12/site-packages/***/task/task_runner/standard_task_runner.py:70 DeprecationWarning: This process (pid=532) is multi-threaded, use of fork() may lead to deadlocks in the child.
[2025-07-31T13:21:19.207+0000] {standard_task_runner.py:72} INFO - Started process 534 to run task
[2025-07-31T13:21:19.253+0000] {task_command.py:467} INFO - Running <TaskInstance: world_population_ETL_dag_43.consume_and_insert_task manual__2025-07-31T13:21:11.128773+00:00 [running]> on host 5caea9b1d396
[2025-07-31T13:21:19.316+0000] {taskinstance.py:3132} INFO - Exporting env vars: AIRFLOW_CTX_DAG_OWNER='givi-abe' AIRFLOW_CTX_DAG_ID='world_population_ETL_dag_43' AIRFLOW_CTX_TASK_ID='consume_and_insert_task' AIRFLOW_CTX_EXECUTION_DATE='2025-07-31T13:21:11.128773+00:00' AIRFLOW_CTX_TRY_NUMBER='1' AIRFLOW_CTX_DAG_RUN_ID='manual__2025-07-31T13:21:11.128773+00:00'
[2025-07-31T13:21:19.317+0000] {taskinstance.py:731} INFO - ::endgroup::
[2025-07-31T13:21:19.329+0000] {conn.py:396} INFO - <BrokerConnection client_id=etl-consumer-client-293a541e-e93d-4e67-b5e3-25ad0b6c2da5, node_id=bootstrap-0 host=kafka:9092 <connecting> [IPv4 ('172.18.0.7', 9092)]>: connecting to kafka:9092 [('172.18.0.7', 9092) IPv4]
[2025-07-31T13:21:19.332+0000] {conn.py:618} INFO - <BrokerConnection client_id=etl-consumer-client-293a541e-e93d-4e67-b5e3-25ad0b6c2da5, node_id=bootstrap-0 host=kafka:9092 <checking_api_versions_recv> [IPv4 ('172.18.0.7', 9092)]>: Broker version identified as 2.6
[2025-07-31T13:21:19.333+0000] {conn.py:457} INFO - <BrokerConnection client_id=etl-consumer-client-293a541e-e93d-4e67-b5e3-25ad0b6c2da5, node_id=bootstrap-0 host=kafka:9092 <connected> [IPv4 ('172.18.0.7', 9092)]>: Connection complete.
[2025-07-31T13:21:19.334+0000] {subscription_state.py:181} INFO - Updating subscribed topics to: ('ETL-PROJECT',)
[2025-07-31T13:21:19.334+0000] {logging_mixin.py:190} INFO - 📡 Kafka consumer started. Waiting for partition assignment...
[2025-07-31T13:21:19.336+0000] {conn.py:396} INFO - <BrokerConnection client_id=etl-consumer-client-293a541e-e93d-4e67-b5e3-25ad0b6c2da5, node_id=1 host=kafka:9092 <connecting> [IPv4 ('172.18.0.7', 9092)]>: connecting to kafka:9092 [('172.18.0.7', 9092) IPv4]
[2025-07-31T13:21:19.336+0000] {conn.py:457} INFO - <BrokerConnection client_id=etl-consumer-client-293a541e-e93d-4e67-b5e3-25ad0b6c2da5, node_id=1 host=kafka:9092 <connected> [IPv4 ('172.18.0.7', 9092)]>: Connection complete.
[2025-07-31T13:21:19.337+0000] {conn.py:945} INFO - <BrokerConnection client_id=etl-consumer-client-293a541e-e93d-4e67-b5e3-25ad0b6c2da5, node_id=bootstrap-0 host=kafka:9092 <connected> [IPv4 ('172.18.0.7', 9092)]>: Closing connection. 
[2025-07-31T13:21:19.438+0000] {cluster.py:401} INFO - Coordinator for group/etl-consumer-group is ('coordinator-1', 'kafka', 9092, None)
[2025-07-31T13:21:19.439+0000] {base.py:788} INFO - Discovered coordinator coordinator-1 for group etl-consumer-group
[2025-07-31T13:21:19.439+0000] {base.py:848} INFO - Starting new heartbeat thread
[2025-07-31T13:21:19.440+0000] {consumer.py:365} INFO - Revoking previously assigned partitions () for group etl-consumer-group
[2025-07-31T13:21:19.440+0000] {base.py:419} INFO - Failed to join group etl-consumer-group: NodeNotReadyError: coordinator-1
[2025-07-31T13:21:19.441+0000] {conn.py:396} INFO - <BrokerConnection client_id=etl-consumer-client-293a541e-e93d-4e67-b5e3-25ad0b6c2da5, node_id=coordinator-1 host=kafka:9092 <connecting> [IPv4 ('172.18.0.7', 9092)]>: connecting to kafka:9092 [('172.18.0.7', 9092) IPv4]
[2025-07-31T13:21:19.441+0000] {conn.py:457} INFO - <BrokerConnection client_id=etl-consumer-client-293a541e-e93d-4e67-b5e3-25ad0b6c2da5, node_id=coordinator-1 host=kafka:9092 <connected> [IPv4 ('172.18.0.7', 9092)]>: Connection complete.
[2025-07-31T13:21:19.542+0000] {base.py:532} INFO - (Re-)joining group etl-consumer-group
[2025-07-31T13:21:19.544+0000] {base.py:637} INFO - Received member id etl-consumer-client-293a541e-e93d-4e67-b5e3-25ad0b6c2da5-946c2c66-53be-479d-9fff-7202a1374f9d for group etl-consumer-group; will retry join-group
[2025-07-31T13:21:19.544+0000] {base.py:419} INFO - Failed to join group etl-consumer-group: [Error 79] MemberIdRequiredError
[2025-07-31T13:21:19.544+0000] {base.py:532} INFO - (Re-)joining group etl-consumer-group
[2025-07-31T13:21:22.546+0000] {base.py:594} INFO - Successfully joined group etl-consumer-group <Generation 3 (member_id: etl-consumer-client-293a541e-e93d-4e67-b5e3-25ad0b6c2da5-946c2c66-53be-479d-9fff-7202a1374f9d, protocol: range)>
[2025-07-31T13:21:22.546+0000] {base.py:596} INFO - Elected group leader -- performing partition assignments using range
[2025-07-31T13:21:22.548+0000] {subscription_state.py:254} INFO - Updated partition assignment: [('ETL-PROJECT', 0)]
[2025-07-31T13:21:22.549+0000] {consumer.py:249} INFO - Setting newly assigned partitions (('ETL-PROJECT', 0),) for group etl-consumer-group
[2025-07-31T13:21:22.582+0000] {logging_mixin.py:190} INFO - ✅ Connected to PostgreSQL
[2025-07-31T13:21:22.603+0000] {logging_mixin.py:190} INFO - 🚨 Error processing message: 'country'
[2025-07-31T13:21:22.606+0000] {logging_mixin.py:190} INFO - 🚨 Error processing message: 'country'
[2025-07-31T13:21:22.609+0000] {logging_mixin.py:190} INFO - 🚨 Error processing message: 'country'
[2025-07-31T13:21:22.612+0000] {logging_mixin.py:190} INFO - 🚨 Error processing message: 'country'
[2025-07-31T13:21:22.615+0000] {logging_mixin.py:190} INFO - 🚨 Error processing message: 'country'
[2025-07-31T13:21:22.617+0000] {logging_mixin.py:190} INFO - 🚨 Error processing message: 'country'
[2025-07-31T13:21:22.619+0000] {logging_mixin.py:190} INFO - 🚨 Error processing message: 'country'
[2025-07-31T13:21:22.623+0000] {logging_mixin.py:190} INFO - 🚨 Error processing message: 'country'
[2025-07-31T13:21:22.627+0000] {logging_mixin.py:190} INFO - 🚨 Error processing message: 'country'
[2025-07-31T13:21:22.631+0000] {logging_mixin.py:190} INFO - 🚨 Error processing message: 'country'
[2025-07-31T13:21:22.634+0000] {logging_mixin.py:190} INFO - 🚨 Error processing message: 'country'
[2025-07-31T13:21:22.636+0000] {logging_mixin.py:190} INFO - 🚨 Error processing message: 'country'
[2025-07-31T13:21:22.639+0000] {logging_mixin.py:190} INFO - 🚨 Error processing message: 'country'
[2025-07-31T13:21:22.641+0000] {logging_mixin.py:190} INFO - 🚨 Error processing message: 'country'
[2025-07-31T13:21:22.643+0000] {logging_mixin.py:190} INFO - 🚨 Error processing message: 'country'
[2025-07-31T13:21:22.645+0000] {logging_mixin.py:190} INFO - 🚨 Error processing message: 'country'
[2025-07-31T13:21:22.648+0000] {logging_mixin.py:190} INFO - 🚨 Error processing message: 'country'
[2025-07-31T13:21:22.650+0000] {logging_mixin.py:190} INFO - 🚨 Error processing message: 'country'
[2025-07-31T13:21:22.651+0000] {logging_mixin.py:190} INFO - 🚨 Error processing message: 'country'
[2025-07-31T13:21:22.653+0000] {logging_mixin.py:190} INFO - 🚨 Error processing message: 'country'
[2025-07-31T13:21:22.656+0000] {logging_mixin.py:190} INFO - 🚨 Error processing message: 'country'
[2025-07-31T13:21:22.658+0000] {logging_mixin.py:190} INFO - 🚨 Error processing message: 'country'
[2025-07-31T13:21:22.660+0000] {logging_mixin.py:190} INFO - 🚨 Error processing message: 'country'
[2025-07-31T13:21:22.662+0000] {logging_mixin.py:190} INFO - 🚨 Error processing message: 'country'
[2025-07-31T13:21:22.665+0000] {logging_mixin.py:190} INFO - 🚨 Error processing message: 'country'
[2025-07-31T13:21:22.667+0000] {logging_mixin.py:190} INFO - 🚨 Error processing message: 'country'
[2025-07-31T13:21:22.669+0000] {logging_mixin.py:190} INFO - 🚨 Error processing message: 'country'
[2025-07-31T13:21:22.671+0000] {logging_mixin.py:190} INFO - 🚨 Error processing message: 'country'
[2025-07-31T13:21:22.674+0000] {logging_mixin.py:190} INFO - 🚨 Error processing message: 'country'
[2025-07-31T13:21:22.675+0000] {logging_mixin.py:190} INFO - 🚨 Error processing message: 'country'
[2025-07-31T13:21:22.677+0000] {logging_mixin.py:190} INFO - 🚨 Error processing message: 'country'
[2025-07-31T13:21:22.680+0000] {logging_mixin.py:190} INFO - 🚨 Error processing message: 'country'
[2025-07-31T13:21:22.682+0000] {logging_mixin.py:190} INFO - 🚨 Error processing message: 'country'
[2025-07-31T13:21:22.684+0000] {logging_mixin.py:190} INFO - 🚨 Error processing message: 'country'
[2025-07-31T13:21:22.686+0000] {logging_mixin.py:190} INFO - 🚨 Error processing message: 'country'
[2025-07-31T13:21:22.689+0000] {logging_mixin.py:190} INFO - 🚨 Error processing message: 'country'
[2025-07-31T13:21:22.691+0000] {logging_mixin.py:190} INFO - 🚨 Error processing message: 'country'
[2025-07-31T13:21:22.692+0000] {logging_mixin.py:190} INFO - 🚨 Error processing message: 'country'
[2025-07-31T13:21:22.694+0000] {logging_mixin.py:190} INFO - 🚨 Error processing message: 'country'
[2025-07-31T13:21:22.697+0000] {logging_mixin.py:190} INFO - 🚨 Error processing message: 'country'
[2025-07-31T13:21:22.698+0000] {logging_mixin.py:190} INFO - 🚨 Error processing message: 'country'
[2025-07-31T13:21:22.700+0000] {logging_mixin.py:190} INFO - 🚨 Error processing message: 'country'
[2025-07-31T13:21:22.702+0000] {logging_mixin.py:190} INFO - 🚨 Error processing message: 'country'
[2025-07-31T13:21:22.705+0000] {logging_mixin.py:190} INFO - 🚨 Error processing message: 'country'
[2025-07-31T13:21:22.707+0000] {logging_mixin.py:190} INFO - 🚨 Error processing message: 'country'
[2025-07-31T13:21:22.709+0000] {logging_mixin.py:190} INFO - 🚨 Error processing message: 'country'
[2025-07-31T13:21:22.711+0000] {logging_mixin.py:190} INFO - 🚨 Error processing message: 'country'
[2025-07-31T13:21:22.713+0000] {logging_mixin.py:190} INFO - 🚨 Error processing message: 'country'
[2025-07-31T13:21:22.715+0000] {logging_mixin.py:190} INFO - 🚨 Error processing message: 'country'
[2025-07-31T13:21:22.717+0000] {logging_mixin.py:190} INFO - 🚨 Error processing message: 'country'
[2025-07-31T13:21:22.719+0000] {logging_mixin.py:190} INFO - 🚨 Error processing message: 'country'
[2025-07-31T13:21:22.720+0000] {logging_mixin.py:190} INFO - 🚨 Error processing message: 'country'
[2025-07-31T13:21:22.722+0000] {logging_mixin.py:190} INFO - 🚨 Error processing message: 'country'
[2025-07-31T13:21:22.724+0000] {logging_mixin.py:190} INFO - 🚨 Error processing message: 'country'
[2025-07-31T13:21:22.726+0000] {logging_mixin.py:190} INFO - 🚨 Error processing message: 'country'
[2025-07-31T13:21:22.727+0000] {logging_mixin.py:190} INFO - 🚨 Error processing message: 'country'
[2025-07-31T13:21:22.730+0000] {logging_mixin.py:190} INFO - 🚨 Error processing message: 'country'
[2025-07-31T13:21:22.732+0000] {logging_mixin.py:190} INFO - 🚨 Error processing message: 'country'
[2025-07-31T13:21:22.733+0000] {logging_mixin.py:190} INFO - 🚨 Error processing message: 'country'
[2025-07-31T13:21:22.735+0000] {logging_mixin.py:190} INFO - 🚨 Error processing message: 'country'
[2025-07-31T13:21:22.737+0000] {logging_mixin.py:190} INFO - 🚨 Error processing message: 'country'
[2025-07-31T13:21:22.739+0000] {logging_mixin.py:190} INFO - 🚨 Error processing message: 'country'
[2025-07-31T13:21:22.741+0000] {logging_mixin.py:190} INFO - 🚨 Error processing message: 'country'
[2025-07-31T13:21:22.742+0000] {logging_mixin.py:190} INFO - 🚨 Error processing message: 'country'
[2025-07-31T13:21:22.744+0000] {logging_mixin.py:190} INFO - 🚨 Error processing message: 'country'
[2025-07-31T13:21:22.746+0000] {logging_mixin.py:190} INFO - 🚨 Error processing message: 'country'
[2025-07-31T13:21:22.748+0000] {logging_mixin.py:190} INFO - 🚨 Error processing message: 'country'
[2025-07-31T13:21:22.749+0000] {logging_mixin.py:190} INFO - 🚨 Error processing message: 'country'
[2025-07-31T13:21:22.751+0000] {logging_mixin.py:190} INFO - 🚨 Error processing message: 'country'
[2025-07-31T13:21:22.753+0000] {logging_mixin.py:190} INFO - 🚨 Error processing message: 'country'
[2025-07-31T13:21:22.755+0000] {logging_mixin.py:190} INFO - 🚨 Error processing message: 'country'
[2025-07-31T13:21:22.756+0000] {logging_mixin.py:190} INFO - 🚨 Error processing message: 'country'
[2025-07-31T13:21:22.758+0000] {logging_mixin.py:190} INFO - 🚨 Error processing message: 'country'
[2025-07-31T13:21:22.760+0000] {logging_mixin.py:190} INFO - 🚨 Error processing message: 'country'
[2025-07-31T13:21:22.761+0000] {logging_mixin.py:190} INFO - 🚨 Error processing message: 'country'
[2025-07-31T13:21:22.763+0000] {logging_mixin.py:190} INFO - 🚨 Error processing message: 'country'
[2025-07-31T13:21:22.765+0000] {logging_mixin.py:190} INFO - 🚨 Error processing message: 'country'
[2025-07-31T13:21:22.767+0000] {logging_mixin.py:190} INFO - 🚨 Error processing message: 'country'
[2025-07-31T13:21:22.768+0000] {logging_mixin.py:190} INFO - 🚨 Error processing message: 'country'
[2025-07-31T13:21:22.770+0000] {logging_mixin.py:190} INFO - 🚨 Error processing message: 'country'
[2025-07-31T13:21:22.772+0000] {logging_mixin.py:190} INFO - 🚨 Error processing message: 'country'
[2025-07-31T13:21:22.774+0000] {logging_mixin.py:190} INFO - 🚨 Error processing message: 'country'
[2025-07-31T13:21:22.775+0000] {logging_mixin.py:190} INFO - 🚨 Error processing message: 'country'
[2025-07-31T13:21:22.777+0000] {logging_mixin.py:190} INFO - 🚨 Error processing message: 'country'
[2025-07-31T13:21:22.779+0000] {logging_mixin.py:190} INFO - 🚨 Error processing message: 'country'
[2025-07-31T13:21:22.780+0000] {logging_mixin.py:190} INFO - 🚨 Error processing message: 'country'
[2025-07-31T13:21:22.782+0000] {logging_mixin.py:190} INFO - 🚨 Error processing message: 'country'
[2025-07-31T13:21:22.784+0000] {logging_mixin.py:190} INFO - 🚨 Error processing message: 'country'
[2025-07-31T13:21:22.785+0000] {logging_mixin.py:190} INFO - 🚨 Error processing message: 'country'
[2025-07-31T13:21:22.787+0000] {logging_mixin.py:190} INFO - 🚨 Error processing message: 'country'
[2025-07-31T13:21:22.789+0000] {logging_mixin.py:190} INFO - 🚨 Error processing message: 'country'
[2025-07-31T13:21:22.791+0000] {logging_mixin.py:190} INFO - 🚨 Error processing message: 'country'
[2025-07-31T13:21:22.792+0000] {logging_mixin.py:190} INFO - 🚨 Error processing message: 'country'
[2025-07-31T13:21:22.794+0000] {logging_mixin.py:190} INFO - 🚨 Error processing message: 'country'
[2025-07-31T13:21:22.796+0000] {logging_mixin.py:190} INFO - 🚨 Error processing message: 'country'
[2025-07-31T13:21:22.797+0000] {logging_mixin.py:190} INFO - 🚨 Error processing message: 'country'
[2025-07-31T13:21:22.799+0000] {logging_mixin.py:190} INFO - 🚨 Error processing message: 'country'
[2025-07-31T13:21:22.801+0000] {logging_mixin.py:190} INFO - 🚨 Error processing message: 'country'
[2025-07-31T13:21:22.802+0000] {logging_mixin.py:190} INFO - 🚨 Error processing message: 'country'
[2025-07-31T13:21:22.805+0000] {logging_mixin.py:190} INFO - 🚨 Error processing message: 'country'
[2025-07-31T13:21:22.806+0000] {logging_mixin.py:190} INFO - 🚨 Error processing message: 'country'
[2025-07-31T13:21:22.808+0000] {logging_mixin.py:190} INFO - 🚨 Error processing message: 'country'
[2025-07-31T13:21:22.810+0000] {logging_mixin.py:190} INFO - 🚨 Error processing message: 'country'
[2025-07-31T13:21:22.811+0000] {logging_mixin.py:190} INFO - 🚨 Error processing message: 'country'
[2025-07-31T13:21:22.813+0000] {logging_mixin.py:190} INFO - 🚨 Error processing message: 'country'
[2025-07-31T13:21:22.815+0000] {logging_mixin.py:190} INFO - 🚨 Error processing message: 'country'
[2025-07-31T13:21:22.817+0000] {logging_mixin.py:190} INFO - 🚨 Error processing message: 'country'
[2025-07-31T13:21:22.818+0000] {logging_mixin.py:190} INFO - 🚨 Error processing message: 'country'
[2025-07-31T13:21:22.820+0000] {logging_mixin.py:190} INFO - 🚨 Error processing message: 'country'
[2025-07-31T13:21:22.822+0000] {logging_mixin.py:190} INFO - 🚨 Error processing message: 'country'
[2025-07-31T13:21:22.824+0000] {logging_mixin.py:190} INFO - 🚨 Error processing message: 'country'
[2025-07-31T13:21:22.826+0000] {logging_mixin.py:190} INFO - 🚨 Error processing message: 'country'
[2025-07-31T13:21:22.828+0000] {logging_mixin.py:190} INFO - 🚨 Error processing message: 'country'
[2025-07-31T13:21:22.830+0000] {logging_mixin.py:190} INFO - 🚨 Error processing message: 'country'
[2025-07-31T13:21:22.832+0000] {logging_mixin.py:190} INFO - 🚨 Error processing message: 'country'
[2025-07-31T13:21:22.834+0000] {logging_mixin.py:190} INFO - 🚨 Error processing message: 'country'
[2025-07-31T13:21:22.836+0000] {logging_mixin.py:190} INFO - 🚨 Error processing message: 'country'
[2025-07-31T13:21:22.838+0000] {logging_mixin.py:190} INFO - 🚨 Error processing message: 'country'
[2025-07-31T13:21:22.840+0000] {logging_mixin.py:190} INFO - 🚨 Error processing message: 'country'
[2025-07-31T13:21:22.842+0000] {logging_mixin.py:190} INFO - 🚨 Error processing message: 'country'
[2025-07-31T13:21:22.846+0000] {logging_mixin.py:190} INFO - 🚨 Error processing message: 'country'
[2025-07-31T13:21:22.848+0000] {logging_mixin.py:190} INFO - 🚨 Error processing message: 'country'
[2025-07-31T13:21:22.849+0000] {logging_mixin.py:190} INFO - 🚨 Error processing message: 'country'
[2025-07-31T13:21:22.851+0000] {logging_mixin.py:190} INFO - 🚨 Error processing message: 'country'
[2025-07-31T13:21:22.854+0000] {logging_mixin.py:190} INFO - 🚨 Error processing message: 'country'
[2025-07-31T13:21:22.856+0000] {logging_mixin.py:190} INFO - 🚨 Error processing message: 'country'
[2025-07-31T13:21:22.857+0000] {logging_mixin.py:190} INFO - 🚨 Error processing message: 'country'
[2025-07-31T13:21:22.859+0000] {logging_mixin.py:190} INFO - 🚨 Error processing message: 'country'
[2025-07-31T13:21:22.861+0000] {logging_mixin.py:190} INFO - 🚨 Error processing message: 'country'
[2025-07-31T13:21:22.863+0000] {logging_mixin.py:190} INFO - 🚨 Error processing message: 'country'
[2025-07-31T13:21:22.864+0000] {logging_mixin.py:190} INFO - 🚨 Error processing message: 'country'
[2025-07-31T13:21:22.866+0000] {logging_mixin.py:190} INFO - 🚨 Error processing message: 'country'
[2025-07-31T13:21:22.867+0000] {logging_mixin.py:190} INFO - 🚨 Error processing message: 'country'
[2025-07-31T13:21:22.869+0000] {logging_mixin.py:190} INFO - 🚨 Error processing message: 'country'
[2025-07-31T13:21:22.871+0000] {logging_mixin.py:190} INFO - 🚨 Error processing message: 'country'
[2025-07-31T13:21:22.873+0000] {logging_mixin.py:190} INFO - 🚨 Error processing message: 'country'
[2025-07-31T13:21:22.875+0000] {logging_mixin.py:190} INFO - 🚨 Error processing message: 'country'
[2025-07-31T13:21:22.876+0000] {logging_mixin.py:190} INFO - 🚨 Error processing message: 'country'
[2025-07-31T13:21:22.878+0000] {logging_mixin.py:190} INFO - 🚨 Error processing message: 'country'
[2025-07-31T13:21:22.880+0000] {logging_mixin.py:190} INFO - 🚨 Error processing message: 'country'
[2025-07-31T13:21:22.881+0000] {logging_mixin.py:190} INFO - 🚨 Error processing message: 'country'
[2025-07-31T13:21:22.883+0000] {logging_mixin.py:190} INFO - 🚨 Error processing message: 'country'
[2025-07-31T13:21:22.885+0000] {logging_mixin.py:190} INFO - 🚨 Error processing message: 'country'
[2025-07-31T13:21:22.886+0000] {logging_mixin.py:190} INFO - 🚨 Error processing message: 'country'
[2025-07-31T13:21:22.888+0000] {logging_mixin.py:190} INFO - 🚨 Error processing message: 'country'
[2025-07-31T13:21:22.890+0000] {logging_mixin.py:190} INFO - 🚨 Error processing message: 'country'
[2025-07-31T13:21:22.891+0000] {logging_mixin.py:190} INFO - 🚨 Error processing message: 'country'
[2025-07-31T13:21:22.892+0000] {logging_mixin.py:190} INFO - 🚨 Error processing message: 'country'
[2025-07-31T13:21:22.894+0000] {logging_mixin.py:190} INFO - 🚨 Error processing message: 'country'
[2025-07-31T13:21:22.896+0000] {logging_mixin.py:190} INFO - 🚨 Error processing message: 'country'
[2025-07-31T13:21:22.897+0000] {logging_mixin.py:190} INFO - 🚨 Error processing message: 'country'
[2025-07-31T13:21:22.899+0000] {logging_mixin.py:190} INFO - 🚨 Error processing message: 'country'
[2025-07-31T13:21:22.900+0000] {logging_mixin.py:190} INFO - 🚨 Error processing message: 'country'
[2025-07-31T13:21:22.902+0000] {logging_mixin.py:190} INFO - 🚨 Error processing message: 'country'
[2025-07-31T13:21:22.904+0000] {logging_mixin.py:190} INFO - 🚨 Error processing message: 'country'
[2025-07-31T13:21:22.905+0000] {logging_mixin.py:190} INFO - 🚨 Error processing message: 'country'
[2025-07-31T13:21:22.907+0000] {logging_mixin.py:190} INFO - 🚨 Error processing message: 'country'
[2025-07-31T13:21:22.908+0000] {logging_mixin.py:190} INFO - 🚨 Error processing message: 'country'
[2025-07-31T13:21:22.910+0000] {logging_mixin.py:190} INFO - 🚨 Error processing message: 'country'
[2025-07-31T13:21:22.912+0000] {logging_mixin.py:190} INFO - 🚨 Error processing message: 'country'
[2025-07-31T13:21:22.914+0000] {logging_mixin.py:190} INFO - 🚨 Error processing message: 'country'
[2025-07-31T13:21:22.915+0000] {logging_mixin.py:190} INFO - 🚨 Error processing message: 'country'
[2025-07-31T13:21:22.917+0000] {logging_mixin.py:190} INFO - 🚨 Error processing message: 'country'
[2025-07-31T13:21:22.918+0000] {logging_mixin.py:190} INFO - 🚨 Error processing message: 'country'
[2025-07-31T13:21:22.920+0000] {logging_mixin.py:190} INFO - 🚨 Error processing message: 'country'
[2025-07-31T13:21:22.922+0000] {logging_mixin.py:190} INFO - 🚨 Error processing message: 'country'
[2025-07-31T13:21:22.923+0000] {logging_mixin.py:190} INFO - 🚨 Error processing message: 'country'
[2025-07-31T13:21:22.925+0000] {logging_mixin.py:190} INFO - 🚨 Error processing message: 'country'
[2025-07-31T13:21:22.927+0000] {logging_mixin.py:190} INFO - 🚨 Error processing message: 'country'
[2025-07-31T13:21:22.929+0000] {logging_mixin.py:190} INFO - 🚨 Error processing message: 'country'
[2025-07-31T13:21:22.931+0000] {logging_mixin.py:190} INFO - 🚨 Error processing message: 'country'
[2025-07-31T13:21:22.933+0000] {logging_mixin.py:190} INFO - 🚨 Error processing message: 'country'
[2025-07-31T13:21:22.935+0000] {logging_mixin.py:190} INFO - 🚨 Error processing message: 'country'
[2025-07-31T13:21:22.937+0000] {logging_mixin.py:190} INFO - 🚨 Error processing message: 'country'
[2025-07-31T13:21:22.939+0000] {logging_mixin.py:190} INFO - 🚨 Error processing message: 'country'
[2025-07-31T13:21:22.942+0000] {logging_mixin.py:190} INFO - 🚨 Error processing message: 'country'
[2025-07-31T13:21:22.944+0000] {logging_mixin.py:190} INFO - 🚨 Error processing message: 'country'
[2025-07-31T13:21:22.946+0000] {logging_mixin.py:190} INFO - 🚨 Error processing message: 'country'
[2025-07-31T13:21:22.948+0000] {logging_mixin.py:190} INFO - 🚨 Error processing message: 'country'
[2025-07-31T13:21:22.950+0000] {logging_mixin.py:190} INFO - 🚨 Error processing message: 'country'
[2025-07-31T13:21:22.952+0000] {logging_mixin.py:190} INFO - 🚨 Error processing message: 'country'
[2025-07-31T13:21:22.955+0000] {logging_mixin.py:190} INFO - 🚨 Error processing message: 'country'
[2025-07-31T13:21:22.957+0000] {logging_mixin.py:190} INFO - 🚨 Error processing message: 'country'
[2025-07-31T13:21:22.959+0000] {logging_mixin.py:190} INFO - 🚨 Error processing message: 'country'
[2025-07-31T13:21:22.961+0000] {logging_mixin.py:190} INFO - 🚨 Error processing message: 'country'
[2025-07-31T13:21:22.963+0000] {logging_mixin.py:190} INFO - 🚨 Error processing message: 'country'
[2025-07-31T13:21:22.965+0000] {logging_mixin.py:190} INFO - 🚨 Error processing message: 'country'
[2025-07-31T13:21:22.966+0000] {logging_mixin.py:190} INFO - 🚨 Error processing message: 'country'
[2025-07-31T13:21:22.968+0000] {logging_mixin.py:190} INFO - 🚨 Error processing message: 'country'
[2025-07-31T13:21:22.970+0000] {logging_mixin.py:190} INFO - 🚨 Error processing message: 'country'
[2025-07-31T13:21:22.972+0000] {logging_mixin.py:190} INFO - 🚨 Error processing message: 'country'
[2025-07-31T13:21:22.974+0000] {logging_mixin.py:190} INFO - 🚨 Error processing message: 'country'
[2025-07-31T13:21:22.975+0000] {logging_mixin.py:190} INFO - 🚨 Error processing message: 'country'
[2025-07-31T13:21:22.977+0000] {logging_mixin.py:190} INFO - 🚨 Error processing message: 'country'
[2025-07-31T13:21:22.979+0000] {logging_mixin.py:190} INFO - 🚨 Error processing message: 'country'
[2025-07-31T13:21:22.981+0000] {logging_mixin.py:190} INFO - 🚨 Error processing message: 'country'
[2025-07-31T13:21:22.983+0000] {logging_mixin.py:190} INFO - 🚨 Error processing message: 'country'
[2025-07-31T13:21:22.984+0000] {logging_mixin.py:190} INFO - 🚨 Error processing message: 'country'
[2025-07-31T13:24:44.523+0000] {logging_mixin.py:190} INFO - 🚨 Error processing message: 'country'
[2025-07-31T13:24:44.525+0000] {logging_mixin.py:190} INFO - 🚨 Error processing message: 'country'
[2025-07-31T13:24:44.527+0000] {logging_mixin.py:190} INFO - 🚨 Error processing message: 'country'
[2025-07-31T13:24:44.529+0000] {logging_mixin.py:190} INFO - 🚨 Error processing message: 'country'
[2025-07-31T13:24:44.532+0000] {logging_mixin.py:190} INFO - 🚨 Error processing message: 'country'
[2025-07-31T13:24:44.534+0000] {logging_mixin.py:190} INFO - 🚨 Error processing message: 'country'
[2025-07-31T13:24:44.535+0000] {logging_mixin.py:190} INFO - 🚨 Error processing message: 'country'
[2025-07-31T13:24:44.537+0000] {logging_mixin.py:190} INFO - 🚨 Error processing message: 'country'
[2025-07-31T13:24:44.539+0000] {logging_mixin.py:190} INFO - 🚨 Error processing message: 'country'
[2025-07-31T13:24:44.541+0000] {logging_mixin.py:190} INFO - 🚨 Error processing message: 'country'
[2025-07-31T13:24:44.542+0000] {logging_mixin.py:190} INFO - 🚨 Error processing message: 'country'
[2025-07-31T13:24:44.544+0000] {logging_mixin.py:190} INFO - 🚨 Error processing message: 'country'
[2025-07-31T13:24:44.546+0000] {logging_mixin.py:190} INFO - 🚨 Error processing message: 'country'
[2025-07-31T13:24:44.548+0000] {logging_mixin.py:190} INFO - 🚨 Error processing message: 'country'
[2025-07-31T13:24:44.550+0000] {logging_mixin.py:190} INFO - 🚨 Error processing message: 'country'
[2025-07-31T13:24:44.552+0000] {logging_mixin.py:190} INFO - 🚨 Error processing message: 'country'
[2025-07-31T13:24:44.554+0000] {logging_mixin.py:190} INFO - 🚨 Error processing message: 'country'
[2025-07-31T13:24:44.556+0000] {logging_mixin.py:190} INFO - 🚨 Error processing message: 'country'
[2025-07-31T13:24:44.557+0000] {logging_mixin.py:190} INFO - 🚨 Error processing message: 'country'
[2025-07-31T13:24:44.559+0000] {logging_mixin.py:190} INFO - 🚨 Error processing message: 'country'
[2025-07-31T13:24:44.560+0000] {logging_mixin.py:190} INFO - 🚨 Error processing message: 'country'
[2025-07-31T13:24:44.562+0000] {logging_mixin.py:190} INFO - 🚨 Error processing message: 'country'
[2025-07-31T13:24:44.564+0000] {logging_mixin.py:190} INFO - 🚨 Error processing message: 'country'
[2025-07-31T13:24:44.566+0000] {logging_mixin.py:190} INFO - 🚨 Error processing message: 'country'
[2025-07-31T13:24:44.567+0000] {logging_mixin.py:190} INFO - 🚨 Error processing message: 'country'
[2025-07-31T13:24:44.569+0000] {logging_mixin.py:190} INFO - 🚨 Error processing message: 'country'
[2025-07-31T13:24:44.570+0000] {logging_mixin.py:190} INFO - 🚨 Error processing message: 'country'
[2025-07-31T13:24:44.572+0000] {logging_mixin.py:190} INFO - 🚨 Error processing message: 'country'
[2025-07-31T13:24:44.574+0000] {logging_mixin.py:190} INFO - 🚨 Error processing message: 'country'
[2025-07-31T13:24:44.576+0000] {logging_mixin.py:190} INFO - 🚨 Error processing message: 'country'
[2025-07-31T13:24:44.577+0000] {logging_mixin.py:190} INFO - 🚨 Error processing message: 'country'
[2025-07-31T13:24:44.579+0000] {logging_mixin.py:190} INFO - 🚨 Error processing message: 'country'
[2025-07-31T13:24:44.581+0000] {logging_mixin.py:190} INFO - 🚨 Error processing message: 'country'
[2025-07-31T13:24:44.583+0000] {logging_mixin.py:190} INFO - 🚨 Error processing message: 'country'
[2025-07-31T13:24:44.584+0000] {logging_mixin.py:190} INFO - 🚨 Error processing message: 'country'
[2025-07-31T13:24:44.586+0000] {logging_mixin.py:190} INFO - 🚨 Error processing message: 'country'
[2025-07-31T13:24:44.588+0000] {logging_mixin.py:190} INFO - 🚨 Error processing message: 'country'
[2025-07-31T13:24:44.590+0000] {logging_mixin.py:190} INFO - 🚨 Error processing message: 'country'
[2025-07-31T13:24:44.592+0000] {logging_mixin.py:190} INFO - 🚨 Error processing message: 'country'
[2025-07-31T13:24:44.593+0000] {logging_mixin.py:190} INFO - 🚨 Error processing message: 'country'
[2025-07-31T13:24:44.596+0000] {logging_mixin.py:190} INFO - 🚨 Error processing message: 'country'
[2025-07-31T13:24:44.598+0000] {logging_mixin.py:190} INFO - 🚨 Error processing message: 'country'
[2025-07-31T13:24:44.600+0000] {logging_mixin.py:190} INFO - 🚨 Error processing message: 'country'
[2025-07-31T13:24:44.602+0000] {logging_mixin.py:190} INFO - 🚨 Error processing message: 'country'
[2025-07-31T13:24:44.604+0000] {logging_mixin.py:190} INFO - 🚨 Error processing message: 'country'
[2025-07-31T13:24:44.607+0000] {logging_mixin.py:190} INFO - 🚨 Error processing message: 'country'
[2025-07-31T13:24:44.608+0000] {logging_mixin.py:190} INFO - 🚨 Error processing message: 'country'
[2025-07-31T13:24:44.610+0000] {logging_mixin.py:190} INFO - 🚨 Error processing message: 'country'
[2025-07-31T13:24:44.613+0000] {logging_mixin.py:190} INFO - 🚨 Error processing message: 'country'
[2025-07-31T13:24:44.615+0000] {logging_mixin.py:190} INFO - 🚨 Error processing message: 'country'
[2025-07-31T13:24:44.617+0000] {logging_mixin.py:190} INFO - 🚨 Error processing message: 'country'
[2025-07-31T13:24:44.619+0000] {logging_mixin.py:190} INFO - 🚨 Error processing message: 'country'
[2025-07-31T13:24:44.621+0000] {logging_mixin.py:190} INFO - 🚨 Error processing message: 'country'
[2025-07-31T13:24:44.623+0000] {logging_mixin.py:190} INFO - 🚨 Error processing message: 'country'
[2025-07-31T13:24:44.625+0000] {logging_mixin.py:190} INFO - 🚨 Error processing message: 'country'
[2025-07-31T13:24:44.627+0000] {logging_mixin.py:190} INFO - 🚨 Error processing message: 'country'
[2025-07-31T13:24:44.628+0000] {logging_mixin.py:190} INFO - 🚨 Error processing message: 'country'
[2025-07-31T13:24:44.631+0000] {logging_mixin.py:190} INFO - 🚨 Error processing message: 'country'
[2025-07-31T13:24:44.632+0000] {logging_mixin.py:190} INFO - 🚨 Error processing message: 'country'
[2025-07-31T13:24:44.643+0000] {logging_mixin.py:190} INFO - 🚨 Error processing message: 'country'
[2025-07-31T13:24:44.645+0000] {logging_mixin.py:190} INFO - 🚨 Error processing message: 'country'
[2025-07-31T13:24:44.647+0000] {logging_mixin.py:190} INFO - 🚨 Error processing message: 'country'
[2025-07-31T13:24:44.649+0000] {logging_mixin.py:190} INFO - 🚨 Error processing message: 'country'
[2025-07-31T13:24:44.651+0000] {logging_mixin.py:190} INFO - 🚨 Error processing message: 'country'
[2025-07-31T13:24:44.652+0000] {logging_mixin.py:190} INFO - 🚨 Error processing message: 'country'
[2025-07-31T13:24:44.654+0000] {logging_mixin.py:190} INFO - 🚨 Error processing message: 'country'
[2025-07-31T13:24:44.656+0000] {logging_mixin.py:190} INFO - 🚨 Error processing message: 'country'
[2025-07-31T13:24:44.658+0000] {logging_mixin.py:190} INFO - 🚨 Error processing message: 'country'
[2025-07-31T13:24:44.660+0000] {logging_mixin.py:190} INFO - 🚨 Error processing message: 'country'
[2025-07-31T13:24:44.661+0000] {logging_mixin.py:190} INFO - 🚨 Error processing message: 'country'
[2025-07-31T13:24:44.663+0000] {logging_mixin.py:190} INFO - 🚨 Error processing message: 'country'
[2025-07-31T13:24:44.665+0000] {logging_mixin.py:190} INFO - 🚨 Error processing message: 'country'
[2025-07-31T13:24:44.667+0000] {logging_mixin.py:190} INFO - 🚨 Error processing message: 'country'
[2025-07-31T13:24:44.669+0000] {logging_mixin.py:190} INFO - 🚨 Error processing message: 'country'
[2025-07-31T13:24:44.671+0000] {logging_mixin.py:190} INFO - 🚨 Error processing message: 'country'
[2025-07-31T13:24:44.674+0000] {logging_mixin.py:190} INFO - 🚨 Error processing message: 'country'
[2025-07-31T13:24:44.676+0000] {logging_mixin.py:190} INFO - 🚨 Error processing message: 'country'
[2025-07-31T13:24:44.678+0000] {logging_mixin.py:190} INFO - 🚨 Error processing message: 'country'
[2025-07-31T13:24:44.681+0000] {logging_mixin.py:190} INFO - 🚨 Error processing message: 'country'
[2025-07-31T13:24:44.683+0000] {logging_mixin.py:190} INFO - 🚨 Error processing message: 'country'
[2025-07-31T13:24:44.685+0000] {logging_mixin.py:190} INFO - 🚨 Error processing message: 'country'
[2025-07-31T13:24:44.687+0000] {logging_mixin.py:190} INFO - 🚨 Error processing message: 'country'
[2025-07-31T13:24:44.689+0000] {logging_mixin.py:190} INFO - 🚨 Error processing message: 'country'
[2025-07-31T13:24:44.691+0000] {logging_mixin.py:190} INFO - 🚨 Error processing message: 'country'
[2025-07-31T13:24:44.693+0000] {logging_mixin.py:190} INFO - 🚨 Error processing message: 'country'
[2025-07-31T13:24:44.695+0000] {logging_mixin.py:190} INFO - 🚨 Error processing message: 'country'
[2025-07-31T13:24:44.698+0000] {logging_mixin.py:190} INFO - 🚨 Error processing message: 'country'
[2025-07-31T13:24:44.699+0000] {logging_mixin.py:190} INFO - 🚨 Error processing message: 'country'
[2025-07-31T13:24:44.701+0000] {logging_mixin.py:190} INFO - 🚨 Error processing message: 'country'
[2025-07-31T13:24:44.703+0000] {logging_mixin.py:190} INFO - 🚨 Error processing message: 'country'
[2025-07-31T13:24:44.706+0000] {logging_mixin.py:190} INFO - 🚨 Error processing message: 'country'
[2025-07-31T13:24:44.707+0000] {logging_mixin.py:190} INFO - 🚨 Error processing message: 'country'
[2025-07-31T13:24:44.709+0000] {logging_mixin.py:190} INFO - 🚨 Error processing message: 'country'
[2025-07-31T13:24:44.710+0000] {logging_mixin.py:190} INFO - 🚨 Error processing message: 'country'
[2025-07-31T13:24:44.713+0000] {logging_mixin.py:190} INFO - 🚨 Error processing message: 'country'
[2025-07-31T13:24:44.715+0000] {logging_mixin.py:190} INFO - 🚨 Error processing message: 'country'
[2025-07-31T13:24:44.717+0000] {logging_mixin.py:190} INFO - 🚨 Error processing message: 'country'
[2025-07-31T13:24:44.718+0000] {logging_mixin.py:190} INFO - 🚨 Error processing message: 'country'
[2025-07-31T13:24:44.720+0000] {logging_mixin.py:190} INFO - 🚨 Error processing message: 'country'
[2025-07-31T13:24:44.722+0000] {logging_mixin.py:190} INFO - 🚨 Error processing message: 'country'
[2025-07-31T13:24:44.724+0000] {logging_mixin.py:190} INFO - 🚨 Error processing message: 'country'
[2025-07-31T13:24:44.725+0000] {logging_mixin.py:190} INFO - 🚨 Error processing message: 'country'
[2025-07-31T13:24:44.727+0000] {logging_mixin.py:190} INFO - 🚨 Error processing message: 'country'
[2025-07-31T13:24:44.728+0000] {logging_mixin.py:190} INFO - 🚨 Error processing message: 'country'
[2025-07-31T13:24:44.730+0000] {logging_mixin.py:190} INFO - 🚨 Error processing message: 'country'
[2025-07-31T13:24:44.732+0000] {logging_mixin.py:190} INFO - 🚨 Error processing message: 'country'
[2025-07-31T13:24:44.734+0000] {logging_mixin.py:190} INFO - 🚨 Error processing message: 'country'
[2025-07-31T13:24:44.735+0000] {logging_mixin.py:190} INFO - 🚨 Error processing message: 'country'
[2025-07-31T13:24:44.738+0000] {logging_mixin.py:190} INFO - 🚨 Error processing message: 'country'
[2025-07-31T13:24:44.740+0000] {logging_mixin.py:190} INFO - 🚨 Error processing message: 'country'
[2025-07-31T13:24:44.742+0000] {logging_mixin.py:190} INFO - 🚨 Error processing message: 'country'
[2025-07-31T13:24:44.744+0000] {logging_mixin.py:190} INFO - 🚨 Error processing message: 'country'
[2025-07-31T13:24:44.746+0000] {logging_mixin.py:190} INFO - 🚨 Error processing message: 'country'
[2025-07-31T13:24:44.748+0000] {logging_mixin.py:190} INFO - 🚨 Error processing message: 'country'
[2025-07-31T13:24:44.750+0000] {logging_mixin.py:190} INFO - 🚨 Error processing message: 'country'
[2025-07-31T13:24:44.752+0000] {logging_mixin.py:190} INFO - 🚨 Error processing message: 'country'
[2025-07-31T13:24:44.755+0000] {logging_mixin.py:190} INFO - 🚨 Error processing message: 'country'
[2025-07-31T13:24:44.757+0000] {logging_mixin.py:190} INFO - 🚨 Error processing message: 'country'
[2025-07-31T13:24:44.759+0000] {logging_mixin.py:190} INFO - 🚨 Error processing message: 'country'
[2025-07-31T13:24:44.761+0000] {logging_mixin.py:190} INFO - 🚨 Error processing message: 'country'
[2025-07-31T13:24:44.763+0000] {logging_mixin.py:190} INFO - 🚨 Error processing message: 'country'
[2025-07-31T13:24:44.765+0000] {logging_mixin.py:190} INFO - 🚨 Error processing message: 'country'
[2025-07-31T13:24:44.767+0000] {logging_mixin.py:190} INFO - 🚨 Error processing message: 'country'
[2025-07-31T13:24:44.769+0000] {logging_mixin.py:190} INFO - 🚨 Error processing message: 'country'
[2025-07-31T13:24:44.771+0000] {logging_mixin.py:190} INFO - 🚨 Error processing message: 'country'
[2025-07-31T13:24:44.774+0000] {logging_mixin.py:190} INFO - 🚨 Error processing message: 'country'
[2025-07-31T13:24:44.776+0000] {logging_mixin.py:190} INFO - 🚨 Error processing message: 'country'
[2025-07-31T13:24:44.779+0000] {logging_mixin.py:190} INFO - 🚨 Error processing message: 'country'
[2025-07-31T13:24:44.782+0000] {logging_mixin.py:190} INFO - 🚨 Error processing message: 'country'
[2025-07-31T13:24:44.784+0000] {logging_mixin.py:190} INFO - 🚨 Error processing message: 'country'
[2025-07-31T13:24:44.786+0000] {logging_mixin.py:190} INFO - 🚨 Error processing message: 'country'
[2025-07-31T13:24:44.793+0000] {logging_mixin.py:190} INFO - 🚨 Error processing message: 'country'
[2025-07-31T13:24:44.795+0000] {logging_mixin.py:190} INFO - 🚨 Error processing message: 'country'
[2025-07-31T13:24:44.798+0000] {logging_mixin.py:190} INFO - 🚨 Error processing message: 'country'
[2025-07-31T13:24:44.800+0000] {logging_mixin.py:190} INFO - 🚨 Error processing message: 'country'
[2025-07-31T13:24:44.802+0000] {logging_mixin.py:190} INFO - 🚨 Error processing message: 'country'
[2025-07-31T13:24:44.805+0000] {logging_mixin.py:190} INFO - 🚨 Error processing message: 'country'
[2025-07-31T13:24:44.808+0000] {logging_mixin.py:190} INFO - 🚨 Error processing message: 'country'
[2025-07-31T13:24:44.810+0000] {logging_mixin.py:190} INFO - 🚨 Error processing message: 'country'
[2025-07-31T13:24:44.813+0000] {logging_mixin.py:190} INFO - 🚨 Error processing message: 'country'
[2025-07-31T13:24:44.816+0000] {logging_mixin.py:190} INFO - 🚨 Error processing message: 'country'
[2025-07-31T13:24:44.819+0000] {logging_mixin.py:190} INFO - 🚨 Error processing message: 'country'
[2025-07-31T13:24:44.822+0000] {logging_mixin.py:190} INFO - 🚨 Error processing message: 'country'
[2025-07-31T13:24:44.825+0000] {logging_mixin.py:190} INFO - 🚨 Error processing message: 'country'
[2025-07-31T13:24:44.827+0000] {logging_mixin.py:190} INFO - 🚨 Error processing message: 'country'
[2025-07-31T13:24:44.830+0000] {logging_mixin.py:190} INFO - 🚨 Error processing message: 'country'
[2025-07-31T13:24:44.832+0000] {logging_mixin.py:190} INFO - 🚨 Error processing message: 'country'
[2025-07-31T13:24:44.834+0000] {logging_mixin.py:190} INFO - 🚨 Error processing message: 'country'
[2025-07-31T13:24:44.837+0000] {logging_mixin.py:190} INFO - 🚨 Error processing message: 'country'
[2025-07-31T13:24:44.840+0000] {logging_mixin.py:190} INFO - 🚨 Error processing message: 'country'
[2025-07-31T13:24:44.843+0000] {logging_mixin.py:190} INFO - 🚨 Error processing message: 'country'
[2025-07-31T13:24:44.846+0000] {logging_mixin.py:190} INFO - 🚨 Error processing message: 'country'
[2025-07-31T13:24:44.849+0000] {logging_mixin.py:190} INFO - 🚨 Error processing message: 'country'
[2025-07-31T13:24:44.851+0000] {logging_mixin.py:190} INFO - 🚨 Error processing message: 'country'
[2025-07-31T13:24:44.854+0000] {logging_mixin.py:190} INFO - 🚨 Error processing message: 'country'
[2025-07-31T13:24:44.860+0000] {logging_mixin.py:190} INFO - 🚨 Error processing message: 'country'
[2025-07-31T13:24:44.863+0000] {logging_mixin.py:190} INFO - 🚨 Error processing message: 'country'
[2025-07-31T13:24:44.866+0000] {logging_mixin.py:190} INFO - 🚨 Error processing message: 'country'
[2025-07-31T13:24:44.868+0000] {logging_mixin.py:190} INFO - 🚨 Error processing message: 'country'
[2025-07-31T13:24:44.871+0000] {logging_mixin.py:190} INFO - 🚨 Error processing message: 'country'
[2025-07-31T13:24:44.874+0000] {logging_mixin.py:190} INFO - 🚨 Error processing message: 'country'
[2025-07-31T13:24:44.877+0000] {logging_mixin.py:190} INFO - 🚨 Error processing message: 'country'
[2025-07-31T13:24:44.880+0000] {logging_mixin.py:190} INFO - 🚨 Error processing message: 'country'
[2025-07-31T13:24:44.883+0000] {logging_mixin.py:190} INFO - 🚨 Error processing message: 'country'
[2025-07-31T13:24:44.887+0000] {logging_mixin.py:190} INFO - 🚨 Error processing message: 'country'
[2025-07-31T13:24:44.890+0000] {logging_mixin.py:190} INFO - 🚨 Error processing message: 'country'
[2025-07-31T13:24:44.895+0000] {logging_mixin.py:190} INFO - 🚨 Error processing message: 'country'
[2025-07-31T13:24:44.898+0000] {logging_mixin.py:190} INFO - 🚨 Error processing message: 'country'
[2025-07-31T13:24:44.901+0000] {logging_mixin.py:190} INFO - 🚨 Error processing message: 'country'
[2025-07-31T13:24:44.904+0000] {logging_mixin.py:190} INFO - 🚨 Error processing message: 'country'
[2025-07-31T13:24:44.907+0000] {logging_mixin.py:190} INFO - 🚨 Error processing message: 'country'
[2025-07-31T13:24:44.911+0000] {logging_mixin.py:190} INFO - 🚨 Error processing message: 'country'
[2025-07-31T13:24:44.914+0000] {logging_mixin.py:190} INFO - 🚨 Error processing message: 'country'
[2025-07-31T13:24:44.917+0000] {logging_mixin.py:190} INFO - 🚨 Error processing message: 'country'
[2025-07-31T13:24:44.924+0000] {logging_mixin.py:190} INFO - 🚨 Error processing message: 'country'
[2025-07-31T13:24:44.928+0000] {logging_mixin.py:190} INFO - 🚨 Error processing message: 'country'
[2025-07-31T13:24:44.931+0000] {logging_mixin.py:190} INFO - 🚨 Error processing message: 'country'
[2025-07-31T13:24:44.934+0000] {logging_mixin.py:190} INFO - 🚨 Error processing message: 'country'
[2025-07-31T13:24:44.937+0000] {logging_mixin.py:190} INFO - 🚨 Error processing message: 'country'
[2025-07-31T13:24:44.940+0000] {logging_mixin.py:190} INFO - 🚨 Error processing message: 'country'
[2025-07-31T13:24:44.942+0000] {logging_mixin.py:190} INFO - 🚨 Error processing message: 'country'
[2025-07-31T13:24:44.945+0000] {logging_mixin.py:190} INFO - 🚨 Error processing message: 'country'
[2025-07-31T13:24:44.949+0000] {logging_mixin.py:190} INFO - 🚨 Error processing message: 'country'
[2025-07-31T13:24:44.952+0000] {logging_mixin.py:190} INFO - 🚨 Error processing message: 'country'
[2025-07-31T13:24:44.955+0000] {logging_mixin.py:190} INFO - 🚨 Error processing message: 'country'
[2025-07-31T13:24:44.959+0000] {logging_mixin.py:190} INFO - 🚨 Error processing message: 'country'
[2025-07-31T13:24:44.962+0000] {logging_mixin.py:190} INFO - 🚨 Error processing message: 'country'
[2025-07-31T13:24:44.965+0000] {logging_mixin.py:190} INFO - 🚨 Error processing message: 'country'
[2025-07-31T13:24:44.968+0000] {logging_mixin.py:190} INFO - 🚨 Error processing message: 'country'
[2025-07-31T13:24:44.972+0000] {logging_mixin.py:190} INFO - 🚨 Error processing message: 'country'
[2025-07-31T13:24:44.975+0000] {logging_mixin.py:190} INFO - 🚨 Error processing message: 'country'
[2025-07-31T13:24:44.977+0000] {logging_mixin.py:190} INFO - 🚨 Error processing message: 'country'
[2025-07-31T13:24:44.980+0000] {logging_mixin.py:190} INFO - 🚨 Error processing message: 'country'
[2025-07-31T13:24:44.983+0000] {logging_mixin.py:190} INFO - 🚨 Error processing message: 'country'
[2025-07-31T13:24:44.985+0000] {logging_mixin.py:190} INFO - 🚨 Error processing message: 'country'
[2025-07-31T13:24:44.988+0000] {logging_mixin.py:190} INFO - 🚨 Error processing message: 'country'
[2025-07-31T13:24:44.991+0000] {logging_mixin.py:190} INFO - 🚨 Error processing message: 'country'
[2025-07-31T13:24:44.993+0000] {logging_mixin.py:190} INFO - 🚨 Error processing message: 'country'
[2025-07-31T13:24:44.996+0000] {logging_mixin.py:190} INFO - 🚨 Error processing message: 'country'
[2025-07-31T13:24:44.999+0000] {logging_mixin.py:190} INFO - 🚨 Error processing message: 'country'
[2025-07-31T13:24:45.002+0000] {logging_mixin.py:190} INFO - 🚨 Error processing message: 'country'
[2025-07-31T13:24:45.005+0000] {logging_mixin.py:190} INFO - 🚨 Error processing message: 'country'
[2025-07-31T13:24:45.008+0000] {logging_mixin.py:190} INFO - 🚨 Error processing message: 'country'
[2025-07-31T13:24:45.010+0000] {logging_mixin.py:190} INFO - 🚨 Error processing message: 'country'
[2025-07-31T13:24:45.014+0000] {logging_mixin.py:190} INFO - 🚨 Error processing message: 'country'
[2025-07-31T13:24:45.018+0000] {logging_mixin.py:190} INFO - 🚨 Error processing message: 'country'
[2025-07-31T13:24:45.025+0000] {logging_mixin.py:190} INFO - 🚨 Error processing message: 'country'
[2025-07-31T13:24:45.036+0000] {logging_mixin.py:190} INFO - 🚨 Error processing message: 'country'
[2025-07-31T13:24:45.042+0000] {logging_mixin.py:190} INFO - 🚨 Error processing message: 'country'
[2025-07-31T13:24:45.047+0000] {logging_mixin.py:190} INFO - 🚨 Error processing message: 'country'
[2025-07-31T13:24:45.050+0000] {logging_mixin.py:190} INFO - 🚨 Error processing message: 'country'
[2025-07-31T13:24:45.053+0000] {logging_mixin.py:190} INFO - 🚨 Error processing message: 'country'
[2025-07-31T13:24:45.057+0000] {logging_mixin.py:190} INFO - 🚨 Error processing message: 'country'
[2025-07-31T13:24:45.059+0000] {logging_mixin.py:190} INFO - 🚨 Error processing message: 'country'
[2025-07-31T13:24:45.064+0000] {logging_mixin.py:190} INFO - 🚨 Error processing message: 'country'
[2025-07-31T13:24:45.067+0000] {logging_mixin.py:190} INFO - 🚨 Error processing message: 'country'
[2025-07-31T13:24:45.070+0000] {logging_mixin.py:190} INFO - 🚨 Error processing message: 'country'
[2025-07-31T13:24:45.073+0000] {logging_mixin.py:190} INFO - 🚨 Error processing message: 'country'
[2025-07-31T13:24:45.075+0000] {logging_mixin.py:190} INFO - 🚨 Error processing message: 'country'
[2025-07-31T13:24:45.078+0000] {logging_mixin.py:190} INFO - 🚨 Error processing message: 'country'
[2025-07-31T13:24:45.081+0000] {logging_mixin.py:190} INFO - 🚨 Error processing message: 'country'
[2025-07-31T13:24:45.083+0000] {logging_mixin.py:190} INFO - 🚨 Error processing message: 'country'
[2025-07-31T13:24:45.085+0000] {logging_mixin.py:190} INFO - 🚨 Error processing message: 'country'
[2025-07-31T13:24:45.088+0000] {logging_mixin.py:190} INFO - 🚨 Error processing message: 'country'
[2025-07-31T13:24:45.091+0000] {logging_mixin.py:190} INFO - 🚨 Error processing message: 'country'
[2025-07-31T13:24:45.095+0000] {logging_mixin.py:190} INFO - 🚨 Error processing message: 'country'
[2025-07-31T13:24:45.098+0000] {logging_mixin.py:190} INFO - 🚨 Error processing message: 'country'
[2025-07-31T13:24:45.101+0000] {logging_mixin.py:190} INFO - 🚨 Error processing message: 'country'
[2025-07-31T13:24:45.104+0000] {logging_mixin.py:190} INFO - 🚨 Error processing message: 'country'
[2025-07-31T13:24:45.108+0000] {logging_mixin.py:190} INFO - 🚨 Error processing message: 'country'
[2025-07-31T13:24:45.113+0000] {logging_mixin.py:190} INFO - 🚨 Error processing message: 'country'
[2025-07-31T13:24:45.116+0000] {logging_mixin.py:190} INFO - 🚨 Error processing message: 'country'
[2025-07-31T13:24:45.120+0000] {logging_mixin.py:190} INFO - 🚨 Error processing message: 'country'
[2025-07-31T13:24:53.640+0000] {base.py:951} WARNING - Heartbeat failed for group etl-consumer-group because it is rebalancing
[2025-07-31T13:24:53.640+0000] {consumer.py:365} INFO - Revoking previously assigned partitions (('ETL-PROJECT', 0),) for group etl-consumer-group
[2025-07-31T13:24:53.640+0000] {base.py:532} INFO - (Re-)joining group etl-consumer-group
[2025-07-31T13:24:53.641+0000] {base.py:594} INFO - Successfully joined group etl-consumer-group <Generation 4 (member_id: etl-consumer-client-293a541e-e93d-4e67-b5e3-25ad0b6c2da5-946c2c66-53be-479d-9fff-7202a1374f9d, protocol: range)>
[2025-07-31T13:24:53.641+0000] {base.py:596} INFO - Elected group leader -- performing partition assignments using range
[2025-07-31T13:24:53.643+0000] {subscription_state.py:254} INFO - Updated partition assignment: [('ETL-PROJECT', 0)]
[2025-07-31T13:24:53.643+0000] {consumer.py:249} INFO - Setting newly assigned partitions (('ETL-PROJECT', 0),) for group etl-consumer-group
[2025-07-31T13:25:03.645+0000] {base.py:951} WARNING - Heartbeat failed for group etl-consumer-group because it is rebalancing
[2025-07-31T13:25:03.645+0000] {consumer.py:365} INFO - Revoking previously assigned partitions (('ETL-PROJECT', 0),) for group etl-consumer-group
[2025-07-31T13:25:03.646+0000] {base.py:532} INFO - (Re-)joining group etl-consumer-group
[2025-07-31T13:25:03.647+0000] {base.py:594} INFO - Successfully joined group etl-consumer-group <Generation 5 (member_id: etl-consumer-client-293a541e-e93d-4e67-b5e3-25ad0b6c2da5-946c2c66-53be-479d-9fff-7202a1374f9d, protocol: range)>
[2025-07-31T13:25:03.647+0000] {base.py:596} INFO - Elected group leader -- performing partition assignments using range
[2025-07-31T13:25:03.649+0000] {subscription_state.py:254} INFO - Updated partition assignment: [('ETL-PROJECT', 0)]
[2025-07-31T13:25:03.649+0000] {consumer.py:249} INFO - Setting newly assigned partitions (('ETL-PROJECT', 0),) for group etl-consumer-group
[2025-07-31T13:30:44.477+0000] {base.py:951} WARNING - Heartbeat failed for group etl-consumer-group because it is rebalancing
[2025-07-31T13:30:44.478+0000] {consumer.py:365} INFO - Revoking previously assigned partitions (('ETL-PROJECT', 0),) for group etl-consumer-group
[2025-07-31T13:30:44.478+0000] {base.py:532} INFO - (Re-)joining group etl-consumer-group
[2025-07-31T13:30:44.480+0000] {base.py:594} INFO - Successfully joined group etl-consumer-group <Generation 6 (member_id: etl-consumer-client-293a541e-e93d-4e67-b5e3-25ad0b6c2da5-946c2c66-53be-479d-9fff-7202a1374f9d, protocol: range)>
[2025-07-31T13:30:44.480+0000] {base.py:596} INFO - Elected group leader -- performing partition assignments using range
[2025-07-31T13:30:44.482+0000] {subscription_state.py:254} INFO - Updated partition assignment: [('ETL-PROJECT', 0)]
[2025-07-31T13:30:44.482+0000] {consumer.py:249} INFO - Setting newly assigned partitions (('ETL-PROJECT', 0),) for group etl-consumer-group
[2025-07-31T13:31:14.626+0000] {base.py:951} WARNING - Heartbeat failed for group etl-consumer-group because it is rebalancing
[2025-07-31T13:31:14.626+0000] {consumer.py:365} INFO - Revoking previously assigned partitions (('ETL-PROJECT', 0),) for group etl-consumer-group
[2025-07-31T13:31:14.626+0000] {base.py:532} INFO - (Re-)joining group etl-consumer-group
[2025-07-31T13:31:14.627+0000] {base.py:594} INFO - Successfully joined group etl-consumer-group <Generation 7 (member_id: etl-consumer-client-293a541e-e93d-4e67-b5e3-25ad0b6c2da5-946c2c66-53be-479d-9fff-7202a1374f9d, protocol: range)>
[2025-07-31T13:31:14.627+0000] {base.py:596} INFO - Elected group leader -- performing partition assignments using range
[2025-07-31T13:31:14.629+0000] {subscription_state.py:254} INFO - Updated partition assignment: [('ETL-PROJECT', 0)]
[2025-07-31T13:31:14.629+0000] {consumer.py:249} INFO - Setting newly assigned partitions (('ETL-PROJECT', 0),) for group etl-consumer-group
[2025-07-31T13:41:06.482+0000] {logging_mixin.py:190} INFO - 🚨 Error processing message: 'country'
[2025-07-31T13:43:08.235+0000] {logging_mixin.py:190} INFO - 🚨 Error processing message: 'country'
[2025-07-31T13:43:08.238+0000] {logging_mixin.py:190} INFO - 🚨 Error processing message: 'country'
[2025-07-31T13:43:08.241+0000] {logging_mixin.py:190} INFO - 🚨 Error processing message: 'country'
[2025-07-31T13:43:08.245+0000] {logging_mixin.py:190} INFO - 🚨 Error processing message: 'country'
[2025-07-31T13:43:08.248+0000] {logging_mixin.py:190} INFO - 🚨 Error processing message: 'country'
[2025-07-31T13:43:08.252+0000] {logging_mixin.py:190} INFO - 🚨 Error processing message: 'country'
[2025-07-31T13:43:08.255+0000] {logging_mixin.py:190} INFO - 🚨 Error processing message: 'country'
[2025-07-31T13:43:08.258+0000] {logging_mixin.py:190} INFO - 🚨 Error processing message: 'country'
[2025-07-31T13:43:08.262+0000] {logging_mixin.py:190} INFO - 🚨 Error processing message: 'country'
[2025-07-31T13:43:08.265+0000] {logging_mixin.py:190} INFO - 🚨 Error processing message: 'country'
[2025-07-31T13:43:08.268+0000] {logging_mixin.py:190} INFO - 🚨 Error processing message: 'country'
[2025-07-31T13:43:08.271+0000] {logging_mixin.py:190} INFO - 🚨 Error processing message: 'country'
[2025-07-31T13:43:08.274+0000] {logging_mixin.py:190} INFO - 🚨 Error processing message: 'country'
[2025-07-31T13:43:08.277+0000] {logging_mixin.py:190} INFO - 🚨 Error processing message: 'country'
[2025-07-31T13:43:08.280+0000] {logging_mixin.py:190} INFO - 🚨 Error processing message: 'country'
[2025-07-31T13:43:08.283+0000] {logging_mixin.py:190} INFO - 🚨 Error processing message: 'country'
[2025-07-31T13:43:08.286+0000] {logging_mixin.py:190} INFO - 🚨 Error processing message: 'country'
[2025-07-31T13:43:08.289+0000] {logging_mixin.py:190} INFO - 🚨 Error processing message: 'country'
[2025-07-31T13:43:08.292+0000] {logging_mixin.py:190} INFO - 🚨 Error processing message: 'country'
[2025-07-31T13:43:08.295+0000] {logging_mixin.py:190} INFO - 🚨 Error processing message: 'country'
[2025-07-31T13:43:08.298+0000] {logging_mixin.py:190} INFO - 🚨 Error processing message: 'country'
[2025-07-31T13:43:08.301+0000] {logging_mixin.py:190} INFO - 🚨 Error processing message: 'country'
[2025-07-31T13:43:08.304+0000] {logging_mixin.py:190} INFO - 🚨 Error processing message: 'country'
[2025-07-31T13:43:08.308+0000] {logging_mixin.py:190} INFO - 🚨 Error processing message: 'country'
[2025-07-31T13:43:08.311+0000] {logging_mixin.py:190} INFO - 🚨 Error processing message: 'country'
[2025-07-31T13:43:08.314+0000] {logging_mixin.py:190} INFO - 🚨 Error processing message: 'country'
[2025-07-31T13:43:08.317+0000] {logging_mixin.py:190} INFO - 🚨 Error processing message: 'country'
[2025-07-31T13:43:08.320+0000] {logging_mixin.py:190} INFO - 🚨 Error processing message: 'country'
[2025-07-31T13:43:08.324+0000] {logging_mixin.py:190} INFO - 🚨 Error processing message: 'country'
[2025-07-31T13:43:08.327+0000] {logging_mixin.py:190} INFO - 🚨 Error processing message: 'country'
[2025-07-31T13:43:08.330+0000] {logging_mixin.py:190} INFO - 🚨 Error processing message: 'country'
[2025-07-31T13:43:08.333+0000] {logging_mixin.py:190} INFO - 🚨 Error processing message: 'country'
[2025-07-31T13:43:08.336+0000] {logging_mixin.py:190} INFO - 🚨 Error processing message: 'country'
[2025-07-31T13:43:08.340+0000] {logging_mixin.py:190} INFO - 🚨 Error processing message: 'country'
[2025-07-31T13:43:08.343+0000] {logging_mixin.py:190} INFO - 🚨 Error processing message: 'country'
[2025-07-31T13:43:08.346+0000] {logging_mixin.py:190} INFO - 🚨 Error processing message: 'country'
[2025-07-31T13:43:08.349+0000] {logging_mixin.py:190} INFO - 🚨 Error processing message: 'country'
[2025-07-31T13:43:08.353+0000] {logging_mixin.py:190} INFO - 🚨 Error processing message: 'country'
[2025-07-31T13:43:08.357+0000] {logging_mixin.py:190} INFO - 🚨 Error processing message: 'country'
[2025-07-31T13:43:08.360+0000] {logging_mixin.py:190} INFO - 🚨 Error processing message: 'country'
[2025-07-31T13:43:08.364+0000] {logging_mixin.py:190} INFO - 🚨 Error processing message: 'country'
[2025-07-31T13:43:08.367+0000] {logging_mixin.py:190} INFO - 🚨 Error processing message: 'country'
[2025-07-31T13:43:08.371+0000] {logging_mixin.py:190} INFO - 🚨 Error processing message: 'country'
[2025-07-31T13:43:08.374+0000] {logging_mixin.py:190} INFO - 🚨 Error processing message: 'country'
[2025-07-31T13:43:08.378+0000] {logging_mixin.py:190} INFO - 🚨 Error processing message: 'country'
[2025-07-31T13:43:08.381+0000] {logging_mixin.py:190} INFO - 🚨 Error processing message: 'country'
[2025-07-31T13:43:08.385+0000] {logging_mixin.py:190} INFO - 🚨 Error processing message: 'country'
[2025-07-31T13:43:08.388+0000] {logging_mixin.py:190} INFO - 🚨 Error processing message: 'country'
[2025-07-31T13:43:08.392+0000] {logging_mixin.py:190} INFO - 🚨 Error processing message: 'country'
[2025-07-31T13:43:08.396+0000] {logging_mixin.py:190} INFO - 🚨 Error processing message: 'country'
[2025-07-31T13:43:08.400+0000] {logging_mixin.py:190} INFO - 🚨 Error processing message: 'country'
[2025-07-31T13:43:08.403+0000] {logging_mixin.py:190} INFO - 🚨 Error processing message: 'country'
[2025-07-31T13:43:08.406+0000] {logging_mixin.py:190} INFO - 🚨 Error processing message: 'country'
[2025-07-31T13:43:08.409+0000] {logging_mixin.py:190} INFO - 🚨 Error processing message: 'country'
[2025-07-31T13:43:08.412+0000] {logging_mixin.py:190} INFO - 🚨 Error processing message: 'country'
[2025-07-31T13:43:08.415+0000] {logging_mixin.py:190} INFO - 🚨 Error processing message: 'country'
[2025-07-31T13:43:08.418+0000] {logging_mixin.py:190} INFO - 🚨 Error processing message: 'country'
[2025-07-31T13:43:08.422+0000] {logging_mixin.py:190} INFO - 🚨 Error processing message: 'country'
[2025-07-31T13:43:08.425+0000] {logging_mixin.py:190} INFO - 🚨 Error processing message: 'country'
[2025-07-31T13:43:08.445+0000] {logging_mixin.py:190} INFO - 🚨 Error processing message: 'country'
[2025-07-31T13:43:08.449+0000] {logging_mixin.py:190} INFO - 🚨 Error processing message: 'country'
[2025-07-31T13:43:08.453+0000] {logging_mixin.py:190} INFO - 🚨 Error processing message: 'country'
[2025-07-31T13:43:08.456+0000] {logging_mixin.py:190} INFO - 🚨 Error processing message: 'country'
[2025-07-31T13:43:08.460+0000] {logging_mixin.py:190} INFO - 🚨 Error processing message: 'country'
[2025-07-31T13:43:08.463+0000] {logging_mixin.py:190} INFO - 🚨 Error processing message: 'country'
[2025-07-31T13:43:08.469+0000] {logging_mixin.py:190} INFO - 🚨 Error processing message: 'country'
[2025-07-31T13:43:08.474+0000] {logging_mixin.py:190} INFO - 🚨 Error processing message: 'country'
[2025-07-31T13:43:08.478+0000] {logging_mixin.py:190} INFO - 🚨 Error processing message: 'country'
[2025-07-31T13:43:08.481+0000] {logging_mixin.py:190} INFO - 🚨 Error processing message: 'country'
[2025-07-31T13:43:08.484+0000] {logging_mixin.py:190} INFO - 🚨 Error processing message: 'country'
[2025-07-31T13:43:08.488+0000] {logging_mixin.py:190} INFO - 🚨 Error processing message: 'country'
[2025-07-31T13:43:08.491+0000] {logging_mixin.py:190} INFO - 🚨 Error processing message: 'country'
[2025-07-31T13:43:08.494+0000] {logging_mixin.py:190} INFO - 🚨 Error processing message: 'country'
[2025-07-31T13:43:08.497+0000] {logging_mixin.py:190} INFO - 🚨 Error processing message: 'country'
[2025-07-31T13:43:08.500+0000] {logging_mixin.py:190} INFO - 🚨 Error processing message: 'country'
[2025-07-31T13:43:08.503+0000] {logging_mixin.py:190} INFO - 🚨 Error processing message: 'country'
[2025-07-31T13:43:08.506+0000] {logging_mixin.py:190} INFO - 🚨 Error processing message: 'country'
[2025-07-31T13:43:08.509+0000] {logging_mixin.py:190} INFO - 🚨 Error processing message: 'country'
[2025-07-31T13:43:08.514+0000] {logging_mixin.py:190} INFO - 🚨 Error processing message: 'country'
[2025-07-31T13:43:08.518+0000] {logging_mixin.py:190} INFO - 🚨 Error processing message: 'country'
[2025-07-31T13:43:08.521+0000] {logging_mixin.py:190} INFO - 🚨 Error processing message: 'country'
[2025-07-31T13:43:08.524+0000] {logging_mixin.py:190} INFO - 🚨 Error processing message: 'country'
[2025-07-31T13:43:08.528+0000] {logging_mixin.py:190} INFO - 🚨 Error processing message: 'country'
[2025-07-31T13:43:08.531+0000] {logging_mixin.py:190} INFO - 🚨 Error processing message: 'country'
[2025-07-31T13:43:08.534+0000] {logging_mixin.py:190} INFO - 🚨 Error processing message: 'country'
[2025-07-31T13:43:08.537+0000] {logging_mixin.py:190} INFO - 🚨 Error processing message: 'country'
[2025-07-31T13:43:08.540+0000] {logging_mixin.py:190} INFO - 🚨 Error processing message: 'country'
[2025-07-31T13:43:08.542+0000] {logging_mixin.py:190} INFO - 🚨 Error processing message: 'country'
[2025-07-31T13:43:08.545+0000] {logging_mixin.py:190} INFO - 🚨 Error processing message: 'country'
[2025-07-31T13:43:08.548+0000] {logging_mixin.py:190} INFO - 🚨 Error processing message: 'country'
[2025-07-31T13:43:08.551+0000] {logging_mixin.py:190} INFO - 🚨 Error processing message: 'country'
[2025-07-31T13:43:08.554+0000] {logging_mixin.py:190} INFO - 🚨 Error processing message: 'country'
[2025-07-31T13:43:08.557+0000] {logging_mixin.py:190} INFO - 🚨 Error processing message: 'country'
[2025-07-31T13:43:08.560+0000] {logging_mixin.py:190} INFO - 🚨 Error processing message: 'country'
[2025-07-31T13:43:08.563+0000] {logging_mixin.py:190} INFO - 🚨 Error processing message: 'country'
[2025-07-31T13:43:08.566+0000] {logging_mixin.py:190} INFO - 🚨 Error processing message: 'country'
[2025-07-31T13:43:08.569+0000] {logging_mixin.py:190} INFO - 🚨 Error processing message: 'country'
[2025-07-31T13:43:08.572+0000] {logging_mixin.py:190} INFO - 🚨 Error processing message: 'country'
[2025-07-31T13:43:08.574+0000] {logging_mixin.py:190} INFO - 🚨 Error processing message: 'country'
[2025-07-31T13:43:08.582+0000] {logging_mixin.py:190} INFO - 🚨 Error processing message: 'country'
[2025-07-31T13:43:08.585+0000] {logging_mixin.py:190} INFO - 🚨 Error processing message: 'country'
[2025-07-31T13:43:08.588+0000] {logging_mixin.py:190} INFO - 🚨 Error processing message: 'country'
[2025-07-31T13:43:08.591+0000] {logging_mixin.py:190} INFO - 🚨 Error processing message: 'country'
[2025-07-31T13:43:08.595+0000] {logging_mixin.py:190} INFO - 🚨 Error processing message: 'country'
[2025-07-31T13:43:08.598+0000] {logging_mixin.py:190} INFO - 🚨 Error processing message: 'country'
[2025-07-31T13:43:08.601+0000] {logging_mixin.py:190} INFO - 🚨 Error processing message: 'country'
[2025-07-31T13:43:08.604+0000] {logging_mixin.py:190} INFO - 🚨 Error processing message: 'country'
[2025-07-31T13:43:08.607+0000] {logging_mixin.py:190} INFO - 🚨 Error processing message: 'country'
[2025-07-31T13:43:08.610+0000] {logging_mixin.py:190} INFO - 🚨 Error processing message: 'country'
[2025-07-31T13:43:08.614+0000] {logging_mixin.py:190} INFO - 🚨 Error processing message: 'country'
[2025-07-31T13:43:08.618+0000] {logging_mixin.py:190} INFO - 🚨 Error processing message: 'country'
[2025-07-31T13:43:08.621+0000] {logging_mixin.py:190} INFO - 🚨 Error processing message: 'country'
[2025-07-31T13:43:08.624+0000] {logging_mixin.py:190} INFO - 🚨 Error processing message: 'country'
[2025-07-31T13:43:08.627+0000] {logging_mixin.py:190} INFO - 🚨 Error processing message: 'country'
[2025-07-31T13:43:08.630+0000] {logging_mixin.py:190} INFO - 🚨 Error processing message: 'country'
[2025-07-31T13:43:08.634+0000] {logging_mixin.py:190} INFO - 🚨 Error processing message: 'country'
[2025-07-31T13:43:08.637+0000] {logging_mixin.py:190} INFO - 🚨 Error processing message: 'country'
[2025-07-31T13:43:08.640+0000] {logging_mixin.py:190} INFO - 🚨 Error processing message: 'country'
[2025-07-31T13:43:08.643+0000] {logging_mixin.py:190} INFO - 🚨 Error processing message: 'country'
[2025-07-31T13:43:08.646+0000] {logging_mixin.py:190} INFO - 🚨 Error processing message: 'country'
[2025-07-31T13:43:08.649+0000] {logging_mixin.py:190} INFO - 🚨 Error processing message: 'country'
[2025-07-31T13:43:08.654+0000] {logging_mixin.py:190} INFO - 🚨 Error processing message: 'country'
[2025-07-31T13:43:08.656+0000] {logging_mixin.py:190} INFO - 🚨 Error processing message: 'country'
[2025-07-31T13:43:08.659+0000] {logging_mixin.py:190} INFO - 🚨 Error processing message: 'country'
[2025-07-31T13:43:08.662+0000] {logging_mixin.py:190} INFO - 🚨 Error processing message: 'country'
[2025-07-31T13:43:08.665+0000] {logging_mixin.py:190} INFO - 🚨 Error processing message: 'country'
[2025-07-31T13:43:08.668+0000] {logging_mixin.py:190} INFO - 🚨 Error processing message: 'country'
[2025-07-31T13:43:08.673+0000] {logging_mixin.py:190} INFO - 🚨 Error processing message: 'country'
[2025-07-31T13:43:08.676+0000] {logging_mixin.py:190} INFO - 🚨 Error processing message: 'country'
[2025-07-31T13:43:08.679+0000] {logging_mixin.py:190} INFO - 🚨 Error processing message: 'country'
[2025-07-31T13:43:08.681+0000] {logging_mixin.py:190} INFO - 🚨 Error processing message: 'country'
[2025-07-31T13:43:08.684+0000] {logging_mixin.py:190} INFO - 🚨 Error processing message: 'country'
[2025-07-31T13:43:08.687+0000] {logging_mixin.py:190} INFO - 🚨 Error processing message: 'country'
[2025-07-31T13:43:08.692+0000] {logging_mixin.py:190} INFO - 🚨 Error processing message: 'country'
[2025-07-31T13:43:08.695+0000] {logging_mixin.py:190} INFO - 🚨 Error processing message: 'country'
[2025-07-31T13:43:08.698+0000] {logging_mixin.py:190} INFO - 🚨 Error processing message: 'country'
[2025-07-31T13:43:08.701+0000] {logging_mixin.py:190} INFO - 🚨 Error processing message: 'country'
[2025-07-31T13:43:08.704+0000] {logging_mixin.py:190} INFO - 🚨 Error processing message: 'country'
[2025-07-31T13:43:08.707+0000] {logging_mixin.py:190} INFO - 🚨 Error processing message: 'country'
[2025-07-31T13:43:08.711+0000] {logging_mixin.py:190} INFO - 🚨 Error processing message: 'country'
[2025-07-31T13:43:08.713+0000] {logging_mixin.py:190} INFO - 🚨 Error processing message: 'country'
[2025-07-31T13:43:08.717+0000] {logging_mixin.py:190} INFO - 🚨 Error processing message: 'country'
[2025-07-31T13:43:08.719+0000] {logging_mixin.py:190} INFO - 🚨 Error processing message: 'country'
[2025-07-31T13:43:08.722+0000] {logging_mixin.py:190} INFO - 🚨 Error processing message: 'country'
[2025-07-31T13:43:08.725+0000] {logging_mixin.py:190} INFO - 🚨 Error processing message: 'country'
[2025-07-31T13:43:08.728+0000] {logging_mixin.py:190} INFO - 🚨 Error processing message: 'country'
[2025-07-31T13:43:08.731+0000] {logging_mixin.py:190} INFO - 🚨 Error processing message: 'country'
[2025-07-31T13:43:08.734+0000] {logging_mixin.py:190} INFO - 🚨 Error processing message: 'country'
[2025-07-31T13:43:08.737+0000] {logging_mixin.py:190} INFO - 🚨 Error processing message: 'country'
[2025-07-31T13:43:08.740+0000] {logging_mixin.py:190} INFO - 🚨 Error processing message: 'country'
[2025-07-31T13:43:08.743+0000] {logging_mixin.py:190} INFO - 🚨 Error processing message: 'country'
[2025-07-31T13:43:08.746+0000] {logging_mixin.py:190} INFO - 🚨 Error processing message: 'country'
[2025-07-31T13:43:08.749+0000] {logging_mixin.py:190} INFO - 🚨 Error processing message: 'country'
[2025-07-31T13:43:08.752+0000] {logging_mixin.py:190} INFO - 🚨 Error processing message: 'country'
[2025-07-31T13:43:08.755+0000] {logging_mixin.py:190} INFO - 🚨 Error processing message: 'country'
[2025-07-31T13:43:08.758+0000] {logging_mixin.py:190} INFO - 🚨 Error processing message: 'country'
[2025-07-31T13:43:08.761+0000] {logging_mixin.py:190} INFO - 🚨 Error processing message: 'country'
[2025-07-31T13:43:08.764+0000] {logging_mixin.py:190} INFO - 🚨 Error processing message: 'country'
[2025-07-31T13:43:08.767+0000] {logging_mixin.py:190} INFO - 🚨 Error processing message: 'country'
[2025-07-31T13:43:08.770+0000] {logging_mixin.py:190} INFO - 🚨 Error processing message: 'country'
[2025-07-31T13:43:08.773+0000] {logging_mixin.py:190} INFO - 🚨 Error processing message: 'country'
[2025-07-31T13:43:08.776+0000] {logging_mixin.py:190} INFO - 🚨 Error processing message: 'country'
[2025-07-31T13:43:08.779+0000] {logging_mixin.py:190} INFO - 🚨 Error processing message: 'country'
[2025-07-31T13:43:08.782+0000] {logging_mixin.py:190} INFO - 🚨 Error processing message: 'country'
[2025-07-31T13:43:08.785+0000] {logging_mixin.py:190} INFO - 🚨 Error processing message: 'country'
[2025-07-31T13:43:08.788+0000] {logging_mixin.py:190} INFO - 🚨 Error processing message: 'country'
[2025-07-31T13:43:08.791+0000] {logging_mixin.py:190} INFO - 🚨 Error processing message: 'country'
[2025-07-31T13:43:08.794+0000] {logging_mixin.py:190} INFO - 🚨 Error processing message: 'country'
[2025-07-31T13:43:08.797+0000] {logging_mixin.py:190} INFO - 🚨 Error processing message: 'country'
[2025-07-31T13:43:08.800+0000] {logging_mixin.py:190} INFO - 🚨 Error processing message: 'country'
[2025-07-31T13:43:08.803+0000] {logging_mixin.py:190} INFO - 🚨 Error processing message: 'country'
[2025-07-31T13:43:08.807+0000] {logging_mixin.py:190} INFO - 🚨 Error processing message: 'country'
[2025-07-31T13:43:08.810+0000] {logging_mixin.py:190} INFO - 🚨 Error processing message: 'country'
[2025-07-31T13:43:08.813+0000] {logging_mixin.py:190} INFO - 🚨 Error processing message: 'country'
[2025-07-31T13:43:08.816+0000] {logging_mixin.py:190} INFO - 🚨 Error processing message: 'country'
[2025-07-31T13:43:08.819+0000] {logging_mixin.py:190} INFO - 🚨 Error processing message: 'country'
[2025-07-31T13:43:08.822+0000] {logging_mixin.py:190} INFO - 🚨 Error processing message: 'country'
[2025-07-31T13:43:08.825+0000] {logging_mixin.py:190} INFO - 🚨 Error processing message: 'country'
[2025-07-31T13:43:08.827+0000] {logging_mixin.py:190} INFO - 🚨 Error processing message: 'country'
[2025-07-31T13:43:08.830+0000] {logging_mixin.py:190} INFO - 🚨 Error processing message: 'country'
[2025-07-31T13:43:08.833+0000] {logging_mixin.py:190} INFO - 🚨 Error processing message: 'country'
[2025-07-31T13:43:08.836+0000] {logging_mixin.py:190} INFO - 🚨 Error processing message: 'country'
[2025-07-31T13:43:08.841+0000] {logging_mixin.py:190} INFO - 🚨 Error processing message: 'country'
[2025-07-31T13:43:08.844+0000] {logging_mixin.py:190} INFO - 🚨 Error processing message: 'country'
[2025-07-31T13:43:08.847+0000] {logging_mixin.py:190} INFO - 🚨 Error processing message: 'country'
[2025-07-31T13:43:08.850+0000] {logging_mixin.py:190} INFO - 🚨 Error processing message: 'country'
[2025-07-31T13:43:08.854+0000] {logging_mixin.py:190} INFO - 🚨 Error processing message: 'country'
[2025-07-31T13:43:08.857+0000] {logging_mixin.py:190} INFO - 🚨 Error processing message: 'country'
[2025-07-31T13:43:08.862+0000] {logging_mixin.py:190} INFO - 🚨 Error processing message: 'country'
[2025-07-31T13:43:08.865+0000] {logging_mixin.py:190} INFO - 🚨 Error processing message: 'country'
[2025-07-31T13:43:08.868+0000] {logging_mixin.py:190} INFO - 🚨 Error processing message: 'country'
[2025-07-31T13:43:08.871+0000] {logging_mixin.py:190} INFO - 🚨 Error processing message: 'country'
[2025-07-31T13:43:08.874+0000] {logging_mixin.py:190} INFO - 🚨 Error processing message: 'country'
[2025-07-31T13:43:08.877+0000] {logging_mixin.py:190} INFO - 🚨 Error processing message: 'country'
[2025-07-31T13:43:08.881+0000] {logging_mixin.py:190} INFO - 🚨 Error processing message: 'country'
[2025-07-31T13:43:08.885+0000] {logging_mixin.py:190} INFO - 🚨 Error processing message: 'country'
[2025-07-31T13:43:08.887+0000] {logging_mixin.py:190} INFO - 🚨 Error processing message: 'country'
[2025-07-31T13:43:08.890+0000] {logging_mixin.py:190} INFO - 🚨 Error processing message: 'country'
[2025-07-31T13:43:08.893+0000] {logging_mixin.py:190} INFO - 🚨 Error processing message: 'country'
[2025-07-31T13:43:08.896+0000] {logging_mixin.py:190} INFO - 🚨 Error processing message: 'country'
[2025-07-31T13:43:08.900+0000] {logging_mixin.py:190} INFO - 🚨 Error processing message: 'country'
[2025-07-31T13:43:08.903+0000] {logging_mixin.py:190} INFO - 🚨 Error processing message: 'country'
[2025-07-31T13:43:08.906+0000] {logging_mixin.py:190} INFO - 🚨 Error processing message: 'country'
[2025-07-31T13:43:08.909+0000] {logging_mixin.py:190} INFO - 🚨 Error processing message: 'country'
[2025-07-31T13:43:08.912+0000] {logging_mixin.py:190} INFO - 🚨 Error processing message: 'country'
[2025-07-31T13:43:08.916+0000] {logging_mixin.py:190} INFO - 🚨 Error processing message: 'country'
[2025-07-31T13:43:08.921+0000] {logging_mixin.py:190} INFO - 🚨 Error processing message: 'country'
[2025-07-31T13:43:08.925+0000] {logging_mixin.py:190} INFO - 🚨 Error processing message: 'country'
[2025-07-31T13:43:08.928+0000] {logging_mixin.py:190} INFO - 🚨 Error processing message: 'country'
[2025-07-31T13:43:08.931+0000] {logging_mixin.py:190} INFO - 🚨 Error processing message: 'country'
[2025-07-31T13:43:08.934+0000] {logging_mixin.py:190} INFO - 🚨 Error processing message: 'country'
[2025-07-31T13:43:08.937+0000] {logging_mixin.py:190} INFO - 🚨 Error processing message: 'country'
[2025-07-31T13:43:08.942+0000] {logging_mixin.py:190} INFO - 🚨 Error processing message: 'country'
[2025-07-31T13:43:08.945+0000] {logging_mixin.py:190} INFO - 🚨 Error processing message: 'country'
[2025-07-31T13:43:08.947+0000] {logging_mixin.py:190} INFO - 🚨 Error processing message: 'country'
[2025-07-31T13:43:08.950+0000] {logging_mixin.py:190} INFO - 🚨 Error processing message: 'country'
[2025-07-31T13:43:08.953+0000] {logging_mixin.py:190} INFO - 🚨 Error processing message: 'country'
[2025-07-31T13:43:08.956+0000] {logging_mixin.py:190} INFO - 🚨 Error processing message: 'country'
[2025-07-31T13:43:08.961+0000] {logging_mixin.py:190} INFO - 🚨 Error processing message: 'country'
[2025-07-31T13:43:08.964+0000] {logging_mixin.py:190} INFO - 🚨 Error processing message: 'country'
[2025-07-31T13:43:08.967+0000] {logging_mixin.py:190} INFO - 🚨 Error processing message: 'country'
[2025-07-31T13:43:08.970+0000] {logging_mixin.py:190} INFO - 🚨 Error processing message: 'country'
[2025-07-31T13:43:08.973+0000] {logging_mixin.py:190} INFO - 🚨 Error processing message: 'country'
[2025-07-31T13:43:08.976+0000] {logging_mixin.py:190} INFO - 🚨 Error processing message: 'country'
[2025-07-31T13:43:08.979+0000] {logging_mixin.py:190} INFO - 🚨 Error processing message: 'country'
[2025-07-31T13:43:08.982+0000] {logging_mixin.py:190} INFO - 🚨 Error processing message: 'country'
[2025-07-31T13:43:08.985+0000] {logging_mixin.py:190} INFO - 🚨 Error processing message: 'country'
[2025-07-31T13:43:08.988+0000] {logging_mixin.py:190} INFO - 🚨 Error processing message: 'country'
[2025-07-31T13:43:08.991+0000] {logging_mixin.py:190} INFO - 🚨 Error processing message: 'country'
[2025-07-31T13:43:08.994+0000] {logging_mixin.py:190} INFO - 🚨 Error processing message: 'country'
[2025-07-31T13:43:08.996+0000] {logging_mixin.py:190} INFO - 🚨 Error processing message: 'country'
[2025-07-31T13:43:08.999+0000] {logging_mixin.py:190} INFO - 🚨 Error processing message: 'country'
[2025-07-31T13:43:09.002+0000] {logging_mixin.py:190} INFO - 🚨 Error processing message: 'country'
[2025-07-31T13:43:17.040+0000] {base.py:951} WARNING - Heartbeat failed for group etl-consumer-group because it is rebalancing
[2025-07-31T13:43:17.040+0000] {consumer.py:365} INFO - Revoking previously assigned partitions (('ETL-PROJECT', 0),) for group etl-consumer-group
[2025-07-31T13:43:17.041+0000] {base.py:532} INFO - (Re-)joining group etl-consumer-group
[2025-07-31T13:43:17.043+0000] {base.py:594} INFO - Successfully joined group etl-consumer-group <Generation 8 (member_id: etl-consumer-client-293a541e-e93d-4e67-b5e3-25ad0b6c2da5-946c2c66-53be-479d-9fff-7202a1374f9d, protocol: range)>
[2025-07-31T13:43:17.044+0000] {base.py:596} INFO - Elected group leader -- performing partition assignments using range
[2025-07-31T13:43:17.046+0000] {subscription_state.py:254} INFO - Updated partition assignment: [('ETL-PROJECT', 0)]
[2025-07-31T13:43:17.047+0000] {consumer.py:249} INFO - Setting newly assigned partitions (('ETL-PROJECT', 0),) for group etl-consumer-group
[2025-07-31T13:43:27.050+0000] {base.py:951} WARNING - Heartbeat failed for group etl-consumer-group because it is rebalancing
[2025-07-31T13:43:27.050+0000] {consumer.py:365} INFO - Revoking previously assigned partitions (('ETL-PROJECT', 0),) for group etl-consumer-group
[2025-07-31T13:43:27.051+0000] {base.py:532} INFO - (Re-)joining group etl-consumer-group
[2025-07-31T13:43:27.053+0000] {base.py:594} INFO - Successfully joined group etl-consumer-group <Generation 9 (member_id: etl-consumer-client-293a541e-e93d-4e67-b5e3-25ad0b6c2da5-946c2c66-53be-479d-9fff-7202a1374f9d, protocol: range)>
[2025-07-31T13:43:27.054+0000] {base.py:596} INFO - Elected group leader -- performing partition assignments using range
[2025-07-31T13:43:27.056+0000] {subscription_state.py:254} INFO - Updated partition assignment: [('ETL-PROJECT', 0)]
[2025-07-31T13:43:27.056+0000] {consumer.py:249} INFO - Setting newly assigned partitions (('ETL-PROJECT', 0),) for group etl-consumer-group
[2025-07-31T14:38:04.719+0000] {job.py:239} ERROR - Job heartbeat failed with error
Traceback (most recent call last):
  File "/home/airflow/.local/lib/python3.12/site-packages/sqlalchemy/engine/base.py", line 3371, in _wrap_pool_connect
    return fn()
           ^^^^
  File "/home/airflow/.local/lib/python3.12/site-packages/sqlalchemy/pool/base.py", line 327, in connect
    return _ConnectionFairy._checkout(self)
           ^^^^^^^^^^^^^^^^^^^^^^^^^^^^^^^^
  File "/home/airflow/.local/lib/python3.12/site-packages/sqlalchemy/pool/base.py", line 894, in _checkout
    fairy = _ConnectionRecord.checkout(pool)
            ^^^^^^^^^^^^^^^^^^^^^^^^^^^^^^^^
  File "/home/airflow/.local/lib/python3.12/site-packages/sqlalchemy/pool/base.py", line 493, in checkout
    rec = pool._do_get()
          ^^^^^^^^^^^^^^
  File "/home/airflow/.local/lib/python3.12/site-packages/sqlalchemy/pool/impl.py", line 256, in _do_get
    return self._create_connection()
           ^^^^^^^^^^^^^^^^^^^^^^^^^
  File "/home/airflow/.local/lib/python3.12/site-packages/sqlalchemy/pool/base.py", line 273, in _create_connection
    return _ConnectionRecord(self)
           ^^^^^^^^^^^^^^^^^^^^^^^
  File "/home/airflow/.local/lib/python3.12/site-packages/sqlalchemy/pool/base.py", line 388, in __init__
    self.__connect()
  File "/home/airflow/.local/lib/python3.12/site-packages/sqlalchemy/pool/base.py", line 690, in __connect
    with util.safe_reraise():
         ^^^^^^^^^^^^^^^^^^^
  File "/home/airflow/.local/lib/python3.12/site-packages/sqlalchemy/util/langhelpers.py", line 70, in __exit__
    compat.raise_(
  File "/home/airflow/.local/lib/python3.12/site-packages/sqlalchemy/util/compat.py", line 211, in raise_
    raise exception
  File "/home/airflow/.local/lib/python3.12/site-packages/sqlalchemy/pool/base.py", line 686, in __connect
    self.dbapi_connection = connection = pool._invoke_creator(self)
                                         ^^^^^^^^^^^^^^^^^^^^^^^^^^
  File "/home/airflow/.local/lib/python3.12/site-packages/sqlalchemy/engine/create.py", line 574, in connect
    return dialect.connect(*cargs, **cparams)
           ^^^^^^^^^^^^^^^^^^^^^^^^^^^^^^^^^^
  File "/home/airflow/.local/lib/python3.12/site-packages/sqlalchemy/engine/default.py", line 598, in connect
    return self.dbapi.connect(*cargs, **cparams)
           ^^^^^^^^^^^^^^^^^^^^^^^^^^^^^^^^^^^^^
  File "/home/airflow/.local/lib/python3.12/site-packages/psycopg2/__init__.py", line 122, in connect
    conn = _connect(dsn, connection_factory=connection_factory, **kwasync)
           ^^^^^^^^^^^^^^^^^^^^^^^^^^^^^^^^^^^^^^^^^^^^^^^^^^^^^^^^^^^^^^^
psycopg2.OperationalError: could not translate host name "postgres" to address: Temporary failure in name resolution


The above exception was the direct cause of the following exception:

Traceback (most recent call last):
  File "/home/airflow/.local/lib/python3.12/site-packages/airflow/jobs/job.py", line 207, in heartbeat
    self._merge_from(Job._fetch_from_db(self, session))
                     ^^^^^^^^^^^^^^^^^^^^^^^^^^^^^^^^^
  File "/home/airflow/.local/lib/python3.12/site-packages/airflow/api_internal/internal_api_call.py", line 166, in wrapper
    return func(*args, **kwargs)
           ^^^^^^^^^^^^^^^^^^^^^
  File "/home/airflow/.local/lib/python3.12/site-packages/airflow/utils/session.py", line 94, in wrapper
    return func(*args, **kwargs)
           ^^^^^^^^^^^^^^^^^^^^^
  File "/home/airflow/.local/lib/python3.12/site-packages/airflow/utils/retries.py", line 93, in wrapped_function
    for attempt in run_with_db_retries(max_retries=retries, logger=logger, **retry_kwargs):
                   ^^^^^^^^^^^^^^^^^^^^^^^^^^^^^^^^^^^^^^^^^^^^^^^^^^^^^^^^^^^^^^^^^^^^^^^
  File "/home/airflow/.local/lib/python3.12/site-packages/tenacity/__init__.py", line 443, in __iter__
    do = self.iter(retry_state=retry_state)
         ^^^^^^^^^^^^^^^^^^^^^^^^^^^^^^^^^^
  File "/home/airflow/.local/lib/python3.12/site-packages/tenacity/__init__.py", line 376, in iter
    result = action(retry_state)
             ^^^^^^^^^^^^^^^^^^^
  File "/home/airflow/.local/lib/python3.12/site-packages/tenacity/__init__.py", line 418, in exc_check
    raise retry_exc.reraise()
          ^^^^^^^^^^^^^^^^^^^
  File "/home/airflow/.local/lib/python3.12/site-packages/tenacity/__init__.py", line 185, in reraise
    raise self.last_attempt.result()
          ^^^^^^^^^^^^^^^^^^^^^^^^^^
  File "/usr/local/lib/python3.12/concurrent/futures/_base.py", line 449, in result
    return self.__get_result()
           ^^^^^^^^^^^^^^^^^^^
  File "/usr/local/lib/python3.12/concurrent/futures/_base.py", line 401, in __get_result
    raise self._exception
  File "/home/airflow/.local/lib/python3.12/site-packages/airflow/utils/retries.py", line 102, in wrapped_function
    return func(*args, **kwargs)
           ^^^^^^^^^^^^^^^^^^^^^
  File "/home/airflow/.local/lib/python3.12/site-packages/airflow/jobs/job.py", line 335, in _fetch_from_db
    session.merge(job)
  File "/home/airflow/.local/lib/python3.12/site-packages/sqlalchemy/orm/session.py", line 3056, in merge
    return self._merge(
           ^^^^^^^^^^^^
  File "/home/airflow/.local/lib/python3.12/site-packages/sqlalchemy/orm/session.py", line 3136, in _merge
    merged = self.get(
             ^^^^^^^^^
  File "/home/airflow/.local/lib/python3.12/site-packages/sqlalchemy/orm/session.py", line 2853, in get
    return self._get_impl(
           ^^^^^^^^^^^^^^^
  File "/home/airflow/.local/lib/python3.12/site-packages/sqlalchemy/orm/session.py", line 2975, in _get_impl
    return db_load_fn(
           ^^^^^^^^^^^
  File "/home/airflow/.local/lib/python3.12/site-packages/sqlalchemy/orm/loading.py", line 530, in load_on_pk_identity
    session.execute(
  File "/home/airflow/.local/lib/python3.12/site-packages/sqlalchemy/orm/session.py", line 1716, in execute
    conn = self._connection_for_bind(bind)
           ^^^^^^^^^^^^^^^^^^^^^^^^^^^^^^^
  File "/home/airflow/.local/lib/python3.12/site-packages/sqlalchemy/orm/session.py", line 1555, in _connection_for_bind
    return self._transaction._connection_for_bind(
           ^^^^^^^^^^^^^^^^^^^^^^^^^^^^^^^^^^^^^^^
  File "/home/airflow/.local/lib/python3.12/site-packages/sqlalchemy/orm/session.py", line 750, in _connection_for_bind
    conn = bind.connect()
           ^^^^^^^^^^^^^^
  File "/home/airflow/.local/lib/python3.12/site-packages/sqlalchemy/future/engine.py", line 412, in connect
    return super(Engine, self).connect()
           ^^^^^^^^^^^^^^^^^^^^^^^^^^^^^
  File "/home/airflow/.local/lib/python3.12/site-packages/sqlalchemy/engine/base.py", line 3325, in connect
    return self._connection_cls(self, close_with_result=close_with_result)
           ^^^^^^^^^^^^^^^^^^^^^^^^^^^^^^^^^^^^^^^^^^^^^^^^^^^^^^^^^^^^^^^
  File "/home/airflow/.local/lib/python3.12/site-packages/sqlalchemy/engine/base.py", line 96, in __init__
    else engine.raw_connection()
         ^^^^^^^^^^^^^^^^^^^^^^^
  File "/home/airflow/.local/lib/python3.12/site-packages/sqlalchemy/engine/base.py", line 3404, in raw_connection
    return self._wrap_pool_connect(self.pool.connect, _connection)
           ^^^^^^^^^^^^^^^^^^^^^^^^^^^^^^^^^^^^^^^^^^^^^^^^^^^^^^^
  File "/home/airflow/.local/lib/python3.12/site-packages/sqlalchemy/engine/base.py", line 3374, in _wrap_pool_connect
    Connection._handle_dbapi_exception_noconnection(
  File "/home/airflow/.local/lib/python3.12/site-packages/sqlalchemy/engine/base.py", line 2208, in _handle_dbapi_exception_noconnection
    util.raise_(
  File "/home/airflow/.local/lib/python3.12/site-packages/sqlalchemy/util/compat.py", line 211, in raise_
    raise exception
  File "/home/airflow/.local/lib/python3.12/site-packages/sqlalchemy/engine/base.py", line 3371, in _wrap_pool_connect
    return fn()
           ^^^^
  File "/home/airflow/.local/lib/python3.12/site-packages/sqlalchemy/pool/base.py", line 327, in connect
    return _ConnectionFairy._checkout(self)
           ^^^^^^^^^^^^^^^^^^^^^^^^^^^^^^^^
  File "/home/airflow/.local/lib/python3.12/site-packages/sqlalchemy/pool/base.py", line 894, in _checkout
    fairy = _ConnectionRecord.checkout(pool)
            ^^^^^^^^^^^^^^^^^^^^^^^^^^^^^^^^
  File "/home/airflow/.local/lib/python3.12/site-packages/sqlalchemy/pool/base.py", line 493, in checkout
    rec = pool._do_get()
          ^^^^^^^^^^^^^^
  File "/home/airflow/.local/lib/python3.12/site-packages/sqlalchemy/pool/impl.py", line 256, in _do_get
    return self._create_connection()
           ^^^^^^^^^^^^^^^^^^^^^^^^^
  File "/home/airflow/.local/lib/python3.12/site-packages/sqlalchemy/pool/base.py", line 273, in _create_connection
    return _ConnectionRecord(self)
           ^^^^^^^^^^^^^^^^^^^^^^^
  File "/home/airflow/.local/lib/python3.12/site-packages/sqlalchemy/pool/base.py", line 388, in __init__
    self.__connect()
  File "/home/airflow/.local/lib/python3.12/site-packages/sqlalchemy/pool/base.py", line 690, in __connect
    with util.safe_reraise():
         ^^^^^^^^^^^^^^^^^^^
  File "/home/airflow/.local/lib/python3.12/site-packages/sqlalchemy/util/langhelpers.py", line 70, in __exit__
    compat.raise_(
  File "/home/airflow/.local/lib/python3.12/site-packages/sqlalchemy/util/compat.py", line 211, in raise_
    raise exception
  File "/home/airflow/.local/lib/python3.12/site-packages/sqlalchemy/pool/base.py", line 686, in __connect
    self.dbapi_connection = connection = pool._invoke_creator(self)
                                         ^^^^^^^^^^^^^^^^^^^^^^^^^^
  File "/home/airflow/.local/lib/python3.12/site-packages/sqlalchemy/engine/create.py", line 574, in connect
    return dialect.connect(*cargs, **cparams)
           ^^^^^^^^^^^^^^^^^^^^^^^^^^^^^^^^^^
  File "/home/airflow/.local/lib/python3.12/site-packages/sqlalchemy/engine/default.py", line 598, in connect
    return self.dbapi.connect(*cargs, **cparams)
           ^^^^^^^^^^^^^^^^^^^^^^^^^^^^^^^^^^^^^
  File "/home/airflow/.local/lib/python3.12/site-packages/psycopg2/__init__.py", line 122, in connect
    conn = _connect(dsn, connection_factory=connection_factory, **kwasync)
           ^^^^^^^^^^^^^^^^^^^^^^^^^^^^^^^^^^^^^^^^^^^^^^^^^^^^^^^^^^^^^^^
sqlalchemy.exc.OperationalError: (psycopg2.OperationalError) could not translate host name "postgres" to address: Temporary failure in name resolution

(Background on this error at: https://sqlalche.me/e/14/e3q8)
[2025-07-31T14:38:04.739+0000] {job.py:245} ERROR - Job heartbeat failed with error. Scheduler may go into unhealthy state
[2025-07-31T14:38:10.668+0000] {job.py:254} ERROR - Job heartbeat failed with error. Scheduler is in unhealthy state
