[2025-08-01T08:21:17.033+0000] {processor.py:186} INFO - Started process (PID=189) to work on /opt/airflow/dags/project_01_dag.py
[2025-08-01T08:21:17.034+0000] {processor.py:914} INFO - Processing file /opt/airflow/dags/project_01_dag.py for tasks to queue
[2025-08-01T08:21:17.035+0000] {logging_mixin.py:190} INFO - [2025-08-01T08:21:17.035+0000] {dagbag.py:588} INFO - Filling up the DagBag from /opt/airflow/dags/project_01_dag.py
[2025-08-01T08:21:18.955+0000] {processor.py:925} INFO - DAG(s) 'world_population_ETL_dag_43' retrieved from /opt/airflow/dags/project_01_dag.py
[2025-08-01T08:21:19.052+0000] {logging_mixin.py:190} INFO - [2025-08-01T08:21:19.052+0000] {override.py:1911} INFO - Created Permission View: can read on DAG:world_population_ETL_dag_43
[2025-08-01T08:21:19.058+0000] {logging_mixin.py:190} INFO - [2025-08-01T08:21:19.058+0000] {override.py:1911} INFO - Created Permission View: can edit on DAG:world_population_ETL_dag_43
[2025-08-01T08:21:19.063+0000] {logging_mixin.py:190} INFO - [2025-08-01T08:21:19.063+0000] {override.py:1911} INFO - Created Permission View: can delete on DAG:world_population_ETL_dag_43
[2025-08-01T08:21:19.068+0000] {logging_mixin.py:190} INFO - [2025-08-01T08:21:19.068+0000] {override.py:1911} INFO - Created Permission View: can read on DAG Run:world_population_ETL_dag_43
[2025-08-01T08:21:19.072+0000] {logging_mixin.py:190} INFO - [2025-08-01T08:21:19.071+0000] {override.py:1911} INFO - Created Permission View: can delete on DAG Run:world_population_ETL_dag_43
[2025-08-01T08:21:19.077+0000] {logging_mixin.py:190} INFO - [2025-08-01T08:21:19.077+0000] {override.py:1911} INFO - Created Permission View: can create on DAG Run:world_population_ETL_dag_43
[2025-08-01T08:21:19.081+0000] {logging_mixin.py:190} INFO - [2025-08-01T08:21:19.081+0000] {override.py:1911} INFO - Created Permission View: menu access on DAG Run:world_population_ETL_dag_43
[2025-08-01T08:21:19.081+0000] {logging_mixin.py:190} INFO - [2025-08-01T08:21:19.081+0000] {dag.py:3239} INFO - Sync 1 DAGs
[2025-08-01T08:21:19.089+0000] {logging_mixin.py:190} INFO - [2025-08-01T08:21:19.089+0000] {dag.py:3262} INFO - Creating ORM DAG for world_population_ETL_dag_43
[2025-08-01T08:21:19.096+0000] {logging_mixin.py:190} INFO - [2025-08-01T08:21:19.096+0000] {dag.py:4180} INFO - Setting next_dagrun for world_population_ETL_dag_43 to 2025-07-31 00:00:00+00:00, run_after=2025-08-01 00:00:00+00:00
[2025-08-01T08:21:19.106+0000] {processor.py:208} INFO - Processing /opt/airflow/dags/project_01_dag.py took 2.078 seconds
[2025-08-01T08:21:49.184+0000] {processor.py:186} INFO - Started process (PID=201) to work on /opt/airflow/dags/project_01_dag.py
[2025-08-01T08:21:49.184+0000] {processor.py:914} INFO - Processing file /opt/airflow/dags/project_01_dag.py for tasks to queue
[2025-08-01T08:21:49.186+0000] {logging_mixin.py:190} INFO - [2025-08-01T08:21:49.185+0000] {dagbag.py:588} INFO - Filling up the DagBag from /opt/airflow/dags/project_01_dag.py
[2025-08-01T08:21:49.664+0000] {processor.py:925} INFO - DAG(s) 'world_population_ETL_dag_43' retrieved from /opt/airflow/dags/project_01_dag.py
[2025-08-01T08:21:49.680+0000] {logging_mixin.py:190} INFO - [2025-08-01T08:21:49.679+0000] {dag.py:3239} INFO - Sync 1 DAGs
[2025-08-01T08:21:49.692+0000] {logging_mixin.py:190} INFO - [2025-08-01T08:21:49.692+0000] {dag.py:4180} INFO - Setting next_dagrun for world_population_ETL_dag_43 to 2025-07-31 00:00:00+00:00, run_after=2025-08-01 00:00:00+00:00
[2025-08-01T08:21:49.702+0000] {processor.py:208} INFO - Processing /opt/airflow/dags/project_01_dag.py took 0.522 seconds
[2025-08-01T08:22:19.857+0000] {processor.py:186} INFO - Started process (PID=216) to work on /opt/airflow/dags/project_01_dag.py
[2025-08-01T08:22:19.858+0000] {processor.py:914} INFO - Processing file /opt/airflow/dags/project_01_dag.py for tasks to queue
[2025-08-01T08:22:19.860+0000] {logging_mixin.py:190} INFO - [2025-08-01T08:22:19.860+0000] {dagbag.py:588} INFO - Filling up the DagBag from /opt/airflow/dags/project_01_dag.py
[2025-08-01T08:22:20.336+0000] {processor.py:925} INFO - DAG(s) 'world_population_ETL_dag_43' retrieved from /opt/airflow/dags/project_01_dag.py
[2025-08-01T08:22:20.352+0000] {logging_mixin.py:190} INFO - [2025-08-01T08:22:20.352+0000] {dag.py:3239} INFO - Sync 1 DAGs
[2025-08-01T08:22:20.366+0000] {logging_mixin.py:190} INFO - [2025-08-01T08:22:20.365+0000] {dag.py:4180} INFO - Setting next_dagrun for world_population_ETL_dag_43 to 2025-07-31 00:00:00+00:00, run_after=2025-08-01 00:00:00+00:00
[2025-08-01T08:22:20.385+0000] {processor.py:208} INFO - Processing /opt/airflow/dags/project_01_dag.py took 0.533 seconds
[2025-08-01T08:22:50.544+0000] {processor.py:186} INFO - Started process (PID=228) to work on /opt/airflow/dags/project_01_dag.py
[2025-08-01T08:22:50.553+0000] {processor.py:914} INFO - Processing file /opt/airflow/dags/project_01_dag.py for tasks to queue
[2025-08-01T08:22:50.555+0000] {logging_mixin.py:190} INFO - [2025-08-01T08:22:50.554+0000] {dagbag.py:588} INFO - Filling up the DagBag from /opt/airflow/dags/project_01_dag.py
[2025-08-01T08:22:50.976+0000] {processor.py:925} INFO - DAG(s) 'world_population_ETL_dag_43' retrieved from /opt/airflow/dags/project_01_dag.py
[2025-08-01T08:22:50.992+0000] {logging_mixin.py:190} INFO - [2025-08-01T08:22:50.992+0000] {dag.py:3239} INFO - Sync 1 DAGs
[2025-08-01T08:22:51.005+0000] {logging_mixin.py:190} INFO - [2025-08-01T08:22:51.005+0000] {dag.py:4180} INFO - Setting next_dagrun for world_population_ETL_dag_43 to 2025-07-31 00:00:00+00:00, run_after=2025-08-01 00:00:00+00:00
[2025-08-01T08:22:51.022+0000] {processor.py:208} INFO - Processing /opt/airflow/dags/project_01_dag.py took 0.482 seconds
[2025-08-01T08:23:21.170+0000] {processor.py:186} INFO - Started process (PID=240) to work on /opt/airflow/dags/project_01_dag.py
[2025-08-01T08:23:21.179+0000] {processor.py:914} INFO - Processing file /opt/airflow/dags/project_01_dag.py for tasks to queue
[2025-08-01T08:23:21.180+0000] {logging_mixin.py:190} INFO - [2025-08-01T08:23:21.180+0000] {dagbag.py:588} INFO - Filling up the DagBag from /opt/airflow/dags/project_01_dag.py
[2025-08-01T08:23:21.620+0000] {processor.py:925} INFO - DAG(s) 'world_population_ETL_dag_43' retrieved from /opt/airflow/dags/project_01_dag.py
[2025-08-01T08:23:21.636+0000] {logging_mixin.py:190} INFO - [2025-08-01T08:23:21.636+0000] {dag.py:3239} INFO - Sync 1 DAGs
[2025-08-01T08:23:21.649+0000] {logging_mixin.py:190} INFO - [2025-08-01T08:23:21.649+0000] {dag.py:4180} INFO - Setting next_dagrun for world_population_ETL_dag_43 to 2025-07-31 00:00:00+00:00, run_after=2025-08-01 00:00:00+00:00
[2025-08-01T08:23:21.675+0000] {processor.py:208} INFO - Processing /opt/airflow/dags/project_01_dag.py took 0.509 seconds
[2025-08-01T08:23:51.831+0000] {processor.py:186} INFO - Started process (PID=252) to work on /opt/airflow/dags/project_01_dag.py
[2025-08-01T08:23:51.832+0000] {processor.py:914} INFO - Processing file /opt/airflow/dags/project_01_dag.py for tasks to queue
[2025-08-01T08:23:51.833+0000] {logging_mixin.py:190} INFO - [2025-08-01T08:23:51.833+0000] {dagbag.py:588} INFO - Filling up the DagBag from /opt/airflow/dags/project_01_dag.py
[2025-08-01T08:23:52.269+0000] {processor.py:925} INFO - DAG(s) 'world_population_ETL_dag_43' retrieved from /opt/airflow/dags/project_01_dag.py
[2025-08-01T08:23:52.285+0000] {logging_mixin.py:190} INFO - [2025-08-01T08:23:52.284+0000] {dag.py:3239} INFO - Sync 1 DAGs
[2025-08-01T08:23:52.297+0000] {logging_mixin.py:190} INFO - [2025-08-01T08:23:52.297+0000] {dag.py:4180} INFO - Setting next_dagrun for world_population_ETL_dag_43 to 2025-07-31 00:00:00+00:00, run_after=2025-08-01 00:00:00+00:00
[2025-08-01T08:23:52.314+0000] {processor.py:208} INFO - Processing /opt/airflow/dags/project_01_dag.py took 0.488 seconds
[2025-08-01T08:24:22.470+0000] {processor.py:186} INFO - Started process (PID=264) to work on /opt/airflow/dags/project_01_dag.py
[2025-08-01T08:24:22.471+0000] {processor.py:914} INFO - Processing file /opt/airflow/dags/project_01_dag.py for tasks to queue
[2025-08-01T08:24:22.472+0000] {logging_mixin.py:190} INFO - [2025-08-01T08:24:22.472+0000] {dagbag.py:588} INFO - Filling up the DagBag from /opt/airflow/dags/project_01_dag.py
[2025-08-01T08:24:22.893+0000] {processor.py:925} INFO - DAG(s) 'world_population_ETL_dag_43' retrieved from /opt/airflow/dags/project_01_dag.py
[2025-08-01T08:24:22.910+0000] {logging_mixin.py:190} INFO - [2025-08-01T08:24:22.910+0000] {dag.py:3239} INFO - Sync 1 DAGs
[2025-08-01T08:24:22.926+0000] {logging_mixin.py:190} INFO - [2025-08-01T08:24:22.926+0000] {dag.py:4180} INFO - Setting next_dagrun for world_population_ETL_dag_43 to 2025-07-31 00:00:00+00:00, run_after=2025-08-01 00:00:00+00:00
[2025-08-01T08:24:22.944+0000] {processor.py:208} INFO - Processing /opt/airflow/dags/project_01_dag.py took 0.479 seconds
[2025-08-01T08:24:53.103+0000] {processor.py:186} INFO - Started process (PID=293) to work on /opt/airflow/dags/project_01_dag.py
[2025-08-01T08:24:53.111+0000] {processor.py:914} INFO - Processing file /opt/airflow/dags/project_01_dag.py for tasks to queue
[2025-08-01T08:24:53.113+0000] {logging_mixin.py:190} INFO - [2025-08-01T08:24:53.113+0000] {dagbag.py:588} INFO - Filling up the DagBag from /opt/airflow/dags/project_01_dag.py
[2025-08-01T08:24:53.555+0000] {processor.py:925} INFO - DAG(s) 'world_population_ETL_dag_43' retrieved from /opt/airflow/dags/project_01_dag.py
[2025-08-01T08:24:53.570+0000] {logging_mixin.py:190} INFO - [2025-08-01T08:24:53.570+0000] {dag.py:3239} INFO - Sync 1 DAGs
[2025-08-01T08:24:53.583+0000] {logging_mixin.py:190} INFO - [2025-08-01T08:24:53.583+0000] {dag.py:4180} INFO - Setting next_dagrun for world_population_ETL_dag_43 to 2025-07-31 00:00:00+00:00, run_after=2025-08-01 00:00:00+00:00
[2025-08-01T08:24:53.600+0000] {processor.py:208} INFO - Processing /opt/airflow/dags/project_01_dag.py took 0.502 seconds
[2025-08-01T08:25:23.768+0000] {processor.py:186} INFO - Started process (PID=305) to work on /opt/airflow/dags/project_01_dag.py
[2025-08-01T08:25:23.772+0000] {processor.py:914} INFO - Processing file /opt/airflow/dags/project_01_dag.py for tasks to queue
[2025-08-01T08:25:23.773+0000] {logging_mixin.py:190} INFO - [2025-08-01T08:25:23.773+0000] {dagbag.py:588} INFO - Filling up the DagBag from /opt/airflow/dags/project_01_dag.py
[2025-08-01T08:25:24.228+0000] {processor.py:925} INFO - DAG(s) 'world_population_ETL_dag_43' retrieved from /opt/airflow/dags/project_01_dag.py
[2025-08-01T08:25:24.249+0000] {logging_mixin.py:190} INFO - [2025-08-01T08:25:24.249+0000] {dag.py:3239} INFO - Sync 1 DAGs
[2025-08-01T08:25:24.264+0000] {logging_mixin.py:190} INFO - [2025-08-01T08:25:24.264+0000] {dag.py:4180} INFO - Setting next_dagrun for world_population_ETL_dag_43 to 2025-07-31 00:00:00+00:00, run_after=2025-08-01 00:00:00+00:00
[2025-08-01T08:25:24.286+0000] {processor.py:208} INFO - Processing /opt/airflow/dags/project_01_dag.py took 0.522 seconds
[2025-08-01T08:25:54.435+0000] {processor.py:186} INFO - Started process (PID=317) to work on /opt/airflow/dags/project_01_dag.py
[2025-08-01T08:25:54.438+0000] {processor.py:914} INFO - Processing file /opt/airflow/dags/project_01_dag.py for tasks to queue
[2025-08-01T08:25:54.440+0000] {logging_mixin.py:190} INFO - [2025-08-01T08:25:54.440+0000] {dagbag.py:588} INFO - Filling up the DagBag from /opt/airflow/dags/project_01_dag.py
[2025-08-01T08:25:54.887+0000] {processor.py:925} INFO - DAG(s) 'world_population_ETL_dag_43' retrieved from /opt/airflow/dags/project_01_dag.py
[2025-08-01T08:25:54.904+0000] {logging_mixin.py:190} INFO - [2025-08-01T08:25:54.903+0000] {dag.py:3239} INFO - Sync 1 DAGs
[2025-08-01T08:25:54.917+0000] {logging_mixin.py:190} INFO - [2025-08-01T08:25:54.916+0000] {dag.py:4180} INFO - Setting next_dagrun for world_population_ETL_dag_43 to 2025-07-31 00:00:00+00:00, run_after=2025-08-01 00:00:00+00:00
[2025-08-01T08:25:54.934+0000] {processor.py:208} INFO - Processing /opt/airflow/dags/project_01_dag.py took 0.503 seconds
[2025-08-01T08:26:25.104+0000] {processor.py:186} INFO - Started process (PID=329) to work on /opt/airflow/dags/project_01_dag.py
[2025-08-01T08:26:25.112+0000] {processor.py:914} INFO - Processing file /opt/airflow/dags/project_01_dag.py for tasks to queue
[2025-08-01T08:26:25.114+0000] {logging_mixin.py:190} INFO - [2025-08-01T08:26:25.114+0000] {dagbag.py:588} INFO - Filling up the DagBag from /opt/airflow/dags/project_01_dag.py
[2025-08-01T08:26:25.550+0000] {processor.py:925} INFO - DAG(s) 'world_population_ETL_dag_43' retrieved from /opt/airflow/dags/project_01_dag.py
[2025-08-01T08:26:25.566+0000] {logging_mixin.py:190} INFO - [2025-08-01T08:26:25.565+0000] {dag.py:3239} INFO - Sync 1 DAGs
[2025-08-01T08:26:25.580+0000] {logging_mixin.py:190} INFO - [2025-08-01T08:26:25.580+0000] {dag.py:4180} INFO - Setting next_dagrun for world_population_ETL_dag_43 to 2025-07-31 00:00:00+00:00, run_after=2025-08-01 00:00:00+00:00
[2025-08-01T08:26:25.602+0000] {processor.py:208} INFO - Processing /opt/airflow/dags/project_01_dag.py took 0.503 seconds
[2025-08-01T08:26:55.766+0000] {processor.py:186} INFO - Started process (PID=341) to work on /opt/airflow/dags/project_01_dag.py
[2025-08-01T08:26:55.775+0000] {processor.py:914} INFO - Processing file /opt/airflow/dags/project_01_dag.py for tasks to queue
[2025-08-01T08:26:55.777+0000] {logging_mixin.py:190} INFO - [2025-08-01T08:26:55.777+0000] {dagbag.py:588} INFO - Filling up the DagBag from /opt/airflow/dags/project_01_dag.py
[2025-08-01T08:26:56.210+0000] {processor.py:925} INFO - DAG(s) 'world_population_ETL_dag_43' retrieved from /opt/airflow/dags/project_01_dag.py
[2025-08-01T08:26:56.226+0000] {logging_mixin.py:190} INFO - [2025-08-01T08:26:56.226+0000] {dag.py:3239} INFO - Sync 1 DAGs
[2025-08-01T08:26:56.239+0000] {logging_mixin.py:190} INFO - [2025-08-01T08:26:56.239+0000] {dag.py:4180} INFO - Setting next_dagrun for world_population_ETL_dag_43 to 2025-07-31 00:00:00+00:00, run_after=2025-08-01 00:00:00+00:00
[2025-08-01T08:26:56.249+0000] {processor.py:208} INFO - Processing /opt/airflow/dags/project_01_dag.py took 0.486 seconds
[2025-08-01T08:27:26.416+0000] {processor.py:186} INFO - Started process (PID=353) to work on /opt/airflow/dags/project_01_dag.py
[2025-08-01T08:27:26.424+0000] {processor.py:914} INFO - Processing file /opt/airflow/dags/project_01_dag.py for tasks to queue
[2025-08-01T08:27:26.426+0000] {logging_mixin.py:190} INFO - [2025-08-01T08:27:26.426+0000] {dagbag.py:588} INFO - Filling up the DagBag from /opt/airflow/dags/project_01_dag.py
[2025-08-01T08:27:26.869+0000] {processor.py:925} INFO - DAG(s) 'world_population_ETL_dag_43' retrieved from /opt/airflow/dags/project_01_dag.py
[2025-08-01T08:27:26.885+0000] {logging_mixin.py:190} INFO - [2025-08-01T08:27:26.885+0000] {dag.py:3239} INFO - Sync 1 DAGs
[2025-08-01T08:27:26.899+0000] {logging_mixin.py:190} INFO - [2025-08-01T08:27:26.899+0000] {dag.py:4180} INFO - Setting next_dagrun for world_population_ETL_dag_43 to 2025-07-31 00:00:00+00:00, run_after=2025-08-01 00:00:00+00:00
[2025-08-01T08:27:26.916+0000] {processor.py:208} INFO - Processing /opt/airflow/dags/project_01_dag.py took 0.505 seconds
[2025-08-01T08:27:57.083+0000] {processor.py:186} INFO - Started process (PID=365) to work on /opt/airflow/dags/project_01_dag.py
[2025-08-01T08:27:57.092+0000] {processor.py:914} INFO - Processing file /opt/airflow/dags/project_01_dag.py for tasks to queue
[2025-08-01T08:27:57.093+0000] {logging_mixin.py:190} INFO - [2025-08-01T08:27:57.093+0000] {dagbag.py:588} INFO - Filling up the DagBag from /opt/airflow/dags/project_01_dag.py
[2025-08-01T08:27:57.525+0000] {processor.py:925} INFO - DAG(s) 'world_population_ETL_dag_43' retrieved from /opt/airflow/dags/project_01_dag.py
[2025-08-01T08:27:57.542+0000] {logging_mixin.py:190} INFO - [2025-08-01T08:27:57.542+0000] {dag.py:3239} INFO - Sync 1 DAGs
[2025-08-01T08:27:57.556+0000] {logging_mixin.py:190} INFO - [2025-08-01T08:27:57.556+0000] {dag.py:4180} INFO - Setting next_dagrun for world_population_ETL_dag_43 to 2025-07-31 00:00:00+00:00, run_after=2025-08-01 00:00:00+00:00
[2025-08-01T08:27:57.573+0000] {processor.py:208} INFO - Processing /opt/airflow/dags/project_01_dag.py took 0.494 seconds
[2025-08-01T08:28:27.734+0000] {processor.py:186} INFO - Started process (PID=377) to work on /opt/airflow/dags/project_01_dag.py
[2025-08-01T08:28:27.742+0000] {processor.py:914} INFO - Processing file /opt/airflow/dags/project_01_dag.py for tasks to queue
[2025-08-01T08:28:27.744+0000] {logging_mixin.py:190} INFO - [2025-08-01T08:28:27.744+0000] {dagbag.py:588} INFO - Filling up the DagBag from /opt/airflow/dags/project_01_dag.py
[2025-08-01T08:28:28.175+0000] {processor.py:925} INFO - DAG(s) 'world_population_ETL_dag_43' retrieved from /opt/airflow/dags/project_01_dag.py
[2025-08-01T08:28:28.191+0000] {logging_mixin.py:190} INFO - [2025-08-01T08:28:28.190+0000] {dag.py:3239} INFO - Sync 1 DAGs
[2025-08-01T08:28:28.204+0000] {logging_mixin.py:190} INFO - [2025-08-01T08:28:28.203+0000] {dag.py:4180} INFO - Setting next_dagrun for world_population_ETL_dag_43 to 2025-07-31 00:00:00+00:00, run_after=2025-08-01 00:00:00+00:00
[2025-08-01T08:28:28.212+0000] {processor.py:208} INFO - Processing /opt/airflow/dags/project_01_dag.py took 0.482 seconds
[2025-08-01T08:28:58.372+0000] {processor.py:186} INFO - Started process (PID=389) to work on /opt/airflow/dags/project_01_dag.py
[2025-08-01T08:28:58.380+0000] {processor.py:914} INFO - Processing file /opt/airflow/dags/project_01_dag.py for tasks to queue
[2025-08-01T08:28:58.382+0000] {logging_mixin.py:190} INFO - [2025-08-01T08:28:58.382+0000] {dagbag.py:588} INFO - Filling up the DagBag from /opt/airflow/dags/project_01_dag.py
[2025-08-01T08:28:58.817+0000] {processor.py:925} INFO - DAG(s) 'world_population_ETL_dag_43' retrieved from /opt/airflow/dags/project_01_dag.py
[2025-08-01T08:28:58.833+0000] {logging_mixin.py:190} INFO - [2025-08-01T08:28:58.833+0000] {dag.py:3239} INFO - Sync 1 DAGs
[2025-08-01T08:28:58.848+0000] {logging_mixin.py:190} INFO - [2025-08-01T08:28:58.848+0000] {dag.py:4180} INFO - Setting next_dagrun for world_population_ETL_dag_43 to 2025-07-31 00:00:00+00:00, run_after=2025-08-01 00:00:00+00:00
[2025-08-01T08:28:58.867+0000] {processor.py:208} INFO - Processing /opt/airflow/dags/project_01_dag.py took 0.499 seconds
[2025-08-01T08:29:29.033+0000] {processor.py:186} INFO - Started process (PID=401) to work on /opt/airflow/dags/project_01_dag.py
[2025-08-01T08:29:29.041+0000] {processor.py:914} INFO - Processing file /opt/airflow/dags/project_01_dag.py for tasks to queue
[2025-08-01T08:29:29.042+0000] {logging_mixin.py:190} INFO - [2025-08-01T08:29:29.042+0000] {dagbag.py:588} INFO - Filling up the DagBag from /opt/airflow/dags/project_01_dag.py
[2025-08-01T08:29:29.474+0000] {processor.py:925} INFO - DAG(s) 'world_population_ETL_dag_43' retrieved from /opt/airflow/dags/project_01_dag.py
[2025-08-01T08:29:29.489+0000] {logging_mixin.py:190} INFO - [2025-08-01T08:29:29.489+0000] {dag.py:3239} INFO - Sync 1 DAGs
[2025-08-01T08:29:29.503+0000] {logging_mixin.py:190} INFO - [2025-08-01T08:29:29.503+0000] {dag.py:4180} INFO - Setting next_dagrun for world_population_ETL_dag_43 to 2025-07-31 00:00:00+00:00, run_after=2025-08-01 00:00:00+00:00
[2025-08-01T08:29:29.519+0000] {processor.py:208} INFO - Processing /opt/airflow/dags/project_01_dag.py took 0.491 seconds
[2025-08-01T08:29:59.684+0000] {processor.py:186} INFO - Started process (PID=413) to work on /opt/airflow/dags/project_01_dag.py
[2025-08-01T08:29:59.692+0000] {processor.py:914} INFO - Processing file /opt/airflow/dags/project_01_dag.py for tasks to queue
[2025-08-01T08:29:59.694+0000] {logging_mixin.py:190} INFO - [2025-08-01T08:29:59.694+0000] {dagbag.py:588} INFO - Filling up the DagBag from /opt/airflow/dags/project_01_dag.py
[2025-08-01T08:30:00.135+0000] {processor.py:925} INFO - DAG(s) 'world_population_ETL_dag_43' retrieved from /opt/airflow/dags/project_01_dag.py
[2025-08-01T08:30:00.150+0000] {logging_mixin.py:190} INFO - [2025-08-01T08:30:00.150+0000] {dag.py:3239} INFO - Sync 1 DAGs
[2025-08-01T08:30:00.162+0000] {logging_mixin.py:190} INFO - [2025-08-01T08:30:00.162+0000] {dag.py:4180} INFO - Setting next_dagrun for world_population_ETL_dag_43 to 2025-07-31 00:00:00+00:00, run_after=2025-08-01 00:00:00+00:00
[2025-08-01T08:30:00.181+0000] {processor.py:208} INFO - Processing /opt/airflow/dags/project_01_dag.py took 0.501 seconds
[2025-08-01T08:30:30.349+0000] {processor.py:186} INFO - Started process (PID=425) to work on /opt/airflow/dags/project_01_dag.py
[2025-08-01T08:30:30.357+0000] {processor.py:914} INFO - Processing file /opt/airflow/dags/project_01_dag.py for tasks to queue
[2025-08-01T08:30:30.359+0000] {logging_mixin.py:190} INFO - [2025-08-01T08:30:30.359+0000] {dagbag.py:588} INFO - Filling up the DagBag from /opt/airflow/dags/project_01_dag.py
[2025-08-01T08:30:30.792+0000] {processor.py:925} INFO - DAG(s) 'world_population_ETL_dag_43' retrieved from /opt/airflow/dags/project_01_dag.py
[2025-08-01T08:30:30.807+0000] {logging_mixin.py:190} INFO - [2025-08-01T08:30:30.807+0000] {dag.py:3239} INFO - Sync 1 DAGs
[2025-08-01T08:30:30.819+0000] {logging_mixin.py:190} INFO - [2025-08-01T08:30:30.819+0000] {dag.py:4180} INFO - Setting next_dagrun for world_population_ETL_dag_43 to 2025-07-31 00:00:00+00:00, run_after=2025-08-01 00:00:00+00:00
[2025-08-01T08:30:30.835+0000] {processor.py:208} INFO - Processing /opt/airflow/dags/project_01_dag.py took 0.490 seconds
[2025-08-01T08:31:01.000+0000] {processor.py:186} INFO - Started process (PID=437) to work on /opt/airflow/dags/project_01_dag.py
[2025-08-01T08:31:01.001+0000] {processor.py:914} INFO - Processing file /opt/airflow/dags/project_01_dag.py for tasks to queue
[2025-08-01T08:31:01.002+0000] {logging_mixin.py:190} INFO - [2025-08-01T08:31:01.002+0000] {dagbag.py:588} INFO - Filling up the DagBag from /opt/airflow/dags/project_01_dag.py
[2025-08-01T08:31:01.425+0000] {processor.py:925} INFO - DAG(s) 'world_population_ETL_dag_43' retrieved from /opt/airflow/dags/project_01_dag.py
[2025-08-01T08:31:01.440+0000] {logging_mixin.py:190} INFO - [2025-08-01T08:31:01.440+0000] {dag.py:3239} INFO - Sync 1 DAGs
[2025-08-01T08:31:01.454+0000] {logging_mixin.py:190} INFO - [2025-08-01T08:31:01.454+0000] {dag.py:4180} INFO - Setting next_dagrun for world_population_ETL_dag_43 to 2025-07-31 00:00:00+00:00, run_after=2025-08-01 00:00:00+00:00
[2025-08-01T08:31:01.471+0000] {processor.py:208} INFO - Processing /opt/airflow/dags/project_01_dag.py took 0.475 seconds
[2025-08-01T08:31:31.644+0000] {processor.py:186} INFO - Started process (PID=449) to work on /opt/airflow/dags/project_01_dag.py
[2025-08-01T08:31:31.652+0000] {processor.py:914} INFO - Processing file /opt/airflow/dags/project_01_dag.py for tasks to queue
[2025-08-01T08:31:31.654+0000] {logging_mixin.py:190} INFO - [2025-08-01T08:31:31.654+0000] {dagbag.py:588} INFO - Filling up the DagBag from /opt/airflow/dags/project_01_dag.py
[2025-08-01T08:31:32.086+0000] {processor.py:925} INFO - DAG(s) 'world_population_ETL_dag_43' retrieved from /opt/airflow/dags/project_01_dag.py
[2025-08-01T08:31:32.102+0000] {logging_mixin.py:190} INFO - [2025-08-01T08:31:32.101+0000] {dag.py:3239} INFO - Sync 1 DAGs
[2025-08-01T08:31:32.115+0000] {logging_mixin.py:190} INFO - [2025-08-01T08:31:32.115+0000] {dag.py:4180} INFO - Setting next_dagrun for world_population_ETL_dag_43 to 2025-07-31 00:00:00+00:00, run_after=2025-08-01 00:00:00+00:00
[2025-08-01T08:31:32.132+0000] {processor.py:208} INFO - Processing /opt/airflow/dags/project_01_dag.py took 0.492 seconds
[2025-08-01T08:32:02.292+0000] {processor.py:186} INFO - Started process (PID=461) to work on /opt/airflow/dags/project_01_dag.py
[2025-08-01T08:32:02.300+0000] {processor.py:914} INFO - Processing file /opt/airflow/dags/project_01_dag.py for tasks to queue
[2025-08-01T08:32:02.302+0000] {logging_mixin.py:190} INFO - [2025-08-01T08:32:02.302+0000] {dagbag.py:588} INFO - Filling up the DagBag from /opt/airflow/dags/project_01_dag.py
[2025-08-01T08:32:02.744+0000] {processor.py:925} INFO - DAG(s) 'world_population_ETL_dag_43' retrieved from /opt/airflow/dags/project_01_dag.py
[2025-08-01T08:32:02.760+0000] {logging_mixin.py:190} INFO - [2025-08-01T08:32:02.760+0000] {dag.py:3239} INFO - Sync 1 DAGs
[2025-08-01T08:32:02.772+0000] {logging_mixin.py:190} INFO - [2025-08-01T08:32:02.772+0000] {dag.py:4180} INFO - Setting next_dagrun for world_population_ETL_dag_43 to 2025-07-31 00:00:00+00:00, run_after=2025-08-01 00:00:00+00:00
[2025-08-01T08:32:02.781+0000] {processor.py:208} INFO - Processing /opt/airflow/dags/project_01_dag.py took 0.493 seconds
[2025-08-01T08:32:32.938+0000] {processor.py:186} INFO - Started process (PID=473) to work on /opt/airflow/dags/project_01_dag.py
[2025-08-01T08:32:32.947+0000] {processor.py:914} INFO - Processing file /opt/airflow/dags/project_01_dag.py for tasks to queue
[2025-08-01T08:32:32.949+0000] {logging_mixin.py:190} INFO - [2025-08-01T08:32:32.949+0000] {dagbag.py:588} INFO - Filling up the DagBag from /opt/airflow/dags/project_01_dag.py
[2025-08-01T08:32:33.450+0000] {processor.py:925} INFO - DAG(s) 'world_population_ETL_dag_43' retrieved from /opt/airflow/dags/project_01_dag.py
[2025-08-01T08:32:33.467+0000] {logging_mixin.py:190} INFO - [2025-08-01T08:32:33.467+0000] {dag.py:3239} INFO - Sync 1 DAGs
[2025-08-01T08:32:33.481+0000] {logging_mixin.py:190} INFO - [2025-08-01T08:32:33.481+0000] {dag.py:4180} INFO - Setting next_dagrun for world_population_ETL_dag_43 to 2025-07-31 00:00:00+00:00, run_after=2025-08-01 00:00:00+00:00
[2025-08-01T08:32:33.501+0000] {processor.py:208} INFO - Processing /opt/airflow/dags/project_01_dag.py took 0.567 seconds
[2025-08-01T08:33:04.129+0000] {processor.py:186} INFO - Started process (PID=488) to work on /opt/airflow/dags/project_01_dag.py
[2025-08-01T08:33:04.130+0000] {processor.py:914} INFO - Processing file /opt/airflow/dags/project_01_dag.py for tasks to queue
[2025-08-01T08:33:04.131+0000] {logging_mixin.py:190} INFO - [2025-08-01T08:33:04.131+0000] {dagbag.py:588} INFO - Filling up the DagBag from /opt/airflow/dags/project_01_dag.py
[2025-08-01T08:33:04.573+0000] {processor.py:925} INFO - DAG(s) 'world_population_ETL_dag_43' retrieved from /opt/airflow/dags/project_01_dag.py
[2025-08-01T08:33:04.589+0000] {logging_mixin.py:190} INFO - [2025-08-01T08:33:04.589+0000] {dag.py:3239} INFO - Sync 1 DAGs
[2025-08-01T08:33:04.604+0000] {logging_mixin.py:190} INFO - [2025-08-01T08:33:04.604+0000] {dag.py:4180} INFO - Setting next_dagrun for world_population_ETL_dag_43 to 2025-07-31 00:00:00+00:00, run_after=2025-08-01 00:00:00+00:00
[2025-08-01T08:33:04.620+0000] {processor.py:208} INFO - Processing /opt/airflow/dags/project_01_dag.py took 0.495 seconds
[2025-08-01T08:33:34.788+0000] {processor.py:186} INFO - Started process (PID=501) to work on /opt/airflow/dags/project_01_dag.py
[2025-08-01T08:33:34.788+0000] {processor.py:914} INFO - Processing file /opt/airflow/dags/project_01_dag.py for tasks to queue
[2025-08-01T08:33:34.790+0000] {logging_mixin.py:190} INFO - [2025-08-01T08:33:34.789+0000] {dagbag.py:588} INFO - Filling up the DagBag from /opt/airflow/dags/project_01_dag.py
[2025-08-01T08:33:35.265+0000] {processor.py:925} INFO - DAG(s) 'world_population_ETL_dag_43' retrieved from /opt/airflow/dags/project_01_dag.py
[2025-08-01T08:33:35.281+0000] {logging_mixin.py:190} INFO - [2025-08-01T08:33:35.281+0000] {dag.py:3239} INFO - Sync 1 DAGs
[2025-08-01T08:33:35.297+0000] {logging_mixin.py:190} INFO - [2025-08-01T08:33:35.297+0000] {dag.py:4180} INFO - Setting next_dagrun for world_population_ETL_dag_43 to 2025-07-31 00:00:00+00:00, run_after=2025-08-01 00:00:00+00:00
[2025-08-01T08:33:35.309+0000] {processor.py:208} INFO - Processing /opt/airflow/dags/project_01_dag.py took 0.525 seconds
[2025-08-01T08:34:05.471+0000] {processor.py:186} INFO - Started process (PID=516) to work on /opt/airflow/dags/project_01_dag.py
[2025-08-01T08:34:05.472+0000] {processor.py:914} INFO - Processing file /opt/airflow/dags/project_01_dag.py for tasks to queue
[2025-08-01T08:34:05.473+0000] {logging_mixin.py:190} INFO - [2025-08-01T08:34:05.473+0000] {dagbag.py:588} INFO - Filling up the DagBag from /opt/airflow/dags/project_01_dag.py
[2025-08-01T08:34:05.904+0000] {processor.py:925} INFO - DAG(s) 'world_population_ETL_dag_43' retrieved from /opt/airflow/dags/project_01_dag.py
[2025-08-01T08:34:05.920+0000] {logging_mixin.py:190} INFO - [2025-08-01T08:34:05.920+0000] {dag.py:3239} INFO - Sync 1 DAGs
[2025-08-01T08:34:05.934+0000] {logging_mixin.py:190} INFO - [2025-08-01T08:34:05.933+0000] {dag.py:4180} INFO - Setting next_dagrun for world_population_ETL_dag_43 to 2025-07-31 00:00:00+00:00, run_after=2025-08-01 00:00:00+00:00
[2025-08-01T08:34:05.950+0000] {processor.py:208} INFO - Processing /opt/airflow/dags/project_01_dag.py took 0.483 seconds
[2025-08-01T08:34:36.112+0000] {processor.py:186} INFO - Started process (PID=534) to work on /opt/airflow/dags/project_01_dag.py
[2025-08-01T08:34:36.120+0000] {processor.py:914} INFO - Processing file /opt/airflow/dags/project_01_dag.py for tasks to queue
[2025-08-01T08:34:36.122+0000] {logging_mixin.py:190} INFO - [2025-08-01T08:34:36.122+0000] {dagbag.py:588} INFO - Filling up the DagBag from /opt/airflow/dags/project_01_dag.py
[2025-08-01T08:34:36.558+0000] {processor.py:925} INFO - DAG(s) 'world_population_ETL_dag_43' retrieved from /opt/airflow/dags/project_01_dag.py
[2025-08-01T08:34:36.574+0000] {logging_mixin.py:190} INFO - [2025-08-01T08:34:36.573+0000] {dag.py:3239} INFO - Sync 1 DAGs
[2025-08-01T08:34:36.586+0000] {logging_mixin.py:190} INFO - [2025-08-01T08:34:36.586+0000] {dag.py:4180} INFO - Setting next_dagrun for world_population_ETL_dag_43 to 2025-07-31 00:00:00+00:00, run_after=2025-08-01 00:00:00+00:00
[2025-08-01T08:34:36.596+0000] {processor.py:208} INFO - Processing /opt/airflow/dags/project_01_dag.py took 0.488 seconds
[2025-08-01T08:35:06.767+0000] {processor.py:186} INFO - Started process (PID=552) to work on /opt/airflow/dags/project_01_dag.py
[2025-08-01T08:35:06.776+0000] {processor.py:914} INFO - Processing file /opt/airflow/dags/project_01_dag.py for tasks to queue
[2025-08-01T08:35:06.778+0000] {logging_mixin.py:190} INFO - [2025-08-01T08:35:06.777+0000] {dagbag.py:588} INFO - Filling up the DagBag from /opt/airflow/dags/project_01_dag.py
[2025-08-01T08:35:07.228+0000] {processor.py:925} INFO - DAG(s) 'world_population_ETL_dag_43' retrieved from /opt/airflow/dags/project_01_dag.py
[2025-08-01T08:35:07.243+0000] {logging_mixin.py:190} INFO - [2025-08-01T08:35:07.243+0000] {dag.py:3239} INFO - Sync 1 DAGs
[2025-08-01T08:35:07.257+0000] {logging_mixin.py:190} INFO - [2025-08-01T08:35:07.257+0000] {dag.py:4180} INFO - Setting next_dagrun for world_population_ETL_dag_43 to 2025-07-31 00:00:00+00:00, run_after=2025-08-01 00:00:00+00:00
[2025-08-01T08:35:07.275+0000] {processor.py:208} INFO - Processing /opt/airflow/dags/project_01_dag.py took 0.511 seconds
[2025-08-01T08:35:37.914+0000] {processor.py:186} INFO - Started process (PID=564) to work on /opt/airflow/dags/project_01_dag.py
[2025-08-01T08:35:37.922+0000] {processor.py:914} INFO - Processing file /opt/airflow/dags/project_01_dag.py for tasks to queue
[2025-08-01T08:35:37.924+0000] {logging_mixin.py:190} INFO - [2025-08-01T08:35:37.923+0000] {dagbag.py:588} INFO - Filling up the DagBag from /opt/airflow/dags/project_01_dag.py
[2025-08-01T08:35:38.379+0000] {processor.py:925} INFO - DAG(s) 'world_population_ETL_dag_43' retrieved from /opt/airflow/dags/project_01_dag.py
[2025-08-01T08:35:38.395+0000] {logging_mixin.py:190} INFO - [2025-08-01T08:35:38.395+0000] {dag.py:3239} INFO - Sync 1 DAGs
[2025-08-01T08:35:38.410+0000] {logging_mixin.py:190} INFO - [2025-08-01T08:35:38.410+0000] {dag.py:4180} INFO - Setting next_dagrun for world_population_ETL_dag_43 to 2025-07-31 00:00:00+00:00, run_after=2025-08-01 00:00:00+00:00
[2025-08-01T08:35:38.428+0000] {processor.py:208} INFO - Processing /opt/airflow/dags/project_01_dag.py took 0.518 seconds
[2025-08-01T08:36:08.575+0000] {processor.py:186} INFO - Started process (PID=576) to work on /opt/airflow/dags/project_01_dag.py
[2025-08-01T08:36:08.575+0000] {processor.py:914} INFO - Processing file /opt/airflow/dags/project_01_dag.py for tasks to queue
[2025-08-01T08:36:08.577+0000] {logging_mixin.py:190} INFO - [2025-08-01T08:36:08.577+0000] {dagbag.py:588} INFO - Filling up the DagBag from /opt/airflow/dags/project_01_dag.py
[2025-08-01T08:36:09.012+0000] {processor.py:925} INFO - DAG(s) 'world_population_ETL_dag_43' retrieved from /opt/airflow/dags/project_01_dag.py
[2025-08-01T08:36:09.028+0000] {logging_mixin.py:190} INFO - [2025-08-01T08:36:09.027+0000] {dag.py:3239} INFO - Sync 1 DAGs
[2025-08-01T08:36:09.040+0000] {logging_mixin.py:190} INFO - [2025-08-01T08:36:09.039+0000] {dag.py:4180} INFO - Setting next_dagrun for world_population_ETL_dag_43 to 2025-07-31 00:00:00+00:00, run_after=2025-08-01 00:00:00+00:00
[2025-08-01T08:36:09.049+0000] {processor.py:208} INFO - Processing /opt/airflow/dags/project_01_dag.py took 0.479 seconds
[2025-08-01T08:36:39.220+0000] {processor.py:186} INFO - Started process (PID=588) to work on /opt/airflow/dags/project_01_dag.py
[2025-08-01T08:36:39.221+0000] {processor.py:914} INFO - Processing file /opt/airflow/dags/project_01_dag.py for tasks to queue
[2025-08-01T08:36:39.222+0000] {logging_mixin.py:190} INFO - [2025-08-01T08:36:39.222+0000] {dagbag.py:588} INFO - Filling up the DagBag from /opt/airflow/dags/project_01_dag.py
[2025-08-01T08:36:39.698+0000] {processor.py:925} INFO - DAG(s) 'world_population_ETL_dag_43' retrieved from /opt/airflow/dags/project_01_dag.py
[2025-08-01T08:36:39.713+0000] {logging_mixin.py:190} INFO - [2025-08-01T08:36:39.713+0000] {dag.py:3239} INFO - Sync 1 DAGs
[2025-08-01T08:36:39.726+0000] {logging_mixin.py:190} INFO - [2025-08-01T08:36:39.726+0000] {dag.py:4180} INFO - Setting next_dagrun for world_population_ETL_dag_43 to 2025-07-31 00:00:00+00:00, run_after=2025-08-01 00:00:00+00:00
[2025-08-01T08:36:39.734+0000] {processor.py:208} INFO - Processing /opt/airflow/dags/project_01_dag.py took 0.518 seconds
[2025-08-01T08:37:09.891+0000] {processor.py:186} INFO - Started process (PID=600) to work on /opt/airflow/dags/project_01_dag.py
[2025-08-01T08:37:09.892+0000] {processor.py:914} INFO - Processing file /opt/airflow/dags/project_01_dag.py for tasks to queue
[2025-08-01T08:37:09.893+0000] {logging_mixin.py:190} INFO - [2025-08-01T08:37:09.893+0000] {dagbag.py:588} INFO - Filling up the DagBag from /opt/airflow/dags/project_01_dag.py
[2025-08-01T08:37:10.373+0000] {processor.py:925} INFO - DAG(s) 'world_population_ETL_dag_43' retrieved from /opt/airflow/dags/project_01_dag.py
[2025-08-01T08:37:10.390+0000] {logging_mixin.py:190} INFO - [2025-08-01T08:37:10.390+0000] {dag.py:3239} INFO - Sync 1 DAGs
[2025-08-01T08:37:10.405+0000] {logging_mixin.py:190} INFO - [2025-08-01T08:37:10.405+0000] {dag.py:4180} INFO - Setting next_dagrun for world_population_ETL_dag_43 to 2025-07-31 00:00:00+00:00, run_after=2025-08-01 00:00:00+00:00
[2025-08-01T08:37:10.424+0000] {processor.py:208} INFO - Processing /opt/airflow/dags/project_01_dag.py took 0.538 seconds
[2025-08-01T08:37:41.205+0000] {processor.py:186} INFO - Started process (PID=618) to work on /opt/airflow/dags/project_01_dag.py
[2025-08-01T08:37:41.213+0000] {processor.py:914} INFO - Processing file /opt/airflow/dags/project_01_dag.py for tasks to queue
[2025-08-01T08:37:41.215+0000] {logging_mixin.py:190} INFO - [2025-08-01T08:37:41.215+0000] {dagbag.py:588} INFO - Filling up the DagBag from /opt/airflow/dags/project_01_dag.py
[2025-08-01T08:37:41.562+0000] {processor.py:925} INFO - DAG(s) 'world_population_ETL_dag_43' retrieved from /opt/airflow/dags/project_01_dag.py
[2025-08-01T08:37:41.580+0000] {logging_mixin.py:190} INFO - [2025-08-01T08:37:41.580+0000] {dag.py:3239} INFO - Sync 1 DAGs
[2025-08-01T08:37:41.595+0000] {logging_mixin.py:190} INFO - [2025-08-01T08:37:41.595+0000] {dag.py:4180} INFO - Setting next_dagrun for world_population_ETL_dag_43 to 2025-07-31 00:00:00+00:00, run_after=2025-08-01 00:00:00+00:00
[2025-08-01T08:37:41.605+0000] {processor.py:208} INFO - Processing /opt/airflow/dags/project_01_dag.py took 0.404 seconds
[2025-08-01T08:38:11.741+0000] {processor.py:186} INFO - Started process (PID=631) to work on /opt/airflow/dags/project_01_dag.py
[2025-08-01T08:38:11.750+0000] {processor.py:914} INFO - Processing file /opt/airflow/dags/project_01_dag.py for tasks to queue
[2025-08-01T08:38:11.751+0000] {logging_mixin.py:190} INFO - [2025-08-01T08:38:11.751+0000] {dagbag.py:588} INFO - Filling up the DagBag from /opt/airflow/dags/project_01_dag.py
[2025-08-01T08:38:12.080+0000] {processor.py:925} INFO - DAG(s) 'world_population_ETL_dag_43' retrieved from /opt/airflow/dags/project_01_dag.py
[2025-08-01T08:38:12.099+0000] {logging_mixin.py:190} INFO - [2025-08-01T08:38:12.098+0000] {dag.py:3239} INFO - Sync 1 DAGs
[2025-08-01T08:38:12.114+0000] {logging_mixin.py:190} INFO - [2025-08-01T08:38:12.113+0000] {dag.py:4180} INFO - Setting next_dagrun for world_population_ETL_dag_43 to 2025-07-31 00:00:00+00:00, run_after=2025-08-01 00:00:00+00:00
[2025-08-01T08:38:12.132+0000] {processor.py:208} INFO - Processing /opt/airflow/dags/project_01_dag.py took 0.396 seconds
[2025-08-01T08:38:42.270+0000] {processor.py:186} INFO - Started process (PID=649) to work on /opt/airflow/dags/project_01_dag.py
[2025-08-01T08:38:42.278+0000] {processor.py:914} INFO - Processing file /opt/airflow/dags/project_01_dag.py for tasks to queue
[2025-08-01T08:38:42.280+0000] {logging_mixin.py:190} INFO - [2025-08-01T08:38:42.280+0000] {dagbag.py:588} INFO - Filling up the DagBag from /opt/airflow/dags/project_01_dag.py
[2025-08-01T08:38:42.594+0000] {processor.py:925} INFO - DAG(s) 'world_population_ETL_dag_43' retrieved from /opt/airflow/dags/project_01_dag.py
[2025-08-01T08:38:42.611+0000] {logging_mixin.py:190} INFO - [2025-08-01T08:38:42.611+0000] {dag.py:3239} INFO - Sync 1 DAGs
[2025-08-01T08:38:42.624+0000] {logging_mixin.py:190} INFO - [2025-08-01T08:38:42.624+0000] {dag.py:4180} INFO - Setting next_dagrun for world_population_ETL_dag_43 to 2025-07-31 00:00:00+00:00, run_after=2025-08-01 00:00:00+00:00
[2025-08-01T08:38:42.643+0000] {processor.py:208} INFO - Processing /opt/airflow/dags/project_01_dag.py took 0.377 seconds
[2025-08-01T08:39:12.844+0000] {processor.py:186} INFO - Started process (PID=672) to work on /opt/airflow/dags/project_01_dag.py
[2025-08-01T08:39:12.852+0000] {processor.py:914} INFO - Processing file /opt/airflow/dags/project_01_dag.py for tasks to queue
[2025-08-01T08:39:12.854+0000] {logging_mixin.py:190} INFO - [2025-08-01T08:39:12.854+0000] {dagbag.py:588} INFO - Filling up the DagBag from /opt/airflow/dags/project_01_dag.py
[2025-08-01T08:39:13.165+0000] {processor.py:925} INFO - DAG(s) 'world_population_ETL_dag_43' retrieved from /opt/airflow/dags/project_01_dag.py
[2025-08-01T08:39:13.183+0000] {logging_mixin.py:190} INFO - [2025-08-01T08:39:13.182+0000] {dag.py:3239} INFO - Sync 1 DAGs
[2025-08-01T08:39:13.198+0000] {logging_mixin.py:190} INFO - [2025-08-01T08:39:13.197+0000] {dag.py:4180} INFO - Setting next_dagrun for world_population_ETL_dag_43 to 2025-07-31 00:00:00+00:00, run_after=2025-08-01 00:00:00+00:00
[2025-08-01T08:39:13.218+0000] {processor.py:208} INFO - Processing /opt/airflow/dags/project_01_dag.py took 0.378 seconds
[2025-08-01T08:39:43.370+0000] {processor.py:186} INFO - Started process (PID=684) to work on /opt/airflow/dags/project_01_dag.py
[2025-08-01T08:39:43.378+0000] {processor.py:914} INFO - Processing file /opt/airflow/dags/project_01_dag.py for tasks to queue
[2025-08-01T08:39:43.380+0000] {logging_mixin.py:190} INFO - [2025-08-01T08:39:43.380+0000] {dagbag.py:588} INFO - Filling up the DagBag from /opt/airflow/dags/project_01_dag.py
[2025-08-01T08:39:43.690+0000] {processor.py:925} INFO - DAG(s) 'world_population_ETL_dag_43' retrieved from /opt/airflow/dags/project_01_dag.py
[2025-08-01T08:39:43.708+0000] {logging_mixin.py:190} INFO - [2025-08-01T08:39:43.708+0000] {dag.py:3239} INFO - Sync 1 DAGs
[2025-08-01T08:39:43.722+0000] {logging_mixin.py:190} INFO - [2025-08-01T08:39:43.722+0000] {dag.py:4180} INFO - Setting next_dagrun for world_population_ETL_dag_43 to 2025-07-31 00:00:00+00:00, run_after=2025-08-01 00:00:00+00:00
[2025-08-01T08:39:43.739+0000] {processor.py:208} INFO - Processing /opt/airflow/dags/project_01_dag.py took 0.374 seconds
[2025-08-01T08:40:13.899+0000] {processor.py:186} INFO - Started process (PID=696) to work on /opt/airflow/dags/project_01_dag.py
[2025-08-01T08:40:13.907+0000] {processor.py:914} INFO - Processing file /opt/airflow/dags/project_01_dag.py for tasks to queue
[2025-08-01T08:40:13.909+0000] {logging_mixin.py:190} INFO - [2025-08-01T08:40:13.909+0000] {dagbag.py:588} INFO - Filling up the DagBag from /opt/airflow/dags/project_01_dag.py
[2025-08-01T08:40:14.212+0000] {processor.py:925} INFO - DAG(s) 'world_population_ETL_dag_43' retrieved from /opt/airflow/dags/project_01_dag.py
[2025-08-01T08:40:14.228+0000] {logging_mixin.py:190} INFO - [2025-08-01T08:40:14.228+0000] {dag.py:3239} INFO - Sync 1 DAGs
[2025-08-01T08:40:14.241+0000] {logging_mixin.py:190} INFO - [2025-08-01T08:40:14.241+0000] {dag.py:4180} INFO - Setting next_dagrun for world_population_ETL_dag_43 to 2025-07-31 00:00:00+00:00, run_after=2025-08-01 00:00:00+00:00
[2025-08-01T08:40:14.258+0000] {processor.py:208} INFO - Processing /opt/airflow/dags/project_01_dag.py took 0.364 seconds
[2025-08-01T08:40:44.405+0000] {processor.py:186} INFO - Started process (PID=712) to work on /opt/airflow/dags/project_01_dag.py
[2025-08-01T08:40:44.406+0000] {processor.py:914} INFO - Processing file /opt/airflow/dags/project_01_dag.py for tasks to queue
[2025-08-01T08:40:44.407+0000] {logging_mixin.py:190} INFO - [2025-08-01T08:40:44.407+0000] {dagbag.py:588} INFO - Filling up the DagBag from /opt/airflow/dags/project_01_dag.py
[2025-08-01T08:40:44.733+0000] {processor.py:925} INFO - DAG(s) 'world_population_ETL_dag_43' retrieved from /opt/airflow/dags/project_01_dag.py
[2025-08-01T08:40:44.752+0000] {logging_mixin.py:190} INFO - [2025-08-01T08:40:44.751+0000] {dag.py:3239} INFO - Sync 1 DAGs
[2025-08-01T08:40:44.766+0000] {logging_mixin.py:190} INFO - [2025-08-01T08:40:44.766+0000] {dag.py:4180} INFO - Setting next_dagrun for world_population_ETL_dag_43 to 2025-07-31 00:00:00+00:00, run_after=2025-08-01 00:00:00+00:00
[2025-08-01T08:40:44.785+0000] {processor.py:208} INFO - Processing /opt/airflow/dags/project_01_dag.py took 0.384 seconds
[2025-08-01T08:41:14.943+0000] {processor.py:186} INFO - Started process (PID=724) to work on /opt/airflow/dags/project_01_dag.py
[2025-08-01T08:41:14.948+0000] {processor.py:914} INFO - Processing file /opt/airflow/dags/project_01_dag.py for tasks to queue
[2025-08-01T08:41:14.949+0000] {logging_mixin.py:190} INFO - [2025-08-01T08:41:14.949+0000] {dagbag.py:588} INFO - Filling up the DagBag from /opt/airflow/dags/project_01_dag.py
[2025-08-01T08:41:15.255+0000] {processor.py:925} INFO - DAG(s) 'world_population_ETL_dag_43' retrieved from /opt/airflow/dags/project_01_dag.py
[2025-08-01T08:41:15.272+0000] {logging_mixin.py:190} INFO - [2025-08-01T08:41:15.271+0000] {dag.py:3239} INFO - Sync 1 DAGs
[2025-08-01T08:41:15.422+0000] {logging_mixin.py:190} INFO - [2025-08-01T08:41:15.421+0000] {dag.py:4180} INFO - Setting next_dagrun for world_population_ETL_dag_43 to 2025-07-31 00:00:00+00:00, run_after=2025-08-01 00:00:00+00:00
[2025-08-01T08:41:15.440+0000] {processor.py:208} INFO - Processing /opt/airflow/dags/project_01_dag.py took 0.501 seconds
[2025-08-01T08:41:45.666+0000] {processor.py:186} INFO - Started process (PID=742) to work on /opt/airflow/dags/project_01_dag.py
[2025-08-01T08:41:45.674+0000] {processor.py:914} INFO - Processing file /opt/airflow/dags/project_01_dag.py for tasks to queue
[2025-08-01T08:41:45.676+0000] {logging_mixin.py:190} INFO - [2025-08-01T08:41:45.675+0000] {dagbag.py:588} INFO - Filling up the DagBag from /opt/airflow/dags/project_01_dag.py
[2025-08-01T08:41:45.980+0000] {processor.py:925} INFO - DAG(s) 'world_population_ETL_dag_43' retrieved from /opt/airflow/dags/project_01_dag.py
[2025-08-01T08:41:45.997+0000] {logging_mixin.py:190} INFO - [2025-08-01T08:41:45.997+0000] {dag.py:3239} INFO - Sync 1 DAGs
[2025-08-01T08:41:46.135+0000] {logging_mixin.py:190} INFO - [2025-08-01T08:41:46.135+0000] {dag.py:4180} INFO - Setting next_dagrun for world_population_ETL_dag_43 to 2025-07-31 00:00:00+00:00, run_after=2025-08-01 00:00:00+00:00
[2025-08-01T08:41:46.143+0000] {processor.py:208} INFO - Processing /opt/airflow/dags/project_01_dag.py took 0.482 seconds
[2025-08-01T08:42:16.297+0000] {processor.py:186} INFO - Started process (PID=758) to work on /opt/airflow/dags/project_01_dag.py
[2025-08-01T08:42:16.305+0000] {processor.py:914} INFO - Processing file /opt/airflow/dags/project_01_dag.py for tasks to queue
[2025-08-01T08:42:16.307+0000] {logging_mixin.py:190} INFO - [2025-08-01T08:42:16.307+0000] {dagbag.py:588} INFO - Filling up the DagBag from /opt/airflow/dags/project_01_dag.py
[2025-08-01T08:42:16.622+0000] {processor.py:925} INFO - DAG(s) 'world_population_ETL_dag_43' retrieved from /opt/airflow/dags/project_01_dag.py
[2025-08-01T08:42:16.640+0000] {logging_mixin.py:190} INFO - [2025-08-01T08:42:16.640+0000] {dag.py:3239} INFO - Sync 1 DAGs
[2025-08-01T08:42:16.655+0000] {logging_mixin.py:190} INFO - [2025-08-01T08:42:16.655+0000] {dag.py:4180} INFO - Setting next_dagrun for world_population_ETL_dag_43 to 2025-07-31 00:00:00+00:00, run_after=2025-08-01 00:00:00+00:00
[2025-08-01T08:42:16.673+0000] {processor.py:208} INFO - Processing /opt/airflow/dags/project_01_dag.py took 0.380 seconds
[2025-08-01T08:42:46.823+0000] {processor.py:186} INFO - Started process (PID=864) to work on /opt/airflow/dags/project_01_dag.py
[2025-08-01T08:42:46.824+0000] {processor.py:914} INFO - Processing file /opt/airflow/dags/project_01_dag.py for tasks to queue
[2025-08-01T08:42:46.826+0000] {logging_mixin.py:190} INFO - [2025-08-01T08:42:46.826+0000] {dagbag.py:588} INFO - Filling up the DagBag from /opt/airflow/dags/project_01_dag.py
[2025-08-01T08:42:47.322+0000] {processor.py:925} INFO - DAG(s) 'world_population_ETL_dag_43' retrieved from /opt/airflow/dags/project_01_dag.py
[2025-08-01T08:42:47.339+0000] {logging_mixin.py:190} INFO - [2025-08-01T08:42:47.339+0000] {dag.py:3239} INFO - Sync 1 DAGs
[2025-08-01T08:42:47.354+0000] {logging_mixin.py:190} INFO - [2025-08-01T08:42:47.354+0000] {dag.py:4180} INFO - Setting next_dagrun for world_population_ETL_dag_43 to 2025-08-01 00:00:00+00:00, run_after=2025-08-02 00:00:00+00:00
[2025-08-01T08:42:47.366+0000] {processor.py:208} INFO - Processing /opt/airflow/dags/project_01_dag.py took 0.548 seconds
[2025-08-01T08:43:17.515+0000] {processor.py:186} INFO - Started process (PID=876) to work on /opt/airflow/dags/project_01_dag.py
[2025-08-01T08:43:17.523+0000] {processor.py:914} INFO - Processing file /opt/airflow/dags/project_01_dag.py for tasks to queue
[2025-08-01T08:43:17.526+0000] {logging_mixin.py:190} INFO - [2025-08-01T08:43:17.525+0000] {dagbag.py:588} INFO - Filling up the DagBag from /opt/airflow/dags/project_01_dag.py
[2025-08-01T08:43:17.840+0000] {processor.py:925} INFO - DAG(s) 'world_population_ETL_dag_43' retrieved from /opt/airflow/dags/project_01_dag.py
[2025-08-01T08:43:17.858+0000] {logging_mixin.py:190} INFO - [2025-08-01T08:43:17.858+0000] {dag.py:3239} INFO - Sync 1 DAGs
[2025-08-01T08:43:17.999+0000] {logging_mixin.py:190} INFO - [2025-08-01T08:43:17.999+0000] {dag.py:4180} INFO - Setting next_dagrun for world_population_ETL_dag_43 to 2025-08-01 00:00:00+00:00, run_after=2025-08-02 00:00:00+00:00
[2025-08-01T08:43:18.017+0000] {processor.py:208} INFO - Processing /opt/airflow/dags/project_01_dag.py took 0.506 seconds
[2025-08-01T11:35:46.212+0000] {processor.py:186} INFO - Started process (PID=193) to work on /opt/airflow/dags/project_01_dag.py
[2025-08-01T11:35:46.213+0000] {processor.py:914} INFO - Processing file /opt/airflow/dags/project_01_dag.py for tasks to queue
[2025-08-01T11:35:46.216+0000] {logging_mixin.py:190} INFO - [2025-08-01T11:35:46.216+0000] {dagbag.py:588} INFO - Filling up the DagBag from /opt/airflow/dags/project_01_dag.py
[2025-08-01T11:35:46.985+0000] {processor.py:925} INFO - DAG(s) 'world_population_ETL_dag_43' retrieved from /opt/airflow/dags/project_01_dag.py
[2025-08-01T11:35:47.011+0000] {logging_mixin.py:190} INFO - [2025-08-01T11:35:47.010+0000] {dag.py:3239} INFO - Sync 1 DAGs
[2025-08-01T11:35:47.037+0000] {logging_mixin.py:190} INFO - [2025-08-01T11:35:47.037+0000] {dag.py:4180} INFO - Setting next_dagrun for world_population_ETL_dag_43 to 2025-08-01 00:00:00+00:00, run_after=2025-08-02 00:00:00+00:00
[2025-08-01T11:35:47.054+0000] {processor.py:208} INFO - Processing /opt/airflow/dags/project_01_dag.py took 0.850 seconds
[2025-08-01T11:36:17.169+0000] {processor.py:186} INFO - Started process (PID=245) to work on /opt/airflow/dags/project_01_dag.py
[2025-08-01T11:36:17.170+0000] {processor.py:914} INFO - Processing file /opt/airflow/dags/project_01_dag.py for tasks to queue
[2025-08-01T11:36:17.173+0000] {logging_mixin.py:190} INFO - [2025-08-01T11:36:17.172+0000] {dagbag.py:588} INFO - Filling up the DagBag from /opt/airflow/dags/project_01_dag.py
[2025-08-01T11:36:18.136+0000] {processor.py:925} INFO - DAG(s) 'world_population_ETL_dag_43' retrieved from /opt/airflow/dags/project_01_dag.py
[2025-08-01T11:36:18.174+0000] {logging_mixin.py:190} INFO - [2025-08-01T11:36:18.173+0000] {dag.py:3239} INFO - Sync 1 DAGs
[2025-08-01T11:36:18.202+0000] {logging_mixin.py:190} INFO - [2025-08-01T11:36:18.201+0000] {dag.py:4180} INFO - Setting next_dagrun for world_population_ETL_dag_43 to 2025-08-01 00:00:00+00:00, run_after=2025-08-02 00:00:00+00:00
[2025-08-01T11:36:18.224+0000] {processor.py:208} INFO - Processing /opt/airflow/dags/project_01_dag.py took 1.063 seconds
[2025-08-01T11:37:24.442+0000] {processor.py:186} INFO - Started process (PID=190) to work on /opt/airflow/dags/project_01_dag.py
[2025-08-01T11:37:24.442+0000] {processor.py:914} INFO - Processing file /opt/airflow/dags/project_01_dag.py for tasks to queue
[2025-08-01T11:37:24.444+0000] {logging_mixin.py:190} INFO - [2025-08-01T11:37:24.443+0000] {dagbag.py:588} INFO - Filling up the DagBag from /opt/airflow/dags/project_01_dag.py
[2025-08-01T11:37:25.935+0000] {processor.py:925} INFO - DAG(s) 'world_population_ETL_dag_43' retrieved from /opt/airflow/dags/project_01_dag.py
[2025-08-01T11:37:26.016+0000] {logging_mixin.py:190} INFO - [2025-08-01T11:37:26.015+0000] {override.py:1911} INFO - Created Permission View: can edit on DAG:world_population_ETL_dag_43
[2025-08-01T11:37:26.021+0000] {logging_mixin.py:190} INFO - [2025-08-01T11:37:26.021+0000] {override.py:1911} INFO - Created Permission View: can delete on DAG:world_population_ETL_dag_43
[2025-08-01T11:37:26.025+0000] {logging_mixin.py:190} INFO - [2025-08-01T11:37:26.025+0000] {override.py:1911} INFO - Created Permission View: can read on DAG:world_population_ETL_dag_43
[2025-08-01T11:37:26.029+0000] {logging_mixin.py:190} INFO - [2025-08-01T11:37:26.029+0000] {override.py:1911} INFO - Created Permission View: menu access on DAG Run:world_population_ETL_dag_43
[2025-08-01T11:37:26.032+0000] {logging_mixin.py:190} INFO - [2025-08-01T11:37:26.032+0000] {override.py:1911} INFO - Created Permission View: can create on DAG Run:world_population_ETL_dag_43
[2025-08-01T11:37:26.036+0000] {logging_mixin.py:190} INFO - [2025-08-01T11:37:26.035+0000] {override.py:1911} INFO - Created Permission View: can read on DAG Run:world_population_ETL_dag_43
[2025-08-01T11:37:26.039+0000] {logging_mixin.py:190} INFO - [2025-08-01T11:37:26.039+0000] {override.py:1911} INFO - Created Permission View: can delete on DAG Run:world_population_ETL_dag_43
[2025-08-01T11:37:26.040+0000] {logging_mixin.py:190} INFO - [2025-08-01T11:37:26.039+0000] {dag.py:3239} INFO - Sync 1 DAGs
[2025-08-01T11:37:26.048+0000] {logging_mixin.py:190} INFO - [2025-08-01T11:37:26.047+0000] {dag.py:3262} INFO - Creating ORM DAG for world_population_ETL_dag_43
[2025-08-01T11:37:26.055+0000] {logging_mixin.py:190} INFO - [2025-08-01T11:37:26.055+0000] {dag.py:4180} INFO - Setting next_dagrun for world_population_ETL_dag_43 to 2025-07-31 00:00:00+00:00, run_after=2025-08-01 00:00:00+00:00
[2025-08-01T11:37:26.064+0000] {processor.py:208} INFO - Processing /opt/airflow/dags/project_01_dag.py took 1.627 seconds
[2025-08-01T11:37:56.279+0000] {processor.py:186} INFO - Started process (PID=202) to work on /opt/airflow/dags/project_01_dag.py
[2025-08-01T11:37:56.288+0000] {processor.py:914} INFO - Processing file /opt/airflow/dags/project_01_dag.py for tasks to queue
[2025-08-01T11:37:56.292+0000] {logging_mixin.py:190} INFO - [2025-08-01T11:37:56.291+0000] {dagbag.py:588} INFO - Filling up the DagBag from /opt/airflow/dags/project_01_dag.py
[2025-08-01T11:37:57.246+0000] {processor.py:925} INFO - DAG(s) 'world_population_ETL_dag_43' retrieved from /opt/airflow/dags/project_01_dag.py
[2025-08-01T11:37:57.283+0000] {logging_mixin.py:190} INFO - [2025-08-01T11:37:57.282+0000] {dag.py:3239} INFO - Sync 1 DAGs
[2025-08-01T11:37:57.315+0000] {logging_mixin.py:190} INFO - [2025-08-01T11:37:57.314+0000] {dag.py:4180} INFO - Setting next_dagrun for world_population_ETL_dag_43 to 2025-07-31 00:00:00+00:00, run_after=2025-08-01 00:00:00+00:00
[2025-08-01T11:37:57.346+0000] {processor.py:208} INFO - Processing /opt/airflow/dags/project_01_dag.py took 1.078 seconds
[2025-08-01T11:38:27.449+0000] {processor.py:186} INFO - Started process (PID=214) to work on /opt/airflow/dags/project_01_dag.py
[2025-08-01T11:38:27.450+0000] {processor.py:914} INFO - Processing file /opt/airflow/dags/project_01_dag.py for tasks to queue
[2025-08-01T11:38:27.453+0000] {logging_mixin.py:190} INFO - [2025-08-01T11:38:27.452+0000] {dagbag.py:588} INFO - Filling up the DagBag from /opt/airflow/dags/project_01_dag.py
[2025-08-01T11:38:28.392+0000] {processor.py:925} INFO - DAG(s) 'world_population_ETL_dag_43' retrieved from /opt/airflow/dags/project_01_dag.py
[2025-08-01T11:38:28.423+0000] {logging_mixin.py:190} INFO - [2025-08-01T11:38:28.422+0000] {dag.py:3239} INFO - Sync 1 DAGs
[2025-08-01T11:38:28.450+0000] {logging_mixin.py:190} INFO - [2025-08-01T11:38:28.449+0000] {dag.py:4180} INFO - Setting next_dagrun for world_population_ETL_dag_43 to 2025-07-31 00:00:00+00:00, run_after=2025-08-01 00:00:00+00:00
[2025-08-01T11:38:28.472+0000] {processor.py:208} INFO - Processing /opt/airflow/dags/project_01_dag.py took 1.031 seconds
[2025-08-01T11:38:58.728+0000] {processor.py:186} INFO - Started process (PID=226) to work on /opt/airflow/dags/project_01_dag.py
[2025-08-01T11:38:58.729+0000] {processor.py:914} INFO - Processing file /opt/airflow/dags/project_01_dag.py for tasks to queue
[2025-08-01T11:38:58.732+0000] {logging_mixin.py:190} INFO - [2025-08-01T11:38:58.732+0000] {dagbag.py:588} INFO - Filling up the DagBag from /opt/airflow/dags/project_01_dag.py
[2025-08-01T11:38:59.717+0000] {processor.py:925} INFO - DAG(s) 'world_population_ETL_dag_43' retrieved from /opt/airflow/dags/project_01_dag.py
[2025-08-01T11:38:59.757+0000] {logging_mixin.py:190} INFO - [2025-08-01T11:38:59.757+0000] {dag.py:3239} INFO - Sync 1 DAGs
[2025-08-01T11:38:59.796+0000] {logging_mixin.py:190} INFO - [2025-08-01T11:38:59.795+0000] {dag.py:4180} INFO - Setting next_dagrun for world_population_ETL_dag_43 to 2025-07-31 00:00:00+00:00, run_after=2025-08-01 00:00:00+00:00
[2025-08-01T11:38:59.824+0000] {processor.py:208} INFO - Processing /opt/airflow/dags/project_01_dag.py took 1.104 seconds
[2025-08-01T11:39:30.068+0000] {processor.py:186} INFO - Started process (PID=238) to work on /opt/airflow/dags/project_01_dag.py
[2025-08-01T11:39:30.070+0000] {processor.py:914} INFO - Processing file /opt/airflow/dags/project_01_dag.py for tasks to queue
[2025-08-01T11:39:30.073+0000] {logging_mixin.py:190} INFO - [2025-08-01T11:39:30.072+0000] {dagbag.py:588} INFO - Filling up the DagBag from /opt/airflow/dags/project_01_dag.py
[2025-08-01T11:39:31.028+0000] {processor.py:925} INFO - DAG(s) 'world_population_ETL_dag_43' retrieved from /opt/airflow/dags/project_01_dag.py
[2025-08-01T11:39:31.068+0000] {logging_mixin.py:190} INFO - [2025-08-01T11:39:31.068+0000] {dag.py:3239} INFO - Sync 1 DAGs
[2025-08-01T11:39:31.097+0000] {logging_mixin.py:190} INFO - [2025-08-01T11:39:31.096+0000] {dag.py:4180} INFO - Setting next_dagrun for world_population_ETL_dag_43 to 2025-07-31 00:00:00+00:00, run_after=2025-08-01 00:00:00+00:00
[2025-08-01T11:39:31.119+0000] {processor.py:208} INFO - Processing /opt/airflow/dags/project_01_dag.py took 1.061 seconds
[2025-08-01T11:40:01.394+0000] {processor.py:186} INFO - Started process (PID=250) to work on /opt/airflow/dags/project_01_dag.py
[2025-08-01T11:40:01.395+0000] {processor.py:914} INFO - Processing file /opt/airflow/dags/project_01_dag.py for tasks to queue
[2025-08-01T11:40:01.398+0000] {logging_mixin.py:190} INFO - [2025-08-01T11:40:01.397+0000] {dagbag.py:588} INFO - Filling up the DagBag from /opt/airflow/dags/project_01_dag.py
[2025-08-01T11:40:02.267+0000] {processor.py:925} INFO - DAG(s) 'world_population_ETL_dag_43' retrieved from /opt/airflow/dags/project_01_dag.py
[2025-08-01T11:40:02.300+0000] {logging_mixin.py:190} INFO - [2025-08-01T11:40:02.299+0000] {dag.py:3239} INFO - Sync 1 DAGs
[2025-08-01T11:40:02.326+0000] {logging_mixin.py:190} INFO - [2025-08-01T11:40:02.325+0000] {dag.py:4180} INFO - Setting next_dagrun for world_population_ETL_dag_43 to 2025-07-31 00:00:00+00:00, run_after=2025-08-01 00:00:00+00:00
[2025-08-01T11:40:02.346+0000] {processor.py:208} INFO - Processing /opt/airflow/dags/project_01_dag.py took 0.960 seconds
[2025-08-01T11:40:32.615+0000] {processor.py:186} INFO - Started process (PID=262) to work on /opt/airflow/dags/project_01_dag.py
[2025-08-01T11:40:32.616+0000] {processor.py:914} INFO - Processing file /opt/airflow/dags/project_01_dag.py for tasks to queue
[2025-08-01T11:40:32.619+0000] {logging_mixin.py:190} INFO - [2025-08-01T11:40:32.619+0000] {dagbag.py:588} INFO - Filling up the DagBag from /opt/airflow/dags/project_01_dag.py
[2025-08-01T11:40:33.618+0000] {processor.py:925} INFO - DAG(s) 'world_population_ETL_dag_43' retrieved from /opt/airflow/dags/project_01_dag.py
[2025-08-01T11:40:33.657+0000] {logging_mixin.py:190} INFO - [2025-08-01T11:40:33.656+0000] {dag.py:3239} INFO - Sync 1 DAGs
[2025-08-01T11:40:33.689+0000] {logging_mixin.py:190} INFO - [2025-08-01T11:40:33.689+0000] {dag.py:4180} INFO - Setting next_dagrun for world_population_ETL_dag_43 to 2025-07-31 00:00:00+00:00, run_after=2025-08-01 00:00:00+00:00
[2025-08-01T11:40:33.714+0000] {processor.py:208} INFO - Processing /opt/airflow/dags/project_01_dag.py took 1.109 seconds
[2025-08-01T11:41:03.968+0000] {processor.py:186} INFO - Started process (PID=363) to work on /opt/airflow/dags/project_01_dag.py
[2025-08-01T11:41:03.969+0000] {processor.py:914} INFO - Processing file /opt/airflow/dags/project_01_dag.py for tasks to queue
[2025-08-01T11:41:03.972+0000] {logging_mixin.py:190} INFO - [2025-08-01T11:41:03.971+0000] {dagbag.py:588} INFO - Filling up the DagBag from /opt/airflow/dags/project_01_dag.py
[2025-08-01T11:41:04.975+0000] {processor.py:925} INFO - DAG(s) 'world_population_ETL_dag_43' retrieved from /opt/airflow/dags/project_01_dag.py
[2025-08-01T11:41:05.007+0000] {logging_mixin.py:190} INFO - [2025-08-01T11:41:05.006+0000] {dag.py:3239} INFO - Sync 1 DAGs
[2025-08-01T11:41:05.035+0000] {logging_mixin.py:190} INFO - [2025-08-01T11:41:05.035+0000] {dag.py:4180} INFO - Setting next_dagrun for world_population_ETL_dag_43 to 2025-07-31 00:00:00+00:00, run_after=2025-08-01 00:00:00+00:00
[2025-08-01T11:41:05.056+0000] {processor.py:208} INFO - Processing /opt/airflow/dags/project_01_dag.py took 1.097 seconds
[2025-08-01T11:41:35.314+0000] {processor.py:186} INFO - Started process (PID=375) to work on /opt/airflow/dags/project_01_dag.py
[2025-08-01T11:41:35.315+0000] {processor.py:914} INFO - Processing file /opt/airflow/dags/project_01_dag.py for tasks to queue
[2025-08-01T11:41:35.318+0000] {logging_mixin.py:190} INFO - [2025-08-01T11:41:35.318+0000] {dagbag.py:588} INFO - Filling up the DagBag from /opt/airflow/dags/project_01_dag.py
[2025-08-01T11:41:36.201+0000] {processor.py:925} INFO - DAG(s) 'world_population_ETL_dag_43' retrieved from /opt/airflow/dags/project_01_dag.py
[2025-08-01T11:41:36.236+0000] {logging_mixin.py:190} INFO - [2025-08-01T11:41:36.235+0000] {dag.py:3239} INFO - Sync 1 DAGs
[2025-08-01T11:41:36.264+0000] {logging_mixin.py:190} INFO - [2025-08-01T11:41:36.263+0000] {dag.py:4180} INFO - Setting next_dagrun for world_population_ETL_dag_43 to 2025-07-31 00:00:00+00:00, run_after=2025-08-01 00:00:00+00:00
[2025-08-01T11:41:36.297+0000] {processor.py:208} INFO - Processing /opt/airflow/dags/project_01_dag.py took 0.992 seconds
[2025-08-01T11:42:06.588+0000] {processor.py:186} INFO - Started process (PID=387) to work on /opt/airflow/dags/project_01_dag.py
[2025-08-01T11:42:06.589+0000] {processor.py:914} INFO - Processing file /opt/airflow/dags/project_01_dag.py for tasks to queue
[2025-08-01T11:42:06.593+0000] {logging_mixin.py:190} INFO - [2025-08-01T11:42:06.592+0000] {dagbag.py:588} INFO - Filling up the DagBag from /opt/airflow/dags/project_01_dag.py
[2025-08-01T11:42:07.555+0000] {processor.py:925} INFO - DAG(s) 'world_population_ETL_dag_43' retrieved from /opt/airflow/dags/project_01_dag.py
[2025-08-01T11:42:07.593+0000] {logging_mixin.py:190} INFO - [2025-08-01T11:42:07.593+0000] {dag.py:3239} INFO - Sync 1 DAGs
[2025-08-01T11:42:07.622+0000] {logging_mixin.py:190} INFO - [2025-08-01T11:42:07.621+0000] {dag.py:4180} INFO - Setting next_dagrun for world_population_ETL_dag_43 to 2025-07-31 00:00:00+00:00, run_after=2025-08-01 00:00:00+00:00
[2025-08-01T11:42:07.642+0000] {processor.py:208} INFO - Processing /opt/airflow/dags/project_01_dag.py took 1.062 seconds
[2025-08-01T11:42:37.945+0000] {processor.py:186} INFO - Started process (PID=399) to work on /opt/airflow/dags/project_01_dag.py
[2025-08-01T11:42:37.946+0000] {processor.py:914} INFO - Processing file /opt/airflow/dags/project_01_dag.py for tasks to queue
[2025-08-01T11:42:37.949+0000] {logging_mixin.py:190} INFO - [2025-08-01T11:42:37.949+0000] {dagbag.py:588} INFO - Filling up the DagBag from /opt/airflow/dags/project_01_dag.py
[2025-08-01T11:42:38.897+0000] {processor.py:925} INFO - DAG(s) 'world_population_ETL_dag_43' retrieved from /opt/airflow/dags/project_01_dag.py
[2025-08-01T11:42:38.934+0000] {logging_mixin.py:190} INFO - [2025-08-01T11:42:38.933+0000] {dag.py:3239} INFO - Sync 1 DAGs
[2025-08-01T11:42:38.963+0000] {logging_mixin.py:190} INFO - [2025-08-01T11:42:38.962+0000] {dag.py:4180} INFO - Setting next_dagrun for world_population_ETL_dag_43 to 2025-07-31 00:00:00+00:00, run_after=2025-08-01 00:00:00+00:00
[2025-08-01T11:42:38.993+0000] {processor.py:208} INFO - Processing /opt/airflow/dags/project_01_dag.py took 1.057 seconds
[2025-08-01T11:54:56.491+0000] {processor.py:186} INFO - Started process (PID=189) to work on /opt/airflow/dags/project_01_dag.py
[2025-08-01T11:54:56.492+0000] {processor.py:914} INFO - Processing file /opt/airflow/dags/project_01_dag.py for tasks to queue
[2025-08-01T11:54:56.494+0000] {logging_mixin.py:190} INFO - [2025-08-01T11:54:56.493+0000] {dagbag.py:588} INFO - Filling up the DagBag from /opt/airflow/dags/project_01_dag.py
[2025-08-01T11:54:57.957+0000] {processor.py:925} INFO - DAG(s) 'world_population_ETL_dag_43' retrieved from /opt/airflow/dags/project_01_dag.py
[2025-08-01T11:54:58.045+0000] {logging_mixin.py:190} INFO - [2025-08-01T11:54:58.044+0000] {override.py:1911} INFO - Created Permission View: can edit on DAG:world_population_ETL_dag_43
[2025-08-01T11:54:58.053+0000] {logging_mixin.py:190} INFO - [2025-08-01T11:54:58.053+0000] {override.py:1911} INFO - Created Permission View: can read on DAG:world_population_ETL_dag_43
[2025-08-01T11:54:58.058+0000] {logging_mixin.py:190} INFO - [2025-08-01T11:54:58.058+0000] {override.py:1911} INFO - Created Permission View: can delete on DAG:world_population_ETL_dag_43
[2025-08-01T11:54:58.065+0000] {logging_mixin.py:190} INFO - [2025-08-01T11:54:58.064+0000] {override.py:1911} INFO - Created Permission View: menu access on DAG Run:world_population_ETL_dag_43
[2025-08-01T11:54:58.070+0000] {logging_mixin.py:190} INFO - [2025-08-01T11:54:58.070+0000] {override.py:1911} INFO - Created Permission View: can create on DAG Run:world_population_ETL_dag_43
[2025-08-01T11:54:58.075+0000] {logging_mixin.py:190} INFO - [2025-08-01T11:54:58.075+0000] {override.py:1911} INFO - Created Permission View: can read on DAG Run:world_population_ETL_dag_43
[2025-08-01T11:54:58.081+0000] {logging_mixin.py:190} INFO - [2025-08-01T11:54:58.080+0000] {override.py:1911} INFO - Created Permission View: can delete on DAG Run:world_population_ETL_dag_43
[2025-08-01T11:54:58.081+0000] {logging_mixin.py:190} INFO - [2025-08-01T11:54:58.081+0000] {dag.py:3239} INFO - Sync 1 DAGs
[2025-08-01T11:54:58.091+0000] {logging_mixin.py:190} INFO - [2025-08-01T11:54:58.091+0000] {dag.py:3262} INFO - Creating ORM DAG for world_population_ETL_dag_43
[2025-08-01T11:54:58.099+0000] {logging_mixin.py:190} INFO - [2025-08-01T11:54:58.098+0000] {dag.py:4180} INFO - Setting next_dagrun for world_population_ETL_dag_43 to 2025-07-31 00:00:00+00:00, run_after=2025-08-01 00:00:00+00:00
[2025-08-01T11:54:58.109+0000] {processor.py:208} INFO - Processing /opt/airflow/dags/project_01_dag.py took 1.624 seconds
[2025-08-01T11:55:28.295+0000] {processor.py:186} INFO - Started process (PID=201) to work on /opt/airflow/dags/project_01_dag.py
[2025-08-01T11:55:28.296+0000] {processor.py:914} INFO - Processing file /opt/airflow/dags/project_01_dag.py for tasks to queue
[2025-08-01T11:55:28.299+0000] {logging_mixin.py:190} INFO - [2025-08-01T11:55:28.298+0000] {dagbag.py:588} INFO - Filling up the DagBag from /opt/airflow/dags/project_01_dag.py
[2025-08-01T11:55:29.197+0000] {processor.py:925} INFO - DAG(s) 'world_population_ETL_dag_43' retrieved from /opt/airflow/dags/project_01_dag.py
[2025-08-01T11:55:29.227+0000] {logging_mixin.py:190} INFO - [2025-08-01T11:55:29.227+0000] {dag.py:3239} INFO - Sync 1 DAGs
[2025-08-01T11:55:29.252+0000] {logging_mixin.py:190} INFO - [2025-08-01T11:55:29.252+0000] {dag.py:4180} INFO - Setting next_dagrun for world_population_ETL_dag_43 to 2025-07-31 00:00:00+00:00, run_after=2025-08-01 00:00:00+00:00
[2025-08-01T11:55:29.280+0000] {processor.py:208} INFO - Processing /opt/airflow/dags/project_01_dag.py took 0.993 seconds
[2025-08-01T11:55:59.574+0000] {processor.py:186} INFO - Started process (PID=213) to work on /opt/airflow/dags/project_01_dag.py
[2025-08-01T11:55:59.575+0000] {processor.py:914} INFO - Processing file /opt/airflow/dags/project_01_dag.py for tasks to queue
[2025-08-01T11:55:59.579+0000] {logging_mixin.py:190} INFO - [2025-08-01T11:55:59.578+0000] {dagbag.py:588} INFO - Filling up the DagBag from /opt/airflow/dags/project_01_dag.py
[2025-08-01T11:56:00.468+0000] {processor.py:925} INFO - DAG(s) 'world_population_ETL_dag_43' retrieved from /opt/airflow/dags/project_01_dag.py
[2025-08-01T11:56:00.503+0000] {logging_mixin.py:190} INFO - [2025-08-01T11:56:00.503+0000] {dag.py:3239} INFO - Sync 1 DAGs
[2025-08-01T11:56:00.535+0000] {logging_mixin.py:190} INFO - [2025-08-01T11:56:00.534+0000] {dag.py:4180} INFO - Setting next_dagrun for world_population_ETL_dag_43 to 2025-07-31 00:00:00+00:00, run_after=2025-08-01 00:00:00+00:00
[2025-08-01T11:56:00.565+0000] {processor.py:208} INFO - Processing /opt/airflow/dags/project_01_dag.py took 0.999 seconds
[2025-08-01T11:56:30.832+0000] {processor.py:186} INFO - Started process (PID=225) to work on /opt/airflow/dags/project_01_dag.py
[2025-08-01T11:56:30.833+0000] {processor.py:914} INFO - Processing file /opt/airflow/dags/project_01_dag.py for tasks to queue
[2025-08-01T11:56:30.836+0000] {logging_mixin.py:190} INFO - [2025-08-01T11:56:30.836+0000] {dagbag.py:588} INFO - Filling up the DagBag from /opt/airflow/dags/project_01_dag.py
[2025-08-01T11:56:31.753+0000] {processor.py:925} INFO - DAG(s) 'world_population_ETL_dag_43' retrieved from /opt/airflow/dags/project_01_dag.py
[2025-08-01T11:56:31.783+0000] {logging_mixin.py:190} INFO - [2025-08-01T11:56:31.783+0000] {dag.py:3239} INFO - Sync 1 DAGs
[2025-08-01T11:56:31.813+0000] {logging_mixin.py:190} INFO - [2025-08-01T11:56:31.812+0000] {dag.py:4180} INFO - Setting next_dagrun for world_population_ETL_dag_43 to 2025-07-31 00:00:00+00:00, run_after=2025-08-01 00:00:00+00:00
[2025-08-01T11:56:31.841+0000] {processor.py:208} INFO - Processing /opt/airflow/dags/project_01_dag.py took 1.017 seconds
[2025-08-01T11:57:02.118+0000] {processor.py:186} INFO - Started process (PID=237) to work on /opt/airflow/dags/project_01_dag.py
[2025-08-01T11:57:02.119+0000] {processor.py:914} INFO - Processing file /opt/airflow/dags/project_01_dag.py for tasks to queue
[2025-08-01T11:57:02.122+0000] {logging_mixin.py:190} INFO - [2025-08-01T11:57:02.121+0000] {dagbag.py:588} INFO - Filling up the DagBag from /opt/airflow/dags/project_01_dag.py
[2025-08-01T11:57:02.929+0000] {processor.py:925} INFO - DAG(s) 'world_population_ETL_dag_43' retrieved from /opt/airflow/dags/project_01_dag.py
[2025-08-01T11:57:02.967+0000] {logging_mixin.py:190} INFO - [2025-08-01T11:57:02.966+0000] {dag.py:3239} INFO - Sync 1 DAGs
[2025-08-01T11:57:02.992+0000] {logging_mixin.py:190} INFO - [2025-08-01T11:57:02.991+0000] {dag.py:4180} INFO - Setting next_dagrun for world_population_ETL_dag_43 to 2025-07-31 00:00:00+00:00, run_after=2025-08-01 00:00:00+00:00
[2025-08-01T11:57:03.019+0000] {processor.py:208} INFO - Processing /opt/airflow/dags/project_01_dag.py took 0.908 seconds
[2025-08-01T11:57:33.291+0000] {processor.py:186} INFO - Started process (PID=249) to work on /opt/airflow/dags/project_01_dag.py
[2025-08-01T11:57:33.292+0000] {processor.py:914} INFO - Processing file /opt/airflow/dags/project_01_dag.py for tasks to queue
[2025-08-01T11:57:33.294+0000] {logging_mixin.py:190} INFO - [2025-08-01T11:57:33.294+0000] {dagbag.py:588} INFO - Filling up the DagBag from /opt/airflow/dags/project_01_dag.py
[2025-08-01T11:57:34.157+0000] {processor.py:925} INFO - DAG(s) 'world_population_ETL_dag_43' retrieved from /opt/airflow/dags/project_01_dag.py
[2025-08-01T11:57:34.192+0000] {logging_mixin.py:190} INFO - [2025-08-01T11:57:34.192+0000] {dag.py:3239} INFO - Sync 1 DAGs
[2025-08-01T11:57:34.222+0000] {logging_mixin.py:190} INFO - [2025-08-01T11:57:34.221+0000] {dag.py:4180} INFO - Setting next_dagrun for world_population_ETL_dag_43 to 2025-07-31 00:00:00+00:00, run_after=2025-08-01 00:00:00+00:00
[2025-08-01T11:57:34.253+0000] {processor.py:208} INFO - Processing /opt/airflow/dags/project_01_dag.py took 0.971 seconds
[2025-08-01T11:58:38.418+0000] {processor.py:186} INFO - Started process (PID=189) to work on /opt/airflow/dags/project_01_dag.py
[2025-08-01T11:58:38.418+0000] {processor.py:914} INFO - Processing file /opt/airflow/dags/project_01_dag.py for tasks to queue
[2025-08-01T11:58:38.420+0000] {logging_mixin.py:190} INFO - [2025-08-01T11:58:38.420+0000] {dagbag.py:588} INFO - Filling up the DagBag from /opt/airflow/dags/project_01_dag.py
[2025-08-01T11:58:39.750+0000] {processor.py:925} INFO - DAG(s) 'world_population_ETL_dag_43' retrieved from /opt/airflow/dags/project_01_dag.py
[2025-08-01T11:58:39.849+0000] {logging_mixin.py:190} INFO - [2025-08-01T11:58:39.848+0000] {override.py:1911} INFO - Created Permission View: can edit on DAG:world_population_ETL_dag_43
[2025-08-01T11:58:39.858+0000] {logging_mixin.py:190} INFO - [2025-08-01T11:58:39.858+0000] {override.py:1911} INFO - Created Permission View: can delete on DAG:world_population_ETL_dag_43
[2025-08-01T11:58:39.864+0000] {logging_mixin.py:190} INFO - [2025-08-01T11:58:39.863+0000] {override.py:1911} INFO - Created Permission View: can read on DAG:world_population_ETL_dag_43
[2025-08-01T11:58:39.869+0000] {logging_mixin.py:190} INFO - [2025-08-01T11:58:39.869+0000] {override.py:1911} INFO - Created Permission View: can delete on DAG Run:world_population_ETL_dag_43
[2025-08-01T11:58:39.874+0000] {logging_mixin.py:190} INFO - [2025-08-01T11:58:39.874+0000] {override.py:1911} INFO - Created Permission View: can create on DAG Run:world_population_ETL_dag_43
[2025-08-01T11:58:39.878+0000] {logging_mixin.py:190} INFO - [2025-08-01T11:58:39.878+0000] {override.py:1911} INFO - Created Permission View: menu access on DAG Run:world_population_ETL_dag_43
[2025-08-01T11:58:39.882+0000] {logging_mixin.py:190} INFO - [2025-08-01T11:58:39.881+0000] {override.py:1911} INFO - Created Permission View: can read on DAG Run:world_population_ETL_dag_43
[2025-08-01T11:58:39.882+0000] {logging_mixin.py:190} INFO - [2025-08-01T11:58:39.882+0000] {dag.py:3239} INFO - Sync 1 DAGs
[2025-08-01T11:58:39.891+0000] {logging_mixin.py:190} INFO - [2025-08-01T11:58:39.890+0000] {dag.py:3262} INFO - Creating ORM DAG for world_population_ETL_dag_43
[2025-08-01T11:58:39.898+0000] {logging_mixin.py:190} INFO - [2025-08-01T11:58:39.897+0000] {dag.py:4180} INFO - Setting next_dagrun for world_population_ETL_dag_43 to 2025-07-31 00:00:00+00:00, run_after=2025-08-01 00:00:00+00:00
[2025-08-01T11:58:39.906+0000] {processor.py:208} INFO - Processing /opt/airflow/dags/project_01_dag.py took 1.493 seconds
[2025-08-01T11:59:10.087+0000] {processor.py:186} INFO - Started process (PID=201) to work on /opt/airflow/dags/project_01_dag.py
[2025-08-01T11:59:10.088+0000] {processor.py:914} INFO - Processing file /opt/airflow/dags/project_01_dag.py for tasks to queue
[2025-08-01T11:59:10.091+0000] {logging_mixin.py:190} INFO - [2025-08-01T11:59:10.090+0000] {dagbag.py:588} INFO - Filling up the DagBag from /opt/airflow/dags/project_01_dag.py
[2025-08-01T11:59:10.966+0000] {processor.py:925} INFO - DAG(s) 'world_population_ETL_dag_43' retrieved from /opt/airflow/dags/project_01_dag.py
[2025-08-01T11:59:11.000+0000] {logging_mixin.py:190} INFO - [2025-08-01T11:59:11.000+0000] {dag.py:3239} INFO - Sync 1 DAGs
[2025-08-01T11:59:11.029+0000] {logging_mixin.py:190} INFO - [2025-08-01T11:59:11.028+0000] {dag.py:4180} INFO - Setting next_dagrun for world_population_ETL_dag_43 to 2025-07-31 00:00:00+00:00, run_after=2025-08-01 00:00:00+00:00
[2025-08-01T11:59:11.060+0000] {processor.py:208} INFO - Processing /opt/airflow/dags/project_01_dag.py took 0.981 seconds
[2025-08-01T11:59:41.350+0000] {processor.py:186} INFO - Started process (PID=213) to work on /opt/airflow/dags/project_01_dag.py
[2025-08-01T11:59:41.351+0000] {processor.py:914} INFO - Processing file /opt/airflow/dags/project_01_dag.py for tasks to queue
[2025-08-01T11:59:41.354+0000] {logging_mixin.py:190} INFO - [2025-08-01T11:59:41.353+0000] {dagbag.py:588} INFO - Filling up the DagBag from /opt/airflow/dags/project_01_dag.py
[2025-08-01T11:59:42.371+0000] {processor.py:925} INFO - DAG(s) 'world_population_ETL_dag_43' retrieved from /opt/airflow/dags/project_01_dag.py
[2025-08-01T11:59:42.409+0000] {logging_mixin.py:190} INFO - [2025-08-01T11:59:42.408+0000] {dag.py:3239} INFO - Sync 1 DAGs
[2025-08-01T11:59:42.441+0000] {logging_mixin.py:190} INFO - [2025-08-01T11:59:42.441+0000] {dag.py:4180} INFO - Setting next_dagrun for world_population_ETL_dag_43 to 2025-07-31 00:00:00+00:00, run_after=2025-08-01 00:00:00+00:00
[2025-08-01T11:59:42.476+0000] {processor.py:208} INFO - Processing /opt/airflow/dags/project_01_dag.py took 1.134 seconds
[2025-08-01T12:00:12.749+0000] {processor.py:186} INFO - Started process (PID=225) to work on /opt/airflow/dags/project_01_dag.py
[2025-08-01T12:00:12.750+0000] {processor.py:914} INFO - Processing file /opt/airflow/dags/project_01_dag.py for tasks to queue
[2025-08-01T12:00:12.752+0000] {logging_mixin.py:190} INFO - [2025-08-01T12:00:12.752+0000] {dagbag.py:588} INFO - Filling up the DagBag from /opt/airflow/dags/project_01_dag.py
[2025-08-01T12:00:13.557+0000] {processor.py:925} INFO - DAG(s) 'world_population_ETL_dag_43' retrieved from /opt/airflow/dags/project_01_dag.py
[2025-08-01T12:00:13.586+0000] {logging_mixin.py:190} INFO - [2025-08-01T12:00:13.585+0000] {dag.py:3239} INFO - Sync 1 DAGs
[2025-08-01T12:00:13.613+0000] {logging_mixin.py:190} INFO - [2025-08-01T12:00:13.612+0000] {dag.py:4180} INFO - Setting next_dagrun for world_population_ETL_dag_43 to 2025-07-31 00:00:00+00:00, run_after=2025-08-01 00:00:00+00:00
[2025-08-01T12:00:13.638+0000] {processor.py:208} INFO - Processing /opt/airflow/dags/project_01_dag.py took 0.897 seconds
[2025-08-01T12:00:43.917+0000] {processor.py:186} INFO - Started process (PID=237) to work on /opt/airflow/dags/project_01_dag.py
[2025-08-01T12:00:43.918+0000] {processor.py:914} INFO - Processing file /opt/airflow/dags/project_01_dag.py for tasks to queue
[2025-08-01T12:00:43.921+0000] {logging_mixin.py:190} INFO - [2025-08-01T12:00:43.920+0000] {dagbag.py:588} INFO - Filling up the DagBag from /opt/airflow/dags/project_01_dag.py
[2025-08-01T12:00:44.796+0000] {processor.py:925} INFO - DAG(s) 'world_population_ETL_dag_43' retrieved from /opt/airflow/dags/project_01_dag.py
[2025-08-01T12:00:44.833+0000] {logging_mixin.py:190} INFO - [2025-08-01T12:00:44.833+0000] {dag.py:3239} INFO - Sync 1 DAGs
[2025-08-01T12:00:44.861+0000] {logging_mixin.py:190} INFO - [2025-08-01T12:00:44.861+0000] {dag.py:4180} INFO - Setting next_dagrun for world_population_ETL_dag_43 to 2025-07-31 00:00:00+00:00, run_after=2025-08-01 00:00:00+00:00
[2025-08-01T12:00:44.890+0000] {processor.py:208} INFO - Processing /opt/airflow/dags/project_01_dag.py took 0.981 seconds
[2025-08-01T12:01:15.154+0000] {processor.py:186} INFO - Started process (PID=249) to work on /opt/airflow/dags/project_01_dag.py
[2025-08-01T12:01:15.155+0000] {processor.py:914} INFO - Processing file /opt/airflow/dags/project_01_dag.py for tasks to queue
[2025-08-01T12:01:15.158+0000] {logging_mixin.py:190} INFO - [2025-08-01T12:01:15.158+0000] {dagbag.py:588} INFO - Filling up the DagBag from /opt/airflow/dags/project_01_dag.py
[2025-08-01T12:01:16.018+0000] {processor.py:925} INFO - DAG(s) 'world_population_ETL_dag_43' retrieved from /opt/airflow/dags/project_01_dag.py
[2025-08-01T12:01:16.051+0000] {logging_mixin.py:190} INFO - [2025-08-01T12:01:16.051+0000] {dag.py:3239} INFO - Sync 1 DAGs
[2025-08-01T12:01:16.081+0000] {logging_mixin.py:190} INFO - [2025-08-01T12:01:16.080+0000] {dag.py:4180} INFO - Setting next_dagrun for world_population_ETL_dag_43 to 2025-07-31 00:00:00+00:00, run_after=2025-08-01 00:00:00+00:00
[2025-08-01T12:01:16.109+0000] {processor.py:208} INFO - Processing /opt/airflow/dags/project_01_dag.py took 0.963 seconds
[2025-08-01T12:01:46.390+0000] {processor.py:186} INFO - Started process (PID=261) to work on /opt/airflow/dags/project_01_dag.py
[2025-08-01T12:01:46.391+0000] {processor.py:914} INFO - Processing file /opt/airflow/dags/project_01_dag.py for tasks to queue
[2025-08-01T12:01:46.394+0000] {logging_mixin.py:190} INFO - [2025-08-01T12:01:46.393+0000] {dagbag.py:588} INFO - Filling up the DagBag from /opt/airflow/dags/project_01_dag.py
[2025-08-01T12:01:47.305+0000] {processor.py:925} INFO - DAG(s) 'world_population_ETL_dag_43' retrieved from /opt/airflow/dags/project_01_dag.py
[2025-08-01T12:01:47.343+0000] {logging_mixin.py:190} INFO - [2025-08-01T12:01:47.343+0000] {dag.py:3239} INFO - Sync 1 DAGs
[2025-08-01T12:01:47.375+0000] {logging_mixin.py:190} INFO - [2025-08-01T12:01:47.375+0000] {dag.py:4180} INFO - Setting next_dagrun for world_population_ETL_dag_43 to 2025-07-31 00:00:00+00:00, run_after=2025-08-01 00:00:00+00:00
[2025-08-01T12:01:47.407+0000] {processor.py:208} INFO - Processing /opt/airflow/dags/project_01_dag.py took 1.025 seconds
[2025-08-01T12:02:17.617+0000] {processor.py:186} INFO - Started process (PID=273) to work on /opt/airflow/dags/project_01_dag.py
[2025-08-01T12:02:17.618+0000] {processor.py:914} INFO - Processing file /opt/airflow/dags/project_01_dag.py for tasks to queue
[2025-08-01T12:02:17.621+0000] {logging_mixin.py:190} INFO - [2025-08-01T12:02:17.620+0000] {dagbag.py:588} INFO - Filling up the DagBag from /opt/airflow/dags/project_01_dag.py
[2025-08-01T12:02:18.493+0000] {processor.py:925} INFO - DAG(s) 'world_population_ETL_dag_43' retrieved from /opt/airflow/dags/project_01_dag.py
[2025-08-01T12:02:18.526+0000] {logging_mixin.py:190} INFO - [2025-08-01T12:02:18.526+0000] {dag.py:3239} INFO - Sync 1 DAGs
[2025-08-01T12:02:18.556+0000] {logging_mixin.py:190} INFO - [2025-08-01T12:02:18.556+0000] {dag.py:4180} INFO - Setting next_dagrun for world_population_ETL_dag_43 to 2025-07-31 00:00:00+00:00, run_after=2025-08-01 00:00:00+00:00
[2025-08-01T12:02:18.584+0000] {processor.py:208} INFO - Processing /opt/airflow/dags/project_01_dag.py took 0.975 seconds
[2025-08-01T12:02:48.857+0000] {processor.py:186} INFO - Started process (PID=285) to work on /opt/airflow/dags/project_01_dag.py
[2025-08-01T12:02:48.859+0000] {processor.py:914} INFO - Processing file /opt/airflow/dags/project_01_dag.py for tasks to queue
[2025-08-01T12:02:48.862+0000] {logging_mixin.py:190} INFO - [2025-08-01T12:02:48.861+0000] {dagbag.py:588} INFO - Filling up the DagBag from /opt/airflow/dags/project_01_dag.py
[2025-08-01T12:02:49.664+0000] {processor.py:925} INFO - DAG(s) 'world_population_ETL_dag_43' retrieved from /opt/airflow/dags/project_01_dag.py
[2025-08-01T12:02:49.711+0000] {logging_mixin.py:190} INFO - [2025-08-01T12:02:49.711+0000] {dag.py:3239} INFO - Sync 1 DAGs
[2025-08-01T12:02:49.741+0000] {logging_mixin.py:190} INFO - [2025-08-01T12:02:49.741+0000] {dag.py:4180} INFO - Setting next_dagrun for world_population_ETL_dag_43 to 2025-07-31 00:00:00+00:00, run_after=2025-08-01 00:00:00+00:00
[2025-08-01T12:02:49.762+0000] {processor.py:208} INFO - Processing /opt/airflow/dags/project_01_dag.py took 0.914 seconds
[2025-08-01T12:03:20.033+0000] {processor.py:186} INFO - Started process (PID=297) to work on /opt/airflow/dags/project_01_dag.py
[2025-08-01T12:03:20.034+0000] {processor.py:914} INFO - Processing file /opt/airflow/dags/project_01_dag.py for tasks to queue
[2025-08-01T12:03:20.038+0000] {logging_mixin.py:190} INFO - [2025-08-01T12:03:20.037+0000] {dagbag.py:588} INFO - Filling up the DagBag from /opt/airflow/dags/project_01_dag.py
[2025-08-01T12:03:20.737+0000] {processor.py:925} INFO - DAG(s) 'world_population_ETL_dag_43' retrieved from /opt/airflow/dags/project_01_dag.py
[2025-08-01T12:03:20.774+0000] {logging_mixin.py:190} INFO - [2025-08-01T12:03:20.773+0000] {dag.py:3239} INFO - Sync 1 DAGs
[2025-08-01T12:03:20.805+0000] {logging_mixin.py:190} INFO - [2025-08-01T12:03:20.805+0000] {dag.py:4180} INFO - Setting next_dagrun for world_population_ETL_dag_43 to 2025-07-31 00:00:00+00:00, run_after=2025-08-01 00:00:00+00:00
[2025-08-01T12:03:20.836+0000] {processor.py:208} INFO - Processing /opt/airflow/dags/project_01_dag.py took 0.811 seconds
