[2025-04-13T13:24:13.390+0000] {taskinstance.py:1083} INFO - Dependencies all met for <TaskInstance: our_first_dag.first_task scheduled__2023-12-11T00:00:00+00:00 [queued]>
[2025-04-13T13:24:13.410+0000] {taskinstance.py:1083} INFO - Dependencies all met for <TaskInstance: our_first_dag.first_task scheduled__2023-12-11T00:00:00+00:00 [queued]>
[2025-04-13T13:24:13.411+0000] {taskinstance.py:1279} INFO - 
--------------------------------------------------------------------------------
[2025-04-13T13:24:13.411+0000] {taskinstance.py:1280} INFO - Starting attempt 1 of 6
[2025-04-13T13:24:13.411+0000] {taskinstance.py:1281} INFO - 
--------------------------------------------------------------------------------
[2025-04-13T13:24:13.474+0000] {taskinstance.py:1300} INFO - Executing <Task(BashOperator): first_task> on 2023-12-11 00:00:00+00:00
[2025-04-13T13:24:13.490+0000] {standard_task_runner.py:55} INFO - Started process 945 to run task
[2025-04-13T13:24:13.495+0000] {standard_task_runner.py:82} INFO - Running: ['***', 'tasks', 'run', 'our_first_dag', 'first_task', 'scheduled__2023-12-11T00:00:00+00:00', '--job-id', '146', '--raw', '--subdir', 'DAGS_FOLDER/ourfirt_dag.py', '--cfg-path', '/tmp/tmpbab3ddl6']
[2025-04-13T13:24:13.497+0000] {standard_task_runner.py:83} INFO - Job 146: Subtask first_task
[2025-04-13T13:24:13.664+0000] {task_command.py:388} INFO - Running <TaskInstance: our_first_dag.first_task scheduled__2023-12-11T00:00:00+00:00 [running]> on host 7ff1b264ad9f
[2025-04-13T13:24:13.883+0000] {taskinstance.py:1509} INFO - Exporting the following env vars:
AIRFLOW_CTX_DAG_OWNER=erbarhim emad
AIRFLOW_CTX_DAG_ID=our_first_dag
AIRFLOW_CTX_TASK_ID=first_task
AIRFLOW_CTX_EXECUTION_DATE=2023-12-11T00:00:00+00:00
AIRFLOW_CTX_TRY_NUMBER=1
AIRFLOW_CTX_DAG_RUN_ID=scheduled__2023-12-11T00:00:00+00:00
[2025-04-13T13:24:13.884+0000] {subprocess.py:63} INFO - Tmp dir root location: 
 /tmp
[2025-04-13T13:24:13.886+0000] {subprocess.py:75} INFO - Running command: ['/bin/bash', '-c', 'echo Hello world this is the first task ']
[2025-04-13T13:24:13.923+0000] {subprocess.py:86} INFO - Output:
[2025-04-13T13:24:13.926+0000] {subprocess.py:93} INFO - Hello world this is the first task
[2025-04-13T13:24:13.926+0000] {subprocess.py:97} INFO - Command exited with return code 0
[2025-04-13T13:24:13.985+0000] {taskinstance.py:1323} INFO - Marking task as SUCCESS. dag_id=our_first_dag, task_id=first_task, execution_date=20231211T000000, start_date=20250413T132413, end_date=20250413T132413
[2025-04-13T13:24:14.076+0000] {local_task_job.py:208} INFO - Task exited with return code 0
[2025-04-13T13:24:14.243+0000] {taskinstance.py:2578} INFO - 0 downstream tasks scheduled from follow-on schedule check
