[2025-07-31T12:10:48.154+0000] {local_task_job_runner.py:123} INFO - ::group::Pre task execution logs
[2025-07-31T12:10:48.168+0000] {taskinstance.py:2613} INFO - Dependencies all met for dep_context=non-requeueable deps ti=<TaskInstance: world_population_ETL_dag_43.process_data_task manual__2025-07-31T12:10:45.053452+00:00 [queued]>
[2025-07-31T12:10:48.174+0000] {taskinstance.py:2613} INFO - Dependencies all met for dep_context=requeueable deps ti=<TaskInstance: world_population_ETL_dag_43.process_data_task manual__2025-07-31T12:10:45.053452+00:00 [queued]>
[2025-07-31T12:10:48.174+0000] {taskinstance.py:2866} INFO - Starting attempt 1 of 2
[2025-07-31T12:10:48.187+0000] {taskinstance.py:2889} INFO - Executing <Task(PythonOperator): process_data_task> on 2025-07-31 12:10:45.053452+00:00
[2025-07-31T12:10:48.197+0000] {standard_task_runner.py:104} INFO - Running: ['***', 'tasks', 'run', 'world_population_ETL_dag_43', 'process_data_task', 'manual__2025-07-31T12:10:45.053452+00:00', '--job-id', '8', '--raw', '--subdir', 'DAGS_FOLDER/project_01_dag.py', '--cfg-path', '/tmp/tmppio22dc3']
[2025-07-31T12:10:48.198+0000] {standard_task_runner.py:105} INFO - Job 8: Subtask process_data_task
[2025-07-31T12:10:48.199+0000] {logging_mixin.py:190} WARNING - /home/***/.local/lib/python3.12/site-packages/***/task/task_runner/standard_task_runner.py:70 DeprecationWarning: This process (pid=243) is multi-threaded, use of fork() may lead to deadlocks in the child.
[2025-07-31T12:10:48.199+0000] {standard_task_runner.py:72} INFO - Started process 245 to run task
[2025-07-31T12:10:48.227+0000] {task_command.py:467} INFO - Running <TaskInstance: world_population_ETL_dag_43.process_data_task manual__2025-07-31T12:10:45.053452+00:00 [running]> on host 1e069286f646
[2025-07-31T12:10:48.317+0000] {taskinstance.py:3132} INFO - Exporting env vars: AIRFLOW_CTX_DAG_OWNER='givi-abe' AIRFLOW_CTX_DAG_ID='world_population_ETL_dag_43' AIRFLOW_CTX_TASK_ID='process_data_task' AIRFLOW_CTX_EXECUTION_DATE='2025-07-31T12:10:45.053452+00:00' AIRFLOW_CTX_TRY_NUMBER='1' AIRFLOW_CTX_DAG_RUN_ID='manual__2025-07-31T12:10:45.053452+00:00'
[2025-07-31T12:10:48.317+0000] {taskinstance.py:731} INFO - ::endgroup::
[2025-07-31T12:10:48.917+0000] {logging_mixin.py:190} INFO - Connection to the website established.
[2025-07-31T12:10:48.932+0000] {logging_mixin.py:190} INFO - Lists are clear!
[2025-07-31T12:10:48.932+0000] {logging_mixin.py:190} INFO - Lists are full of data!
[2025-07-31T12:10:48.934+0000] {logging_mixin.py:190} INFO - Data processing complete.
[2025-07-31T12:10:48.934+0000] {python.py:240} INFO - Done. Returned value was:                 COUNTRY  ...                    INS_DATE
0                India   ...  2025-07-31 12:10:48.926246
1                China   ...  2025-07-31 12:10:48.926331
2        United States   ...  2025-07-31 12:10:48.926363
3            Indonesia   ...  2025-07-31 12:10:48.926393
4             Pakistan   ...  2025-07-31 12:10:48.926444
..                  ...  ...                         ...
228         Montserrat   ...  2025-07-31 12:10:48.932118
229   Falkland Islands   ...  2025-07-31 12:10:48.932141
230            Tokelau   ...  2025-07-31 12:10:48.932161
231               Niue   ...  2025-07-31 12:10:48.932182
232           Holy See   ...  2025-07-31 12:10:48.932209

[233 rows x 12 columns]
[2025-07-31T12:10:48.977+0000] {taskinstance.py:340} INFO - ::group::Post task execution logs
[2025-07-31T12:10:48.977+0000] {taskinstance.py:352} INFO - Marking task as SUCCESS. dag_id=world_population_ETL_dag_43, task_id=process_data_task, run_id=manual__2025-07-31T12:10:45.053452+00:00, execution_date=20250731T121045, start_date=20250731T121048, end_date=20250731T121048
[2025-07-31T12:10:49.014+0000] {local_task_job_runner.py:266} INFO - Task exited with return code 0
[2025-07-31T12:10:49.031+0000] {taskinstance.py:3895} INFO - 1 downstream tasks scheduled from follow-on schedule check
[2025-07-31T12:10:49.032+0000] {local_task_job_runner.py:245} INFO - ::endgroup::
