[2025-07-31T13:13:26.927+0000] {local_task_job_runner.py:123} INFO - ::group::Pre task execution logs
[2025-07-31T13:13:26.954+0000] {taskinstance.py:2613} INFO - Dependencies all met for dep_context=non-requeueable deps ti=<TaskInstance: world_population_ETL_dag_43.process_data_task manual__2025-07-31T13:13:21.038932+00:00 [queued]>
[2025-07-31T13:13:26.967+0000] {taskinstance.py:2613} INFO - Dependencies all met for dep_context=requeueable deps ti=<TaskInstance: world_population_ETL_dag_43.process_data_task manual__2025-07-31T13:13:21.038932+00:00 [queued]>
[2025-07-31T13:13:26.967+0000] {taskinstance.py:2866} INFO - Starting attempt 1 of 2
[2025-07-31T13:13:26.986+0000] {taskinstance.py:2889} INFO - Executing <Task(PythonOperator): process_data_task> on 2025-07-31 13:13:21.038932+00:00
[2025-07-31T13:13:27.002+0000] {standard_task_runner.py:104} INFO - Running: ['***', 'tasks', 'run', 'world_population_ETL_dag_43', 'process_data_task', 'manual__2025-07-31T13:13:21.038932+00:00', '--job-id', '3', '--raw', '--subdir', 'DAGS_FOLDER/project_01_dag.py', '--cfg-path', '/tmp/tmpt7dne4l8']
[2025-07-31T13:13:27.005+0000] {standard_task_runner.py:105} INFO - Job 3: Subtask process_data_task
[2025-07-31T13:13:27.006+0000] {logging_mixin.py:190} WARNING - /home/***/.local/lib/python3.12/site-packages/***/task/task_runner/standard_task_runner.py:70 DeprecationWarning: This process (pid=268) is multi-threaded, use of fork() may lead to deadlocks in the child.
[2025-07-31T13:13:27.007+0000] {standard_task_runner.py:72} INFO - Started process 270 to run task
[2025-07-31T13:13:27.068+0000] {task_command.py:467} INFO - Running <TaskInstance: world_population_ETL_dag_43.process_data_task manual__2025-07-31T13:13:21.038932+00:00 [running]> on host 5caea9b1d396
[2025-07-31T13:13:27.265+0000] {taskinstance.py:3132} INFO - Exporting env vars: AIRFLOW_CTX_DAG_OWNER='givi-abe' AIRFLOW_CTX_DAG_ID='world_population_ETL_dag_43' AIRFLOW_CTX_TASK_ID='process_data_task' AIRFLOW_CTX_EXECUTION_DATE='2025-07-31T13:13:21.038932+00:00' AIRFLOW_CTX_TRY_NUMBER='1' AIRFLOW_CTX_DAG_RUN_ID='manual__2025-07-31T13:13:21.038932+00:00'
[2025-07-31T13:13:27.266+0000] {taskinstance.py:731} INFO - ::endgroup::
[2025-07-31T13:13:28.065+0000] {logging_mixin.py:190} INFO - Connection to the website established.
[2025-07-31T13:13:28.101+0000] {logging_mixin.py:190} INFO - Lists are clear!
[2025-07-31T13:13:28.102+0000] {logging_mixin.py:190} INFO - Lists are full of data!
[2025-07-31T13:13:28.105+0000] {logging_mixin.py:190} INFO - Data processing complete.
[2025-07-31T13:13:28.106+0000] {python.py:240} INFO - Done. Returned value was:                 COUNTRY  ...                    INS_DATE
0                India   ...  2025-07-31 13:13:28.083843
1                China   ...  2025-07-31 13:13:28.083949
2        United States   ...  2025-07-31 13:13:28.084022
3            Indonesia   ...  2025-07-31 13:13:28.084074
4             Pakistan   ...  2025-07-31 13:13:28.084189
..                  ...  ...                         ...
228         Montserrat   ...  2025-07-31 13:13:28.100890
229   Falkland Islands   ...  2025-07-31 13:13:28.100936
230            Tokelau   ...  2025-07-31 13:13:28.100977
231               Niue   ...  2025-07-31 13:13:28.101016
232           Holy See   ...  2025-07-31 13:13:28.101068

[233 rows x 12 columns]
[2025-07-31T13:13:28.218+0000] {taskinstance.py:340} INFO - ::group::Post task execution logs
[2025-07-31T13:13:28.218+0000] {taskinstance.py:352} INFO - Marking task as SUCCESS. dag_id=world_population_ETL_dag_43, task_id=process_data_task, run_id=manual__2025-07-31T13:13:21.038932+00:00, execution_date=20250731T131321, start_date=20250731T131326, end_date=20250731T131328
[2025-07-31T13:13:28.265+0000] {local_task_job_runner.py:266} INFO - Task exited with return code 0
[2025-07-31T13:13:28.300+0000] {taskinstance.py:3895} INFO - 2 downstream tasks scheduled from follow-on schedule check
[2025-07-31T13:13:28.302+0000] {local_task_job_runner.py:245} INFO - ::endgroup::
