[2025-04-13T13:24:06.352+0000] {taskinstance.py:1083} INFO - Dependencies all met for <TaskInstance: our_first_dag.first_task scheduled__2023-12-04T00:00:00+00:00 [queued]>
[2025-04-13T13:24:06.375+0000] {taskinstance.py:1083} INFO - Dependencies all met for <TaskInstance: our_first_dag.first_task scheduled__2023-12-04T00:00:00+00:00 [queued]>
[2025-04-13T13:24:06.376+0000] {taskinstance.py:1279} INFO - 
--------------------------------------------------------------------------------
[2025-04-13T13:24:06.376+0000] {taskinstance.py:1280} INFO - Starting attempt 1 of 6
[2025-04-13T13:24:06.376+0000] {taskinstance.py:1281} INFO - 
--------------------------------------------------------------------------------
[2025-04-13T13:24:06.419+0000] {taskinstance.py:1300} INFO - Executing <Task(BashOperator): first_task> on 2023-12-04 00:00:00+00:00
[2025-04-13T13:24:06.437+0000] {standard_task_runner.py:55} INFO - Started process 903 to run task
[2025-04-13T13:24:06.446+0000] {standard_task_runner.py:82} INFO - Running: ['***', 'tasks', 'run', 'our_first_dag', 'first_task', 'scheduled__2023-12-04T00:00:00+00:00', '--job-id', '132', '--raw', '--subdir', 'DAGS_FOLDER/ourfirt_dag.py', '--cfg-path', '/tmp/tmp1t8f4ldi']
[2025-04-13T13:24:06.450+0000] {standard_task_runner.py:83} INFO - Job 132: Subtask first_task
[2025-04-13T13:24:06.618+0000] {task_command.py:388} INFO - Running <TaskInstance: our_first_dag.first_task scheduled__2023-12-04T00:00:00+00:00 [running]> on host 7ff1b264ad9f
[2025-04-13T13:24:06.833+0000] {taskinstance.py:1509} INFO - Exporting the following env vars:
AIRFLOW_CTX_DAG_OWNER=erbarhim emad
AIRFLOW_CTX_DAG_ID=our_first_dag
AIRFLOW_CTX_TASK_ID=first_task
AIRFLOW_CTX_EXECUTION_DATE=2023-12-04T00:00:00+00:00
AIRFLOW_CTX_TRY_NUMBER=1
AIRFLOW_CTX_DAG_RUN_ID=scheduled__2023-12-04T00:00:00+00:00
[2025-04-13T13:24:06.838+0000] {subprocess.py:63} INFO - Tmp dir root location: 
 /tmp
[2025-04-13T13:24:06.840+0000] {subprocess.py:75} INFO - Running command: ['/bin/bash', '-c', 'echo Hello world this is the first task ']
[2025-04-13T13:24:06.877+0000] {subprocess.py:86} INFO - Output:
[2025-04-13T13:24:06.880+0000] {subprocess.py:93} INFO - Hello world this is the first task
[2025-04-13T13:24:06.880+0000] {subprocess.py:97} INFO - Command exited with return code 0
[2025-04-13T13:24:06.934+0000] {taskinstance.py:1323} INFO - Marking task as SUCCESS. dag_id=our_first_dag, task_id=first_task, execution_date=20231204T000000, start_date=20250413T132406, end_date=20250413T132406
[2025-04-13T13:24:06.988+0000] {local_task_job.py:208} INFO - Task exited with return code 0
[2025-04-13T13:24:07.031+0000] {taskinstance.py:2578} INFO - 0 downstream tasks scheduled from follow-on schedule check
