[2025-04-06T16:14:46.153+0000] {taskinstance.py:1083} INFO - Dependencies all met for <TaskInstance: HemaDag.Transform_data manual__2025-04-06T16:14:42.326317+00:00 [queued]>
[2025-04-06T16:14:46.167+0000] {taskinstance.py:1083} INFO - Dependencies all met for <TaskInstance: HemaDag.Transform_data manual__2025-04-06T16:14:42.326317+00:00 [queued]>
[2025-04-06T16:14:46.167+0000] {taskinstance.py:1279} INFO - 
--------------------------------------------------------------------------------
[2025-04-06T16:14:46.167+0000] {taskinstance.py:1280} INFO - Starting attempt 1 of 1
[2025-04-06T16:14:46.167+0000] {taskinstance.py:1281} INFO - 
--------------------------------------------------------------------------------
[2025-04-06T16:14:46.185+0000] {taskinstance.py:1300} INFO - Executing <Task(BashOperator): Transform_data> on 2025-04-06 16:14:42.326317+00:00
[2025-04-06T16:14:46.194+0000] {standard_task_runner.py:55} INFO - Started process 814 to run task
[2025-04-06T16:14:46.199+0000] {standard_task_runner.py:82} INFO - Running: ['***', 'tasks', 'run', 'HemaDag', 'Transform_data', 'manual__2025-04-06T16:14:42.326317+00:00', '--job-id', '24', '--raw', '--subdir', 'DAGS_FOLDER/day.py', '--cfg-path', '/tmp/tmp8sw9xvji']
[2025-04-06T16:14:46.201+0000] {standard_task_runner.py:83} INFO - Job 24: Subtask Transform_data
[2025-04-06T16:14:46.293+0000] {task_command.py:388} INFO - Running <TaskInstance: HemaDag.Transform_data manual__2025-04-06T16:14:42.326317+00:00 [running]> on host 39d9912bf493
[2025-04-06T16:14:46.403+0000] {taskinstance.py:1509} INFO - Exporting the following env vars:
AIRFLOW_CTX_DAG_OWNER=***
AIRFLOW_CTX_DAG_ID=HemaDag
AIRFLOW_CTX_TASK_ID=Transform_data
AIRFLOW_CTX_EXECUTION_DATE=2025-04-06T16:14:42.326317+00:00
AIRFLOW_CTX_TRY_NUMBER=1
AIRFLOW_CTX_DAG_RUN_ID=manual__2025-04-06T16:14:42.326317+00:00
[2025-04-06T16:14:46.404+0000] {subprocess.py:63} INFO - Tmp dir root location: 
 /tmp
[2025-04-06T16:14:46.405+0000] {subprocess.py:75} INFO - Running command: ['/bin/bash', '-c', 'python3 /opt/***/scripts/Transform.py']
[2025-04-06T16:14:46.426+0000] {subprocess.py:86} INFO - Output:
[2025-04-06T16:14:48.949+0000] {subprocess.py:93} INFO - Table 1 saved to: /opt/***/data/table_1.csv
[2025-04-06T16:14:48.950+0000] {subprocess.py:93} INFO - 
[2025-04-06T16:14:48.950+0000] {subprocess.py:93} INFO - All 1 tables saved to '/opt/***/data/'!
[2025-04-06T16:14:48.950+0000] {subprocess.py:93} INFO - Table 1 saved to: /opt/***/data/table_1.csv
[2025-04-06T16:14:48.950+0000] {subprocess.py:93} INFO - 
[2025-04-06T16:14:48.951+0000] {subprocess.py:93} INFO - All 1 tables saved to '/opt/***/data/'!
[2025-04-06T16:14:49.064+0000] {subprocess.py:97} INFO - Command exited with return code 0
[2025-04-06T16:14:49.111+0000] {taskinstance.py:1323} INFO - Marking task as SUCCESS. dag_id=HemaDag, task_id=Transform_data, execution_date=20250406T161442, start_date=20250406T161446, end_date=20250406T161449
[2025-04-06T16:14:49.179+0000] {local_task_job.py:208} INFO - Task exited with return code 0
[2025-04-06T16:14:49.206+0000] {taskinstance.py:2578} INFO - 0 downstream tasks scheduled from follow-on schedule check
