[2025-04-13T13:23:43.941+0000] {taskinstance.py:1083} INFO - Dependencies all met for <TaskInstance: our_first_dag.second_task scheduled__2023-10-16T00:00:00+00:00 [queued]>
[2025-04-13T13:23:43.965+0000] {taskinstance.py:1083} INFO - Dependencies all met for <TaskInstance: our_first_dag.second_task scheduled__2023-10-16T00:00:00+00:00 [queued]>
[2025-04-13T13:23:43.966+0000] {taskinstance.py:1279} INFO - 
--------------------------------------------------------------------------------
[2025-04-13T13:23:43.966+0000] {taskinstance.py:1280} INFO - Starting attempt 1 of 6
[2025-04-13T13:23:43.966+0000] {taskinstance.py:1281} INFO - 
--------------------------------------------------------------------------------
[2025-04-13T13:23:43.999+0000] {taskinstance.py:1300} INFO - Executing <Task(BashOperator): second_task> on 2023-10-16 00:00:00+00:00
[2025-04-13T13:23:44.015+0000] {standard_task_runner.py:55} INFO - Started process 599 to run task
[2025-04-13T13:23:44.021+0000] {standard_task_runner.py:82} INFO - Running: ['***', 'tasks', 'run', 'our_first_dag', 'second_task', 'scheduled__2023-10-16T00:00:00+00:00', '--job-id', '34', '--raw', '--subdir', 'DAGS_FOLDER/ourfirt_dag.py', '--cfg-path', '/tmp/tmpz6dc2rtl']
[2025-04-13T13:23:44.024+0000] {standard_task_runner.py:83} INFO - Job 34: Subtask second_task
[2025-04-13T13:23:44.157+0000] {task_command.py:388} INFO - Running <TaskInstance: our_first_dag.second_task scheduled__2023-10-16T00:00:00+00:00 [running]> on host 7ff1b264ad9f
[2025-04-13T13:23:44.282+0000] {taskinstance.py:1509} INFO - Exporting the following env vars:
AIRFLOW_CTX_DAG_OWNER=erbarhim emad
AIRFLOW_CTX_DAG_ID=our_first_dag
AIRFLOW_CTX_TASK_ID=second_task
AIRFLOW_CTX_EXECUTION_DATE=2023-10-16T00:00:00+00:00
AIRFLOW_CTX_TRY_NUMBER=1
AIRFLOW_CTX_DAG_RUN_ID=scheduled__2023-10-16T00:00:00+00:00
[2025-04-13T13:23:44.283+0000] {subprocess.py:63} INFO - Tmp dir root location: 
 /tmp
[2025-04-13T13:23:44.284+0000] {subprocess.py:75} INFO - Running command: ['/bin/bash', '-c', 'echo Hello world this is the second task ']
[2025-04-13T13:23:44.308+0000] {subprocess.py:86} INFO - Output:
[2025-04-13T13:23:44.310+0000] {subprocess.py:93} INFO - Hello world this is the second task
[2025-04-13T13:23:44.310+0000] {subprocess.py:97} INFO - Command exited with return code 0
[2025-04-13T13:23:44.350+0000] {taskinstance.py:1323} INFO - Marking task as SUCCESS. dag_id=our_first_dag, task_id=second_task, execution_date=20231016T000000, start_date=20250413T132343, end_date=20250413T132344
[2025-04-13T13:23:44.394+0000] {local_task_job.py:208} INFO - Task exited with return code 0
[2025-04-13T13:23:44.423+0000] {taskinstance.py:2578} INFO - 0 downstream tasks scheduled from follow-on schedule check
