[2025-04-13T13:24:07.242+0000] {taskinstance.py:1083} INFO - Dependencies all met for <TaskInstance: our_first_dag.second_task scheduled__2023-12-08T00:00:00+00:00 [queued]>
[2025-04-13T13:24:07.259+0000] {taskinstance.py:1083} INFO - Dependencies all met for <TaskInstance: our_first_dag.second_task scheduled__2023-12-08T00:00:00+00:00 [queued]>
[2025-04-13T13:24:07.259+0000] {taskinstance.py:1279} INFO - 
--------------------------------------------------------------------------------
[2025-04-13T13:24:07.259+0000] {taskinstance.py:1280} INFO - Starting attempt 1 of 6
[2025-04-13T13:24:07.259+0000] {taskinstance.py:1281} INFO - 
--------------------------------------------------------------------------------
[2025-04-13T13:24:07.280+0000] {taskinstance.py:1300} INFO - Executing <Task(BashOperator): second_task> on 2023-12-08 00:00:00+00:00
[2025-04-13T13:24:07.291+0000] {standard_task_runner.py:55} INFO - Started process 924 to run task
[2025-04-13T13:24:07.296+0000] {standard_task_runner.py:82} INFO - Running: ['***', 'tasks', 'run', 'our_first_dag', 'second_task', 'scheduled__2023-12-08T00:00:00+00:00', '--job-id', '141', '--raw', '--subdir', 'DAGS_FOLDER/ourfirt_dag.py', '--cfg-path', '/tmp/tmpw2neo1zv']
[2025-04-13T13:24:07.298+0000] {standard_task_runner.py:83} INFO - Job 141: Subtask second_task
[2025-04-13T13:24:07.399+0000] {task_command.py:388} INFO - Running <TaskInstance: our_first_dag.second_task scheduled__2023-12-08T00:00:00+00:00 [running]> on host 7ff1b264ad9f
[2025-04-13T13:24:07.517+0000] {taskinstance.py:1509} INFO - Exporting the following env vars:
AIRFLOW_CTX_DAG_OWNER=erbarhim emad
AIRFLOW_CTX_DAG_ID=our_first_dag
AIRFLOW_CTX_TASK_ID=second_task
AIRFLOW_CTX_EXECUTION_DATE=2023-12-08T00:00:00+00:00
AIRFLOW_CTX_TRY_NUMBER=1
AIRFLOW_CTX_DAG_RUN_ID=scheduled__2023-12-08T00:00:00+00:00
[2025-04-13T13:24:07.518+0000] {subprocess.py:63} INFO - Tmp dir root location: 
 /tmp
[2025-04-13T13:24:07.519+0000] {subprocess.py:75} INFO - Running command: ['/bin/bash', '-c', 'echo Hello world this is the second task ']
[2025-04-13T13:24:07.541+0000] {subprocess.py:86} INFO - Output:
[2025-04-13T13:24:07.543+0000] {subprocess.py:93} INFO - Hello world this is the second task
[2025-04-13T13:24:07.543+0000] {subprocess.py:97} INFO - Command exited with return code 0
[2025-04-13T13:24:07.582+0000] {taskinstance.py:1323} INFO - Marking task as SUCCESS. dag_id=our_first_dag, task_id=second_task, execution_date=20231208T000000, start_date=20250413T132407, end_date=20250413T132407
[2025-04-13T13:24:07.627+0000] {local_task_job.py:208} INFO - Task exited with return code 0
[2025-04-13T13:24:07.655+0000] {taskinstance.py:2578} INFO - 0 downstream tasks scheduled from follow-on schedule check
