[2025-04-15T07:05:46.766+0000] {taskinstance.py:1083} INFO - Dependencies all met for <TaskInstance: Anas.fetch_data_task manual__2025-04-15T07:05:44.897112+00:00 [queued]>
[2025-04-15T07:05:46.781+0000] {taskinstance.py:1083} INFO - Dependencies all met for <TaskInstance: Anas.fetch_data_task manual__2025-04-15T07:05:44.897112+00:00 [queued]>
[2025-04-15T07:05:46.781+0000] {taskinstance.py:1279} INFO - 
--------------------------------------------------------------------------------
[2025-04-15T07:05:46.781+0000] {taskinstance.py:1280} INFO - Starting attempt 1 of 1
[2025-04-15T07:05:46.781+0000] {taskinstance.py:1281} INFO - 
--------------------------------------------------------------------------------
[2025-04-15T07:05:46.801+0000] {taskinstance.py:1300} INFO - Executing <Task(PythonOperator): fetch_data_task> on 2025-04-15 07:05:44.897112+00:00
[2025-04-15T07:05:46.814+0000] {standard_task_runner.py:55} INFO - Started process 399 to run task
[2025-04-15T07:05:46.820+0000] {standard_task_runner.py:82} INFO - Running: ['***', 'tasks', 'run', 'Anas', 'fetch_data_task', 'manual__2025-04-15T07:05:44.897112+00:00', '--job-id', '59', '--raw', '--subdir', 'DAGS_FOLDER/day.py', '--cfg-path', '/tmp/tmp8m_zkcl7']
[2025-04-15T07:05:46.822+0000] {standard_task_runner.py:83} INFO - Job 59: Subtask fetch_data_task
[2025-04-15T07:05:46.909+0000] {task_command.py:388} INFO - Running <TaskInstance: Anas.fetch_data_task manual__2025-04-15T07:05:44.897112+00:00 [running]> on host 0c4d66587ca1
[2025-04-15T07:05:47.003+0000] {taskinstance.py:1509} INFO - Exporting the following env vars:
AIRFLOW_CTX_DAG_OWNER=***
AIRFLOW_CTX_DAG_ID=Anas
AIRFLOW_CTX_TASK_ID=fetch_data_task
AIRFLOW_CTX_EXECUTION_DATE=2025-04-15T07:05:44.897112+00:00
AIRFLOW_CTX_TRY_NUMBER=1
AIRFLOW_CTX_DAG_RUN_ID=manual__2025-04-15T07:05:44.897112+00:00
[2025-04-15T07:05:47.639+0000] {logging_mixin.py:137} INFO - Table 1 saved to: /opt/***/data/table_1.csv
[2025-04-15T07:05:47.639+0000] {logging_mixin.py:137} INFO - 
All 1 tables saved to '/opt/***/data/'!
[2025-04-15T07:05:47.639+0000] {python.py:177} INFO - Done. Returned value was: /opt/***/data/table_1.csv
[2025-04-15T07:05:47.673+0000] {taskinstance.py:1323} INFO - Marking task as SUCCESS. dag_id=Anas, task_id=fetch_data_task, execution_date=20250415T070544, start_date=20250415T070546, end_date=20250415T070547
[2025-04-15T07:05:47.712+0000] {local_task_job.py:208} INFO - Task exited with return code 0
[2025-04-15T07:05:47.760+0000] {taskinstance.py:2578} INFO - 1 downstream tasks scheduled from follow-on schedule check
