[2025-07-31T11:55:21.962+0000] {local_task_job_runner.py:123} INFO - ::group::Pre task execution logs
[2025-07-31T11:55:21.974+0000] {taskinstance.py:2613} INFO - Dependencies all met for dep_context=non-requeueable deps ti=<TaskInstance: world_population_ETL_dag_43.process_data_task manual__2025-07-31T11:55:18.612028+00:00 [queued]>
[2025-07-31T11:55:21.979+0000] {taskinstance.py:2613} INFO - Dependencies all met for dep_context=requeueable deps ti=<TaskInstance: world_population_ETL_dag_43.process_data_task manual__2025-07-31T11:55:18.612028+00:00 [queued]>
[2025-07-31T11:55:21.979+0000] {taskinstance.py:2866} INFO - Starting attempt 1 of 2
[2025-07-31T11:55:21.986+0000] {taskinstance.py:2889} INFO - Executing <Task(PythonOperator): process_data_task> on 2025-07-31 11:55:18.612028+00:00
[2025-07-31T11:55:21.996+0000] {standard_task_runner.py:104} INFO - Running: ['***', 'tasks', 'run', 'world_population_ETL_dag_43', 'process_data_task', 'manual__2025-07-31T11:55:18.612028+00:00', '--job-id', '3', '--raw', '--subdir', 'DAGS_FOLDER/project_01_dag.py', '--cfg-path', '/tmp/tmp6ulqjs1z']
[2025-07-31T11:55:21.997+0000] {standard_task_runner.py:105} INFO - Job 3: Subtask process_data_task
[2025-07-31T11:55:21.998+0000] {logging_mixin.py:190} WARNING - /home/***/.local/lib/python3.12/site-packages/***/task/task_runner/standard_task_runner.py:70 DeprecationWarning: This process (pid=226) is multi-threaded, use of fork() may lead to deadlocks in the child.
[2025-07-31T11:55:21.998+0000] {standard_task_runner.py:72} INFO - Started process 228 to run task
[2025-07-31T11:55:22.027+0000] {task_command.py:467} INFO - Running <TaskInstance: world_population_ETL_dag_43.process_data_task manual__2025-07-31T11:55:18.612028+00:00 [running]> on host 784d974b55d2
[2025-07-31T11:55:22.119+0000] {taskinstance.py:3132} INFO - Exporting env vars: AIRFLOW_CTX_DAG_OWNER='givi-abe' AIRFLOW_CTX_DAG_ID='world_population_ETL_dag_43' AIRFLOW_CTX_TASK_ID='process_data_task' AIRFLOW_CTX_EXECUTION_DATE='2025-07-31T11:55:18.612028+00:00' AIRFLOW_CTX_TRY_NUMBER='1' AIRFLOW_CTX_DAG_RUN_ID='manual__2025-07-31T11:55:18.612028+00:00'
[2025-07-31T11:55:22.120+0000] {taskinstance.py:731} INFO - ::endgroup::
[2025-07-31T11:55:22.704+0000] {logging_mixin.py:190} INFO - Connection to the website established.
[2025-07-31T11:55:22.717+0000] {logging_mixin.py:190} INFO - Lists are clear!
[2025-07-31T11:55:22.717+0000] {logging_mixin.py:190} INFO - Lists are full of data!
[2025-07-31T11:55:22.719+0000] {logging_mixin.py:190} INFO - Data processing complete.
[2025-07-31T11:55:22.719+0000] {python.py:240} INFO - Done. Returned value was:                 COUNTRY  ...                    INS_DATE
0                India   ...  2025-07-31 11:55:22.711644
1                China   ...  2025-07-31 11:55:22.711691
2        United States   ...  2025-07-31 11:55:22.711719
3            Indonesia   ...  2025-07-31 11:55:22.711744
4             Pakistan   ...  2025-07-31 11:55:22.711772
..                  ...  ...                         ...
228         Montserrat   ...  2025-07-31 11:55:22.716943
229   Falkland Islands   ...  2025-07-31 11:55:22.716967
230            Tokelau   ...  2025-07-31 11:55:22.716991
231               Niue   ...  2025-07-31 11:55:22.717015
232           Holy See   ...  2025-07-31 11:55:22.717040

[233 rows x 12 columns]
[2025-07-31T11:55:22.783+0000] {taskinstance.py:340} INFO - ::group::Post task execution logs
[2025-07-31T11:55:22.783+0000] {taskinstance.py:352} INFO - Marking task as SUCCESS. dag_id=world_population_ETL_dag_43, task_id=process_data_task, run_id=manual__2025-07-31T11:55:18.612028+00:00, execution_date=20250731T115518, start_date=20250731T115521, end_date=20250731T115522
[2025-07-31T11:55:22.813+0000] {local_task_job_runner.py:266} INFO - Task exited with return code 0
[2025-07-31T11:55:22.831+0000] {taskinstance.py:3895} INFO - 1 downstream tasks scheduled from follow-on schedule check
[2025-07-31T11:55:22.832+0000] {local_task_job_runner.py:245} INFO - ::endgroup::
