[2025-04-13T13:24:24.769+0000] {taskinstance.py:1083} INFO - Dependencies all met for <TaskInstance: our_first_dag.first_task scheduled__2023-12-31T00:00:00+00:00 [queued]>
[2025-04-13T13:24:24.789+0000] {taskinstance.py:1083} INFO - Dependencies all met for <TaskInstance: our_first_dag.first_task scheduled__2023-12-31T00:00:00+00:00 [queued]>
[2025-04-13T13:24:24.790+0000] {taskinstance.py:1279} INFO - 
--------------------------------------------------------------------------------
[2025-04-13T13:24:24.790+0000] {taskinstance.py:1280} INFO - Starting attempt 1 of 6
[2025-04-13T13:24:24.790+0000] {taskinstance.py:1281} INFO - 
--------------------------------------------------------------------------------
[2025-04-13T13:24:24.880+0000] {taskinstance.py:1300} INFO - Executing <Task(BashOperator): first_task> on 2023-12-31 00:00:00+00:00
[2025-04-13T13:24:24.893+0000] {standard_task_runner.py:55} INFO - Started process 1074 to run task
[2025-04-13T13:24:24.899+0000] {standard_task_runner.py:82} INFO - Running: ['***', 'tasks', 'run', 'our_first_dag', 'first_task', 'scheduled__2023-12-31T00:00:00+00:00', '--job-id', '186', '--raw', '--subdir', 'DAGS_FOLDER/ourfirt_dag.py', '--cfg-path', '/tmp/tmpxx1a23vb']
[2025-04-13T13:24:24.901+0000] {standard_task_runner.py:83} INFO - Job 186: Subtask first_task
[2025-04-13T13:24:25.045+0000] {task_command.py:388} INFO - Running <TaskInstance: our_first_dag.first_task scheduled__2023-12-31T00:00:00+00:00 [running]> on host 7ff1b264ad9f
[2025-04-13T13:24:25.228+0000] {taskinstance.py:1509} INFO - Exporting the following env vars:
AIRFLOW_CTX_DAG_OWNER=erbarhim emad
AIRFLOW_CTX_DAG_ID=our_first_dag
AIRFLOW_CTX_TASK_ID=first_task
AIRFLOW_CTX_EXECUTION_DATE=2023-12-31T00:00:00+00:00
AIRFLOW_CTX_TRY_NUMBER=1
AIRFLOW_CTX_DAG_RUN_ID=scheduled__2023-12-31T00:00:00+00:00
[2025-04-13T13:24:25.230+0000] {subprocess.py:63} INFO - Tmp dir root location: 
 /tmp
[2025-04-13T13:24:25.234+0000] {subprocess.py:75} INFO - Running command: ['/bin/bash', '-c', 'echo Hello world this is the first task ']
[2025-04-13T13:24:25.274+0000] {subprocess.py:86} INFO - Output:
[2025-04-13T13:24:25.277+0000] {subprocess.py:93} INFO - Hello world this is the first task
[2025-04-13T13:24:25.278+0000] {subprocess.py:97} INFO - Command exited with return code 0
[2025-04-13T13:24:25.342+0000] {taskinstance.py:1323} INFO - Marking task as SUCCESS. dag_id=our_first_dag, task_id=first_task, execution_date=20231231T000000, start_date=20250413T132424, end_date=20250413T132425
[2025-04-13T13:24:25.400+0000] {local_task_job.py:208} INFO - Task exited with return code 0
[2025-04-13T13:24:25.443+0000] {taskinstance.py:2578} INFO - 0 downstream tasks scheduled from follow-on schedule check
