[2025-04-06T16:12:06.785+0000] {taskinstance.py:1083} INFO - Dependencies all met for <TaskInstance: HemaDag.fetch_data __airflow_temporary_run_2025-04-06T16:12:05.971957+00:00__ [queued]>
[2025-04-06T16:12:06.797+0000] {taskinstance.py:1083} INFO - Dependencies all met for <TaskInstance: HemaDag.fetch_data __airflow_temporary_run_2025-04-06T16:12:05.971957+00:00__ [queued]>
[2025-04-06T16:12:06.797+0000] {taskinstance.py:1279} INFO - 
--------------------------------------------------------------------------------
[2025-04-06T16:12:06.797+0000] {taskinstance.py:1280} INFO - Starting attempt 1 of 1
[2025-04-06T16:12:06.798+0000] {taskinstance.py:1281} INFO - 
--------------------------------------------------------------------------------
[2025-04-06T16:12:06.814+0000] {taskinstance.py:1300} INFO - Executing <Task(BashOperator): fetch_data> on 2025-04-06 00:00:00+00:00
[2025-04-06T16:12:06.825+0000] {standard_task_runner.py:55} INFO - Started process 693 to run task
[2025-04-06T16:12:06.829+0000] {standard_task_runner.py:82} INFO - Running: ['***', 'tasks', 'run', 'HemaDag', 'fetch_data', '__***_temporary_run_2025-04-06T16:12:05.971957+00:00__', '--job-id', '20', '--raw', '--subdir', 'DAGS_FOLDER/day.py', '--cfg-path', '/tmp/tmp2tdl0hck']
[2025-04-06T16:12:06.831+0000] {standard_task_runner.py:83} INFO - Job 20: Subtask fetch_data
[2025-04-06T16:12:06.917+0000] {task_command.py:388} INFO - Running <TaskInstance: HemaDag.fetch_data __airflow_temporary_run_2025-04-06T16:12:05.971957+00:00__ [running]> on host 39d9912bf493
[2025-04-06T16:12:07.019+0000] {taskinstance.py:1509} INFO - Exporting the following env vars:
AIRFLOW_CTX_DAG_OWNER=***
AIRFLOW_CTX_DAG_ID=HemaDag
AIRFLOW_CTX_TASK_ID=fetch_data
AIRFLOW_CTX_EXECUTION_DATE=2025-04-06T00:00:00+00:00
AIRFLOW_CTX_TRY_NUMBER=1
AIRFLOW_CTX_DAG_RUN_ID=__***_temporary_run_2025-04-06T16:12:05.971957+00:00__
[2025-04-06T16:12:07.021+0000] {subprocess.py:63} INFO - Tmp dir root location: 
 /tmp
[2025-04-06T16:12:07.021+0000] {subprocess.py:75} INFO - Running command: ['/bin/bash', '-c', 'python3 /opt/***/scripts/Extract.py']
[2025-04-06T16:12:07.040+0000] {subprocess.py:86} INFO - Output:
[2025-04-06T16:12:08.932+0000] {subprocess.py:93} INFO - Table 1 saved to: /opt/***/data/table_1.csv
[2025-04-06T16:12:08.932+0000] {subprocess.py:93} INFO - 
[2025-04-06T16:12:08.933+0000] {subprocess.py:93} INFO - All 1 tables saved to '/opt/***/data/'!
[2025-04-06T16:12:09.042+0000] {subprocess.py:97} INFO - Command exited with return code 0
[2025-04-06T16:12:09.056+0000] {taskinstance.py:1768} ERROR - Task failed with exception
Traceback (most recent call last):
  File "/home/airflow/.local/lib/python3.7/site-packages/airflow/utils/session.py", line 72, in wrapper
    return func(*args, **kwargs)
  File "/home/airflow/.local/lib/python3.7/site-packages/airflow/models/taskinstance.py", line 2297, in xcom_push
    session=session,
  File "/home/airflow/.local/lib/python3.7/site-packages/airflow/utils/session.py", line 72, in wrapper
    return func(*args, **kwargs)
  File "/home/airflow/.local/lib/python3.7/site-packages/airflow/models/xcom.py", line 211, in set
    raise ValueError(f"DAG run not found on DAG {dag_id!r} with ID {run_id!r}")
ValueError: DAG run not found on DAG 'HemaDag' with ID '__***_temporary_run_2025-04-06T16:12:05.971957+00:00__'
[2025-04-06T16:12:09.071+0000] {taskinstance.py:1323} INFO - Marking task as FAILED. dag_id=HemaDag, task_id=fetch_data, execution_date=20250406T000000, start_date=20250406T161206, end_date=20250406T161209
[2025-04-06T16:12:09.093+0000] {standard_task_runner.py:105} ERROR - Failed to execute job 20 for task fetch_data ((psycopg2.errors.ForeignKeyViolation) insert or update on table "task_fail" violates foreign key constraint "task_fail_ti_fkey"
DETAIL:  Key (dag_id, task_id, run_id, map_index)=(HemaDag, fetch_data, __airflow_temporary_run_2025-04-06T16:12:05.971957+00:00__, -1) is not present in table "task_instance".

[SQL: INSERT INTO task_fail (task_id, dag_id, run_id, map_index, start_date, end_date, duration) VALUES (%(task_id)s, %(dag_id)s, %(run_id)s, %(map_index)s, %(start_date)s, %(end_date)s, %(duration)s) RETURNING task_fail.id]
[parameters: {'task_id': 'fetch_data', 'dag_id': 'HemaDag', 'run_id': '__airflow_temporary_run_2025-04-06T16:12:05.971957+00:00__', 'map_index': -1, 'start_date': datetime.datetime(2025, 4, 6, 16, 12, 6, 786536, tzinfo=Timezone('UTC')), 'end_date': datetime.datetime(2025, 4, 6, 16, 12, 9, 70440, tzinfo=Timezone('UTC')), 'duration': 2}]
(Background on this error at: https://sqlalche.me/e/14/gkpj); 693)
[2025-04-06T16:12:09.127+0000] {local_task_job.py:208} INFO - Task exited with return code 1
