[2025-07-31T13:17:38.460+0000] {local_task_job_runner.py:123} INFO - ::group::Pre task execution logs
[2025-07-31T13:17:38.472+0000] {taskinstance.py:2613} INFO - Dependencies all met for dep_context=non-requeueable deps ti=<TaskInstance: world_population_ETL_dag_43.consume_and_insert_task manual__2025-07-31T13:17:32.061398+00:00 [queued]>
[2025-07-31T13:17:38.477+0000] {taskinstance.py:2613} INFO - Dependencies all met for dep_context=requeueable deps ti=<TaskInstance: world_population_ETL_dag_43.consume_and_insert_task manual__2025-07-31T13:17:32.061398+00:00 [queued]>
[2025-07-31T13:17:38.477+0000] {taskinstance.py:2866} INFO - Starting attempt 1 of 2
[2025-07-31T13:17:38.485+0000] {taskinstance.py:2889} INFO - Executing <Task(PythonOperator): consume_and_insert_task> on 2025-07-31 13:17:32.061398+00:00
[2025-07-31T13:17:38.496+0000] {standard_task_runner.py:104} INFO - Running: ['***', 'tasks', 'run', 'world_population_ETL_dag_43', 'consume_and_insert_task', 'manual__2025-07-31T13:17:32.061398+00:00', '--job-id', '15', '--raw', '--subdir', 'DAGS_FOLDER/project_01_dag.py', '--cfg-path', '/tmp/tmpbi6boqs5']
[2025-07-31T13:17:38.498+0000] {standard_task_runner.py:105} INFO - Job 15: Subtask consume_and_insert_task
[2025-07-31T13:17:38.498+0000] {logging_mixin.py:190} WARNING - /home/***/.local/lib/python3.12/site-packages/***/task/task_runner/standard_task_runner.py:70 DeprecationWarning: This process (pid=423) is multi-threaded, use of fork() may lead to deadlocks in the child.
[2025-07-31T13:17:38.499+0000] {standard_task_runner.py:72} INFO - Started process 425 to run task
[2025-07-31T13:17:38.530+0000] {task_command.py:467} INFO - Running <TaskInstance: world_population_ETL_dag_43.consume_and_insert_task manual__2025-07-31T13:17:32.061398+00:00 [running]> on host 5caea9b1d396
[2025-07-31T13:17:38.592+0000] {taskinstance.py:3132} INFO - Exporting env vars: AIRFLOW_CTX_DAG_OWNER='givi-abe' AIRFLOW_CTX_DAG_ID='world_population_ETL_dag_43' AIRFLOW_CTX_TASK_ID='consume_and_insert_task' AIRFLOW_CTX_EXECUTION_DATE='2025-07-31T13:17:32.061398+00:00' AIRFLOW_CTX_TRY_NUMBER='1' AIRFLOW_CTX_DAG_RUN_ID='manual__2025-07-31T13:17:32.061398+00:00'
[2025-07-31T13:17:38.593+0000] {taskinstance.py:731} INFO - ::endgroup::
[2025-07-31T13:17:38.602+0000] {logging_mixin.py:190} INFO - 🚨 Critical error: name 'uuid' is not defined
[2025-07-31T13:17:38.603+0000] {logging_mixin.py:190} INFO - 🔌 Resources cleaned up
[2025-07-31T13:17:38.603+0000] {python.py:240} INFO - Done. Returned value was: None
[2025-07-31T13:17:38.610+0000] {taskinstance.py:340} INFO - ::group::Post task execution logs
[2025-07-31T13:17:38.610+0000] {taskinstance.py:352} INFO - Marking task as SUCCESS. dag_id=world_population_ETL_dag_43, task_id=consume_and_insert_task, run_id=manual__2025-07-31T13:17:32.061398+00:00, execution_date=20250731T131732, start_date=20250731T131738, end_date=20250731T131738
[2025-07-31T13:17:38.632+0000] {local_task_job_runner.py:266} INFO - Task exited with return code 0
[2025-07-31T13:17:38.651+0000] {taskinstance.py:3895} INFO - 1 downstream tasks scheduled from follow-on schedule check
[2025-07-31T13:17:38.652+0000] {local_task_job_runner.py:245} INFO - ::endgroup::
