[2025-04-13T13:23:39.481+0000] {taskinstance.py:1083} INFO - Dependencies all met for <TaskInstance: our_first_dag.first_task scheduled__2023-10-06T00:00:00+00:00 [queued]>
[2025-04-13T13:23:39.507+0000] {taskinstance.py:1083} INFO - Dependencies all met for <TaskInstance: our_first_dag.first_task scheduled__2023-10-06T00:00:00+00:00 [queued]>
[2025-04-13T13:23:39.508+0000] {taskinstance.py:1279} INFO - 
--------------------------------------------------------------------------------
[2025-04-13T13:23:39.509+0000] {taskinstance.py:1280} INFO - Starting attempt 1 of 6
[2025-04-13T13:23:39.509+0000] {taskinstance.py:1281} INFO - 
--------------------------------------------------------------------------------
[2025-04-13T13:23:39.567+0000] {taskinstance.py:1300} INFO - Executing <Task(BashOperator): first_task> on 2023-10-06 00:00:00+00:00
[2025-04-13T13:23:39.585+0000] {standard_task_runner.py:55} INFO - Started process 535 to run task
[2025-04-13T13:23:39.591+0000] {standard_task_runner.py:82} INFO - Running: ['***', 'tasks', 'run', 'our_first_dag', 'first_task', 'scheduled__2023-10-06T00:00:00+00:00', '--job-id', '13', '--raw', '--subdir', 'DAGS_FOLDER/ourfirt_dag.py', '--cfg-path', '/tmp/tmph0hhw8ug']
[2025-04-13T13:23:39.595+0000] {standard_task_runner.py:83} INFO - Job 13: Subtask first_task
[2025-04-13T13:23:39.761+0000] {task_command.py:388} INFO - Running <TaskInstance: our_first_dag.first_task scheduled__2023-10-06T00:00:00+00:00 [running]> on host 7ff1b264ad9f
[2025-04-13T13:23:39.923+0000] {taskinstance.py:1509} INFO - Exporting the following env vars:
AIRFLOW_CTX_DAG_OWNER=erbarhim emad
AIRFLOW_CTX_DAG_ID=our_first_dag
AIRFLOW_CTX_TASK_ID=first_task
AIRFLOW_CTX_EXECUTION_DATE=2023-10-06T00:00:00+00:00
AIRFLOW_CTX_TRY_NUMBER=1
AIRFLOW_CTX_DAG_RUN_ID=scheduled__2023-10-06T00:00:00+00:00
[2025-04-13T13:23:39.924+0000] {subprocess.py:63} INFO - Tmp dir root location: 
 /tmp
[2025-04-13T13:23:39.925+0000] {subprocess.py:75} INFO - Running command: ['/bin/bash', '-c', 'echo Hello world this is the first task ']
[2025-04-13T13:23:39.950+0000] {subprocess.py:86} INFO - Output:
[2025-04-13T13:23:39.952+0000] {subprocess.py:93} INFO - Hello world this is the first task
[2025-04-13T13:23:39.953+0000] {subprocess.py:97} INFO - Command exited with return code 0
[2025-04-13T13:23:40.002+0000] {taskinstance.py:1323} INFO - Marking task as SUCCESS. dag_id=our_first_dag, task_id=first_task, execution_date=20231006T000000, start_date=20250413T132339, end_date=20250413T132340
[2025-04-13T13:23:40.048+0000] {local_task_job.py:208} INFO - Task exited with return code 0
[2025-04-13T13:23:40.090+0000] {taskinstance.py:2578} INFO - 0 downstream tasks scheduled from follow-on schedule check
