[2025-04-06T16:07:08.054+0000] {taskinstance.py:1083} INFO - Dependencies all met for <TaskInstance: HemaDag.fetch_data manual__2025-04-06T16:07:06.553656+00:00 [queued]>
[2025-04-06T16:07:08.067+0000] {taskinstance.py:1083} INFO - Dependencies all met for <TaskInstance: HemaDag.fetch_data manual__2025-04-06T16:07:06.553656+00:00 [queued]>
[2025-04-06T16:07:08.067+0000] {taskinstance.py:1279} INFO - 
--------------------------------------------------------------------------------
[2025-04-06T16:07:08.067+0000] {taskinstance.py:1280} INFO - Starting attempt 1 of 1
[2025-04-06T16:07:08.068+0000] {taskinstance.py:1281} INFO - 
--------------------------------------------------------------------------------
[2025-04-06T16:07:08.086+0000] {taskinstance.py:1300} INFO - Executing <Task(BashOperator): fetch_data> on 2025-04-06 16:07:06.553656+00:00
[2025-04-06T16:07:08.096+0000] {standard_task_runner.py:55} INFO - Started process 465 to run task
[2025-04-06T16:07:08.100+0000] {standard_task_runner.py:82} INFO - Running: ['***', 'tasks', 'run', 'HemaDag', 'fetch_data', 'manual__2025-04-06T16:07:06.553656+00:00', '--job-id', '14', '--raw', '--subdir', 'DAGS_FOLDER/day.py', '--cfg-path', '/tmp/tmp4t0b0scl']
[2025-04-06T16:07:08.103+0000] {standard_task_runner.py:83} INFO - Job 14: Subtask fetch_data
[2025-04-06T16:07:08.191+0000] {task_command.py:388} INFO - Running <TaskInstance: HemaDag.fetch_data manual__2025-04-06T16:07:06.553656+00:00 [running]> on host 39d9912bf493
[2025-04-06T16:07:08.298+0000] {taskinstance.py:1509} INFO - Exporting the following env vars:
AIRFLOW_CTX_DAG_OWNER=***
AIRFLOW_CTX_DAG_ID=HemaDag
AIRFLOW_CTX_TASK_ID=fetch_data
AIRFLOW_CTX_EXECUTION_DATE=2025-04-06T16:07:06.553656+00:00
AIRFLOW_CTX_TRY_NUMBER=1
AIRFLOW_CTX_DAG_RUN_ID=manual__2025-04-06T16:07:06.553656+00:00
[2025-04-06T16:07:08.299+0000] {subprocess.py:63} INFO - Tmp dir root location: 
 /tmp
[2025-04-06T16:07:08.300+0000] {subprocess.py:75} INFO - Running command: ['/bin/bash', '-c', 'python3 /opt/***/scripts/Extract.py']
[2025-04-06T16:07:08.323+0000] {subprocess.py:86} INFO - Output:
[2025-04-06T16:07:10.298+0000] {subprocess.py:93} INFO - Table 1 saved to: /opt/***/data/table_1.csv
[2025-04-06T16:07:10.298+0000] {subprocess.py:93} INFO - 
[2025-04-06T16:07:10.298+0000] {subprocess.py:93} INFO - All 1 tables saved to '/opt/***/data/'!
[2025-04-06T16:07:10.391+0000] {subprocess.py:97} INFO - Command exited with return code 0
[2025-04-06T16:07:10.427+0000] {taskinstance.py:1323} INFO - Marking task as SUCCESS. dag_id=HemaDag, task_id=fetch_data, execution_date=20250406T160706, start_date=20250406T160708, end_date=20250406T160710
[2025-04-06T16:07:10.479+0000] {local_task_job.py:208} INFO - Task exited with return code 0
[2025-04-06T16:07:10.514+0000] {taskinstance.py:2578} INFO - 1 downstream tasks scheduled from follow-on schedule check
