[2025-04-13T13:24:24.913+0000] {taskinstance.py:1083} INFO - Dependencies all met for <TaskInstance: our_first_dag.first_task scheduled__2024-01-01T00:00:00+00:00 [queued]>
[2025-04-13T13:24:24.941+0000] {taskinstance.py:1083} INFO - Dependencies all met for <TaskInstance: our_first_dag.first_task scheduled__2024-01-01T00:00:00+00:00 [queued]>
[2025-04-13T13:24:24.942+0000] {taskinstance.py:1279} INFO - 
--------------------------------------------------------------------------------
[2025-04-13T13:24:24.942+0000] {taskinstance.py:1280} INFO - Starting attempt 1 of 6
[2025-04-13T13:24:24.942+0000] {taskinstance.py:1281} INFO - 
--------------------------------------------------------------------------------
[2025-04-13T13:24:24.981+0000] {taskinstance.py:1300} INFO - Executing <Task(BashOperator): first_task> on 2024-01-01 00:00:00+00:00
[2025-04-13T13:24:24.996+0000] {standard_task_runner.py:55} INFO - Started process 1079 to run task
[2025-04-13T13:24:25.001+0000] {standard_task_runner.py:82} INFO - Running: ['***', 'tasks', 'run', 'our_first_dag', 'first_task', 'scheduled__2024-01-01T00:00:00+00:00', '--job-id', '188', '--raw', '--subdir', 'DAGS_FOLDER/ourfirt_dag.py', '--cfg-path', '/tmp/tmp5p9hri7x']
[2025-04-13T13:24:25.005+0000] {standard_task_runner.py:83} INFO - Job 188: Subtask first_task
[2025-04-13T13:24:25.136+0000] {task_command.py:388} INFO - Running <TaskInstance: our_first_dag.first_task scheduled__2024-01-01T00:00:00+00:00 [running]> on host 7ff1b264ad9f
[2025-04-13T13:24:25.354+0000] {taskinstance.py:1509} INFO - Exporting the following env vars:
AIRFLOW_CTX_DAG_OWNER=erbarhim emad
AIRFLOW_CTX_DAG_ID=our_first_dag
AIRFLOW_CTX_TASK_ID=first_task
AIRFLOW_CTX_EXECUTION_DATE=2024-01-01T00:00:00+00:00
AIRFLOW_CTX_TRY_NUMBER=1
AIRFLOW_CTX_DAG_RUN_ID=scheduled__2024-01-01T00:00:00+00:00
[2025-04-13T13:24:25.355+0000] {subprocess.py:63} INFO - Tmp dir root location: 
 /tmp
[2025-04-13T13:24:25.357+0000] {subprocess.py:75} INFO - Running command: ['/bin/bash', '-c', 'echo Hello world this is the first task ']
[2025-04-13T13:24:25.392+0000] {subprocess.py:86} INFO - Output:
[2025-04-13T13:24:25.395+0000] {subprocess.py:93} INFO - Hello world this is the first task
[2025-04-13T13:24:25.396+0000] {subprocess.py:97} INFO - Command exited with return code 0
[2025-04-13T13:24:25.465+0000] {taskinstance.py:1323} INFO - Marking task as SUCCESS. dag_id=our_first_dag, task_id=first_task, execution_date=20240101T000000, start_date=20250413T132424, end_date=20250413T132425
[2025-04-13T13:24:25.543+0000] {local_task_job.py:208} INFO - Task exited with return code 0
[2025-04-13T13:24:25.585+0000] {taskinstance.py:2578} INFO - 0 downstream tasks scheduled from follow-on schedule check
