[2025-04-15T06:55:54.497+0000] {taskinstance.py:1083} INFO - Dependencies all met for <TaskInstance: HemaDag.process_data_task manual__2025-04-15T06:55:50.001699+00:00 [queued]>
[2025-04-15T06:55:54.510+0000] {taskinstance.py:1083} INFO - Dependencies all met for <TaskInstance: HemaDag.process_data_task manual__2025-04-15T06:55:50.001699+00:00 [queued]>
[2025-04-15T06:55:54.510+0000] {taskinstance.py:1279} INFO - 
--------------------------------------------------------------------------------
[2025-04-15T06:55:54.510+0000] {taskinstance.py:1280} INFO - Starting attempt 1 of 1
[2025-04-15T06:55:54.510+0000] {taskinstance.py:1281} INFO - 
--------------------------------------------------------------------------------
[2025-04-15T06:55:54.526+0000] {taskinstance.py:1300} INFO - Executing <Task(PythonOperator): process_data_task> on 2025-04-15 06:55:50.001699+00:00
[2025-04-15T06:55:54.537+0000] {standard_task_runner.py:55} INFO - Started process 228 to run task
[2025-04-15T06:55:54.542+0000] {standard_task_runner.py:82} INFO - Running: ['***', 'tasks', 'run', 'HemaDag', 'process_data_task', 'manual__2025-04-15T06:55:50.001699+00:00', '--job-id', '46', '--raw', '--subdir', 'DAGS_FOLDER/day.py', '--cfg-path', '/tmp/tmpm__09sd1']
[2025-04-15T06:55:54.544+0000] {standard_task_runner.py:83} INFO - Job 46: Subtask process_data_task
[2025-04-15T06:55:54.628+0000] {task_command.py:388} INFO - Running <TaskInstance: HemaDag.process_data_task manual__2025-04-15T06:55:50.001699+00:00 [running]> on host 0c4d66587ca1
[2025-04-15T06:55:54.740+0000] {taskinstance.py:1509} INFO - Exporting the following env vars:
AIRFLOW_CTX_DAG_OWNER=***
AIRFLOW_CTX_DAG_ID=HemaDag
AIRFLOW_CTX_TASK_ID=process_data_task
AIRFLOW_CTX_EXECUTION_DATE=2025-04-15T06:55:50.001699+00:00
AIRFLOW_CTX_TRY_NUMBER=1
AIRFLOW_CTX_DAG_RUN_ID=manual__2025-04-15T06:55:50.001699+00:00
[2025-04-15T06:55:54.741+0000] {taskinstance.py:1768} ERROR - Task failed with exception
Traceback (most recent call last):
  File "/home/airflow/.local/lib/python3.7/site-packages/airflow/operators/python.py", line 175, in execute
    return_value = self.execute_callable()
  File "/home/airflow/.local/lib/python3.7/site-packages/airflow/operators/python.py", line 192, in execute_callable
    return self.python_callable(*self.op_args, **self.op_kwargs)
  File "/opt/airflow/dags/day.py", line 77, in transform_data
    path=get_data()
NameError: name 'get_data' is not defined
[2025-04-15T06:55:54.753+0000] {taskinstance.py:1323} INFO - Marking task as FAILED. dag_id=HemaDag, task_id=process_data_task, execution_date=20250415T065550, start_date=20250415T065554, end_date=20250415T065554
[2025-04-15T06:55:54.769+0000] {standard_task_runner.py:105} ERROR - Failed to execute job 46 for task process_data_task (name 'get_data' is not defined; 228)
[2025-04-15T06:55:54.793+0000] {local_task_job.py:208} INFO - Task exited with return code 1
[2025-04-15T06:55:54.831+0000] {taskinstance.py:2578} INFO - 0 downstream tasks scheduled from follow-on schedule check
