[2025-04-15T08:09:35.518+0000] {taskinstance.py:1083} INFO - Dependencies all met for <TaskInstance: Anas.send_dataframe_to_kafka_task manual__2025-04-15T08:09:30.173254+00:00 [queued]>
[2025-04-15T08:09:35.524+0000] {taskinstance.py:1083} INFO - Dependencies all met for <TaskInstance: Anas.send_dataframe_to_kafka_task manual__2025-04-15T08:09:30.173254+00:00 [queued]>
[2025-04-15T08:09:35.524+0000] {taskinstance.py:1279} INFO - 
--------------------------------------------------------------------------------
[2025-04-15T08:09:35.524+0000] {taskinstance.py:1280} INFO - Starting attempt 1 of 1
[2025-04-15T08:09:35.524+0000] {taskinstance.py:1281} INFO - 
--------------------------------------------------------------------------------
[2025-04-15T08:09:35.532+0000] {taskinstance.py:1300} INFO - Executing <Task(PythonOperator): send_dataframe_to_kafka_task> on 2025-04-15 08:09:30.173254+00:00
[2025-04-15T08:09:35.540+0000] {standard_task_runner.py:55} INFO - Started process 492 to run task
[2025-04-15T08:09:35.543+0000] {standard_task_runner.py:82} INFO - Running: ['***', 'tasks', 'run', 'Anas', 'send_dataframe_to_kafka_task', 'manual__2025-04-15T08:09:30.173254+00:00', '--job-id', '19', '--raw', '--subdir', 'DAGS_FOLDER/day.py', '--cfg-path', '/tmp/tmp479b8ups']
[2025-04-15T08:09:35.544+0000] {standard_task_runner.py:83} INFO - Job 19: Subtask send_dataframe_to_kafka_task
[2025-04-15T08:09:35.585+0000] {task_command.py:388} INFO - Running <TaskInstance: Anas.send_dataframe_to_kafka_task manual__2025-04-15T08:09:30.173254+00:00 [running]> on host ac4c8066c1b3
[2025-04-15T08:09:35.634+0000] {taskinstance.py:1509} INFO - Exporting the following env vars:
AIRFLOW_CTX_DAG_OWNER=***
AIRFLOW_CTX_DAG_ID=Anas
AIRFLOW_CTX_TASK_ID=send_dataframe_to_kafka_task
AIRFLOW_CTX_EXECUTION_DATE=2025-04-15T08:09:30.173254+00:00
AIRFLOW_CTX_TRY_NUMBER=1
AIRFLOW_CTX_DAG_RUN_ID=manual__2025-04-15T08:09:30.173254+00:00
[2025-04-15T08:09:35.636+0000] {conn.py:396} INFO - <BrokerConnection client_id=kafka-python-producer-1, node_id=bootstrap-0 host=kafka:9092 <connecting> [IPv4 ('172.18.0.7', 9092)]>: connecting to kafka:9092 [('172.18.0.7', 9092) IPv4]
[2025-04-15T08:09:35.638+0000] {conn.py:615} INFO - <BrokerConnection client_id=kafka-python-producer-1, node_id=bootstrap-0 host=kafka:9092 <checking_api_versions_recv> [IPv4 ('172.18.0.7', 9092)]>: Broker version identified as 2.6
[2025-04-15T08:09:35.638+0000] {conn.py:456} INFO - <BrokerConnection client_id=kafka-python-producer-1, node_id=bootstrap-0 host=kafka:9092 <connected> [IPv4 ('172.18.0.7', 9092)]>: Connection complete.
[2025-04-15T08:09:35.741+0000] {conn.py:396} INFO - <BrokerConnection client_id=kafka-python-producer-1, node_id=1 host=kafka:9092 <connecting> [IPv4 ('172.18.0.7', 9092)]>: connecting to kafka:9092 [('172.18.0.7', 9092) IPv4]
[2025-04-15T08:09:35.742+0000] {conn.py:456} INFO - <BrokerConnection client_id=kafka-python-producer-1, node_id=1 host=kafka:9092 <connected> [IPv4 ('172.18.0.7', 9092)]>: Connection complete.
[2025-04-15T08:09:35.742+0000] {conn.py:936} INFO - <BrokerConnection client_id=kafka-python-producer-1, node_id=bootstrap-0 host=kafka:9092 <connected> [IPv4 ('172.18.0.7', 9092)]>: Closing connection. 
[2025-04-15T08:09:35.746+0000] {logging_mixin.py:137} INFO - Success!
[2025-04-15T08:09:35.846+0000] {logging_mixin.py:137} INFO - Sent record: Index
[2025-04-15T08:09:35.847+0000] {logging_mixin.py:137} INFO - Sent record: Country
[2025-04-15T08:09:35.847+0000] {logging_mixin.py:137} INFO - Sent record: Population
[2025-04-15T08:09:35.848+0000] {logging_mixin.py:137} INFO - Sent record: YearlyChange
[2025-04-15T08:09:35.848+0000] {logging_mixin.py:137} INFO - Sent record: NetChange
[2025-04-15T08:09:35.849+0000] {logging_mixin.py:137} INFO - Sent record: Density
[2025-04-15T08:09:35.849+0000] {logging_mixin.py:137} INFO - Sent record: Land_Area
[2025-04-15T08:09:35.850+0000] {logging_mixin.py:137} INFO - Sent record: Migrants
[2025-04-15T08:09:35.851+0000] {logging_mixin.py:137} INFO - Sent record: Fert_Rate
[2025-04-15T08:09:35.851+0000] {logging_mixin.py:137} INFO - Sent record: MedianAge
[2025-04-15T08:09:35.852+0000] {logging_mixin.py:137} INFO - Sent record: UrbanPop
[2025-04-15T08:09:35.852+0000] {logging_mixin.py:137} INFO - Sent record: WorldShare
[2025-04-15T08:09:35.854+0000] {logging_mixin.py:137} INFO - All records sent successfully.
[2025-04-15T08:09:35.854+0000] {kafka.py:511} INFO - Closing the Kafka producer with 9223372036.0 secs timeout.
[2025-04-15T08:09:35.855+0000] {conn.py:936} INFO - <BrokerConnection client_id=kafka-python-producer-1, node_id=1 host=kafka:9092 <connected> [IPv4 ('172.18.0.7', 9092)]>: Closing connection. 
[2025-04-15T08:09:35.855+0000] {logging_mixin.py:137} INFO - Kafka producer closed.
[2025-04-15T08:09:35.856+0000] {python.py:177} INFO - Done. Returned value was: None
[2025-04-15T08:09:35.865+0000] {taskinstance.py:1323} INFO - Marking task as SUCCESS. dag_id=Anas, task_id=send_dataframe_to_kafka_task, execution_date=20250415T080930, start_date=20250415T080935, end_date=20250415T080935
[2025-04-15T08:09:35.915+0000] {local_task_job.py:208} INFO - Task exited with return code 0
[2025-04-15T08:09:35.939+0000] {taskinstance.py:2578} INFO - 1 downstream tasks scheduled from follow-on schedule check
