[2025-04-15T08:15:17.736+0000] {taskinstance.py:1083} INFO - Dependencies all met for <TaskInstance: Anas.consume_and_insert_task manual__2025-04-15T08:15:09.064821+00:00 [queued]>
[2025-04-15T08:15:17.742+0000] {taskinstance.py:1083} INFO - Dependencies all met for <TaskInstance: Anas.consume_and_insert_task manual__2025-04-15T08:15:09.064821+00:00 [queued]>
[2025-04-15T08:15:17.742+0000] {taskinstance.py:1279} INFO - 
--------------------------------------------------------------------------------
[2025-04-15T08:15:17.742+0000] {taskinstance.py:1280} INFO - Starting attempt 1 of 1
[2025-04-15T08:15:17.742+0000] {taskinstance.py:1281} INFO - 
--------------------------------------------------------------------------------
[2025-04-15T08:15:17.751+0000] {taskinstance.py:1300} INFO - Executing <Task(PythonOperator): consume_and_insert_task> on 2025-04-15 08:15:09.064821+00:00
[2025-04-15T08:15:17.758+0000] {standard_task_runner.py:55} INFO - Started process 619 to run task
[2025-04-15T08:15:17.761+0000] {standard_task_runner.py:82} INFO - Running: ['***', 'tasks', 'run', 'Anas', 'consume_and_insert_task', 'manual__2025-04-15T08:15:09.064821+00:00', '--job-id', '36', '--raw', '--subdir', 'DAGS_FOLDER/day.py', '--cfg-path', '/tmp/tmpj7x3hn7h']
[2025-04-15T08:15:17.762+0000] {standard_task_runner.py:83} INFO - Job 36: Subtask consume_and_insert_task
[2025-04-15T08:15:17.806+0000] {task_command.py:388} INFO - Running <TaskInstance: Anas.consume_and_insert_task manual__2025-04-15T08:15:09.064821+00:00 [running]> on host ac4c8066c1b3
[2025-04-15T08:15:17.852+0000] {taskinstance.py:1509} INFO - Exporting the following env vars:
AIRFLOW_CTX_DAG_OWNER=***
AIRFLOW_CTX_DAG_ID=Anas
AIRFLOW_CTX_TASK_ID=consume_and_insert_task
AIRFLOW_CTX_EXECUTION_DATE=2025-04-15T08:15:09.064821+00:00
AIRFLOW_CTX_TRY_NUMBER=1
AIRFLOW_CTX_DAG_RUN_ID=manual__2025-04-15T08:15:09.064821+00:00
[2025-04-15T08:15:17.853+0000] {taskinstance.py:1768} ERROR - Task failed with exception
Traceback (most recent call last):
  File "/home/airflow/.local/lib/python3.7/site-packages/airflow/operators/python.py", line 175, in execute
    return_value = self.execute_callable()
  File "/home/airflow/.local/lib/python3.7/site-packages/airflow/operators/python.py", line 192, in execute_callable
    return self.python_callable(*self.op_args, **self.op_kwargs)
  File "/opt/airflow/dags/day.py", line 189, in consume_and_insert
    value_deserializer=lambda x: json.loads(x.decode('utf-8'))
  File "/home/airflow/.local/lib/python3.7/site-packages/kafka/consumer/group.py", line 341, in __init__
    raise KafkaConfigurationError("Unrecognized configs: %s" % (extra_configs,))
kafka.errors.KafkaConfigurationError: KafkaConfigurationError: Unrecognized configs: {'topic'}
[2025-04-15T08:15:17.859+0000] {taskinstance.py:1323} INFO - Marking task as FAILED. dag_id=Anas, task_id=consume_and_insert_task, execution_date=20250415T081509, start_date=20250415T081517, end_date=20250415T081517
[2025-04-15T08:15:17.865+0000] {standard_task_runner.py:105} ERROR - Failed to execute job 36 for task consume_and_insert_task (KafkaConfigurationError: Unrecognized configs: {'topic'}; 619)
[2025-04-15T08:15:17.892+0000] {local_task_job.py:208} INFO - Task exited with return code 1
[2025-04-15T08:15:17.910+0000] {taskinstance.py:2578} INFO - 0 downstream tasks scheduled from follow-on schedule check
