[2025-04-14T15:23:17.057+0000] {taskinstance.py:1083} INFO - Dependencies all met for <TaskInstance: HemaDag.Transform_data manual__2025-04-14T15:23:13.122740+00:00 [queued]>
[2025-04-14T15:23:17.070+0000] {taskinstance.py:1083} INFO - Dependencies all met for <TaskInstance: HemaDag.Transform_data manual__2025-04-14T15:23:13.122740+00:00 [queued]>
[2025-04-14T15:23:17.070+0000] {taskinstance.py:1279} INFO - 
--------------------------------------------------------------------------------
[2025-04-14T15:23:17.070+0000] {taskinstance.py:1280} INFO - Starting attempt 1 of 1
[2025-04-14T15:23:17.070+0000] {taskinstance.py:1281} INFO - 
--------------------------------------------------------------------------------
[2025-04-14T15:23:17.089+0000] {taskinstance.py:1300} INFO - Executing <Task(BashOperator): Transform_data> on 2025-04-14 15:23:13.122740+00:00
[2025-04-14T15:23:17.099+0000] {standard_task_runner.py:55} INFO - Started process 778 to run task
[2025-04-14T15:23:17.103+0000] {standard_task_runner.py:82} INFO - Running: ['***', 'tasks', 'run', 'HemaDag', 'Transform_data', 'manual__2025-04-14T15:23:13.122740+00:00', '--job-id', '24', '--raw', '--subdir', 'DAGS_FOLDER/day.py', '--cfg-path', '/tmp/tmpzj_8dvu4']
[2025-04-14T15:23:17.105+0000] {standard_task_runner.py:83} INFO - Job 24: Subtask Transform_data
[2025-04-14T15:23:17.191+0000] {task_command.py:388} INFO - Running <TaskInstance: HemaDag.Transform_data manual__2025-04-14T15:23:13.122740+00:00 [running]> on host 0c4d66587ca1
[2025-04-14T15:23:17.312+0000] {taskinstance.py:1509} INFO - Exporting the following env vars:
AIRFLOW_CTX_DAG_OWNER=***
AIRFLOW_CTX_DAG_ID=HemaDag
AIRFLOW_CTX_TASK_ID=Transform_data
AIRFLOW_CTX_EXECUTION_DATE=2025-04-14T15:23:13.122740+00:00
AIRFLOW_CTX_TRY_NUMBER=1
AIRFLOW_CTX_DAG_RUN_ID=manual__2025-04-14T15:23:13.122740+00:00
[2025-04-14T15:23:17.313+0000] {subprocess.py:63} INFO - Tmp dir root location: 
 /tmp
[2025-04-14T15:23:17.314+0000] {subprocess.py:75} INFO - Running command: ['/bin/bash', '-c', 'python3 /opt/***/scripts/Transform.py "All 1 tables saved to \'/opt/***/data/\'!"']
[2025-04-14T15:23:17.335+0000] {subprocess.py:86} INFO - Output:
[2025-04-14T15:23:19.814+0000] {subprocess.py:93} INFO - Table 1 saved to: /opt/***/data/table_1.csv
[2025-04-14T15:23:19.814+0000] {subprocess.py:93} INFO - 
[2025-04-14T15:23:19.815+0000] {subprocess.py:93} INFO - All 1 tables saved to '/opt/***/data/'!
[2025-04-14T15:23:19.815+0000] {subprocess.py:93} INFO - Table 1 saved to: /opt/***/data/table_1.csv
[2025-04-14T15:23:19.815+0000] {subprocess.py:93} INFO - 
[2025-04-14T15:23:19.816+0000] {subprocess.py:93} INFO - All 1 tables saved to '/opt/***/data/'!
[2025-04-14T15:23:19.931+0000] {subprocess.py:97} INFO - Command exited with return code 0
[2025-04-14T15:23:19.981+0000] {taskinstance.py:1323} INFO - Marking task as SUCCESS. dag_id=HemaDag, task_id=Transform_data, execution_date=20250414T152313, start_date=20250414T152317, end_date=20250414T152319
[2025-04-14T15:23:20.043+0000] {local_task_job.py:208} INFO - Task exited with return code 0
[2025-04-14T15:23:20.072+0000] {taskinstance.py:2578} INFO - 0 downstream tasks scheduled from follow-on schedule check
