[2025-04-14T13:08:15.472+0000] {taskinstance.py:1083} INFO - Dependencies all met for <TaskInstance: HemaDag.fetch_data scheduled__2025-04-06T00:00:00+00:00 [queued]>
[2025-04-14T13:08:15.477+0000] {taskinstance.py:1083} INFO - Dependencies all met for <TaskInstance: HemaDag.fetch_data scheduled__2025-04-06T00:00:00+00:00 [queued]>
[2025-04-14T13:08:15.477+0000] {taskinstance.py:1279} INFO - 
--------------------------------------------------------------------------------
[2025-04-14T13:08:15.478+0000] {taskinstance.py:1280} INFO - Starting attempt 1 of 1
[2025-04-14T13:08:15.478+0000] {taskinstance.py:1281} INFO - 
--------------------------------------------------------------------------------
[2025-04-14T13:08:15.486+0000] {taskinstance.py:1300} INFO - Executing <Task(BashOperator): fetch_data> on 2025-04-06 00:00:00+00:00
[2025-04-14T13:08:15.494+0000] {standard_task_runner.py:55} INFO - Started process 3120 to run task
[2025-04-14T13:08:15.496+0000] {standard_task_runner.py:82} INFO - Running: ['***', 'tasks', 'run', 'HemaDag', 'fetch_data', 'scheduled__2025-04-06T00:00:00+00:00', '--job-id', '204', '--raw', '--subdir', 'DAGS_FOLDER/day.py', '--cfg-path', '/tmp/tmpwco_mi6t']
[2025-04-14T13:08:15.497+0000] {standard_task_runner.py:83} INFO - Job 204: Subtask fetch_data
[2025-04-14T13:08:15.541+0000] {task_command.py:388} INFO - Running <TaskInstance: HemaDag.fetch_data scheduled__2025-04-06T00:00:00+00:00 [running]> on host 7ff1b264ad9f
[2025-04-14T13:08:15.590+0000] {taskinstance.py:1509} INFO - Exporting the following env vars:
AIRFLOW_CTX_DAG_OWNER=***
AIRFLOW_CTX_DAG_ID=HemaDag
AIRFLOW_CTX_TASK_ID=fetch_data
AIRFLOW_CTX_EXECUTION_DATE=2025-04-06T00:00:00+00:00
AIRFLOW_CTX_TRY_NUMBER=1
AIRFLOW_CTX_DAG_RUN_ID=scheduled__2025-04-06T00:00:00+00:00
[2025-04-14T13:08:15.591+0000] {subprocess.py:63} INFO - Tmp dir root location: 
 /tmp
[2025-04-14T13:08:15.591+0000] {subprocess.py:75} INFO - Running command: ['/bin/bash', '-c', 'python3 /opt/***/scripts/Extract.py']
[2025-04-14T13:08:15.604+0000] {subprocess.py:86} INFO - Output:
[2025-04-14T13:08:16.899+0000] {subprocess.py:93} INFO - Table 1 saved to: /opt/***/data/table_1.csv
[2025-04-14T13:08:16.900+0000] {subprocess.py:93} INFO - 
[2025-04-14T13:08:16.900+0000] {subprocess.py:93} INFO - All 1 tables saved to '/opt/***/data/'!
[2025-04-14T13:08:16.960+0000] {subprocess.py:97} INFO - Command exited with return code 0
[2025-04-14T13:08:16.979+0000] {taskinstance.py:1323} INFO - Marking task as SUCCESS. dag_id=HemaDag, task_id=fetch_data, execution_date=20250406T000000, start_date=20250414T130815, end_date=20250414T130816
[2025-04-14T13:08:17.032+0000] {local_task_job.py:208} INFO - Task exited with return code 0
[2025-04-14T13:08:17.057+0000] {taskinstance.py:2578} INFO - 1 downstream tasks scheduled from follow-on schedule check
[2025-04-14T15:03:42.892+0000] {taskinstance.py:1083} INFO - Dependencies all met for <TaskInstance: HemaDag.fetch_data scheduled__2025-04-06T00:00:00+00:00 [queued]>
[2025-04-14T15:03:42.904+0000] {taskinstance.py:1083} INFO - Dependencies all met for <TaskInstance: HemaDag.fetch_data scheduled__2025-04-06T00:00:00+00:00 [queued]>
[2025-04-14T15:03:42.905+0000] {taskinstance.py:1279} INFO - 
--------------------------------------------------------------------------------
[2025-04-14T15:03:42.905+0000] {taskinstance.py:1280} INFO - Starting attempt 1 of 1
[2025-04-14T15:03:42.905+0000] {taskinstance.py:1281} INFO - 
--------------------------------------------------------------------------------
[2025-04-14T15:03:42.923+0000] {taskinstance.py:1300} INFO - Executing <Task(BashOperator): fetch_data> on 2025-04-06 00:00:00+00:00
[2025-04-14T15:03:42.932+0000] {standard_task_runner.py:55} INFO - Started process 248 to run task
[2025-04-14T15:03:42.937+0000] {standard_task_runner.py:82} INFO - Running: ['***', 'tasks', 'run', 'HemaDag', 'fetch_data', 'scheduled__2025-04-06T00:00:00+00:00', '--job-id', '2', '--raw', '--subdir', 'DAGS_FOLDER/day.py', '--cfg-path', '/tmp/tmpeym9otat']
[2025-04-14T15:03:42.939+0000] {standard_task_runner.py:83} INFO - Job 2: Subtask fetch_data
[2025-04-14T15:03:43.027+0000] {task_command.py:388} INFO - Running <TaskInstance: HemaDag.fetch_data scheduled__2025-04-06T00:00:00+00:00 [running]> on host 0c4d66587ca1
[2025-04-14T15:03:43.129+0000] {taskinstance.py:1509} INFO - Exporting the following env vars:
AIRFLOW_CTX_DAG_OWNER=***
AIRFLOW_CTX_DAG_ID=HemaDag
AIRFLOW_CTX_TASK_ID=fetch_data
AIRFLOW_CTX_EXECUTION_DATE=2025-04-06T00:00:00+00:00
AIRFLOW_CTX_TRY_NUMBER=1
AIRFLOW_CTX_DAG_RUN_ID=scheduled__2025-04-06T00:00:00+00:00
[2025-04-14T15:03:43.130+0000] {subprocess.py:63} INFO - Tmp dir root location: 
 /tmp
[2025-04-14T15:03:43.131+0000] {subprocess.py:75} INFO - Running command: ['/bin/bash', '-c', 'python3 /opt/***/scripts/Extract.py']
[2025-04-14T15:03:43.150+0000] {subprocess.py:86} INFO - Output:
[2025-04-14T15:03:45.514+0000] {subprocess.py:93} INFO - Table 1 saved to: /opt/***/data/table_1.csv
[2025-04-14T15:03:45.514+0000] {subprocess.py:93} INFO - 
[2025-04-14T15:03:45.515+0000] {subprocess.py:93} INFO - All 1 tables saved to '/opt/***/data/'!
[2025-04-14T15:03:45.637+0000] {subprocess.py:97} INFO - Command exited with return code 0
[2025-04-14T15:03:45.685+0000] {taskinstance.py:1323} INFO - Marking task as SUCCESS. dag_id=HemaDag, task_id=fetch_data, execution_date=20250406T000000, start_date=20250414T150342, end_date=20250414T150345
[2025-04-14T15:03:45.717+0000] {local_task_job.py:208} INFO - Task exited with return code 0
[2025-04-14T15:03:45.750+0000] {taskinstance.py:2578} INFO - 1 downstream tasks scheduled from follow-on schedule check
