[2025-04-13T13:23:58.999+0000] {taskinstance.py:1083} INFO - Dependencies all met for <TaskInstance: our_first_dag.first_task scheduled__2023-11-21T00:00:00+00:00 [queued]>
[2025-04-13T13:23:59.020+0000] {taskinstance.py:1083} INFO - Dependencies all met for <TaskInstance: our_first_dag.first_task scheduled__2023-11-21T00:00:00+00:00 [queued]>
[2025-04-13T13:23:59.020+0000] {taskinstance.py:1279} INFO - 
--------------------------------------------------------------------------------
[2025-04-13T13:23:59.020+0000] {taskinstance.py:1280} INFO - Starting attempt 1 of 6
[2025-04-13T13:23:59.020+0000] {taskinstance.py:1281} INFO - 
--------------------------------------------------------------------------------
[2025-04-13T13:23:59.049+0000] {taskinstance.py:1300} INFO - Executing <Task(BashOperator): first_task> on 2023-11-21 00:00:00+00:00
[2025-04-13T13:23:59.061+0000] {standard_task_runner.py:55} INFO - Started process 818 to run task
[2025-04-13T13:23:59.065+0000] {standard_task_runner.py:82} INFO - Running: ['***', 'tasks', 'run', 'our_first_dag', 'first_task', 'scheduled__2023-11-21T00:00:00+00:00', '--job-id', '106', '--raw', '--subdir', 'DAGS_FOLDER/ourfirt_dag.py', '--cfg-path', '/tmp/tmp0xxitlte']
[2025-04-13T13:23:59.068+0000] {standard_task_runner.py:83} INFO - Job 106: Subtask first_task
[2025-04-13T13:23:59.174+0000] {task_command.py:388} INFO - Running <TaskInstance: our_first_dag.first_task scheduled__2023-11-21T00:00:00+00:00 [running]> on host 7ff1b264ad9f
[2025-04-13T13:23:59.296+0000] {taskinstance.py:1509} INFO - Exporting the following env vars:
AIRFLOW_CTX_DAG_OWNER=erbarhim emad
AIRFLOW_CTX_DAG_ID=our_first_dag
AIRFLOW_CTX_TASK_ID=first_task
AIRFLOW_CTX_EXECUTION_DATE=2023-11-21T00:00:00+00:00
AIRFLOW_CTX_TRY_NUMBER=1
AIRFLOW_CTX_DAG_RUN_ID=scheduled__2023-11-21T00:00:00+00:00
[2025-04-13T13:23:59.297+0000] {subprocess.py:63} INFO - Tmp dir root location: 
 /tmp
[2025-04-13T13:23:59.298+0000] {subprocess.py:75} INFO - Running command: ['/bin/bash', '-c', 'echo Hello world this is the first task ']
[2025-04-13T13:23:59.322+0000] {subprocess.py:86} INFO - Output:
[2025-04-13T13:23:59.325+0000] {subprocess.py:93} INFO - Hello world this is the first task
[2025-04-13T13:23:59.325+0000] {subprocess.py:97} INFO - Command exited with return code 0
[2025-04-13T13:23:59.369+0000] {taskinstance.py:1323} INFO - Marking task as SUCCESS. dag_id=our_first_dag, task_id=first_task, execution_date=20231121T000000, start_date=20250413T132359, end_date=20250413T132359
[2025-04-13T13:23:59.438+0000] {local_task_job.py:208} INFO - Task exited with return code 0
[2025-04-13T13:23:59.467+0000] {taskinstance.py:2578} INFO - 0 downstream tasks scheduled from follow-on schedule check
