[2025-04-16T04:39:34.140+0000] {taskinstance.py:1083} INFO - Dependencies all met for <TaskInstance: dag_with_catchup_backfill_v01.task1 scheduled__2025-04-15T00:00:00+00:00 [queued]>
[2025-04-16T04:39:34.147+0000] {taskinstance.py:1083} INFO - Dependencies all met for <TaskInstance: dag_with_catchup_backfill_v01.task1 scheduled__2025-04-15T00:00:00+00:00 [queued]>
[2025-04-16T04:39:34.148+0000] {taskinstance.py:1279} INFO - 
--------------------------------------------------------------------------------
[2025-04-16T04:39:34.148+0000] {taskinstance.py:1280} INFO - Starting attempt 1 of 4
[2025-04-16T04:39:34.148+0000] {taskinstance.py:1281} INFO - 
--------------------------------------------------------------------------------
[2025-04-16T04:39:34.160+0000] {taskinstance.py:1300} INFO - Executing <Task(BashOperator): task1> on 2025-04-15 00:00:00+00:00
[2025-04-16T04:39:34.167+0000] {standard_task_runner.py:55} INFO - Started process 215 to run task
[2025-04-16T04:39:34.169+0000] {standard_task_runner.py:82} INFO - Running: ['***', 'tasks', 'run', 'dag_with_catchup_backfill_v01', 'task1', 'scheduled__2025-04-15T00:00:00+00:00', '--job-id', '19', '--raw', '--subdir', 'DAGS_FOLDER/dag_catchup.py', '--cfg-path', '/tmp/tmpar_hbic7']
[2025-04-16T04:39:34.171+0000] {standard_task_runner.py:83} INFO - Job 19: Subtask task1
[2025-04-16T04:39:34.223+0000] {task_command.py:388} INFO - Running <TaskInstance: dag_with_catchup_backfill_v01.task1 scheduled__2025-04-15T00:00:00+00:00 [running]> on host 4d6caa4360c9
[2025-04-16T04:39:34.282+0000] {taskinstance.py:1509} INFO - Exporting the following env vars:
AIRFLOW_CTX_DAG_OWNER=ebemad
AIRFLOW_CTX_DAG_ID=dag_with_catchup_backfill_v01
AIRFLOW_CTX_TASK_ID=task1
AIRFLOW_CTX_EXECUTION_DATE=2025-04-15T00:00:00+00:00
AIRFLOW_CTX_TRY_NUMBER=1
AIRFLOW_CTX_DAG_RUN_ID=scheduled__2025-04-15T00:00:00+00:00
[2025-04-16T04:39:34.283+0000] {subprocess.py:63} INFO - Tmp dir root location: 
 /tmp
[2025-04-16T04:39:34.283+0000] {subprocess.py:75} INFO - Running command: ['/bin/bash', '-c', 'echo welcome Eng: Ebrahim Emad']
[2025-04-16T04:39:34.296+0000] {subprocess.py:86} INFO - Output:
[2025-04-16T04:39:34.297+0000] {subprocess.py:93} INFO - welcome Eng: Ebrahim Emad
[2025-04-16T04:39:34.297+0000] {subprocess.py:97} INFO - Command exited with return code 0
[2025-04-16T04:39:34.323+0000] {taskinstance.py:1323} INFO - Marking task as SUCCESS. dag_id=dag_with_catchup_backfill_v01, task_id=task1, execution_date=20250415T000000, start_date=20250416T043934, end_date=20250416T043934
[2025-04-16T04:39:34.341+0000] {local_task_job.py:208} INFO - Task exited with return code 0
[2025-04-16T04:39:34.355+0000] {taskinstance.py:2578} INFO - 0 downstream tasks scheduled from follow-on schedule check
