[2025-07-31T11:50:14.514+0000] {local_task_job_runner.py:123} INFO - ::group::Pre task execution logs
[2025-07-31T11:50:14.542+0000] {taskinstance.py:2613} INFO - Dependencies all met for dep_context=non-requeueable deps ti=<TaskInstance: world_population_ETL_dag_43.process_data_task scheduled__2025-03-16T00:00:00+00:00 [queued]>
[2025-07-31T11:50:14.553+0000] {taskinstance.py:2613} INFO - Dependencies all met for dep_context=requeueable deps ti=<TaskInstance: world_population_ETL_dag_43.process_data_task scheduled__2025-03-16T00:00:00+00:00 [queued]>
[2025-07-31T11:50:14.554+0000] {taskinstance.py:2866} INFO - Starting attempt 1 of 2
[2025-07-31T11:50:14.579+0000] {taskinstance.py:2889} INFO - Executing <Task(PythonOperator): process_data_task> on 2025-03-16 00:00:00+00:00
[2025-07-31T11:50:14.610+0000] {standard_task_runner.py:104} INFO - Running: ['***', 'tasks', 'run', 'world_population_ETL_dag_43', 'process_data_task', 'scheduled__2025-03-16T00:00:00+00:00', '--job-id', '29', '--raw', '--subdir', 'DAGS_FOLDER/project_01_dag.py', '--cfg-path', '/tmp/tmpfum5xi_3']
[2025-07-31T11:50:14.613+0000] {standard_task_runner.py:105} INFO - Job 29: Subtask process_data_task
[2025-07-31T11:50:14.619+0000] {logging_mixin.py:190} WARNING - /home/***/.local/lib/python3.12/site-packages/***/task/task_runner/standard_task_runner.py:70 DeprecationWarning: This process (pid=305) is multi-threaded, use of fork() may lead to deadlocks in the child.
[2025-07-31T11:50:14.620+0000] {standard_task_runner.py:72} INFO - Started process 317 to run task
[2025-07-31T11:50:14.688+0000] {task_command.py:467} INFO - Running <TaskInstance: world_population_ETL_dag_43.process_data_task scheduled__2025-03-16T00:00:00+00:00 [running]> on host 4c2d4060a2fe
[2025-07-31T11:50:14.868+0000] {taskinstance.py:3132} INFO - Exporting env vars: AIRFLOW_CTX_DAG_OWNER='givi-abe' AIRFLOW_CTX_DAG_ID='world_population_ETL_dag_43' AIRFLOW_CTX_TASK_ID='process_data_task' AIRFLOW_CTX_EXECUTION_DATE='2025-03-16T00:00:00+00:00' AIRFLOW_CTX_TRY_NUMBER='1' AIRFLOW_CTX_DAG_RUN_ID='scheduled__2025-03-16T00:00:00+00:00'
[2025-07-31T11:50:14.869+0000] {taskinstance.py:731} INFO - ::endgroup::
[2025-07-31T11:50:15.612+0000] {logging_mixin.py:190} INFO - Connection to the website established.
[2025-07-31T11:50:15.627+0000] {logging_mixin.py:190} INFO - Lists are clear!
[2025-07-31T11:50:15.628+0000] {logging_mixin.py:190} INFO - Lists are full of data!
[2025-07-31T11:50:15.630+0000] {logging_mixin.py:190} INFO - Data processing complete.
[2025-07-31T11:50:15.630+0000] {python.py:240} INFO - Done. Returned value was:                 COUNTRY  ...                    INS_DATE
0                India   ...  2025-07-31 11:50:15.619998
1                China   ...  2025-07-31 11:50:15.620054
2        United States   ...  2025-07-31 11:50:15.620090
3            Indonesia   ...  2025-07-31 11:50:15.620120
4             Pakistan   ...  2025-07-31 11:50:15.620149
..                  ...  ...                         ...
228         Montserrat   ...  2025-07-31 11:50:15.627179
229   Falkland Islands   ...  2025-07-31 11:50:15.627232
230            Tokelau   ...  2025-07-31 11:50:15.627275
231               Niue   ...  2025-07-31 11:50:15.627316
232           Holy See   ...  2025-07-31 11:50:15.627373

[233 rows x 12 columns]
[2025-07-31T11:50:15.685+0000] {taskinstance.py:340} INFO - ::group::Post task execution logs
[2025-07-31T11:50:15.685+0000] {taskinstance.py:352} INFO - Marking task as SUCCESS. dag_id=world_population_ETL_dag_43, task_id=process_data_task, run_id=scheduled__2025-03-16T00:00:00+00:00, execution_date=20250316T000000, start_date=20250731T115014, end_date=20250731T115015
[2025-07-31T11:50:15.722+0000] {local_task_job_runner.py:266} INFO - Task exited with return code 0
[2025-07-31T11:50:15.733+0000] {local_task_job_runner.py:245} INFO - ::endgroup::
