[2025-04-13T13:24:13.537+0000] {taskinstance.py:1083} INFO - Dependencies all met for <TaskInstance: our_first_dag.second_task scheduled__2023-12-12T00:00:00+00:00 [queued]>
[2025-04-13T13:24:13.558+0000] {taskinstance.py:1083} INFO - Dependencies all met for <TaskInstance: our_first_dag.second_task scheduled__2023-12-12T00:00:00+00:00 [queued]>
[2025-04-13T13:24:13.559+0000] {taskinstance.py:1279} INFO - 
--------------------------------------------------------------------------------
[2025-04-13T13:24:13.560+0000] {taskinstance.py:1280} INFO - Starting attempt 1 of 6
[2025-04-13T13:24:13.560+0000] {taskinstance.py:1281} INFO - 
--------------------------------------------------------------------------------
[2025-04-13T13:24:13.607+0000] {taskinstance.py:1300} INFO - Executing <Task(BashOperator): second_task> on 2023-12-12 00:00:00+00:00
[2025-04-13T13:24:13.623+0000] {standard_task_runner.py:55} INFO - Started process 952 to run task
[2025-04-13T13:24:13.634+0000] {standard_task_runner.py:82} INFO - Running: ['***', 'tasks', 'run', 'our_first_dag', 'second_task', 'scheduled__2023-12-12T00:00:00+00:00', '--job-id', '149', '--raw', '--subdir', 'DAGS_FOLDER/ourfirt_dag.py', '--cfg-path', '/tmp/tmpen5wj_n_']
[2025-04-13T13:24:13.637+0000] {standard_task_runner.py:83} INFO - Job 149: Subtask second_task
[2025-04-13T13:24:13.808+0000] {task_command.py:388} INFO - Running <TaskInstance: our_first_dag.second_task scheduled__2023-12-12T00:00:00+00:00 [running]> on host 7ff1b264ad9f
[2025-04-13T13:24:13.997+0000] {taskinstance.py:1509} INFO - Exporting the following env vars:
AIRFLOW_CTX_DAG_OWNER=erbarhim emad
AIRFLOW_CTX_DAG_ID=our_first_dag
AIRFLOW_CTX_TASK_ID=second_task
AIRFLOW_CTX_EXECUTION_DATE=2023-12-12T00:00:00+00:00
AIRFLOW_CTX_TRY_NUMBER=1
AIRFLOW_CTX_DAG_RUN_ID=scheduled__2023-12-12T00:00:00+00:00
[2025-04-13T13:24:13.998+0000] {subprocess.py:63} INFO - Tmp dir root location: 
 /tmp
[2025-04-13T13:24:13.999+0000] {subprocess.py:75} INFO - Running command: ['/bin/bash', '-c', 'echo Hello world this is the second task ']
[2025-04-13T13:24:14.044+0000] {subprocess.py:86} INFO - Output:
[2025-04-13T13:24:14.046+0000] {subprocess.py:93} INFO - Hello world this is the second task
[2025-04-13T13:24:14.047+0000] {subprocess.py:97} INFO - Command exited with return code 0
[2025-04-13T13:24:14.121+0000] {taskinstance.py:1323} INFO - Marking task as SUCCESS. dag_id=our_first_dag, task_id=second_task, execution_date=20231212T000000, start_date=20250413T132413, end_date=20250413T132414
[2025-04-13T13:24:14.254+0000] {local_task_job.py:208} INFO - Task exited with return code 0
[2025-04-13T13:24:14.354+0000] {taskinstance.py:2578} INFO - 0 downstream tasks scheduled from follow-on schedule check
