[2025-04-14T15:28:55.445+0000] {taskinstance.py:1083} INFO - Dependencies all met for <TaskInstance: HemaDag.send_to_kafka manual__2025-04-14T15:28:53.625037+00:00 [queued]>
[2025-04-14T15:28:55.458+0000] {taskinstance.py:1083} INFO - Dependencies all met for <TaskInstance: HemaDag.send_to_kafka manual__2025-04-14T15:28:53.625037+00:00 [queued]>
[2025-04-14T15:28:55.458+0000] {taskinstance.py:1279} INFO - 
--------------------------------------------------------------------------------
[2025-04-14T15:28:55.458+0000] {taskinstance.py:1280} INFO - Starting attempt 1 of 1
[2025-04-14T15:28:55.458+0000] {taskinstance.py:1281} INFO - 
--------------------------------------------------------------------------------
[2025-04-14T15:28:55.475+0000] {taskinstance.py:1300} INFO - Executing <Task(BashOperator): send_to_kafka> on 2025-04-14 15:28:53.625037+00:00
[2025-04-14T15:28:55.487+0000] {standard_task_runner.py:55} INFO - Started process 872 to run task
[2025-04-14T15:28:55.493+0000] {standard_task_runner.py:82} INFO - Running: ['***', 'tasks', 'run', 'HemaDag', 'send_to_kafka', 'manual__2025-04-14T15:28:53.625037+00:00', '--job-id', '25', '--raw', '--subdir', 'DAGS_FOLDER/day.py', '--cfg-path', '/tmp/tmpznz0y82f']
[2025-04-14T15:28:55.495+0000] {standard_task_runner.py:83} INFO - Job 25: Subtask send_to_kafka
[2025-04-14T15:28:55.585+0000] {task_command.py:388} INFO - Running <TaskInstance: HemaDag.send_to_kafka manual__2025-04-14T15:28:53.625037+00:00 [running]> on host 0c4d66587ca1
[2025-04-14T15:28:55.688+0000] {taskinstance.py:1509} INFO - Exporting the following env vars:
AIRFLOW_CTX_DAG_OWNER=***
AIRFLOW_CTX_DAG_ID=HemaDag
AIRFLOW_CTX_TASK_ID=send_to_kafka
AIRFLOW_CTX_EXECUTION_DATE=2025-04-14T15:28:53.625037+00:00
AIRFLOW_CTX_TRY_NUMBER=1
AIRFLOW_CTX_DAG_RUN_ID=manual__2025-04-14T15:28:53.625037+00:00
[2025-04-14T15:28:55.690+0000] {subprocess.py:63} INFO - Tmp dir root location: 
 /tmp
[2025-04-14T15:28:55.691+0000] {subprocess.py:75} INFO - Running command: ['/bin/bash', '-c', 'python3 /opt/***/scripts/kafka.py']
[2025-04-14T15:28:55.716+0000] {subprocess.py:86} INFO - Output:
[2025-04-14T15:28:56.761+0000] {subprocess.py:93} INFO - /home/***/.local/lib/python3.7/site-packages/***/models/base.py:49 MovedIn20Warning: Deprecated API features detected! These feature(s) are not compatible with SQLAlchemy 2.0. To prevent incompatible upgrades prior to updating applications, ensure requirements files are pinned to "sqlalchemy<2.0". Set environment variable SQLALCHEMY_WARN_20=1 to show all deprecation warnings.  Set environment variable SQLALCHEMY_SILENCE_UBER_WARNING=1 to silence this message. (Background on SQLAlchemy 2.0 at: https://sqlalche.me/e/b8d9)
[2025-04-14T15:28:57.815+0000] {subprocess.py:93} INFO - /opt/***/scripts/kafka.py:2 DeprecationWarning: The `***.operators.python_operator.PythonOperator` class is deprecated. Please use `'***.operators.python.PythonOperator'`.
[2025-04-14T15:28:58.412+0000] {subprocess.py:93} INFO - Traceback (most recent call last):
[2025-04-14T15:28:58.412+0000] {subprocess.py:93} INFO -   File "/opt/***/scripts/kafka.py", line 11, in <module>
[2025-04-14T15:28:58.412+0000] {subprocess.py:93} INFO -     from kafka import KafkaProducer, KafkaConsumer
[2025-04-14T15:28:58.412+0000] {subprocess.py:93} INFO -   File "/opt/***/scripts/kafka.py", line 11, in <module>
[2025-04-14T15:28:58.412+0000] {subprocess.py:93} INFO -     from kafka import KafkaProducer, KafkaConsumer
[2025-04-14T15:28:58.413+0000] {subprocess.py:93} INFO - ImportError: cannot import name 'KafkaProducer' from 'kafka' (/opt/***/scripts/kafka.py)
[2025-04-14T15:28:58.709+0000] {subprocess.py:97} INFO - Command exited with return code 1
[2025-04-14T15:28:58.726+0000] {taskinstance.py:1768} ERROR - Task failed with exception
Traceback (most recent call last):
  File "/home/airflow/.local/lib/python3.7/site-packages/airflow/operators/bash.py", line 197, in execute
    f"Bash command failed. The command returned a non-zero exit code {result.exit_code}."
airflow.exceptions.AirflowException: Bash command failed. The command returned a non-zero exit code 1.
[2025-04-14T15:28:58.731+0000] {taskinstance.py:1323} INFO - Marking task as FAILED. dag_id=HemaDag, task_id=send_to_kafka, execution_date=20250414T152853, start_date=20250414T152855, end_date=20250414T152858
[2025-04-14T15:28:58.757+0000] {standard_task_runner.py:105} ERROR - Failed to execute job 25 for task send_to_kafka (Bash command failed. The command returned a non-zero exit code 1.; 872)
[2025-04-14T15:28:58.793+0000] {local_task_job.py:208} INFO - Task exited with return code 1
[2025-04-14T15:28:58.819+0000] {taskinstance.py:2578} INFO - 0 downstream tasks scheduled from follow-on schedule check
