[2025-08-01T08:42:45.484+0000] {local_task_job_runner.py:123} INFO - ::group::Pre task execution logs
[2025-08-01T08:42:45.506+0000] {taskinstance.py:2613} INFO - Dependencies all met for dep_context=non-requeueable deps ti=<TaskInstance: world_population_ETL_dag_43.send_dataframe_to_kafka_task manual__2025-08-01T08:42:39.545930+00:00 [queued]>
[2025-08-01T08:42:45.512+0000] {taskinstance.py:2613} INFO - Dependencies all met for dep_context=requeueable deps ti=<TaskInstance: world_population_ETL_dag_43.send_dataframe_to_kafka_task manual__2025-08-01T08:42:39.545930+00:00 [queued]>
[2025-08-01T08:42:45.512+0000] {taskinstance.py:2866} INFO - Starting attempt 1 of 2
[2025-08-01T08:42:45.524+0000] {taskinstance.py:2889} INFO - Executing <Task(PythonOperator): send_dataframe_to_kafka_task> on 2025-08-01 08:42:39.545930+00:00
[2025-08-01T08:42:45.540+0000] {standard_task_runner.py:104} INFO - Running: ['***', 'tasks', 'run', 'world_population_ETL_dag_43', 'send_dataframe_to_kafka_task', 'manual__2025-08-01T08:42:39.545930+00:00', '--job-id', '12', '--raw', '--subdir', 'DAGS_FOLDER/project_01_dag.py', '--cfg-path', '/tmp/tmpq3bhd8n9']
[2025-08-01T08:42:45.544+0000] {standard_task_runner.py:105} INFO - Job 12: Subtask send_dataframe_to_kafka_task
[2025-08-01T08:42:45.544+0000] {logging_mixin.py:190} WARNING - /home/***/.local/lib/python3.12/site-packages/***/task/task_runner/standard_task_runner.py:70 DeprecationWarning: This process (pid=793) is multi-threaded, use of fork() may lead to deadlocks in the child.
[2025-08-01T08:42:45.544+0000] {standard_task_runner.py:72} INFO - Started process 801 to run task
[2025-08-01T08:42:45.589+0000] {task_command.py:467} INFO - Running <TaskInstance: world_population_ETL_dag_43.send_dataframe_to_kafka_task manual__2025-08-01T08:42:39.545930+00:00 [running]> on host 3a7d040e403d
[2025-08-01T08:42:45.661+0000] {taskinstance.py:3132} INFO - Exporting env vars: AIRFLOW_CTX_DAG_OWNER='givi-abe' AIRFLOW_CTX_DAG_ID='world_population_ETL_dag_43' AIRFLOW_CTX_TASK_ID='send_dataframe_to_kafka_task' AIRFLOW_CTX_EXECUTION_DATE='2025-08-01T08:42:39.545930+00:00' AIRFLOW_CTX_TRY_NUMBER='1' AIRFLOW_CTX_DAG_RUN_ID='manual__2025-08-01T08:42:39.545930+00:00'
[2025-08-01T08:42:45.662+0000] {taskinstance.py:731} INFO - ::endgroup::
[2025-08-01T08:42:45.676+0000] {conn.py:396} INFO - <BrokerConnection client_id=kafka-python-producer-1, node_id=bootstrap-0 host=kafka:9092 <connecting> [IPv4 ('172.18.0.7', 9092)]>: connecting to kafka:9092 [('172.18.0.7', 9092) IPv4]
[2025-08-01T08:42:45.679+0000] {conn.py:618} INFO - <BrokerConnection client_id=kafka-python-producer-1, node_id=bootstrap-0 host=kafka:9092 <checking_api_versions_recv> [IPv4 ('172.18.0.7', 9092)]>: Broker version identified as 2.6
[2025-08-01T08:42:45.679+0000] {conn.py:457} INFO - <BrokerConnection client_id=kafka-python-producer-1, node_id=bootstrap-0 host=kafka:9092 <connected> [IPv4 ('172.18.0.7', 9092)]>: Connection complete.
[2025-08-01T08:42:45.784+0000] {conn.py:396} INFO - <BrokerConnection client_id=kafka-python-producer-1, node_id=1 host=kafka:9092 <connecting> [IPv4 ('172.18.0.7', 9092)]>: connecting to kafka:9092 [('172.18.0.7', 9092) IPv4]
[2025-08-01T08:42:45.784+0000] {conn.py:457} INFO - <BrokerConnection client_id=kafka-python-producer-1, node_id=1 host=kafka:9092 <connected> [IPv4 ('172.18.0.7', 9092)]>: Connection complete.
[2025-08-01T08:42:45.785+0000] {conn.py:945} INFO - <BrokerConnection client_id=kafka-python-producer-1, node_id=bootstrap-0 host=kafka:9092 <connected> [IPv4 ('172.18.0.7', 9092)]>: Closing connection. 
[2025-08-01T08:42:45.790+0000] {cluster.py:316} ERROR - Topic ETL-PROJECT not found in cluster metadata
[2025-08-01T08:42:45.892+0000] {cluster.py:316} ERROR - Topic ETL-PROJECT not found in cluster metadata
[2025-08-01T08:42:45.994+0000] {cluster.py:316} ERROR - Topic ETL-PROJECT not found in cluster metadata
[2025-08-01T08:42:46.097+0000] {cluster.py:316} ERROR - Topic ETL-PROJECT not found in cluster metadata
[2025-08-01T08:42:46.199+0000] {cluster.py:316} ERROR - Topic ETL-PROJECT not found in cluster metadata
[2025-08-01T08:42:46.301+0000] {cluster.py:316} ERROR - Topic ETL-PROJECT not found in cluster metadata
[2025-08-01T08:42:46.403+0000] {cluster.py:316} ERROR - Topic ETL-PROJECT not found in cluster metadata
[2025-08-01T08:42:46.505+0000] {cluster.py:316} ERROR - Topic ETL-PROJECT not found in cluster metadata
[2025-08-01T08:42:46.607+0000] {cluster.py:316} ERROR - Topic ETL-PROJECT not found in cluster metadata
[2025-08-01T08:42:46.709+0000] {cluster.py:316} ERROR - Topic ETL-PROJECT not found in cluster metadata
[2025-08-01T08:42:46.811+0000] {cluster.py:316} ERROR - Topic ETL-PROJECT not found in cluster metadata
[2025-08-01T08:42:46.913+0000] {cluster.py:316} ERROR - Topic ETL-PROJECT not found in cluster metadata
[2025-08-01T08:42:47.015+0000] {cluster.py:316} ERROR - Topic ETL-PROJECT not found in cluster metadata
[2025-08-01T08:42:47.117+0000] {cluster.py:316} ERROR - Topic ETL-PROJECT not found in cluster metadata
[2025-08-01T08:42:47.219+0000] {cluster.py:316} ERROR - Topic ETL-PROJECT not found in cluster metadata
[2025-08-01T08:42:47.321+0000] {cluster.py:316} ERROR - Topic ETL-PROJECT not found in cluster metadata
[2025-08-01T08:42:47.422+0000] {cluster.py:316} ERROR - Topic ETL-PROJECT not found in cluster metadata
[2025-08-01T08:42:47.524+0000] {cluster.py:316} ERROR - Topic ETL-PROJECT not found in cluster metadata
[2025-08-01T08:42:47.626+0000] {cluster.py:316} ERROR - Topic ETL-PROJECT not found in cluster metadata
[2025-08-01T08:42:47.728+0000] {cluster.py:316} ERROR - Topic ETL-PROJECT not found in cluster metadata
[2025-08-01T08:42:47.830+0000] {cluster.py:316} ERROR - Topic ETL-PROJECT not found in cluster metadata
[2025-08-01T08:42:47.932+0000] {cluster.py:316} ERROR - Topic ETL-PROJECT not found in cluster metadata
[2025-08-01T08:42:48.035+0000] {cluster.py:316} ERROR - Topic ETL-PROJECT not found in cluster metadata
[2025-08-01T08:42:48.137+0000] {cluster.py:316} ERROR - Topic ETL-PROJECT not found in cluster metadata
[2025-08-01T08:42:48.242+0000] {cluster.py:316} ERROR - Topic ETL-PROJECT not found in cluster metadata
[2025-08-01T08:42:48.345+0000] {cluster.py:316} ERROR - Topic ETL-PROJECT not found in cluster metadata
[2025-08-01T08:42:48.447+0000] {cluster.py:316} ERROR - Topic ETL-PROJECT not found in cluster metadata
[2025-08-01T08:42:48.549+0000] {cluster.py:316} ERROR - Topic ETL-PROJECT not found in cluster metadata
[2025-08-01T08:42:48.651+0000] {cluster.py:316} ERROR - Topic ETL-PROJECT not found in cluster metadata
[2025-08-01T08:42:48.753+0000] {cluster.py:316} ERROR - Topic ETL-PROJECT not found in cluster metadata
[2025-08-01T08:42:48.854+0000] {cluster.py:316} ERROR - Topic ETL-PROJECT not found in cluster metadata
[2025-08-01T08:42:48.956+0000] {cluster.py:316} ERROR - Topic ETL-PROJECT not found in cluster metadata
[2025-08-01T08:42:49.058+0000] {cluster.py:316} ERROR - Topic ETL-PROJECT not found in cluster metadata
[2025-08-01T08:42:49.160+0000] {cluster.py:316} ERROR - Topic ETL-PROJECT not found in cluster metadata
[2025-08-01T08:42:49.262+0000] {cluster.py:316} ERROR - Topic ETL-PROJECT not found in cluster metadata
[2025-08-01T08:42:49.363+0000] {cluster.py:316} ERROR - Topic ETL-PROJECT not found in cluster metadata
[2025-08-01T08:42:49.465+0000] {cluster.py:316} ERROR - Topic ETL-PROJECT not found in cluster metadata
[2025-08-01T08:42:49.567+0000] {cluster.py:316} ERROR - Topic ETL-PROJECT not found in cluster metadata
[2025-08-01T08:42:49.669+0000] {cluster.py:316} ERROR - Topic ETL-PROJECT not found in cluster metadata
[2025-08-01T08:42:49.771+0000] {cluster.py:316} ERROR - Topic ETL-PROJECT not found in cluster metadata
[2025-08-01T08:42:49.872+0000] {cluster.py:316} ERROR - Topic ETL-PROJECT not found in cluster metadata
[2025-08-01T08:42:49.974+0000] {cluster.py:316} ERROR - Topic ETL-PROJECT not found in cluster metadata
[2025-08-01T08:42:50.076+0000] {cluster.py:316} ERROR - Topic ETL-PROJECT not found in cluster metadata
[2025-08-01T08:42:50.178+0000] {cluster.py:316} ERROR - Topic ETL-PROJECT not found in cluster metadata
[2025-08-01T08:42:50.279+0000] {cluster.py:316} ERROR - Topic ETL-PROJECT not found in cluster metadata
[2025-08-01T08:42:50.381+0000] {cluster.py:316} ERROR - Topic ETL-PROJECT not found in cluster metadata
[2025-08-01T08:42:50.483+0000] {cluster.py:316} ERROR - Topic ETL-PROJECT not found in cluster metadata
[2025-08-01T08:42:50.585+0000] {cluster.py:316} ERROR - Topic ETL-PROJECT not found in cluster metadata
[2025-08-01T08:42:50.687+0000] {cluster.py:316} ERROR - Topic ETL-PROJECT not found in cluster metadata
[2025-08-01T08:42:50.788+0000] {cluster.py:316} ERROR - Topic ETL-PROJECT not found in cluster metadata
[2025-08-01T08:42:50.890+0000] {cluster.py:316} ERROR - Topic ETL-PROJECT not found in cluster metadata
[2025-08-01T08:42:50.992+0000] {cluster.py:316} ERROR - Topic ETL-PROJECT not found in cluster metadata
[2025-08-01T08:42:51.095+0000] {cluster.py:316} ERROR - Topic ETL-PROJECT not found in cluster metadata
[2025-08-01T08:42:51.198+0000] {cluster.py:316} ERROR - Topic ETL-PROJECT not found in cluster metadata
[2025-08-01T08:42:51.300+0000] {cluster.py:316} ERROR - Topic ETL-PROJECT not found in cluster metadata
[2025-08-01T08:42:51.401+0000] {cluster.py:316} ERROR - Topic ETL-PROJECT not found in cluster metadata
[2025-08-01T08:42:51.503+0000] {cluster.py:316} ERROR - Topic ETL-PROJECT not found in cluster metadata
[2025-08-01T08:42:51.605+0000] {cluster.py:316} ERROR - Topic ETL-PROJECT not found in cluster metadata
[2025-08-01T08:42:51.707+0000] {cluster.py:316} ERROR - Topic ETL-PROJECT not found in cluster metadata
[2025-08-01T08:42:51.808+0000] {cluster.py:316} ERROR - Topic ETL-PROJECT not found in cluster metadata
[2025-08-01T08:42:51.910+0000] {cluster.py:316} ERROR - Topic ETL-PROJECT not found in cluster metadata
[2025-08-01T08:42:52.012+0000] {cluster.py:316} ERROR - Topic ETL-PROJECT not found in cluster metadata
[2025-08-01T08:42:52.113+0000] {cluster.py:316} ERROR - Topic ETL-PROJECT not found in cluster metadata
[2025-08-01T08:42:52.216+0000] {cluster.py:316} ERROR - Topic ETL-PROJECT not found in cluster metadata
[2025-08-01T08:42:52.319+0000] {cluster.py:316} ERROR - Topic ETL-PROJECT not found in cluster metadata
[2025-08-01T08:42:52.420+0000] {cluster.py:316} ERROR - Topic ETL-PROJECT not found in cluster metadata
[2025-08-01T08:42:52.523+0000] {cluster.py:316} ERROR - Topic ETL-PROJECT not found in cluster metadata
[2025-08-01T08:42:52.627+0000] {cluster.py:316} ERROR - Topic ETL-PROJECT not found in cluster metadata
[2025-08-01T08:42:52.729+0000] {cluster.py:316} ERROR - Topic ETL-PROJECT not found in cluster metadata
[2025-08-01T08:42:52.831+0000] {cluster.py:316} ERROR - Topic ETL-PROJECT not found in cluster metadata
[2025-08-01T08:42:52.933+0000] {cluster.py:316} ERROR - Topic ETL-PROJECT not found in cluster metadata
[2025-08-01T08:42:53.035+0000] {cluster.py:316} ERROR - Topic ETL-PROJECT not found in cluster metadata
[2025-08-01T08:42:53.136+0000] {cluster.py:316} ERROR - Topic ETL-PROJECT not found in cluster metadata
[2025-08-01T08:42:53.238+0000] {cluster.py:316} ERROR - Topic ETL-PROJECT not found in cluster metadata
[2025-08-01T08:42:53.340+0000] {cluster.py:316} ERROR - Topic ETL-PROJECT not found in cluster metadata
[2025-08-01T08:42:53.442+0000] {cluster.py:316} ERROR - Topic ETL-PROJECT not found in cluster metadata
[2025-08-01T08:42:53.550+0000] {cluster.py:316} ERROR - Topic ETL-PROJECT not found in cluster metadata
[2025-08-01T08:42:53.653+0000] {cluster.py:316} ERROR - Topic ETL-PROJECT not found in cluster metadata
[2025-08-01T08:42:53.755+0000] {cluster.py:316} ERROR - Topic ETL-PROJECT not found in cluster metadata
[2025-08-01T08:42:53.857+0000] {cluster.py:316} ERROR - Topic ETL-PROJECT not found in cluster metadata
[2025-08-01T08:42:53.959+0000] {cluster.py:316} ERROR - Topic ETL-PROJECT not found in cluster metadata
[2025-08-01T08:42:54.061+0000] {cluster.py:316} ERROR - Topic ETL-PROJECT not found in cluster metadata
[2025-08-01T08:42:54.163+0000] {cluster.py:316} ERROR - Topic ETL-PROJECT not found in cluster metadata
[2025-08-01T08:42:54.265+0000] {cluster.py:316} ERROR - Topic ETL-PROJECT not found in cluster metadata
[2025-08-01T08:42:54.367+0000] {cluster.py:316} ERROR - Topic ETL-PROJECT not found in cluster metadata
[2025-08-01T08:42:54.469+0000] {cluster.py:316} ERROR - Topic ETL-PROJECT not found in cluster metadata
[2025-08-01T08:42:54.570+0000] {cluster.py:316} ERROR - Topic ETL-PROJECT not found in cluster metadata
[2025-08-01T08:42:54.672+0000] {cluster.py:316} ERROR - Topic ETL-PROJECT not found in cluster metadata
[2025-08-01T08:42:54.774+0000] {cluster.py:316} ERROR - Topic ETL-PROJECT not found in cluster metadata
[2025-08-01T08:42:54.876+0000] {cluster.py:316} ERROR - Topic ETL-PROJECT not found in cluster metadata
[2025-08-01T08:42:54.977+0000] {cluster.py:316} ERROR - Topic ETL-PROJECT not found in cluster metadata
[2025-08-01T08:42:55.080+0000] {cluster.py:316} ERROR - Topic ETL-PROJECT not found in cluster metadata
[2025-08-01T08:42:55.182+0000] {cluster.py:316} ERROR - Topic ETL-PROJECT not found in cluster metadata
[2025-08-01T08:42:55.283+0000] {cluster.py:316} ERROR - Topic ETL-PROJECT not found in cluster metadata
[2025-08-01T08:42:55.385+0000] {cluster.py:316} ERROR - Topic ETL-PROJECT not found in cluster metadata
[2025-08-01T08:42:55.487+0000] {cluster.py:316} ERROR - Topic ETL-PROJECT not found in cluster metadata
[2025-08-01T08:42:55.589+0000] {cluster.py:316} ERROR - Topic ETL-PROJECT not found in cluster metadata
[2025-08-01T08:42:55.691+0000] {cluster.py:316} ERROR - Topic ETL-PROJECT not found in cluster metadata
[2025-08-01T08:42:55.793+0000] {cluster.py:316} ERROR - Topic ETL-PROJECT not found in cluster metadata
[2025-08-01T08:42:55.895+0000] {cluster.py:316} ERROR - Topic ETL-PROJECT not found in cluster metadata
[2025-08-01T08:42:55.997+0000] {cluster.py:316} ERROR - Topic ETL-PROJECT not found in cluster metadata
[2025-08-01T08:42:56.099+0000] {cluster.py:316} ERROR - Topic ETL-PROJECT not found in cluster metadata
[2025-08-01T08:42:56.201+0000] {cluster.py:316} ERROR - Topic ETL-PROJECT not found in cluster metadata
[2025-08-01T08:42:56.303+0000] {cluster.py:316} ERROR - Topic ETL-PROJECT not found in cluster metadata
[2025-08-01T08:42:56.405+0000] {cluster.py:316} ERROR - Topic ETL-PROJECT not found in cluster metadata
[2025-08-01T08:42:56.507+0000] {cluster.py:316} ERROR - Topic ETL-PROJECT not found in cluster metadata
[2025-08-01T08:42:56.608+0000] {cluster.py:316} ERROR - Topic ETL-PROJECT not found in cluster metadata
[2025-08-01T08:42:56.710+0000] {cluster.py:316} ERROR - Topic ETL-PROJECT not found in cluster metadata
[2025-08-01T08:42:56.812+0000] {cluster.py:316} ERROR - Topic ETL-PROJECT not found in cluster metadata
[2025-08-01T08:42:56.914+0000] {cluster.py:316} ERROR - Topic ETL-PROJECT not found in cluster metadata
[2025-08-01T08:42:57.015+0000] {cluster.py:316} ERROR - Topic ETL-PROJECT not found in cluster metadata
[2025-08-01T08:42:57.118+0000] {cluster.py:316} ERROR - Topic ETL-PROJECT not found in cluster metadata
[2025-08-01T08:42:57.220+0000] {cluster.py:316} ERROR - Topic ETL-PROJECT not found in cluster metadata
[2025-08-01T08:42:57.322+0000] {cluster.py:316} ERROR - Topic ETL-PROJECT not found in cluster metadata
[2025-08-01T08:42:57.424+0000] {cluster.py:316} ERROR - Topic ETL-PROJECT not found in cluster metadata
[2025-08-01T08:42:57.526+0000] {cluster.py:316} ERROR - Topic ETL-PROJECT not found in cluster metadata
[2025-08-01T08:42:57.628+0000] {cluster.py:316} ERROR - Topic ETL-PROJECT not found in cluster metadata
[2025-08-01T08:42:57.730+0000] {cluster.py:316} ERROR - Topic ETL-PROJECT not found in cluster metadata
[2025-08-01T08:42:57.832+0000] {cluster.py:316} ERROR - Topic ETL-PROJECT not found in cluster metadata
[2025-08-01T08:42:57.934+0000] {cluster.py:316} ERROR - Topic ETL-PROJECT not found in cluster metadata
[2025-08-01T08:42:58.036+0000] {cluster.py:316} ERROR - Topic ETL-PROJECT not found in cluster metadata
[2025-08-01T08:42:58.138+0000] {cluster.py:316} ERROR - Topic ETL-PROJECT not found in cluster metadata
[2025-08-01T08:42:58.240+0000] {cluster.py:316} ERROR - Topic ETL-PROJECT not found in cluster metadata
[2025-08-01T08:42:58.343+0000] {cluster.py:316} ERROR - Topic ETL-PROJECT not found in cluster metadata
[2025-08-01T08:42:58.445+0000] {cluster.py:316} ERROR - Topic ETL-PROJECT not found in cluster metadata
[2025-08-01T08:42:58.546+0000] {cluster.py:316} ERROR - Topic ETL-PROJECT not found in cluster metadata
[2025-08-01T08:42:58.648+0000] {cluster.py:316} ERROR - Topic ETL-PROJECT not found in cluster metadata
[2025-08-01T08:42:58.751+0000] {cluster.py:316} ERROR - Topic ETL-PROJECT not found in cluster metadata
[2025-08-01T08:42:58.853+0000] {cluster.py:316} ERROR - Topic ETL-PROJECT not found in cluster metadata
[2025-08-01T08:42:58.954+0000] {cluster.py:316} ERROR - Topic ETL-PROJECT not found in cluster metadata
[2025-08-01T08:42:59.056+0000] {cluster.py:316} ERROR - Topic ETL-PROJECT not found in cluster metadata
[2025-08-01T08:42:59.159+0000] {cluster.py:316} ERROR - Topic ETL-PROJECT not found in cluster metadata
[2025-08-01T08:42:59.261+0000] {cluster.py:316} ERROR - Topic ETL-PROJECT not found in cluster metadata
[2025-08-01T08:42:59.363+0000] {cluster.py:316} ERROR - Topic ETL-PROJECT not found in cluster metadata
[2025-08-01T08:42:59.465+0000] {cluster.py:316} ERROR - Topic ETL-PROJECT not found in cluster metadata
[2025-08-01T08:42:59.567+0000] {cluster.py:316} ERROR - Topic ETL-PROJECT not found in cluster metadata
[2025-08-01T08:42:59.669+0000] {cluster.py:316} ERROR - Topic ETL-PROJECT not found in cluster metadata
[2025-08-01T08:42:59.771+0000] {cluster.py:316} ERROR - Topic ETL-PROJECT not found in cluster metadata
[2025-08-01T08:42:59.873+0000] {cluster.py:316} ERROR - Topic ETL-PROJECT not found in cluster metadata
[2025-08-01T08:42:59.974+0000] {cluster.py:316} ERROR - Topic ETL-PROJECT not found in cluster metadata
[2025-08-01T08:43:00.076+0000] {cluster.py:316} ERROR - Topic ETL-PROJECT not found in cluster metadata
[2025-08-01T08:43:00.178+0000] {cluster.py:316} ERROR - Topic ETL-PROJECT not found in cluster metadata
[2025-08-01T08:43:00.280+0000] {cluster.py:316} ERROR - Topic ETL-PROJECT not found in cluster metadata
[2025-08-01T08:43:00.382+0000] {cluster.py:316} ERROR - Topic ETL-PROJECT not found in cluster metadata
[2025-08-01T08:43:00.484+0000] {cluster.py:316} ERROR - Topic ETL-PROJECT not found in cluster metadata
[2025-08-01T08:43:00.586+0000] {cluster.py:316} ERROR - Topic ETL-PROJECT not found in cluster metadata
[2025-08-01T08:43:00.687+0000] {cluster.py:316} ERROR - Topic ETL-PROJECT not found in cluster metadata
[2025-08-01T08:43:00.789+0000] {cluster.py:316} ERROR - Topic ETL-PROJECT not found in cluster metadata
[2025-08-01T08:43:00.891+0000] {cluster.py:316} ERROR - Topic ETL-PROJECT not found in cluster metadata
[2025-08-01T08:43:00.993+0000] {cluster.py:316} ERROR - Topic ETL-PROJECT not found in cluster metadata
[2025-08-01T08:43:01.095+0000] {cluster.py:316} ERROR - Topic ETL-PROJECT not found in cluster metadata
[2025-08-01T08:43:01.196+0000] {cluster.py:316} ERROR - Topic ETL-PROJECT not found in cluster metadata
[2025-08-01T08:43:01.298+0000] {cluster.py:316} ERROR - Topic ETL-PROJECT not found in cluster metadata
[2025-08-01T08:43:01.400+0000] {cluster.py:316} ERROR - Topic ETL-PROJECT not found in cluster metadata
[2025-08-01T08:43:01.502+0000] {cluster.py:316} ERROR - Topic ETL-PROJECT not found in cluster metadata
[2025-08-01T08:43:01.604+0000] {cluster.py:316} ERROR - Topic ETL-PROJECT not found in cluster metadata
[2025-08-01T08:43:01.705+0000] {cluster.py:316} ERROR - Topic ETL-PROJECT not found in cluster metadata
[2025-08-01T08:43:01.807+0000] {cluster.py:316} ERROR - Topic ETL-PROJECT not found in cluster metadata
[2025-08-01T08:43:01.909+0000] {cluster.py:316} ERROR - Topic ETL-PROJECT not found in cluster metadata
[2025-08-01T08:43:02.011+0000] {cluster.py:316} ERROR - Topic ETL-PROJECT not found in cluster metadata
[2025-08-01T08:43:02.113+0000] {cluster.py:316} ERROR - Topic ETL-PROJECT not found in cluster metadata
[2025-08-01T08:43:02.215+0000] {cluster.py:316} ERROR - Topic ETL-PROJECT not found in cluster metadata
[2025-08-01T08:43:02.317+0000] {cluster.py:316} ERROR - Topic ETL-PROJECT not found in cluster metadata
[2025-08-01T08:43:02.419+0000] {cluster.py:316} ERROR - Topic ETL-PROJECT not found in cluster metadata
[2025-08-01T08:43:02.521+0000] {cluster.py:316} ERROR - Topic ETL-PROJECT not found in cluster metadata
[2025-08-01T08:43:02.623+0000] {cluster.py:316} ERROR - Topic ETL-PROJECT not found in cluster metadata
[2025-08-01T08:43:02.724+0000] {cluster.py:316} ERROR - Topic ETL-PROJECT not found in cluster metadata
[2025-08-01T08:43:02.826+0000] {cluster.py:316} ERROR - Topic ETL-PROJECT not found in cluster metadata
[2025-08-01T08:43:02.928+0000] {cluster.py:316} ERROR - Topic ETL-PROJECT not found in cluster metadata
[2025-08-01T08:43:03.029+0000] {cluster.py:316} ERROR - Topic ETL-PROJECT not found in cluster metadata
[2025-08-01T08:43:03.131+0000] {cluster.py:316} ERROR - Topic ETL-PROJECT not found in cluster metadata
[2025-08-01T08:43:03.233+0000] {cluster.py:316} ERROR - Topic ETL-PROJECT not found in cluster metadata
[2025-08-01T08:43:03.335+0000] {cluster.py:316} ERROR - Topic ETL-PROJECT not found in cluster metadata
[2025-08-01T08:43:03.437+0000] {cluster.py:316} ERROR - Topic ETL-PROJECT not found in cluster metadata
[2025-08-01T08:43:03.539+0000] {cluster.py:316} ERROR - Topic ETL-PROJECT not found in cluster metadata
[2025-08-01T08:43:03.640+0000] {cluster.py:316} ERROR - Topic ETL-PROJECT not found in cluster metadata
[2025-08-01T08:43:03.742+0000] {cluster.py:316} ERROR - Topic ETL-PROJECT not found in cluster metadata
[2025-08-01T08:43:03.844+0000] {cluster.py:316} ERROR - Topic ETL-PROJECT not found in cluster metadata
[2025-08-01T08:43:03.946+0000] {cluster.py:316} ERROR - Topic ETL-PROJECT not found in cluster metadata
[2025-08-01T08:43:04.048+0000] {cluster.py:316} ERROR - Topic ETL-PROJECT not found in cluster metadata
[2025-08-01T08:43:04.149+0000] {cluster.py:316} ERROR - Topic ETL-PROJECT not found in cluster metadata
[2025-08-01T08:43:04.251+0000] {cluster.py:316} ERROR - Topic ETL-PROJECT not found in cluster metadata
[2025-08-01T08:43:04.353+0000] {cluster.py:316} ERROR - Topic ETL-PROJECT not found in cluster metadata
[2025-08-01T08:43:04.455+0000] {cluster.py:316} ERROR - Topic ETL-PROJECT not found in cluster metadata
[2025-08-01T08:43:04.557+0000] {cluster.py:316} ERROR - Topic ETL-PROJECT not found in cluster metadata
[2025-08-01T08:43:04.659+0000] {cluster.py:316} ERROR - Topic ETL-PROJECT not found in cluster metadata
[2025-08-01T08:43:04.760+0000] {cluster.py:316} ERROR - Topic ETL-PROJECT not found in cluster metadata
[2025-08-01T08:43:04.862+0000] {cluster.py:316} ERROR - Topic ETL-PROJECT not found in cluster metadata
[2025-08-01T08:43:04.964+0000] {cluster.py:316} ERROR - Topic ETL-PROJECT not found in cluster metadata
[2025-08-01T08:43:05.065+0000] {cluster.py:316} ERROR - Topic ETL-PROJECT not found in cluster metadata
[2025-08-01T08:43:05.167+0000] {cluster.py:316} ERROR - Topic ETL-PROJECT not found in cluster metadata
[2025-08-01T08:43:05.269+0000] {cluster.py:316} ERROR - Topic ETL-PROJECT not found in cluster metadata
[2025-08-01T08:43:05.370+0000] {cluster.py:316} ERROR - Topic ETL-PROJECT not found in cluster metadata
[2025-08-01T08:43:05.472+0000] {cluster.py:316} ERROR - Topic ETL-PROJECT not found in cluster metadata
[2025-08-01T08:43:05.573+0000] {cluster.py:316} ERROR - Topic ETL-PROJECT not found in cluster metadata
[2025-08-01T08:43:05.675+0000] {cluster.py:316} ERROR - Topic ETL-PROJECT not found in cluster metadata
[2025-08-01T08:43:05.776+0000] {cluster.py:316} ERROR - Topic ETL-PROJECT not found in cluster metadata
[2025-08-01T08:43:05.878+0000] {cluster.py:316} ERROR - Topic ETL-PROJECT not found in cluster metadata
[2025-08-01T08:43:05.980+0000] {cluster.py:316} ERROR - Topic ETL-PROJECT not found in cluster metadata
[2025-08-01T08:43:06.082+0000] {cluster.py:316} ERROR - Topic ETL-PROJECT not found in cluster metadata
[2025-08-01T08:43:06.184+0000] {cluster.py:316} ERROR - Topic ETL-PROJECT not found in cluster metadata
[2025-08-01T08:43:06.286+0000] {cluster.py:316} ERROR - Topic ETL-PROJECT not found in cluster metadata
[2025-08-01T08:43:06.387+0000] {cluster.py:316} ERROR - Topic ETL-PROJECT not found in cluster metadata
[2025-08-01T08:43:06.489+0000] {cluster.py:316} ERROR - Topic ETL-PROJECT not found in cluster metadata
[2025-08-01T08:43:06.591+0000] {cluster.py:316} ERROR - Topic ETL-PROJECT not found in cluster metadata
[2025-08-01T08:43:06.692+0000] {cluster.py:316} ERROR - Topic ETL-PROJECT not found in cluster metadata
[2025-08-01T08:43:06.794+0000] {cluster.py:316} ERROR - Topic ETL-PROJECT not found in cluster metadata
[2025-08-01T08:43:06.896+0000] {cluster.py:316} ERROR - Topic ETL-PROJECT not found in cluster metadata
[2025-08-01T08:43:06.998+0000] {cluster.py:316} ERROR - Topic ETL-PROJECT not found in cluster metadata
[2025-08-01T08:43:07.100+0000] {cluster.py:316} ERROR - Topic ETL-PROJECT not found in cluster metadata
[2025-08-01T08:43:07.202+0000] {cluster.py:316} ERROR - Topic ETL-PROJECT not found in cluster metadata
[2025-08-01T08:43:07.304+0000] {cluster.py:316} ERROR - Topic ETL-PROJECT not found in cluster metadata
[2025-08-01T08:43:07.406+0000] {cluster.py:316} ERROR - Topic ETL-PROJECT not found in cluster metadata
[2025-08-01T08:43:07.508+0000] {cluster.py:316} ERROR - Topic ETL-PROJECT not found in cluster metadata
[2025-08-01T08:43:07.610+0000] {cluster.py:316} ERROR - Topic ETL-PROJECT not found in cluster metadata
[2025-08-01T08:43:07.713+0000] {cluster.py:316} ERROR - Topic ETL-PROJECT not found in cluster metadata
[2025-08-01T08:43:07.815+0000] {cluster.py:316} ERROR - Topic ETL-PROJECT not found in cluster metadata
[2025-08-01T08:43:07.917+0000] {cluster.py:316} ERROR - Topic ETL-PROJECT not found in cluster metadata
[2025-08-01T08:43:08.019+0000] {cluster.py:316} ERROR - Topic ETL-PROJECT not found in cluster metadata
[2025-08-01T08:43:08.121+0000] {cluster.py:316} ERROR - Topic ETL-PROJECT not found in cluster metadata
[2025-08-01T08:43:08.223+0000] {cluster.py:316} ERROR - Topic ETL-PROJECT not found in cluster metadata
[2025-08-01T08:43:08.325+0000] {cluster.py:316} ERROR - Topic ETL-PROJECT not found in cluster metadata
[2025-08-01T08:43:08.427+0000] {cluster.py:316} ERROR - Topic ETL-PROJECT not found in cluster metadata
[2025-08-01T08:43:08.529+0000] {cluster.py:316} ERROR - Topic ETL-PROJECT not found in cluster metadata
[2025-08-01T08:43:08.631+0000] {cluster.py:316} ERROR - Topic ETL-PROJECT not found in cluster metadata
[2025-08-01T08:43:08.733+0000] {cluster.py:316} ERROR - Topic ETL-PROJECT not found in cluster metadata
[2025-08-01T08:43:08.835+0000] {cluster.py:316} ERROR - Topic ETL-PROJECT not found in cluster metadata
[2025-08-01T08:43:08.938+0000] {cluster.py:316} ERROR - Topic ETL-PROJECT not found in cluster metadata
[2025-08-01T08:43:09.040+0000] {cluster.py:316} ERROR - Topic ETL-PROJECT not found in cluster metadata
[2025-08-01T08:43:09.142+0000] {cluster.py:316} ERROR - Topic ETL-PROJECT not found in cluster metadata
[2025-08-01T08:43:09.243+0000] {cluster.py:316} ERROR - Topic ETL-PROJECT not found in cluster metadata
[2025-08-01T08:43:09.345+0000] {cluster.py:316} ERROR - Topic ETL-PROJECT not found in cluster metadata
[2025-08-01T08:43:09.447+0000] {cluster.py:316} ERROR - Topic ETL-PROJECT not found in cluster metadata
[2025-08-01T08:43:09.549+0000] {cluster.py:316} ERROR - Topic ETL-PROJECT not found in cluster metadata
[2025-08-01T08:43:09.650+0000] {cluster.py:316} ERROR - Topic ETL-PROJECT not found in cluster metadata
[2025-08-01T08:43:09.752+0000] {cluster.py:316} ERROR - Topic ETL-PROJECT not found in cluster metadata
[2025-08-01T08:43:09.855+0000] {cluster.py:316} ERROR - Topic ETL-PROJECT not found in cluster metadata
[2025-08-01T08:43:09.956+0000] {cluster.py:316} ERROR - Topic ETL-PROJECT not found in cluster metadata
[2025-08-01T08:43:10.058+0000] {cluster.py:316} ERROR - Topic ETL-PROJECT not found in cluster metadata
[2025-08-01T08:43:10.159+0000] {cluster.py:316} ERROR - Topic ETL-PROJECT not found in cluster metadata
[2025-08-01T08:43:10.261+0000] {cluster.py:316} ERROR - Topic ETL-PROJECT not found in cluster metadata
[2025-08-01T08:43:10.363+0000] {cluster.py:316} ERROR - Topic ETL-PROJECT not found in cluster metadata
[2025-08-01T08:43:10.465+0000] {cluster.py:316} ERROR - Topic ETL-PROJECT not found in cluster metadata
[2025-08-01T08:43:10.568+0000] {cluster.py:316} ERROR - Topic ETL-PROJECT not found in cluster metadata
[2025-08-01T08:43:10.678+0000] {cluster.py:316} ERROR - Topic ETL-PROJECT not found in cluster metadata
[2025-08-01T08:43:10.779+0000] {cluster.py:316} ERROR - Topic ETL-PROJECT not found in cluster metadata
[2025-08-01T08:43:10.881+0000] {cluster.py:316} ERROR - Topic ETL-PROJECT not found in cluster metadata
[2025-08-01T08:43:10.983+0000] {cluster.py:316} ERROR - Topic ETL-PROJECT not found in cluster metadata
[2025-08-01T08:43:11.085+0000] {cluster.py:316} ERROR - Topic ETL-PROJECT not found in cluster metadata
[2025-08-01T08:43:11.186+0000] {cluster.py:316} ERROR - Topic ETL-PROJECT not found in cluster metadata
[2025-08-01T08:43:11.288+0000] {cluster.py:316} ERROR - Topic ETL-PROJECT not found in cluster metadata
[2025-08-01T08:43:11.390+0000] {cluster.py:316} ERROR - Topic ETL-PROJECT not found in cluster metadata
[2025-08-01T08:43:11.492+0000] {cluster.py:316} ERROR - Topic ETL-PROJECT not found in cluster metadata
[2025-08-01T08:43:11.594+0000] {cluster.py:316} ERROR - Topic ETL-PROJECT not found in cluster metadata
[2025-08-01T08:43:11.697+0000] {cluster.py:316} ERROR - Topic ETL-PROJECT not found in cluster metadata
[2025-08-01T08:43:11.799+0000] {cluster.py:316} ERROR - Topic ETL-PROJECT not found in cluster metadata
[2025-08-01T08:43:11.902+0000] {cluster.py:316} ERROR - Topic ETL-PROJECT not found in cluster metadata
[2025-08-01T08:43:12.004+0000] {cluster.py:316} ERROR - Topic ETL-PROJECT not found in cluster metadata
[2025-08-01T08:43:12.106+0000] {cluster.py:316} ERROR - Topic ETL-PROJECT not found in cluster metadata
[2025-08-01T08:43:12.208+0000] {cluster.py:316} ERROR - Topic ETL-PROJECT not found in cluster metadata
[2025-08-01T08:43:12.310+0000] {cluster.py:316} ERROR - Topic ETL-PROJECT not found in cluster metadata
[2025-08-01T08:43:12.412+0000] {cluster.py:316} ERROR - Topic ETL-PROJECT not found in cluster metadata
[2025-08-01T08:43:12.515+0000] {cluster.py:316} ERROR - Topic ETL-PROJECT not found in cluster metadata
[2025-08-01T08:43:12.618+0000] {cluster.py:316} ERROR - Topic ETL-PROJECT not found in cluster metadata
[2025-08-01T08:43:12.721+0000] {cluster.py:316} ERROR - Topic ETL-PROJECT not found in cluster metadata
[2025-08-01T08:43:12.824+0000] {cluster.py:316} ERROR - Topic ETL-PROJECT not found in cluster metadata
[2025-08-01T08:43:12.926+0000] {cluster.py:316} ERROR - Topic ETL-PROJECT not found in cluster metadata
[2025-08-01T08:43:13.028+0000] {cluster.py:316} ERROR - Topic ETL-PROJECT not found in cluster metadata
[2025-08-01T08:43:13.130+0000] {cluster.py:316} ERROR - Topic ETL-PROJECT not found in cluster metadata
[2025-08-01T08:43:13.232+0000] {cluster.py:316} ERROR - Topic ETL-PROJECT not found in cluster metadata
[2025-08-01T08:43:13.334+0000] {cluster.py:316} ERROR - Topic ETL-PROJECT not found in cluster metadata
[2025-08-01T08:43:13.436+0000] {cluster.py:316} ERROR - Topic ETL-PROJECT not found in cluster metadata
[2025-08-01T08:43:13.538+0000] {cluster.py:316} ERROR - Topic ETL-PROJECT not found in cluster metadata
[2025-08-01T08:43:13.640+0000] {cluster.py:316} ERROR - Topic ETL-PROJECT not found in cluster metadata
[2025-08-01T08:43:13.742+0000] {cluster.py:316} ERROR - Topic ETL-PROJECT not found in cluster metadata
[2025-08-01T08:43:13.844+0000] {cluster.py:316} ERROR - Topic ETL-PROJECT not found in cluster metadata
[2025-08-01T08:43:13.945+0000] {cluster.py:316} ERROR - Topic ETL-PROJECT not found in cluster metadata
[2025-08-01T08:43:14.047+0000] {cluster.py:316} ERROR - Topic ETL-PROJECT not found in cluster metadata
[2025-08-01T08:43:14.149+0000] {cluster.py:316} ERROR - Topic ETL-PROJECT not found in cluster metadata
[2025-08-01T08:43:14.251+0000] {cluster.py:316} ERROR - Topic ETL-PROJECT not found in cluster metadata
[2025-08-01T08:43:14.352+0000] {cluster.py:316} ERROR - Topic ETL-PROJECT not found in cluster metadata
[2025-08-01T08:43:14.454+0000] {cluster.py:316} ERROR - Topic ETL-PROJECT not found in cluster metadata
[2025-08-01T08:43:14.556+0000] {cluster.py:316} ERROR - Topic ETL-PROJECT not found in cluster metadata
[2025-08-01T08:43:14.658+0000] {cluster.py:316} ERROR - Topic ETL-PROJECT not found in cluster metadata
[2025-08-01T08:43:14.760+0000] {cluster.py:316} ERROR - Topic ETL-PROJECT not found in cluster metadata
[2025-08-01T08:43:14.862+0000] {cluster.py:316} ERROR - Topic ETL-PROJECT not found in cluster metadata
[2025-08-01T08:43:14.964+0000] {cluster.py:316} ERROR - Topic ETL-PROJECT not found in cluster metadata
[2025-08-01T08:43:15.066+0000] {cluster.py:316} ERROR - Topic ETL-PROJECT not found in cluster metadata
[2025-08-01T08:43:15.167+0000] {cluster.py:316} ERROR - Topic ETL-PROJECT not found in cluster metadata
[2025-08-01T08:43:15.269+0000] {cluster.py:316} ERROR - Topic ETL-PROJECT not found in cluster metadata
[2025-08-01T08:43:15.371+0000] {cluster.py:316} ERROR - Topic ETL-PROJECT not found in cluster metadata
[2025-08-01T08:43:15.473+0000] {cluster.py:316} ERROR - Topic ETL-PROJECT not found in cluster metadata
[2025-08-01T08:43:15.574+0000] {cluster.py:316} ERROR - Topic ETL-PROJECT not found in cluster metadata
[2025-08-01T08:43:15.676+0000] {cluster.py:316} ERROR - Topic ETL-PROJECT not found in cluster metadata
[2025-08-01T08:43:15.778+0000] {cluster.py:316} ERROR - Topic ETL-PROJECT not found in cluster metadata
[2025-08-01T08:43:15.880+0000] {cluster.py:316} ERROR - Topic ETL-PROJECT not found in cluster metadata
[2025-08-01T08:43:15.982+0000] {cluster.py:316} ERROR - Topic ETL-PROJECT not found in cluster metadata
[2025-08-01T08:43:16.083+0000] {cluster.py:316} ERROR - Topic ETL-PROJECT not found in cluster metadata
[2025-08-01T08:43:16.185+0000] {cluster.py:316} ERROR - Topic ETL-PROJECT not found in cluster metadata
[2025-08-01T08:43:16.286+0000] {cluster.py:316} ERROR - Topic ETL-PROJECT not found in cluster metadata
[2025-08-01T08:43:16.387+0000] {cluster.py:316} ERROR - Topic ETL-PROJECT not found in cluster metadata
[2025-08-01T08:43:16.489+0000] {cluster.py:316} ERROR - Topic ETL-PROJECT not found in cluster metadata
[2025-08-01T08:43:16.590+0000] {cluster.py:316} ERROR - Topic ETL-PROJECT not found in cluster metadata
[2025-08-01T08:43:16.692+0000] {cluster.py:316} ERROR - Topic ETL-PROJECT not found in cluster metadata
[2025-08-01T08:43:16.794+0000] {cluster.py:316} ERROR - Topic ETL-PROJECT not found in cluster metadata
[2025-08-01T08:43:16.896+0000] {cluster.py:316} ERROR - Topic ETL-PROJECT not found in cluster metadata
[2025-08-01T08:43:16.999+0000] {cluster.py:316} ERROR - Topic ETL-PROJECT not found in cluster metadata
[2025-08-01T08:43:17.101+0000] {cluster.py:316} ERROR - Topic ETL-PROJECT not found in cluster metadata
[2025-08-01T08:43:17.204+0000] {cluster.py:316} ERROR - Topic ETL-PROJECT not found in cluster metadata
[2025-08-01T08:43:17.306+0000] {cluster.py:316} ERROR - Topic ETL-PROJECT not found in cluster metadata
[2025-08-01T08:43:17.408+0000] {cluster.py:316} ERROR - Topic ETL-PROJECT not found in cluster metadata
[2025-08-01T08:43:17.510+0000] {cluster.py:316} ERROR - Topic ETL-PROJECT not found in cluster metadata
[2025-08-01T08:43:17.611+0000] {cluster.py:316} ERROR - Topic ETL-PROJECT not found in cluster metadata
[2025-08-01T08:43:17.712+0000] {cluster.py:316} ERROR - Topic ETL-PROJECT not found in cluster metadata
[2025-08-01T08:43:17.814+0000] {cluster.py:316} ERROR - Topic ETL-PROJECT not found in cluster metadata
[2025-08-01T08:43:17.915+0000] {cluster.py:316} ERROR - Topic ETL-PROJECT not found in cluster metadata
[2025-08-01T08:43:18.017+0000] {cluster.py:316} ERROR - Topic ETL-PROJECT not found in cluster metadata
[2025-08-01T08:43:18.119+0000] {cluster.py:316} ERROR - Topic ETL-PROJECT not found in cluster metadata
[2025-08-01T08:43:18.221+0000] {cluster.py:316} ERROR - Topic ETL-PROJECT not found in cluster metadata
[2025-08-01T08:43:18.323+0000] {cluster.py:316} ERROR - Topic ETL-PROJECT not found in cluster metadata
[2025-08-01T08:43:18.425+0000] {cluster.py:316} ERROR - Topic ETL-PROJECT not found in cluster metadata
[2025-08-01T08:43:18.526+0000] {cluster.py:316} ERROR - Topic ETL-PROJECT not found in cluster metadata
[2025-08-01T08:43:18.629+0000] {cluster.py:316} ERROR - Topic ETL-PROJECT not found in cluster metadata
[2025-08-01T08:43:18.731+0000] {cluster.py:316} ERROR - Topic ETL-PROJECT not found in cluster metadata
[2025-08-01T08:43:18.832+0000] {cluster.py:316} ERROR - Topic ETL-PROJECT not found in cluster metadata
[2025-08-01T08:43:18.934+0000] {cluster.py:316} ERROR - Topic ETL-PROJECT not found in cluster metadata
[2025-08-01T08:43:19.036+0000] {cluster.py:316} ERROR - Topic ETL-PROJECT not found in cluster metadata
[2025-08-01T08:43:19.138+0000] {cluster.py:316} ERROR - Topic ETL-PROJECT not found in cluster metadata
[2025-08-01T08:43:19.241+0000] {cluster.py:316} ERROR - Topic ETL-PROJECT not found in cluster metadata
[2025-08-01T08:43:19.343+0000] {cluster.py:316} ERROR - Topic ETL-PROJECT not found in cluster metadata
[2025-08-01T08:43:19.445+0000] {cluster.py:316} ERROR - Topic ETL-PROJECT not found in cluster metadata
[2025-08-01T08:43:19.547+0000] {cluster.py:316} ERROR - Topic ETL-PROJECT not found in cluster metadata
[2025-08-01T08:43:19.649+0000] {cluster.py:316} ERROR - Topic ETL-PROJECT not found in cluster metadata
[2025-08-01T08:43:19.751+0000] {cluster.py:316} ERROR - Topic ETL-PROJECT not found in cluster metadata
[2025-08-01T08:43:19.853+0000] {cluster.py:316} ERROR - Topic ETL-PROJECT not found in cluster metadata
[2025-08-01T08:43:19.955+0000] {cluster.py:316} ERROR - Topic ETL-PROJECT not found in cluster metadata
[2025-08-01T08:43:20.058+0000] {cluster.py:316} ERROR - Topic ETL-PROJECT not found in cluster metadata
[2025-08-01T08:43:20.160+0000] {cluster.py:316} ERROR - Topic ETL-PROJECT not found in cluster metadata
[2025-08-01T08:43:20.263+0000] {cluster.py:316} ERROR - Topic ETL-PROJECT not found in cluster metadata
[2025-08-01T08:43:20.366+0000] {cluster.py:316} ERROR - Topic ETL-PROJECT not found in cluster metadata
[2025-08-01T08:43:20.469+0000] {cluster.py:316} ERROR - Topic ETL-PROJECT not found in cluster metadata
[2025-08-01T08:43:20.571+0000] {cluster.py:316} ERROR - Topic ETL-PROJECT not found in cluster metadata
[2025-08-01T08:43:20.674+0000] {cluster.py:316} ERROR - Topic ETL-PROJECT not found in cluster metadata
[2025-08-01T08:43:20.776+0000] {cluster.py:316} ERROR - Topic ETL-PROJECT not found in cluster metadata
[2025-08-01T08:43:20.877+0000] {cluster.py:316} ERROR - Topic ETL-PROJECT not found in cluster metadata
[2025-08-01T08:43:20.979+0000] {cluster.py:316} ERROR - Topic ETL-PROJECT not found in cluster metadata
[2025-08-01T08:43:21.081+0000] {cluster.py:316} ERROR - Topic ETL-PROJECT not found in cluster metadata
[2025-08-01T08:43:21.183+0000] {cluster.py:316} ERROR - Topic ETL-PROJECT not found in cluster metadata
[2025-08-01T08:43:21.285+0000] {cluster.py:316} ERROR - Topic ETL-PROJECT not found in cluster metadata
[2025-08-01T08:43:21.387+0000] {cluster.py:316} ERROR - Topic ETL-PROJECT not found in cluster metadata
[2025-08-01T08:43:21.490+0000] {cluster.py:316} ERROR - Topic ETL-PROJECT not found in cluster metadata
[2025-08-01T08:43:21.593+0000] {cluster.py:316} ERROR - Topic ETL-PROJECT not found in cluster metadata
[2025-08-01T08:43:21.695+0000] {cluster.py:316} ERROR - Topic ETL-PROJECT not found in cluster metadata
[2025-08-01T08:43:21.796+0000] {cluster.py:316} ERROR - Topic ETL-PROJECT not found in cluster metadata
[2025-08-01T08:43:21.900+0000] {cluster.py:316} ERROR - Topic ETL-PROJECT not found in cluster metadata
[2025-08-01T08:43:22.002+0000] {cluster.py:316} ERROR - Topic ETL-PROJECT not found in cluster metadata
[2025-08-01T08:43:22.105+0000] {cluster.py:316} ERROR - Topic ETL-PROJECT not found in cluster metadata
[2025-08-01T08:43:22.206+0000] {cluster.py:316} ERROR - Topic ETL-PROJECT not found in cluster metadata
[2025-08-01T08:43:22.308+0000] {cluster.py:316} ERROR - Topic ETL-PROJECT not found in cluster metadata
[2025-08-01T08:43:22.410+0000] {cluster.py:316} ERROR - Topic ETL-PROJECT not found in cluster metadata
[2025-08-01T08:43:22.512+0000] {cluster.py:316} ERROR - Topic ETL-PROJECT not found in cluster metadata
[2025-08-01T08:43:22.614+0000] {cluster.py:316} ERROR - Topic ETL-PROJECT not found in cluster metadata
[2025-08-01T08:43:22.716+0000] {cluster.py:316} ERROR - Topic ETL-PROJECT not found in cluster metadata
[2025-08-01T08:43:22.817+0000] {cluster.py:316} ERROR - Topic ETL-PROJECT not found in cluster metadata
[2025-08-01T08:43:22.919+0000] {cluster.py:316} ERROR - Topic ETL-PROJECT not found in cluster metadata
[2025-08-01T08:43:23.021+0000] {cluster.py:316} ERROR - Topic ETL-PROJECT not found in cluster metadata
[2025-08-01T08:43:23.123+0000] {cluster.py:316} ERROR - Topic ETL-PROJECT not found in cluster metadata
[2025-08-01T08:43:23.225+0000] {cluster.py:316} ERROR - Topic ETL-PROJECT not found in cluster metadata
[2025-08-01T08:43:23.327+0000] {cluster.py:316} ERROR - Topic ETL-PROJECT not found in cluster metadata
[2025-08-01T08:43:23.429+0000] {cluster.py:316} ERROR - Topic ETL-PROJECT not found in cluster metadata
[2025-08-01T08:43:23.530+0000] {cluster.py:316} ERROR - Topic ETL-PROJECT not found in cluster metadata
[2025-08-01T08:43:23.632+0000] {cluster.py:316} ERROR - Topic ETL-PROJECT not found in cluster metadata
[2025-08-01T08:43:23.734+0000] {cluster.py:316} ERROR - Topic ETL-PROJECT not found in cluster metadata
[2025-08-01T08:43:23.836+0000] {cluster.py:316} ERROR - Topic ETL-PROJECT not found in cluster metadata
[2025-08-01T08:43:23.937+0000] {cluster.py:316} ERROR - Topic ETL-PROJECT not found in cluster metadata
[2025-08-01T08:43:24.039+0000] {cluster.py:316} ERROR - Topic ETL-PROJECT not found in cluster metadata
[2025-08-01T08:43:24.141+0000] {cluster.py:316} ERROR - Topic ETL-PROJECT not found in cluster metadata
[2025-08-01T08:43:24.243+0000] {cluster.py:316} ERROR - Topic ETL-PROJECT not found in cluster metadata
[2025-08-01T08:43:24.345+0000] {cluster.py:316} ERROR - Topic ETL-PROJECT not found in cluster metadata
[2025-08-01T08:43:24.447+0000] {cluster.py:316} ERROR - Topic ETL-PROJECT not found in cluster metadata
[2025-08-01T08:43:24.549+0000] {cluster.py:316} ERROR - Topic ETL-PROJECT not found in cluster metadata
[2025-08-01T08:43:24.650+0000] {cluster.py:316} ERROR - Topic ETL-PROJECT not found in cluster metadata
[2025-08-01T08:43:24.752+0000] {cluster.py:316} ERROR - Topic ETL-PROJECT not found in cluster metadata
[2025-08-01T08:43:24.854+0000] {cluster.py:316} ERROR - Topic ETL-PROJECT not found in cluster metadata
[2025-08-01T08:43:24.955+0000] {cluster.py:316} ERROR - Topic ETL-PROJECT not found in cluster metadata
[2025-08-01T08:43:25.057+0000] {cluster.py:316} ERROR - Topic ETL-PROJECT not found in cluster metadata
[2025-08-01T08:43:25.159+0000] {cluster.py:316} ERROR - Topic ETL-PROJECT not found in cluster metadata
[2025-08-01T08:43:25.260+0000] {cluster.py:316} ERROR - Topic ETL-PROJECT not found in cluster metadata
[2025-08-01T08:43:25.362+0000] {cluster.py:316} ERROR - Topic ETL-PROJECT not found in cluster metadata
[2025-08-01T08:43:25.464+0000] {cluster.py:316} ERROR - Topic ETL-PROJECT not found in cluster metadata
[2025-08-01T08:43:25.566+0000] {cluster.py:316} ERROR - Topic ETL-PROJECT not found in cluster metadata
[2025-08-01T08:43:25.668+0000] {cluster.py:316} ERROR - Topic ETL-PROJECT not found in cluster metadata
[2025-08-01T08:43:25.769+0000] {cluster.py:316} ERROR - Topic ETL-PROJECT not found in cluster metadata
[2025-08-01T08:43:25.871+0000] {cluster.py:316} ERROR - Topic ETL-PROJECT not found in cluster metadata
[2025-08-01T08:43:25.974+0000] {cluster.py:316} ERROR - Topic ETL-PROJECT not found in cluster metadata
[2025-08-01T08:43:26.077+0000] {cluster.py:316} ERROR - Topic ETL-PROJECT not found in cluster metadata
[2025-08-01T08:43:26.180+0000] {cluster.py:316} ERROR - Topic ETL-PROJECT not found in cluster metadata
[2025-08-01T08:43:26.198+0000] {job.py:239} ERROR - Job heartbeat failed with error
Traceback (most recent call last):
  File "/home/airflow/.local/lib/python3.12/site-packages/sqlalchemy/engine/base.py", line 3371, in _wrap_pool_connect
    return fn()
           ^^^^
  File "/home/airflow/.local/lib/python3.12/site-packages/sqlalchemy/pool/base.py", line 327, in connect
    return _ConnectionFairy._checkout(self)
           ^^^^^^^^^^^^^^^^^^^^^^^^^^^^^^^^
  File "/home/airflow/.local/lib/python3.12/site-packages/sqlalchemy/pool/base.py", line 894, in _checkout
    fairy = _ConnectionRecord.checkout(pool)
            ^^^^^^^^^^^^^^^^^^^^^^^^^^^^^^^^
  File "/home/airflow/.local/lib/python3.12/site-packages/sqlalchemy/pool/base.py", line 493, in checkout
    rec = pool._do_get()
          ^^^^^^^^^^^^^^
  File "/home/airflow/.local/lib/python3.12/site-packages/sqlalchemy/pool/impl.py", line 256, in _do_get
    return self._create_connection()
           ^^^^^^^^^^^^^^^^^^^^^^^^^
  File "/home/airflow/.local/lib/python3.12/site-packages/sqlalchemy/pool/base.py", line 273, in _create_connection
    return _ConnectionRecord(self)
           ^^^^^^^^^^^^^^^^^^^^^^^
  File "/home/airflow/.local/lib/python3.12/site-packages/sqlalchemy/pool/base.py", line 388, in __init__
    self.__connect()
  File "/home/airflow/.local/lib/python3.12/site-packages/sqlalchemy/pool/base.py", line 690, in __connect
    with util.safe_reraise():
         ^^^^^^^^^^^^^^^^^^^
  File "/home/airflow/.local/lib/python3.12/site-packages/sqlalchemy/util/langhelpers.py", line 70, in __exit__
    compat.raise_(
  File "/home/airflow/.local/lib/python3.12/site-packages/sqlalchemy/util/compat.py", line 211, in raise_
    raise exception
  File "/home/airflow/.local/lib/python3.12/site-packages/sqlalchemy/pool/base.py", line 686, in __connect
    self.dbapi_connection = connection = pool._invoke_creator(self)
                                         ^^^^^^^^^^^^^^^^^^^^^^^^^^
  File "/home/airflow/.local/lib/python3.12/site-packages/sqlalchemy/engine/create.py", line 574, in connect
    return dialect.connect(*cargs, **cparams)
           ^^^^^^^^^^^^^^^^^^^^^^^^^^^^^^^^^^
  File "/home/airflow/.local/lib/python3.12/site-packages/sqlalchemy/engine/default.py", line 598, in connect
    return self.dbapi.connect(*cargs, **cparams)
           ^^^^^^^^^^^^^^^^^^^^^^^^^^^^^^^^^^^^^
  File "/home/airflow/.local/lib/python3.12/site-packages/psycopg2/__init__.py", line 122, in connect
    conn = _connect(dsn, connection_factory=connection_factory, **kwasync)
           ^^^^^^^^^^^^^^^^^^^^^^^^^^^^^^^^^^^^^^^^^^^^^^^^^^^^^^^^^^^^^^^
psycopg2.OperationalError: could not translate host name "postgres" to address: Temporary failure in name resolution


The above exception was the direct cause of the following exception:

Traceback (most recent call last):
  File "/home/airflow/.local/lib/python3.12/site-packages/airflow/jobs/job.py", line 207, in heartbeat
    self._merge_from(Job._fetch_from_db(self, session))
                     ^^^^^^^^^^^^^^^^^^^^^^^^^^^^^^^^^
  File "/home/airflow/.local/lib/python3.12/site-packages/airflow/api_internal/internal_api_call.py", line 166, in wrapper
    return func(*args, **kwargs)
           ^^^^^^^^^^^^^^^^^^^^^
  File "/home/airflow/.local/lib/python3.12/site-packages/airflow/utils/session.py", line 94, in wrapper
    return func(*args, **kwargs)
           ^^^^^^^^^^^^^^^^^^^^^
  File "/home/airflow/.local/lib/python3.12/site-packages/airflow/utils/retries.py", line 93, in wrapped_function
    for attempt in run_with_db_retries(max_retries=retries, logger=logger, **retry_kwargs):
                   ^^^^^^^^^^^^^^^^^^^^^^^^^^^^^^^^^^^^^^^^^^^^^^^^^^^^^^^^^^^^^^^^^^^^^^^
  File "/home/airflow/.local/lib/python3.12/site-packages/tenacity/__init__.py", line 443, in __iter__
    do = self.iter(retry_state=retry_state)
         ^^^^^^^^^^^^^^^^^^^^^^^^^^^^^^^^^^
  File "/home/airflow/.local/lib/python3.12/site-packages/tenacity/__init__.py", line 376, in iter
    result = action(retry_state)
             ^^^^^^^^^^^^^^^^^^^
  File "/home/airflow/.local/lib/python3.12/site-packages/tenacity/__init__.py", line 418, in exc_check
    raise retry_exc.reraise()
          ^^^^^^^^^^^^^^^^^^^
  File "/home/airflow/.local/lib/python3.12/site-packages/tenacity/__init__.py", line 185, in reraise
    raise self.last_attempt.result()
          ^^^^^^^^^^^^^^^^^^^^^^^^^^
  File "/usr/local/lib/python3.12/concurrent/futures/_base.py", line 449, in result
    return self.__get_result()
           ^^^^^^^^^^^^^^^^^^^
  File "/usr/local/lib/python3.12/concurrent/futures/_base.py", line 401, in __get_result
    raise self._exception
  File "/home/airflow/.local/lib/python3.12/site-packages/airflow/utils/retries.py", line 102, in wrapped_function
    return func(*args, **kwargs)
           ^^^^^^^^^^^^^^^^^^^^^
  File "/home/airflow/.local/lib/python3.12/site-packages/airflow/jobs/job.py", line 335, in _fetch_from_db
    session.merge(job)
  File "/home/airflow/.local/lib/python3.12/site-packages/sqlalchemy/orm/session.py", line 3056, in merge
    return self._merge(
           ^^^^^^^^^^^^
  File "/home/airflow/.local/lib/python3.12/site-packages/sqlalchemy/orm/session.py", line 3136, in _merge
    merged = self.get(
             ^^^^^^^^^
  File "/home/airflow/.local/lib/python3.12/site-packages/sqlalchemy/orm/session.py", line 2853, in get
    return self._get_impl(
           ^^^^^^^^^^^^^^^
  File "/home/airflow/.local/lib/python3.12/site-packages/sqlalchemy/orm/session.py", line 2975, in _get_impl
    return db_load_fn(
           ^^^^^^^^^^^
  File "/home/airflow/.local/lib/python3.12/site-packages/sqlalchemy/orm/loading.py", line 530, in load_on_pk_identity
    session.execute(
  File "/home/airflow/.local/lib/python3.12/site-packages/sqlalchemy/orm/session.py", line 1716, in execute
    conn = self._connection_for_bind(bind)
           ^^^^^^^^^^^^^^^^^^^^^^^^^^^^^^^
  File "/home/airflow/.local/lib/python3.12/site-packages/sqlalchemy/orm/session.py", line 1555, in _connection_for_bind
    return self._transaction._connection_for_bind(
           ^^^^^^^^^^^^^^^^^^^^^^^^^^^^^^^^^^^^^^^
  File "/home/airflow/.local/lib/python3.12/site-packages/sqlalchemy/orm/session.py", line 750, in _connection_for_bind
    conn = bind.connect()
           ^^^^^^^^^^^^^^
  File "/home/airflow/.local/lib/python3.12/site-packages/sqlalchemy/future/engine.py", line 412, in connect
    return super(Engine, self).connect()
           ^^^^^^^^^^^^^^^^^^^^^^^^^^^^^
  File "/home/airflow/.local/lib/python3.12/site-packages/sqlalchemy/engine/base.py", line 3325, in connect
    return self._connection_cls(self, close_with_result=close_with_result)
           ^^^^^^^^^^^^^^^^^^^^^^^^^^^^^^^^^^^^^^^^^^^^^^^^^^^^^^^^^^^^^^^
  File "/home/airflow/.local/lib/python3.12/site-packages/sqlalchemy/engine/base.py", line 96, in __init__
    else engine.raw_connection()
         ^^^^^^^^^^^^^^^^^^^^^^^
  File "/home/airflow/.local/lib/python3.12/site-packages/sqlalchemy/engine/base.py", line 3404, in raw_connection
    return self._wrap_pool_connect(self.pool.connect, _connection)
           ^^^^^^^^^^^^^^^^^^^^^^^^^^^^^^^^^^^^^^^^^^^^^^^^^^^^^^^
  File "/home/airflow/.local/lib/python3.12/site-packages/sqlalchemy/engine/base.py", line 3374, in _wrap_pool_connect
    Connection._handle_dbapi_exception_noconnection(
  File "/home/airflow/.local/lib/python3.12/site-packages/sqlalchemy/engine/base.py", line 2208, in _handle_dbapi_exception_noconnection
    util.raise_(
  File "/home/airflow/.local/lib/python3.12/site-packages/sqlalchemy/util/compat.py", line 211, in raise_
    raise exception
  File "/home/airflow/.local/lib/python3.12/site-packages/sqlalchemy/engine/base.py", line 3371, in _wrap_pool_connect
    return fn()
           ^^^^
  File "/home/airflow/.local/lib/python3.12/site-packages/sqlalchemy/pool/base.py", line 327, in connect
    return _ConnectionFairy._checkout(self)
           ^^^^^^^^^^^^^^^^^^^^^^^^^^^^^^^^
  File "/home/airflow/.local/lib/python3.12/site-packages/sqlalchemy/pool/base.py", line 894, in _checkout
    fairy = _ConnectionRecord.checkout(pool)
            ^^^^^^^^^^^^^^^^^^^^^^^^^^^^^^^^
  File "/home/airflow/.local/lib/python3.12/site-packages/sqlalchemy/pool/base.py", line 493, in checkout
    rec = pool._do_get()
          ^^^^^^^^^^^^^^
  File "/home/airflow/.local/lib/python3.12/site-packages/sqlalchemy/pool/impl.py", line 256, in _do_get
    return self._create_connection()
           ^^^^^^^^^^^^^^^^^^^^^^^^^
  File "/home/airflow/.local/lib/python3.12/site-packages/sqlalchemy/pool/base.py", line 273, in _create_connection
    return _ConnectionRecord(self)
           ^^^^^^^^^^^^^^^^^^^^^^^
  File "/home/airflow/.local/lib/python3.12/site-packages/sqlalchemy/pool/base.py", line 388, in __init__
    self.__connect()
  File "/home/airflow/.local/lib/python3.12/site-packages/sqlalchemy/pool/base.py", line 690, in __connect
    with util.safe_reraise():
         ^^^^^^^^^^^^^^^^^^^
  File "/home/airflow/.local/lib/python3.12/site-packages/sqlalchemy/util/langhelpers.py", line 70, in __exit__
    compat.raise_(
  File "/home/airflow/.local/lib/python3.12/site-packages/sqlalchemy/util/compat.py", line 211, in raise_
    raise exception
  File "/home/airflow/.local/lib/python3.12/site-packages/sqlalchemy/pool/base.py", line 686, in __connect
    self.dbapi_connection = connection = pool._invoke_creator(self)
                                         ^^^^^^^^^^^^^^^^^^^^^^^^^^
  File "/home/airflow/.local/lib/python3.12/site-packages/sqlalchemy/engine/create.py", line 574, in connect
    return dialect.connect(*cargs, **cparams)
           ^^^^^^^^^^^^^^^^^^^^^^^^^^^^^^^^^^
  File "/home/airflow/.local/lib/python3.12/site-packages/sqlalchemy/engine/default.py", line 598, in connect
    return self.dbapi.connect(*cargs, **cparams)
           ^^^^^^^^^^^^^^^^^^^^^^^^^^^^^^^^^^^^^
  File "/home/airflow/.local/lib/python3.12/site-packages/psycopg2/__init__.py", line 122, in connect
    conn = _connect(dsn, connection_factory=connection_factory, **kwasync)
           ^^^^^^^^^^^^^^^^^^^^^^^^^^^^^^^^^^^^^^^^^^^^^^^^^^^^^^^^^^^^^^^
sqlalchemy.exc.OperationalError: (psycopg2.OperationalError) could not translate host name "postgres" to address: Temporary failure in name resolution

(Background on this error at: https://sqlalche.me/e/14/e3q8)
[2025-08-01T08:43:26.205+0000] {job.py:245} ERROR - Job heartbeat failed with error. Scheduler may go into unhealthy state
[2025-08-01T08:43:26.283+0000] {cluster.py:316} ERROR - Topic ETL-PROJECT not found in cluster metadata
[2025-08-01T08:43:26.386+0000] {cluster.py:316} ERROR - Topic ETL-PROJECT not found in cluster metadata
[2025-08-01T08:43:26.490+0000] {cluster.py:316} ERROR - Topic ETL-PROJECT not found in cluster metadata
[2025-08-01T08:43:26.593+0000] {cluster.py:316} ERROR - Topic ETL-PROJECT not found in cluster metadata
[2025-08-01T08:43:26.696+0000] {cluster.py:316} ERROR - Topic ETL-PROJECT not found in cluster metadata
[2025-08-01T08:43:26.799+0000] {cluster.py:316} ERROR - Topic ETL-PROJECT not found in cluster metadata
[2025-08-01T08:43:26.903+0000] {cluster.py:316} ERROR - Topic ETL-PROJECT not found in cluster metadata
[2025-08-01T08:43:27.006+0000] {cluster.py:316} ERROR - Topic ETL-PROJECT not found in cluster metadata
[2025-08-01T08:43:27.109+0000] {cluster.py:316} ERROR - Topic ETL-PROJECT not found in cluster metadata
[2025-08-01T08:43:27.211+0000] {cluster.py:316} ERROR - Topic ETL-PROJECT not found in cluster metadata
[2025-08-01T08:43:27.315+0000] {cluster.py:316} ERROR - Topic ETL-PROJECT not found in cluster metadata
[2025-08-01T08:43:27.418+0000] {cluster.py:316} ERROR - Topic ETL-PROJECT not found in cluster metadata
[2025-08-01T08:43:27.521+0000] {cluster.py:316} ERROR - Topic ETL-PROJECT not found in cluster metadata
[2025-08-01T08:43:27.624+0000] {cluster.py:316} ERROR - Topic ETL-PROJECT not found in cluster metadata
[2025-08-01T08:43:27.728+0000] {cluster.py:316} ERROR - Topic ETL-PROJECT not found in cluster metadata
[2025-08-01T08:43:27.831+0000] {cluster.py:316} ERROR - Topic ETL-PROJECT not found in cluster metadata
[2025-08-01T08:43:27.934+0000] {cluster.py:316} ERROR - Topic ETL-PROJECT not found in cluster metadata
[2025-08-01T08:43:28.037+0000] {cluster.py:316} ERROR - Topic ETL-PROJECT not found in cluster metadata
[2025-08-01T08:43:28.141+0000] {cluster.py:316} ERROR - Topic ETL-PROJECT not found in cluster metadata
[2025-08-01T08:43:28.243+0000] {cluster.py:316} ERROR - Topic ETL-PROJECT not found in cluster metadata
[2025-08-01T08:43:28.346+0000] {cluster.py:316} ERROR - Topic ETL-PROJECT not found in cluster metadata
[2025-08-01T08:43:28.448+0000] {cluster.py:316} ERROR - Topic ETL-PROJECT not found in cluster metadata
[2025-08-01T08:43:28.552+0000] {cluster.py:316} ERROR - Topic ETL-PROJECT not found in cluster metadata
[2025-08-01T08:43:28.655+0000] {cluster.py:316} ERROR - Topic ETL-PROJECT not found in cluster metadata
[2025-08-01T08:43:28.758+0000] {cluster.py:316} ERROR - Topic ETL-PROJECT not found in cluster metadata
[2025-08-01T08:43:28.861+0000] {cluster.py:316} ERROR - Topic ETL-PROJECT not found in cluster metadata
[2025-08-01T08:43:28.964+0000] {cluster.py:316} ERROR - Topic ETL-PROJECT not found in cluster metadata
[2025-08-01T08:43:29.068+0000] {cluster.py:316} ERROR - Topic ETL-PROJECT not found in cluster metadata
[2025-08-01T08:43:29.170+0000] {cluster.py:316} ERROR - Topic ETL-PROJECT not found in cluster metadata
[2025-08-01T08:43:29.273+0000] {cluster.py:316} ERROR - Topic ETL-PROJECT not found in cluster metadata
[2025-08-01T08:43:29.376+0000] {cluster.py:316} ERROR - Topic ETL-PROJECT not found in cluster metadata
[2025-08-01T08:43:29.480+0000] {cluster.py:316} ERROR - Topic ETL-PROJECT not found in cluster metadata
[2025-08-01T08:43:29.583+0000] {cluster.py:316} ERROR - Topic ETL-PROJECT not found in cluster metadata
[2025-08-01T08:43:29.686+0000] {cluster.py:316} ERROR - Topic ETL-PROJECT not found in cluster metadata
[2025-08-01T08:43:29.789+0000] {cluster.py:316} ERROR - Topic ETL-PROJECT not found in cluster metadata
[2025-08-01T08:43:29.892+0000] {cluster.py:316} ERROR - Topic ETL-PROJECT not found in cluster metadata
[2025-08-01T08:43:29.996+0000] {cluster.py:316} ERROR - Topic ETL-PROJECT not found in cluster metadata
[2025-08-01T08:43:30.099+0000] {cluster.py:316} ERROR - Topic ETL-PROJECT not found in cluster metadata
[2025-08-01T08:43:30.202+0000] {cluster.py:316} ERROR - Topic ETL-PROJECT not found in cluster metadata
[2025-08-01T08:43:30.305+0000] {cluster.py:316} ERROR - Topic ETL-PROJECT not found in cluster metadata
[2025-08-01T08:43:30.408+0000] {cluster.py:316} ERROR - Topic ETL-PROJECT not found in cluster metadata
[2025-08-01T08:43:30.512+0000] {cluster.py:316} ERROR - Topic ETL-PROJECT not found in cluster metadata
[2025-08-01T08:43:30.615+0000] {cluster.py:316} ERROR - Topic ETL-PROJECT not found in cluster metadata
[2025-08-01T08:43:30.719+0000] {cluster.py:316} ERROR - Topic ETL-PROJECT not found in cluster metadata
[2025-08-01T08:43:30.823+0000] {cluster.py:316} ERROR - Topic ETL-PROJECT not found in cluster metadata
[2025-08-01T08:43:30.934+0000] {cluster.py:316} ERROR - Topic ETL-PROJECT not found in cluster metadata
[2025-08-01T08:43:31.038+0000] {cluster.py:316} ERROR - Topic ETL-PROJECT not found in cluster metadata
[2025-08-01T08:43:31.141+0000] {cluster.py:316} ERROR - Topic ETL-PROJECT not found in cluster metadata
[2025-08-01T08:43:31.244+0000] {cluster.py:316} ERROR - Topic ETL-PROJECT not found in cluster metadata
[2025-08-01T08:43:31.347+0000] {cluster.py:316} ERROR - Topic ETL-PROJECT not found in cluster metadata
[2025-08-01T08:43:31.450+0000] {cluster.py:316} ERROR - Topic ETL-PROJECT not found in cluster metadata
[2025-08-01T08:43:31.553+0000] {cluster.py:316} ERROR - Topic ETL-PROJECT not found in cluster metadata
[2025-08-01T08:43:31.655+0000] {cluster.py:316} ERROR - Topic ETL-PROJECT not found in cluster metadata
[2025-08-01T08:43:31.758+0000] {cluster.py:316} ERROR - Topic ETL-PROJECT not found in cluster metadata
[2025-08-01T08:43:31.861+0000] {cluster.py:316} ERROR - Topic ETL-PROJECT not found in cluster metadata
