[2025-04-16T05:31:56.369+0000] {taskinstance.py:1083} INFO - Dependencies all met for <TaskInstance: Anas.process_data_task manual__2025-04-16T05:31:51.133135+00:00 [queued]>
[2025-04-16T05:31:56.383+0000] {taskinstance.py:1083} INFO - Dependencies all met for <TaskInstance: Anas.process_data_task manual__2025-04-16T05:31:51.133135+00:00 [queued]>
[2025-04-16T05:31:56.383+0000] {taskinstance.py:1279} INFO - 
--------------------------------------------------------------------------------
[2025-04-16T05:31:56.384+0000] {taskinstance.py:1280} INFO - Starting attempt 1 of 1
[2025-04-16T05:31:56.384+0000] {taskinstance.py:1281} INFO - 
--------------------------------------------------------------------------------
[2025-04-16T05:31:56.405+0000] {taskinstance.py:1300} INFO - Executing <Task(PythonOperator): process_data_task> on 2025-04-16 05:31:51.133135+00:00
[2025-04-16T05:31:56.419+0000] {standard_task_runner.py:55} INFO - Started process 1343 to run task
[2025-04-16T05:31:56.423+0000] {standard_task_runner.py:82} INFO - Running: ['***', 'tasks', 'run', 'Anas', 'process_data_task', 'manual__2025-04-16T05:31:51.133135+00:00', '--job-id', '21', '--raw', '--subdir', 'DAGS_FOLDER/day.py', '--cfg-path', '/tmp/tmpfs8eubn2']
[2025-04-16T05:31:56.426+0000] {standard_task_runner.py:83} INFO - Job 21: Subtask process_data_task
[2025-04-16T05:31:56.526+0000] {task_command.py:388} INFO - Running <TaskInstance: Anas.process_data_task manual__2025-04-16T05:31:51.133135+00:00 [running]> on host 4d6caa4360c9
[2025-04-16T05:31:56.695+0000] {taskinstance.py:1509} INFO - Exporting the following env vars:
AIRFLOW_CTX_DAG_OWNER=***
AIRFLOW_CTX_DAG_ID=Anas
AIRFLOW_CTX_TASK_ID=process_data_task
AIRFLOW_CTX_EXECUTION_DATE=2025-04-16T05:31:51.133135+00:00
AIRFLOW_CTX_TRY_NUMBER=1
AIRFLOW_CTX_DAG_RUN_ID=manual__2025-04-16T05:31:51.133135+00:00
[2025-04-16T05:31:57.244+0000] {logging_mixin.py:137} INFO - Table 1 saved to: /opt/***/data/table_1.csv
[2025-04-16T05:31:57.244+0000] {logging_mixin.py:137} INFO - 
All 1 tables saved to '/opt/***/data/'!
[2025-04-16T05:31:57.267+0000] {python.py:177} INFO - Done. Returned value was: /opt/***/data/Transformed_data.csv
[2025-04-16T05:31:57.301+0000] {taskinstance.py:1323} INFO - Marking task as SUCCESS. dag_id=Anas, task_id=process_data_task, execution_date=20250416T053151, start_date=20250416T053156, end_date=20250416T053157
[2025-04-16T05:31:57.357+0000] {local_task_job.py:208} INFO - Task exited with return code 0
[2025-04-16T05:31:57.396+0000] {taskinstance.py:2578} INFO - 1 downstream tasks scheduled from follow-on schedule check
