[2025-04-13T13:24:24.780+0000] {taskinstance.py:1083} INFO - Dependencies all met for <TaskInstance: our_first_dag.second_task scheduled__2023-12-31T00:00:00+00:00 [queued]>
[2025-04-13T13:24:24.802+0000] {taskinstance.py:1083} INFO - Dependencies all met for <TaskInstance: our_first_dag.second_task scheduled__2023-12-31T00:00:00+00:00 [queued]>
[2025-04-13T13:24:24.802+0000] {taskinstance.py:1279} INFO - 
--------------------------------------------------------------------------------
[2025-04-13T13:24:24.802+0000] {taskinstance.py:1280} INFO - Starting attempt 1 of 6
[2025-04-13T13:24:24.803+0000] {taskinstance.py:1281} INFO - 
--------------------------------------------------------------------------------
[2025-04-13T13:24:24.891+0000] {taskinstance.py:1300} INFO - Executing <Task(BashOperator): second_task> on 2023-12-31 00:00:00+00:00
[2025-04-13T13:24:24.910+0000] {standard_task_runner.py:55} INFO - Started process 1075 to run task
[2025-04-13T13:24:24.915+0000] {standard_task_runner.py:82} INFO - Running: ['***', 'tasks', 'run', 'our_first_dag', 'second_task', 'scheduled__2023-12-31T00:00:00+00:00', '--job-id', '187', '--raw', '--subdir', 'DAGS_FOLDER/ourfirt_dag.py', '--cfg-path', '/tmp/tmph2upeo48']
[2025-04-13T13:24:24.919+0000] {standard_task_runner.py:83} INFO - Job 187: Subtask second_task
[2025-04-13T13:24:25.056+0000] {task_command.py:388} INFO - Running <TaskInstance: our_first_dag.second_task scheduled__2023-12-31T00:00:00+00:00 [running]> on host 7ff1b264ad9f
[2025-04-13T13:24:25.247+0000] {taskinstance.py:1509} INFO - Exporting the following env vars:
AIRFLOW_CTX_DAG_OWNER=erbarhim emad
AIRFLOW_CTX_DAG_ID=our_first_dag
AIRFLOW_CTX_TASK_ID=second_task
AIRFLOW_CTX_EXECUTION_DATE=2023-12-31T00:00:00+00:00
AIRFLOW_CTX_TRY_NUMBER=1
AIRFLOW_CTX_DAG_RUN_ID=scheduled__2023-12-31T00:00:00+00:00
[2025-04-13T13:24:25.249+0000] {subprocess.py:63} INFO - Tmp dir root location: 
 /tmp
[2025-04-13T13:24:25.250+0000] {subprocess.py:75} INFO - Running command: ['/bin/bash', '-c', 'echo Hello world this is the second task ']
[2025-04-13T13:24:25.291+0000] {subprocess.py:86} INFO - Output:
[2025-04-13T13:24:25.294+0000] {subprocess.py:93} INFO - Hello world this is the second task
[2025-04-13T13:24:25.295+0000] {subprocess.py:97} INFO - Command exited with return code 0
[2025-04-13T13:24:25.357+0000] {taskinstance.py:1323} INFO - Marking task as SUCCESS. dag_id=our_first_dag, task_id=second_task, execution_date=20231231T000000, start_date=20250413T132424, end_date=20250413T132425
[2025-04-13T13:24:25.412+0000] {local_task_job.py:208} INFO - Task exited with return code 0
[2025-04-13T13:24:25.473+0000] {taskinstance.py:2578} INFO - 0 downstream tasks scheduled from follow-on schedule check
