[2025-07-31T13:21:14.531+0000] {local_task_job_runner.py:123} INFO - ::group::Pre task execution logs
[2025-07-31T13:21:14.542+0000] {taskinstance.py:2613} INFO - Dependencies all met for dep_context=non-requeueable deps ti=<TaskInstance: world_population_ETL_dag_43.process_data_task manual__2025-07-31T13:21:11.128773+00:00 [queued]>
[2025-07-31T13:21:14.547+0000] {taskinstance.py:2613} INFO - Dependencies all met for dep_context=requeueable deps ti=<TaskInstance: world_population_ETL_dag_43.process_data_task manual__2025-07-31T13:21:11.128773+00:00 [queued]>
[2025-07-31T13:21:14.547+0000] {taskinstance.py:2866} INFO - Starting attempt 1 of 2
[2025-07-31T13:21:14.554+0000] {taskinstance.py:2889} INFO - Executing <Task(PythonOperator): process_data_task> on 2025-07-31 13:21:11.128773+00:00
[2025-07-31T13:21:14.564+0000] {standard_task_runner.py:104} INFO - Running: ['***', 'tasks', 'run', 'world_population_ETL_dag_43', 'process_data_task', 'manual__2025-07-31T13:21:11.128773+00:00', '--job-id', '19', '--raw', '--subdir', 'DAGS_FOLDER/project_01_dag.py', '--cfg-path', '/tmp/tmp7sfq67_d']
[2025-07-31T13:21:14.566+0000] {standard_task_runner.py:105} INFO - Job 19: Subtask process_data_task
[2025-07-31T13:21:14.566+0000] {logging_mixin.py:190} WARNING - /home/***/.local/lib/python3.12/site-packages/***/task/task_runner/standard_task_runner.py:70 DeprecationWarning: This process (pid=487) is multi-threaded, use of fork() may lead to deadlocks in the child.
[2025-07-31T13:21:14.567+0000] {standard_task_runner.py:72} INFO - Started process 489 to run task
[2025-07-31T13:21:14.597+0000] {task_command.py:467} INFO - Running <TaskInstance: world_population_ETL_dag_43.process_data_task manual__2025-07-31T13:21:11.128773+00:00 [running]> on host 5caea9b1d396
[2025-07-31T13:21:14.693+0000] {taskinstance.py:3132} INFO - Exporting env vars: AIRFLOW_CTX_DAG_OWNER='givi-abe' AIRFLOW_CTX_DAG_ID='world_population_ETL_dag_43' AIRFLOW_CTX_TASK_ID='process_data_task' AIRFLOW_CTX_EXECUTION_DATE='2025-07-31T13:21:11.128773+00:00' AIRFLOW_CTX_TRY_NUMBER='1' AIRFLOW_CTX_DAG_RUN_ID='manual__2025-07-31T13:21:11.128773+00:00'
[2025-07-31T13:21:14.694+0000] {taskinstance.py:731} INFO - ::endgroup::
[2025-07-31T13:21:15.291+0000] {logging_mixin.py:190} INFO - Connection to the website established.
[2025-07-31T13:21:15.303+0000] {logging_mixin.py:190} INFO - Lists are clear!
[2025-07-31T13:21:15.303+0000] {logging_mixin.py:190} INFO - Lists are full of data!
[2025-07-31T13:21:15.304+0000] {logging_mixin.py:190} INFO - Data processing complete.
[2025-07-31T13:21:15.305+0000] {python.py:240} INFO - Done. Returned value was:                 COUNTRY  ...                    INS_DATE
0                India   ...  2025-07-31 13:21:15.297397
1                China   ...  2025-07-31 13:21:15.297460
2        United States   ...  2025-07-31 13:21:15.297488
3            Indonesia   ...  2025-07-31 13:21:15.297517
4             Pakistan   ...  2025-07-31 13:21:15.297543
..                  ...  ...                         ...
228         Montserrat   ...  2025-07-31 13:21:15.302916
229   Falkland Islands   ...  2025-07-31 13:21:15.302939
230            Tokelau   ...  2025-07-31 13:21:15.302959
231               Niue   ...  2025-07-31 13:21:15.302978
232           Holy See   ...  2025-07-31 13:21:15.303001

[233 rows x 12 columns]
[2025-07-31T13:21:15.349+0000] {taskinstance.py:340} INFO - ::group::Post task execution logs
[2025-07-31T13:21:15.349+0000] {taskinstance.py:352} INFO - Marking task as SUCCESS. dag_id=world_population_ETL_dag_43, task_id=process_data_task, run_id=manual__2025-07-31T13:21:11.128773+00:00, execution_date=20250731T132111, start_date=20250731T132114, end_date=20250731T132115
[2025-07-31T13:21:15.382+0000] {local_task_job_runner.py:266} INFO - Task exited with return code 0
[2025-07-31T13:21:15.400+0000] {taskinstance.py:3895} INFO - 2 downstream tasks scheduled from follow-on schedule check
[2025-07-31T13:21:15.401+0000] {local_task_job_runner.py:245} INFO - ::endgroup::
