[2025-07-31T11:50:13.019+0000] {local_task_job_runner.py:123} INFO - ::group::Pre task execution logs
[2025-07-31T11:50:13.054+0000] {taskinstance.py:2613} INFO - Dependencies all met for dep_context=non-requeueable deps ti=<TaskInstance: world_population_ETL_dag_43.process_data_task scheduled__2025-03-07T00:00:00+00:00 [queued]>
[2025-07-31T11:50:13.069+0000] {taskinstance.py:2613} INFO - Dependencies all met for dep_context=requeueable deps ti=<TaskInstance: world_population_ETL_dag_43.process_data_task scheduled__2025-03-07T00:00:00+00:00 [queued]>
[2025-07-31T11:50:13.069+0000] {taskinstance.py:2866} INFO - Starting attempt 1 of 2
[2025-07-31T11:50:13.088+0000] {taskinstance.py:2889} INFO - Executing <Task(PythonOperator): process_data_task> on 2025-03-07 00:00:00+00:00
[2025-07-31T11:50:13.111+0000] {logging_mixin.py:190} WARNING - /home/***/.local/lib/python3.12/site-packages/***/task/task_runner/standard_task_runner.py:70 DeprecationWarning: This process (pid=264) is multi-threaded, use of fork() may lead to deadlocks in the child.
[2025-07-31T11:50:13.113+0000] {standard_task_runner.py:72} INFO - Started process 300 to run task
[2025-07-31T11:50:13.109+0000] {standard_task_runner.py:104} INFO - Running: ['***', 'tasks', 'run', 'world_population_ETL_dag_43', 'process_data_task', 'scheduled__2025-03-07T00:00:00+00:00', '--job-id', '27', '--raw', '--subdir', 'DAGS_FOLDER/project_01_dag.py', '--cfg-path', '/tmp/tmpa4o7d43j']
[2025-07-31T11:50:13.114+0000] {standard_task_runner.py:105} INFO - Job 27: Subtask process_data_task
[2025-07-31T11:50:13.183+0000] {task_command.py:467} INFO - Running <TaskInstance: world_population_ETL_dag_43.process_data_task scheduled__2025-03-07T00:00:00+00:00 [running]> on host 4c2d4060a2fe
[2025-07-31T11:50:13.325+0000] {taskinstance.py:3132} INFO - Exporting env vars: AIRFLOW_CTX_DAG_OWNER='givi-abe' AIRFLOW_CTX_DAG_ID='world_population_ETL_dag_43' AIRFLOW_CTX_TASK_ID='process_data_task' AIRFLOW_CTX_EXECUTION_DATE='2025-03-07T00:00:00+00:00' AIRFLOW_CTX_TRY_NUMBER='1' AIRFLOW_CTX_DAG_RUN_ID='scheduled__2025-03-07T00:00:00+00:00'
[2025-07-31T11:50:13.327+0000] {taskinstance.py:731} INFO - ::endgroup::
[2025-07-31T11:50:14.445+0000] {logging_mixin.py:190} INFO - Connection to the website established.
[2025-07-31T11:50:14.478+0000] {logging_mixin.py:190} INFO - Lists are clear!
[2025-07-31T11:50:14.479+0000] {logging_mixin.py:190} INFO - Lists are full of data!
[2025-07-31T11:50:14.482+0000] {logging_mixin.py:190} INFO - Data processing complete.
[2025-07-31T11:50:14.483+0000] {python.py:240} INFO - Done. Returned value was:                 COUNTRY  ...                    INS_DATE
0                India   ...  2025-07-31 11:50:14.464691
1                China   ...  2025-07-31 11:50:14.464778
2        United States   ...  2025-07-31 11:50:14.464841
3            Indonesia   ...  2025-07-31 11:50:14.464902
4             Pakistan   ...  2025-07-31 11:50:14.464967
..                  ...  ...                         ...
228         Montserrat   ...  2025-07-31 11:50:14.478194
229   Falkland Islands   ...  2025-07-31 11:50:14.478245
230            Tokelau   ...  2025-07-31 11:50:14.478291
231               Niue   ...  2025-07-31 11:50:14.478342
232           Holy See   ...  2025-07-31 11:50:14.478415

[233 rows x 12 columns]
[2025-07-31T11:50:14.561+0000] {taskinstance.py:340} INFO - ::group::Post task execution logs
[2025-07-31T11:50:14.561+0000] {taskinstance.py:352} INFO - Marking task as SUCCESS. dag_id=world_population_ETL_dag_43, task_id=process_data_task, run_id=scheduled__2025-03-07T00:00:00+00:00, execution_date=20250307T000000, start_date=20250731T115013, end_date=20250731T115014
[2025-07-31T11:50:14.633+0000] {local_task_job_runner.py:266} INFO - Task exited with return code 0
[2025-07-31T11:50:14.676+0000] {taskinstance.py:3895} INFO - 1 downstream tasks scheduled from follow-on schedule check
[2025-07-31T11:50:14.688+0000] {local_task_job_runner.py:245} INFO - ::endgroup::
