[2025-04-06T16:11:36.491+0000] {taskinstance.py:1083} INFO - Dependencies all met for <TaskInstance: HemaDag.Transform_data manual__2025-04-06T16:11:31.655875+00:00 [queued]>
[2025-04-06T16:11:36.506+0000] {taskinstance.py:1083} INFO - Dependencies all met for <TaskInstance: HemaDag.Transform_data manual__2025-04-06T16:11:31.655875+00:00 [queued]>
[2025-04-06T16:11:36.506+0000] {taskinstance.py:1279} INFO - 
--------------------------------------------------------------------------------
[2025-04-06T16:11:36.506+0000] {taskinstance.py:1280} INFO - Starting attempt 1 of 1
[2025-04-06T16:11:36.506+0000] {taskinstance.py:1281} INFO - 
--------------------------------------------------------------------------------
[2025-04-06T16:11:36.533+0000] {taskinstance.py:1300} INFO - Executing <Task(BashOperator): Transform_data> on 2025-04-06 16:11:31.655875+00:00
[2025-04-06T16:11:36.545+0000] {standard_task_runner.py:55} INFO - Started process 631 to run task
[2025-04-06T16:11:36.549+0000] {standard_task_runner.py:82} INFO - Running: ['***', 'tasks', 'run', 'HemaDag', 'Transform_data', 'manual__2025-04-06T16:11:31.655875+00:00', '--job-id', '19', '--raw', '--subdir', 'DAGS_FOLDER/day.py', '--cfg-path', '/tmp/tmpqurdpk7v']
[2025-04-06T16:11:36.551+0000] {standard_task_runner.py:83} INFO - Job 19: Subtask Transform_data
[2025-04-06T16:11:36.648+0000] {task_command.py:388} INFO - Running <TaskInstance: HemaDag.Transform_data manual__2025-04-06T16:11:31.655875+00:00 [running]> on host 39d9912bf493
[2025-04-06T16:11:36.762+0000] {taskinstance.py:1509} INFO - Exporting the following env vars:
AIRFLOW_CTX_DAG_OWNER=***
AIRFLOW_CTX_DAG_ID=HemaDag
AIRFLOW_CTX_TASK_ID=Transform_data
AIRFLOW_CTX_EXECUTION_DATE=2025-04-06T16:11:31.655875+00:00
AIRFLOW_CTX_TRY_NUMBER=1
AIRFLOW_CTX_DAG_RUN_ID=manual__2025-04-06T16:11:31.655875+00:00
[2025-04-06T16:11:36.763+0000] {subprocess.py:63} INFO - Tmp dir root location: 
 /tmp
[2025-04-06T16:11:36.764+0000] {subprocess.py:75} INFO - Running command: ['/bin/bash', '-c', 'python3 /opt/***/scripts/Transform.py']
[2025-04-06T16:11:36.783+0000] {subprocess.py:86} INFO - Output:
[2025-04-06T16:11:38.577+0000] {subprocess.py:93} INFO - Table 1 saved to: /opt/***/data/table_1.csv
[2025-04-06T16:11:38.578+0000] {subprocess.py:93} INFO - 
[2025-04-06T16:11:38.578+0000] {subprocess.py:93} INFO - All 1 tables saved to '/opt/***/data/'!
[2025-04-06T16:11:38.689+0000] {subprocess.py:97} INFO - Command exited with return code 0
[2025-04-06T16:11:38.738+0000] {taskinstance.py:1323} INFO - Marking task as SUCCESS. dag_id=HemaDag, task_id=Transform_data, execution_date=20250406T161131, start_date=20250406T161136, end_date=20250406T161138
[2025-04-06T16:11:38.810+0000] {local_task_job.py:208} INFO - Task exited with return code 0
[2025-04-06T16:11:38.837+0000] {taskinstance.py:2578} INFO - 0 downstream tasks scheduled from follow-on schedule check
