[2025-04-13T13:23:47.238+0000] {taskinstance.py:1083} INFO - Dependencies all met for <TaskInstance: our_first_dag.first_task scheduled__2023-10-22T00:00:00+00:00 [queued]>
[2025-04-13T13:23:47.261+0000] {taskinstance.py:1083} INFO - Dependencies all met for <TaskInstance: our_first_dag.first_task scheduled__2023-10-22T00:00:00+00:00 [queued]>
[2025-04-13T13:23:47.261+0000] {taskinstance.py:1279} INFO - 
--------------------------------------------------------------------------------
[2025-04-13T13:23:47.261+0000] {taskinstance.py:1280} INFO - Starting attempt 1 of 6
[2025-04-13T13:23:47.261+0000] {taskinstance.py:1281} INFO - 
--------------------------------------------------------------------------------
[2025-04-13T13:23:47.397+0000] {taskinstance.py:1300} INFO - Executing <Task(BashOperator): first_task> on 2023-10-22 00:00:00+00:00
[2025-04-13T13:23:47.414+0000] {standard_task_runner.py:55} INFO - Started process 635 to run task
[2025-04-13T13:23:47.422+0000] {standard_task_runner.py:82} INFO - Running: ['***', 'tasks', 'run', 'our_first_dag', 'first_task', 'scheduled__2023-10-22T00:00:00+00:00', '--job-id', '46', '--raw', '--subdir', 'DAGS_FOLDER/ourfirt_dag.py', '--cfg-path', '/tmp/tmpq05mehum']
[2025-04-13T13:23:47.425+0000] {standard_task_runner.py:83} INFO - Job 46: Subtask first_task
[2025-04-13T13:23:47.597+0000] {task_command.py:388} INFO - Running <TaskInstance: our_first_dag.first_task scheduled__2023-10-22T00:00:00+00:00 [running]> on host 7ff1b264ad9f
[2025-04-13T13:23:47.800+0000] {taskinstance.py:1509} INFO - Exporting the following env vars:
AIRFLOW_CTX_DAG_OWNER=erbarhim emad
AIRFLOW_CTX_DAG_ID=our_first_dag
AIRFLOW_CTX_TASK_ID=first_task
AIRFLOW_CTX_EXECUTION_DATE=2023-10-22T00:00:00+00:00
AIRFLOW_CTX_TRY_NUMBER=1
AIRFLOW_CTX_DAG_RUN_ID=scheduled__2023-10-22T00:00:00+00:00
[2025-04-13T13:23:47.802+0000] {subprocess.py:63} INFO - Tmp dir root location: 
 /tmp
[2025-04-13T13:23:47.804+0000] {subprocess.py:75} INFO - Running command: ['/bin/bash', '-c', 'echo Hello world this is the first task ']
[2025-04-13T13:23:47.840+0000] {subprocess.py:86} INFO - Output:
[2025-04-13T13:23:47.843+0000] {subprocess.py:93} INFO - Hello world this is the first task
[2025-04-13T13:23:47.844+0000] {subprocess.py:97} INFO - Command exited with return code 0
[2025-04-13T13:23:47.922+0000] {taskinstance.py:1323} INFO - Marking task as SUCCESS. dag_id=our_first_dag, task_id=first_task, execution_date=20231022T000000, start_date=20250413T132347, end_date=20250413T132347
[2025-04-13T13:23:47.968+0000] {local_task_job.py:208} INFO - Task exited with return code 0
[2025-04-13T13:23:48.016+0000] {taskinstance.py:2578} INFO - 0 downstream tasks scheduled from follow-on schedule check
