[2025-04-13T13:23:55.845+0000] {taskinstance.py:1083} INFO - Dependencies all met for <TaskInstance: our_first_dag.second_task scheduled__2023-11-14T00:00:00+00:00 [queued]>
[2025-04-13T13:23:55.865+0000] {taskinstance.py:1083} INFO - Dependencies all met for <TaskInstance: our_first_dag.second_task scheduled__2023-11-14T00:00:00+00:00 [queued]>
[2025-04-13T13:23:55.865+0000] {taskinstance.py:1279} INFO - 
--------------------------------------------------------------------------------
[2025-04-13T13:23:55.865+0000] {taskinstance.py:1280} INFO - Starting attempt 1 of 6
[2025-04-13T13:23:55.865+0000] {taskinstance.py:1281} INFO - 
--------------------------------------------------------------------------------
[2025-04-13T13:23:55.894+0000] {taskinstance.py:1300} INFO - Executing <Task(BashOperator): second_task> on 2023-11-14 00:00:00+00:00
[2025-04-13T13:23:55.906+0000] {standard_task_runner.py:55} INFO - Started process 774 to run task
[2025-04-13T13:23:55.910+0000] {standard_task_runner.py:82} INFO - Running: ['***', 'tasks', 'run', 'our_first_dag', 'second_task', 'scheduled__2023-11-14T00:00:00+00:00', '--job-id', '92', '--raw', '--subdir', 'DAGS_FOLDER/ourfirt_dag.py', '--cfg-path', '/tmp/tmpqfjs6u7o']
[2025-04-13T13:23:55.913+0000] {standard_task_runner.py:83} INFO - Job 92: Subtask second_task
[2025-04-13T13:23:56.017+0000] {task_command.py:388} INFO - Running <TaskInstance: our_first_dag.second_task scheduled__2023-11-14T00:00:00+00:00 [running]> on host 7ff1b264ad9f
[2025-04-13T13:23:56.124+0000] {taskinstance.py:1509} INFO - Exporting the following env vars:
AIRFLOW_CTX_DAG_OWNER=erbarhim emad
AIRFLOW_CTX_DAG_ID=our_first_dag
AIRFLOW_CTX_TASK_ID=second_task
AIRFLOW_CTX_EXECUTION_DATE=2023-11-14T00:00:00+00:00
AIRFLOW_CTX_TRY_NUMBER=1
AIRFLOW_CTX_DAG_RUN_ID=scheduled__2023-11-14T00:00:00+00:00
[2025-04-13T13:23:56.125+0000] {subprocess.py:63} INFO - Tmp dir root location: 
 /tmp
[2025-04-13T13:23:56.126+0000] {subprocess.py:75} INFO - Running command: ['/bin/bash', '-c', 'echo Hello world this is the second task ']
[2025-04-13T13:23:56.148+0000] {subprocess.py:86} INFO - Output:
[2025-04-13T13:23:56.150+0000] {subprocess.py:93} INFO - Hello world this is the second task
[2025-04-13T13:23:56.151+0000] {subprocess.py:97} INFO - Command exited with return code 0
[2025-04-13T13:23:56.189+0000] {taskinstance.py:1323} INFO - Marking task as SUCCESS. dag_id=our_first_dag, task_id=second_task, execution_date=20231114T000000, start_date=20250413T132355, end_date=20250413T132356
[2025-04-13T13:23:56.242+0000] {local_task_job.py:208} INFO - Task exited with return code 0
[2025-04-13T13:23:56.300+0000] {taskinstance.py:2578} INFO - 0 downstream tasks scheduled from follow-on schedule check
