[2025-07-31T14:46:05.051+0000] {local_task_job_runner.py:123} INFO - ::group::Pre task execution logs
[2025-07-31T14:46:05.075+0000] {taskinstance.py:2613} INFO - Dependencies all met for dep_context=non-requeueable deps ti=<TaskInstance: world_population_ETL_dag_43.send_dataframe_to_kafka_task manual__2025-07-31T14:45:55.779305+00:00 [queued]>
[2025-07-31T14:46:05.085+0000] {taskinstance.py:2613} INFO - Dependencies all met for dep_context=requeueable deps ti=<TaskInstance: world_population_ETL_dag_43.send_dataframe_to_kafka_task manual__2025-07-31T14:45:55.779305+00:00 [queued]>
[2025-07-31T14:46:05.086+0000] {taskinstance.py:2866} INFO - Starting attempt 1 of 2
[2025-07-31T14:46:05.101+0000] {taskinstance.py:2889} INFO - Executing <Task(PythonOperator): send_dataframe_to_kafka_task> on 2025-07-31 14:45:55.779305+00:00
[2025-07-31T14:46:05.118+0000] {standard_task_runner.py:104} INFO - Running: ['***', 'tasks', 'run', 'world_population_ETL_dag_43', 'send_dataframe_to_kafka_task', 'manual__2025-07-31T14:45:55.779305+00:00', '--job-id', '4', '--raw', '--subdir', 'DAGS_FOLDER/project_01_dag.py', '--cfg-path', '/tmp/tmp3zr4hlv6']
[2025-07-31T14:46:05.122+0000] {standard_task_runner.py:105} INFO - Job 4: Subtask send_dataframe_to_kafka_task
[2025-07-31T14:46:05.122+0000] {logging_mixin.py:190} WARNING - /home/***/.local/lib/python3.12/site-packages/***/task/task_runner/standard_task_runner.py:70 DeprecationWarning: This process (pid=225) is multi-threaded, use of fork() may lead to deadlocks in the child.
[2025-07-31T14:46:05.123+0000] {standard_task_runner.py:72} INFO - Started process 228 to run task
[2025-07-31T14:46:05.177+0000] {task_command.py:467} INFO - Running <TaskInstance: world_population_ETL_dag_43.send_dataframe_to_kafka_task manual__2025-07-31T14:45:55.779305+00:00 [running]> on host 29e829890809
[2025-07-31T14:46:05.284+0000] {taskinstance.py:3132} INFO - Exporting env vars: AIRFLOW_CTX_DAG_OWNER='givi-abe' AIRFLOW_CTX_DAG_ID='world_population_ETL_dag_43' AIRFLOW_CTX_TASK_ID='send_dataframe_to_kafka_task' AIRFLOW_CTX_EXECUTION_DATE='2025-07-31T14:45:55.779305+00:00' AIRFLOW_CTX_TRY_NUMBER='1' AIRFLOW_CTX_DAG_RUN_ID='manual__2025-07-31T14:45:55.779305+00:00'
[2025-07-31T14:46:05.285+0000] {taskinstance.py:731} INFO - ::endgroup::
[2025-07-31T14:46:05.307+0000] {conn.py:396} INFO - <BrokerConnection client_id=kafka-python-producer-1, node_id=bootstrap-0 host=kafka:9092 <connecting> [IPv4 ('172.18.0.7', 9092)]>: connecting to kafka:9092 [('172.18.0.7', 9092) IPv4]
[2025-07-31T14:46:05.313+0000] {conn.py:618} INFO - <BrokerConnection client_id=kafka-python-producer-1, node_id=bootstrap-0 host=kafka:9092 <checking_api_versions_recv> [IPv4 ('172.18.0.7', 9092)]>: Broker version identified as 2.6
[2025-07-31T14:46:05.314+0000] {conn.py:457} INFO - <BrokerConnection client_id=kafka-python-producer-1, node_id=bootstrap-0 host=kafka:9092 <connected> [IPv4 ('172.18.0.7', 9092)]>: Connection complete.
[2025-07-31T14:46:05.421+0000] {conn.py:396} INFO - <BrokerConnection client_id=kafka-python-producer-1, node_id=1 host=kafka:9092 <connecting> [IPv4 ('172.18.0.7', 9092)]>: connecting to kafka:9092 [('172.18.0.7', 9092) IPv4]
[2025-07-31T14:46:05.422+0000] {conn.py:457} INFO - <BrokerConnection client_id=kafka-python-producer-1, node_id=1 host=kafka:9092 <connected> [IPv4 ('172.18.0.7', 9092)]>: Connection complete.
[2025-07-31T14:46:05.422+0000] {conn.py:945} INFO - <BrokerConnection client_id=kafka-python-producer-1, node_id=bootstrap-0 host=kafka:9092 <connected> [IPv4 ('172.18.0.7', 9092)]>: Closing connection. 
[2025-07-31T14:46:05.436+0000] {cluster.py:316} ERROR - Topic ETL-PROJECT not found in cluster metadata
[2025-07-31T14:46:05.540+0000] {cluster.py:316} ERROR - Topic ETL-PROJECT not found in cluster metadata
[2025-07-31T14:46:05.644+0000] {cluster.py:316} ERROR - Topic ETL-PROJECT not found in cluster metadata
[2025-07-31T14:46:05.747+0000] {cluster.py:316} ERROR - Topic ETL-PROJECT not found in cluster metadata
[2025-07-31T14:46:05.851+0000] {cluster.py:316} ERROR - Topic ETL-PROJECT not found in cluster metadata
[2025-07-31T14:46:05.955+0000] {cluster.py:316} ERROR - Topic ETL-PROJECT not found in cluster metadata
[2025-07-31T14:46:06.059+0000] {cluster.py:316} ERROR - Topic ETL-PROJECT not found in cluster metadata
[2025-07-31T14:46:06.163+0000] {cluster.py:316} ERROR - Topic ETL-PROJECT not found in cluster metadata
[2025-07-31T14:46:06.266+0000] {cluster.py:316} ERROR - Topic ETL-PROJECT not found in cluster metadata
[2025-07-31T14:46:06.370+0000] {cluster.py:316} ERROR - Topic ETL-PROJECT not found in cluster metadata
[2025-07-31T14:46:06.473+0000] {cluster.py:316} ERROR - Topic ETL-PROJECT not found in cluster metadata
[2025-07-31T14:46:06.577+0000] {cluster.py:316} ERROR - Topic ETL-PROJECT not found in cluster metadata
[2025-07-31T14:46:06.681+0000] {cluster.py:316} ERROR - Topic ETL-PROJECT not found in cluster metadata
[2025-07-31T14:46:06.785+0000] {cluster.py:316} ERROR - Topic ETL-PROJECT not found in cluster metadata
[2025-07-31T14:46:06.888+0000] {cluster.py:316} ERROR - Topic ETL-PROJECT not found in cluster metadata
[2025-07-31T14:46:06.992+0000] {cluster.py:316} ERROR - Topic ETL-PROJECT not found in cluster metadata
[2025-07-31T14:46:07.096+0000] {cluster.py:316} ERROR - Topic ETL-PROJECT not found in cluster metadata
[2025-07-31T14:46:07.200+0000] {cluster.py:316} ERROR - Topic ETL-PROJECT not found in cluster metadata
[2025-07-31T14:46:07.304+0000] {cluster.py:316} ERROR - Topic ETL-PROJECT not found in cluster metadata
[2025-07-31T14:46:07.408+0000] {cluster.py:316} ERROR - Topic ETL-PROJECT not found in cluster metadata
[2025-07-31T14:46:07.512+0000] {cluster.py:316} ERROR - Topic ETL-PROJECT not found in cluster metadata
[2025-07-31T14:46:07.616+0000] {cluster.py:316} ERROR - Topic ETL-PROJECT not found in cluster metadata
[2025-07-31T14:46:07.720+0000] {cluster.py:316} ERROR - Topic ETL-PROJECT not found in cluster metadata
[2025-07-31T14:46:07.824+0000] {cluster.py:316} ERROR - Topic ETL-PROJECT not found in cluster metadata
[2025-07-31T14:46:07.927+0000] {cluster.py:316} ERROR - Topic ETL-PROJECT not found in cluster metadata
[2025-07-31T14:46:08.031+0000] {cluster.py:316} ERROR - Topic ETL-PROJECT not found in cluster metadata
[2025-07-31T14:46:08.135+0000] {cluster.py:316} ERROR - Topic ETL-PROJECT not found in cluster metadata
[2025-07-31T14:46:08.240+0000] {cluster.py:316} ERROR - Topic ETL-PROJECT not found in cluster metadata
[2025-07-31T14:46:08.343+0000] {cluster.py:316} ERROR - Topic ETL-PROJECT not found in cluster metadata
[2025-07-31T14:46:08.446+0000] {cluster.py:316} ERROR - Topic ETL-PROJECT not found in cluster metadata
[2025-07-31T14:46:08.550+0000] {cluster.py:316} ERROR - Topic ETL-PROJECT not found in cluster metadata
[2025-07-31T14:46:08.653+0000] {cluster.py:316} ERROR - Topic ETL-PROJECT not found in cluster metadata
[2025-07-31T14:46:08.757+0000] {cluster.py:316} ERROR - Topic ETL-PROJECT not found in cluster metadata
[2025-07-31T14:46:08.860+0000] {cluster.py:316} ERROR - Topic ETL-PROJECT not found in cluster metadata
[2025-07-31T14:46:08.964+0000] {cluster.py:316} ERROR - Topic ETL-PROJECT not found in cluster metadata
[2025-07-31T14:46:09.068+0000] {cluster.py:316} ERROR - Topic ETL-PROJECT not found in cluster metadata
[2025-07-31T14:46:09.172+0000] {cluster.py:316} ERROR - Topic ETL-PROJECT not found in cluster metadata
[2025-07-31T14:46:09.276+0000] {cluster.py:316} ERROR - Topic ETL-PROJECT not found in cluster metadata
[2025-07-31T14:46:09.379+0000] {cluster.py:316} ERROR - Topic ETL-PROJECT not found in cluster metadata
[2025-07-31T14:46:09.483+0000] {cluster.py:316} ERROR - Topic ETL-PROJECT not found in cluster metadata
[2025-07-31T14:46:09.588+0000] {cluster.py:316} ERROR - Topic ETL-PROJECT not found in cluster metadata
[2025-07-31T14:46:09.692+0000] {cluster.py:316} ERROR - Topic ETL-PROJECT not found in cluster metadata
[2025-07-31T14:46:09.796+0000] {cluster.py:316} ERROR - Topic ETL-PROJECT not found in cluster metadata
[2025-07-31T14:46:09.900+0000] {cluster.py:316} ERROR - Topic ETL-PROJECT not found in cluster metadata
[2025-07-31T14:46:10.005+0000] {cluster.py:316} ERROR - Topic ETL-PROJECT not found in cluster metadata
[2025-07-31T14:46:10.108+0000] {cluster.py:316} ERROR - Topic ETL-PROJECT not found in cluster metadata
[2025-07-31T14:46:10.212+0000] {cluster.py:316} ERROR - Topic ETL-PROJECT not found in cluster metadata
[2025-07-31T14:46:10.315+0000] {cluster.py:316} ERROR - Topic ETL-PROJECT not found in cluster metadata
[2025-07-31T14:46:10.419+0000] {cluster.py:316} ERROR - Topic ETL-PROJECT not found in cluster metadata
[2025-07-31T14:46:10.522+0000] {cluster.py:316} ERROR - Topic ETL-PROJECT not found in cluster metadata
[2025-07-31T14:46:10.626+0000] {cluster.py:316} ERROR - Topic ETL-PROJECT not found in cluster metadata
[2025-07-31T14:46:10.729+0000] {cluster.py:316} ERROR - Topic ETL-PROJECT not found in cluster metadata
[2025-07-31T14:46:10.832+0000] {cluster.py:316} ERROR - Topic ETL-PROJECT not found in cluster metadata
[2025-07-31T14:46:10.936+0000] {cluster.py:316} ERROR - Topic ETL-PROJECT not found in cluster metadata
[2025-07-31T14:46:11.040+0000] {cluster.py:316} ERROR - Topic ETL-PROJECT not found in cluster metadata
[2025-07-31T14:46:11.144+0000] {cluster.py:316} ERROR - Topic ETL-PROJECT not found in cluster metadata
[2025-07-31T14:46:11.247+0000] {cluster.py:316} ERROR - Topic ETL-PROJECT not found in cluster metadata
[2025-07-31T14:46:11.351+0000] {cluster.py:316} ERROR - Topic ETL-PROJECT not found in cluster metadata
[2025-07-31T14:46:11.455+0000] {cluster.py:316} ERROR - Topic ETL-PROJECT not found in cluster metadata
[2025-07-31T14:46:11.559+0000] {cluster.py:316} ERROR - Topic ETL-PROJECT not found in cluster metadata
[2025-07-31T14:46:11.662+0000] {cluster.py:316} ERROR - Topic ETL-PROJECT not found in cluster metadata
[2025-07-31T14:46:11.766+0000] {cluster.py:316} ERROR - Topic ETL-PROJECT not found in cluster metadata
[2025-07-31T14:46:11.869+0000] {cluster.py:316} ERROR - Topic ETL-PROJECT not found in cluster metadata
[2025-07-31T14:46:11.972+0000] {cluster.py:316} ERROR - Topic ETL-PROJECT not found in cluster metadata
[2025-07-31T14:46:12.076+0000] {cluster.py:316} ERROR - Topic ETL-PROJECT not found in cluster metadata
[2025-07-31T14:46:12.180+0000] {cluster.py:316} ERROR - Topic ETL-PROJECT not found in cluster metadata
[2025-07-31T14:46:12.284+0000] {cluster.py:316} ERROR - Topic ETL-PROJECT not found in cluster metadata
[2025-07-31T14:46:12.388+0000] {cluster.py:316} ERROR - Topic ETL-PROJECT not found in cluster metadata
[2025-07-31T14:46:12.491+0000] {cluster.py:316} ERROR - Topic ETL-PROJECT not found in cluster metadata
[2025-07-31T14:46:12.595+0000] {cluster.py:316} ERROR - Topic ETL-PROJECT not found in cluster metadata
[2025-07-31T14:46:12.699+0000] {cluster.py:316} ERROR - Topic ETL-PROJECT not found in cluster metadata
[2025-07-31T14:46:12.802+0000] {cluster.py:316} ERROR - Topic ETL-PROJECT not found in cluster metadata
[2025-07-31T14:46:12.906+0000] {cluster.py:316} ERROR - Topic ETL-PROJECT not found in cluster metadata
[2025-07-31T14:46:13.010+0000] {cluster.py:316} ERROR - Topic ETL-PROJECT not found in cluster metadata
[2025-07-31T14:46:13.113+0000] {cluster.py:316} ERROR - Topic ETL-PROJECT not found in cluster metadata
[2025-07-31T14:46:13.217+0000] {cluster.py:316} ERROR - Topic ETL-PROJECT not found in cluster metadata
[2025-07-31T14:46:13.320+0000] {cluster.py:316} ERROR - Topic ETL-PROJECT not found in cluster metadata
[2025-07-31T14:46:13.424+0000] {cluster.py:316} ERROR - Topic ETL-PROJECT not found in cluster metadata
[2025-07-31T14:46:13.528+0000] {cluster.py:316} ERROR - Topic ETL-PROJECT not found in cluster metadata
[2025-07-31T14:46:13.632+0000] {cluster.py:316} ERROR - Topic ETL-PROJECT not found in cluster metadata
[2025-07-31T14:46:13.735+0000] {cluster.py:316} ERROR - Topic ETL-PROJECT not found in cluster metadata
[2025-07-31T14:46:13.839+0000] {cluster.py:316} ERROR - Topic ETL-PROJECT not found in cluster metadata
[2025-07-31T14:46:13.943+0000] {cluster.py:316} ERROR - Topic ETL-PROJECT not found in cluster metadata
[2025-07-31T14:46:14.046+0000] {cluster.py:316} ERROR - Topic ETL-PROJECT not found in cluster metadata
[2025-07-31T14:46:14.150+0000] {cluster.py:316} ERROR - Topic ETL-PROJECT not found in cluster metadata
[2025-07-31T14:46:14.253+0000] {cluster.py:316} ERROR - Topic ETL-PROJECT not found in cluster metadata
[2025-07-31T14:46:14.357+0000] {cluster.py:316} ERROR - Topic ETL-PROJECT not found in cluster metadata
[2025-07-31T14:46:14.461+0000] {cluster.py:316} ERROR - Topic ETL-PROJECT not found in cluster metadata
[2025-07-31T14:46:14.564+0000] {cluster.py:316} ERROR - Topic ETL-PROJECT not found in cluster metadata
[2025-07-31T14:46:14.669+0000] {cluster.py:316} ERROR - Topic ETL-PROJECT not found in cluster metadata
[2025-07-31T14:46:14.773+0000] {cluster.py:316} ERROR - Topic ETL-PROJECT not found in cluster metadata
[2025-07-31T14:46:14.877+0000] {cluster.py:316} ERROR - Topic ETL-PROJECT not found in cluster metadata
[2025-07-31T14:46:14.980+0000] {cluster.py:316} ERROR - Topic ETL-PROJECT not found in cluster metadata
[2025-07-31T14:46:15.083+0000] {cluster.py:316} ERROR - Topic ETL-PROJECT not found in cluster metadata
[2025-07-31T14:46:15.188+0000] {cluster.py:316} ERROR - Topic ETL-PROJECT not found in cluster metadata
[2025-07-31T14:46:15.291+0000] {cluster.py:316} ERROR - Topic ETL-PROJECT not found in cluster metadata
[2025-07-31T14:46:15.395+0000] {cluster.py:316} ERROR - Topic ETL-PROJECT not found in cluster metadata
[2025-07-31T14:46:15.498+0000] {cluster.py:316} ERROR - Topic ETL-PROJECT not found in cluster metadata
[2025-07-31T14:46:15.602+0000] {cluster.py:316} ERROR - Topic ETL-PROJECT not found in cluster metadata
[2025-07-31T14:46:15.705+0000] {cluster.py:316} ERROR - Topic ETL-PROJECT not found in cluster metadata
[2025-07-31T14:46:15.808+0000] {cluster.py:316} ERROR - Topic ETL-PROJECT not found in cluster metadata
[2025-07-31T14:46:15.912+0000] {cluster.py:316} ERROR - Topic ETL-PROJECT not found in cluster metadata
[2025-07-31T14:46:16.015+0000] {cluster.py:316} ERROR - Topic ETL-PROJECT not found in cluster metadata
[2025-07-31T14:46:16.119+0000] {cluster.py:316} ERROR - Topic ETL-PROJECT not found in cluster metadata
[2025-07-31T14:46:16.225+0000] {cluster.py:316} ERROR - Topic ETL-PROJECT not found in cluster metadata
[2025-07-31T14:46:16.329+0000] {cluster.py:316} ERROR - Topic ETL-PROJECT not found in cluster metadata
[2025-07-31T14:46:16.433+0000] {cluster.py:316} ERROR - Topic ETL-PROJECT not found in cluster metadata
[2025-07-31T14:46:16.536+0000] {cluster.py:316} ERROR - Topic ETL-PROJECT not found in cluster metadata
[2025-07-31T14:46:16.640+0000] {cluster.py:316} ERROR - Topic ETL-PROJECT not found in cluster metadata
[2025-07-31T14:46:16.743+0000] {cluster.py:316} ERROR - Topic ETL-PROJECT not found in cluster metadata
[2025-07-31T14:46:16.846+0000] {cluster.py:316} ERROR - Topic ETL-PROJECT not found in cluster metadata
[2025-07-31T14:46:16.950+0000] {cluster.py:316} ERROR - Topic ETL-PROJECT not found in cluster metadata
[2025-07-31T14:46:17.053+0000] {cluster.py:316} ERROR - Topic ETL-PROJECT not found in cluster metadata
[2025-07-31T14:46:17.157+0000] {cluster.py:316} ERROR - Topic ETL-PROJECT not found in cluster metadata
[2025-07-31T14:46:17.260+0000] {cluster.py:316} ERROR - Topic ETL-PROJECT not found in cluster metadata
[2025-07-31T14:46:17.364+0000] {cluster.py:316} ERROR - Topic ETL-PROJECT not found in cluster metadata
[2025-07-31T14:46:17.467+0000] {cluster.py:316} ERROR - Topic ETL-PROJECT not found in cluster metadata
[2025-07-31T14:46:17.570+0000] {cluster.py:316} ERROR - Topic ETL-PROJECT not found in cluster metadata
[2025-07-31T14:46:17.674+0000] {cluster.py:316} ERROR - Topic ETL-PROJECT not found in cluster metadata
[2025-07-31T14:46:17.777+0000] {cluster.py:316} ERROR - Topic ETL-PROJECT not found in cluster metadata
[2025-07-31T14:46:17.880+0000] {cluster.py:316} ERROR - Topic ETL-PROJECT not found in cluster metadata
[2025-07-31T14:46:17.984+0000] {cluster.py:316} ERROR - Topic ETL-PROJECT not found in cluster metadata
[2025-07-31T14:46:18.087+0000] {cluster.py:316} ERROR - Topic ETL-PROJECT not found in cluster metadata
[2025-07-31T14:46:18.191+0000] {cluster.py:316} ERROR - Topic ETL-PROJECT not found in cluster metadata
[2025-07-31T14:46:18.300+0000] {cluster.py:316} ERROR - Topic ETL-PROJECT not found in cluster metadata
[2025-07-31T14:46:18.403+0000] {cluster.py:316} ERROR - Topic ETL-PROJECT not found in cluster metadata
[2025-07-31T14:46:18.507+0000] {cluster.py:316} ERROR - Topic ETL-PROJECT not found in cluster metadata
[2025-07-31T14:46:18.610+0000] {cluster.py:316} ERROR - Topic ETL-PROJECT not found in cluster metadata
[2025-07-31T14:46:18.714+0000] {cluster.py:316} ERROR - Topic ETL-PROJECT not found in cluster metadata
[2025-07-31T14:46:18.817+0000] {cluster.py:316} ERROR - Topic ETL-PROJECT not found in cluster metadata
[2025-07-31T14:46:18.921+0000] {cluster.py:316} ERROR - Topic ETL-PROJECT not found in cluster metadata
[2025-07-31T14:46:19.025+0000] {cluster.py:316} ERROR - Topic ETL-PROJECT not found in cluster metadata
[2025-07-31T14:46:19.128+0000] {cluster.py:316} ERROR - Topic ETL-PROJECT not found in cluster metadata
[2025-07-31T14:46:19.232+0000] {cluster.py:316} ERROR - Topic ETL-PROJECT not found in cluster metadata
[2025-07-31T14:46:19.335+0000] {cluster.py:316} ERROR - Topic ETL-PROJECT not found in cluster metadata
[2025-07-31T14:46:19.438+0000] {cluster.py:316} ERROR - Topic ETL-PROJECT not found in cluster metadata
[2025-07-31T14:46:19.544+0000] {cluster.py:316} ERROR - Topic ETL-PROJECT not found in cluster metadata
[2025-07-31T14:46:19.647+0000] {cluster.py:316} ERROR - Topic ETL-PROJECT not found in cluster metadata
[2025-07-31T14:46:19.750+0000] {cluster.py:316} ERROR - Topic ETL-PROJECT not found in cluster metadata
[2025-07-31T14:46:19.854+0000] {cluster.py:316} ERROR - Topic ETL-PROJECT not found in cluster metadata
[2025-07-31T14:46:19.957+0000] {cluster.py:316} ERROR - Topic ETL-PROJECT not found in cluster metadata
[2025-07-31T14:46:20.059+0000] {cluster.py:316} ERROR - Topic ETL-PROJECT not found in cluster metadata
[2025-07-31T14:46:20.162+0000] {cluster.py:316} ERROR - Topic ETL-PROJECT not found in cluster metadata
[2025-07-31T14:46:20.265+0000] {cluster.py:316} ERROR - Topic ETL-PROJECT not found in cluster metadata
[2025-07-31T14:46:20.368+0000] {cluster.py:316} ERROR - Topic ETL-PROJECT not found in cluster metadata
[2025-07-31T14:46:20.471+0000] {cluster.py:316} ERROR - Topic ETL-PROJECT not found in cluster metadata
[2025-07-31T14:46:20.573+0000] {cluster.py:316} ERROR - Topic ETL-PROJECT not found in cluster metadata
[2025-07-31T14:46:20.676+0000] {cluster.py:316} ERROR - Topic ETL-PROJECT not found in cluster metadata
[2025-07-31T14:46:20.779+0000] {cluster.py:316} ERROR - Topic ETL-PROJECT not found in cluster metadata
[2025-07-31T14:46:20.881+0000] {cluster.py:316} ERROR - Topic ETL-PROJECT not found in cluster metadata
[2025-07-31T14:46:20.984+0000] {cluster.py:316} ERROR - Topic ETL-PROJECT not found in cluster metadata
[2025-07-31T14:46:21.087+0000] {cluster.py:316} ERROR - Topic ETL-PROJECT not found in cluster metadata
[2025-07-31T14:46:21.189+0000] {cluster.py:316} ERROR - Topic ETL-PROJECT not found in cluster metadata
[2025-07-31T14:46:21.292+0000] {cluster.py:316} ERROR - Topic ETL-PROJECT not found in cluster metadata
[2025-07-31T14:46:21.395+0000] {cluster.py:316} ERROR - Topic ETL-PROJECT not found in cluster metadata
[2025-07-31T14:46:21.498+0000] {cluster.py:316} ERROR - Topic ETL-PROJECT not found in cluster metadata
[2025-07-31T14:46:21.601+0000] {cluster.py:316} ERROR - Topic ETL-PROJECT not found in cluster metadata
[2025-07-31T14:46:21.703+0000] {cluster.py:316} ERROR - Topic ETL-PROJECT not found in cluster metadata
[2025-07-31T14:46:21.806+0000] {cluster.py:316} ERROR - Topic ETL-PROJECT not found in cluster metadata
[2025-07-31T14:46:21.909+0000] {cluster.py:316} ERROR - Topic ETL-PROJECT not found in cluster metadata
[2025-07-31T14:46:22.011+0000] {cluster.py:316} ERROR - Topic ETL-PROJECT not found in cluster metadata
[2025-07-31T14:46:22.113+0000] {cluster.py:316} ERROR - Topic ETL-PROJECT not found in cluster metadata
[2025-07-31T14:46:22.216+0000] {cluster.py:316} ERROR - Topic ETL-PROJECT not found in cluster metadata
[2025-07-31T14:46:22.319+0000] {cluster.py:316} ERROR - Topic ETL-PROJECT not found in cluster metadata
[2025-07-31T14:46:22.421+0000] {cluster.py:316} ERROR - Topic ETL-PROJECT not found in cluster metadata
[2025-07-31T14:46:22.524+0000] {cluster.py:316} ERROR - Topic ETL-PROJECT not found in cluster metadata
[2025-07-31T14:46:22.627+0000] {cluster.py:316} ERROR - Topic ETL-PROJECT not found in cluster metadata
[2025-07-31T14:46:22.730+0000] {cluster.py:316} ERROR - Topic ETL-PROJECT not found in cluster metadata
[2025-07-31T14:46:22.833+0000] {cluster.py:316} ERROR - Topic ETL-PROJECT not found in cluster metadata
[2025-07-31T14:46:22.936+0000] {cluster.py:316} ERROR - Topic ETL-PROJECT not found in cluster metadata
[2025-07-31T14:46:23.039+0000] {cluster.py:316} ERROR - Topic ETL-PROJECT not found in cluster metadata
[2025-07-31T14:46:23.142+0000] {cluster.py:316} ERROR - Topic ETL-PROJECT not found in cluster metadata
[2025-07-31T14:46:23.246+0000] {cluster.py:316} ERROR - Topic ETL-PROJECT not found in cluster metadata
[2025-07-31T14:46:23.349+0000] {cluster.py:316} ERROR - Topic ETL-PROJECT not found in cluster metadata
[2025-07-31T14:46:23.452+0000] {cluster.py:316} ERROR - Topic ETL-PROJECT not found in cluster metadata
[2025-07-31T14:46:23.556+0000] {cluster.py:316} ERROR - Topic ETL-PROJECT not found in cluster metadata
[2025-07-31T14:46:23.659+0000] {cluster.py:316} ERROR - Topic ETL-PROJECT not found in cluster metadata
[2025-07-31T14:46:23.763+0000] {cluster.py:316} ERROR - Topic ETL-PROJECT not found in cluster metadata
[2025-07-31T14:46:23.866+0000] {cluster.py:316} ERROR - Topic ETL-PROJECT not found in cluster metadata
[2025-07-31T14:46:23.969+0000] {cluster.py:316} ERROR - Topic ETL-PROJECT not found in cluster metadata
[2025-07-31T14:46:24.072+0000] {cluster.py:316} ERROR - Topic ETL-PROJECT not found in cluster metadata
[2025-07-31T14:46:24.176+0000] {cluster.py:316} ERROR - Topic ETL-PROJECT not found in cluster metadata
[2025-07-31T14:46:24.280+0000] {cluster.py:316} ERROR - Topic ETL-PROJECT not found in cluster metadata
[2025-07-31T14:46:24.383+0000] {cluster.py:316} ERROR - Topic ETL-PROJECT not found in cluster metadata
[2025-07-31T14:46:24.486+0000] {cluster.py:316} ERROR - Topic ETL-PROJECT not found in cluster metadata
[2025-07-31T14:46:24.590+0000] {cluster.py:316} ERROR - Topic ETL-PROJECT not found in cluster metadata
[2025-07-31T14:46:24.693+0000] {cluster.py:316} ERROR - Topic ETL-PROJECT not found in cluster metadata
[2025-07-31T14:46:24.796+0000] {cluster.py:316} ERROR - Topic ETL-PROJECT not found in cluster metadata
[2025-07-31T14:46:24.899+0000] {cluster.py:316} ERROR - Topic ETL-PROJECT not found in cluster metadata
[2025-07-31T14:46:25.002+0000] {cluster.py:316} ERROR - Topic ETL-PROJECT not found in cluster metadata
[2025-07-31T14:46:25.105+0000] {cluster.py:316} ERROR - Topic ETL-PROJECT not found in cluster metadata
[2025-07-31T14:46:25.209+0000] {cluster.py:316} ERROR - Topic ETL-PROJECT not found in cluster metadata
[2025-07-31T14:46:25.312+0000] {cluster.py:316} ERROR - Topic ETL-PROJECT not found in cluster metadata
[2025-07-31T14:46:25.415+0000] {cluster.py:316} ERROR - Topic ETL-PROJECT not found in cluster metadata
[2025-07-31T14:46:25.519+0000] {cluster.py:316} ERROR - Topic ETL-PROJECT not found in cluster metadata
[2025-07-31T14:46:25.622+0000] {cluster.py:316} ERROR - Topic ETL-PROJECT not found in cluster metadata
[2025-07-31T14:46:25.726+0000] {cluster.py:316} ERROR - Topic ETL-PROJECT not found in cluster metadata
[2025-07-31T14:46:25.829+0000] {cluster.py:316} ERROR - Topic ETL-PROJECT not found in cluster metadata
[2025-07-31T14:46:25.932+0000] {cluster.py:316} ERROR - Topic ETL-PROJECT not found in cluster metadata
[2025-07-31T14:46:26.035+0000] {cluster.py:316} ERROR - Topic ETL-PROJECT not found in cluster metadata
[2025-07-31T14:46:26.138+0000] {cluster.py:316} ERROR - Topic ETL-PROJECT not found in cluster metadata
[2025-07-31T14:46:26.242+0000] {cluster.py:316} ERROR - Topic ETL-PROJECT not found in cluster metadata
[2025-07-31T14:46:26.345+0000] {cluster.py:316} ERROR - Topic ETL-PROJECT not found in cluster metadata
[2025-07-31T14:46:26.449+0000] {cluster.py:316} ERROR - Topic ETL-PROJECT not found in cluster metadata
[2025-07-31T14:46:26.553+0000] {cluster.py:316} ERROR - Topic ETL-PROJECT not found in cluster metadata
[2025-07-31T14:46:26.657+0000] {cluster.py:316} ERROR - Topic ETL-PROJECT not found in cluster metadata
[2025-07-31T14:46:26.761+0000] {cluster.py:316} ERROR - Topic ETL-PROJECT not found in cluster metadata
[2025-07-31T14:46:26.863+0000] {cluster.py:316} ERROR - Topic ETL-PROJECT not found in cluster metadata
[2025-07-31T14:46:26.967+0000] {cluster.py:316} ERROR - Topic ETL-PROJECT not found in cluster metadata
[2025-07-31T14:46:27.070+0000] {cluster.py:316} ERROR - Topic ETL-PROJECT not found in cluster metadata
[2025-07-31T14:46:27.174+0000] {cluster.py:316} ERROR - Topic ETL-PROJECT not found in cluster metadata
[2025-07-31T14:46:27.277+0000] {cluster.py:316} ERROR - Topic ETL-PROJECT not found in cluster metadata
[2025-07-31T14:46:27.380+0000] {cluster.py:316} ERROR - Topic ETL-PROJECT not found in cluster metadata
[2025-07-31T14:46:27.483+0000] {cluster.py:316} ERROR - Topic ETL-PROJECT not found in cluster metadata
[2025-07-31T14:46:27.586+0000] {cluster.py:316} ERROR - Topic ETL-PROJECT not found in cluster metadata
[2025-07-31T14:46:27.689+0000] {cluster.py:316} ERROR - Topic ETL-PROJECT not found in cluster metadata
[2025-07-31T14:46:27.792+0000] {cluster.py:316} ERROR - Topic ETL-PROJECT not found in cluster metadata
[2025-07-31T14:46:27.896+0000] {cluster.py:316} ERROR - Topic ETL-PROJECT not found in cluster metadata
[2025-07-31T14:46:27.999+0000] {cluster.py:316} ERROR - Topic ETL-PROJECT not found in cluster metadata
[2025-07-31T14:46:28.102+0000] {cluster.py:316} ERROR - Topic ETL-PROJECT not found in cluster metadata
[2025-07-31T14:46:28.205+0000] {cluster.py:316} ERROR - Topic ETL-PROJECT not found in cluster metadata
[2025-07-31T14:46:28.308+0000] {cluster.py:316} ERROR - Topic ETL-PROJECT not found in cluster metadata
[2025-07-31T14:46:28.411+0000] {cluster.py:316} ERROR - Topic ETL-PROJECT not found in cluster metadata
[2025-07-31T14:46:28.515+0000] {cluster.py:316} ERROR - Topic ETL-PROJECT not found in cluster metadata
[2025-07-31T14:46:28.618+0000] {cluster.py:316} ERROR - Topic ETL-PROJECT not found in cluster metadata
[2025-07-31T14:46:28.722+0000] {cluster.py:316} ERROR - Topic ETL-PROJECT not found in cluster metadata
[2025-07-31T14:46:28.825+0000] {cluster.py:316} ERROR - Topic ETL-PROJECT not found in cluster metadata
[2025-07-31T14:46:28.932+0000] {cluster.py:316} ERROR - Topic ETL-PROJECT not found in cluster metadata
[2025-07-31T14:46:29.035+0000] {cluster.py:316} ERROR - Topic ETL-PROJECT not found in cluster metadata
[2025-07-31T14:46:29.139+0000] {cluster.py:316} ERROR - Topic ETL-PROJECT not found in cluster metadata
[2025-07-31T14:46:29.242+0000] {cluster.py:316} ERROR - Topic ETL-PROJECT not found in cluster metadata
[2025-07-31T14:46:29.345+0000] {cluster.py:316} ERROR - Topic ETL-PROJECT not found in cluster metadata
[2025-07-31T14:46:29.449+0000] {cluster.py:316} ERROR - Topic ETL-PROJECT not found in cluster metadata
[2025-07-31T14:46:29.552+0000] {cluster.py:316} ERROR - Topic ETL-PROJECT not found in cluster metadata
[2025-07-31T14:46:29.655+0000] {cluster.py:316} ERROR - Topic ETL-PROJECT not found in cluster metadata
[2025-07-31T14:46:29.757+0000] {cluster.py:316} ERROR - Topic ETL-PROJECT not found in cluster metadata
[2025-07-31T14:46:29.860+0000] {cluster.py:316} ERROR - Topic ETL-PROJECT not found in cluster metadata
[2025-07-31T14:46:29.963+0000] {cluster.py:316} ERROR - Topic ETL-PROJECT not found in cluster metadata
[2025-07-31T14:46:30.066+0000] {cluster.py:316} ERROR - Topic ETL-PROJECT not found in cluster metadata
[2025-07-31T14:46:30.170+0000] {cluster.py:316} ERROR - Topic ETL-PROJECT not found in cluster metadata
[2025-07-31T14:46:30.273+0000] {cluster.py:316} ERROR - Topic ETL-PROJECT not found in cluster metadata
[2025-07-31T14:46:30.376+0000] {cluster.py:316} ERROR - Topic ETL-PROJECT not found in cluster metadata
[2025-07-31T14:46:30.479+0000] {cluster.py:316} ERROR - Topic ETL-PROJECT not found in cluster metadata
[2025-07-31T14:46:30.582+0000] {cluster.py:316} ERROR - Topic ETL-PROJECT not found in cluster metadata
[2025-07-31T14:46:30.686+0000] {cluster.py:316} ERROR - Topic ETL-PROJECT not found in cluster metadata
[2025-07-31T14:46:30.789+0000] {cluster.py:316} ERROR - Topic ETL-PROJECT not found in cluster metadata
[2025-07-31T14:46:30.892+0000] {cluster.py:316} ERROR - Topic ETL-PROJECT not found in cluster metadata
[2025-07-31T14:46:30.996+0000] {cluster.py:316} ERROR - Topic ETL-PROJECT not found in cluster metadata
[2025-07-31T14:46:31.099+0000] {cluster.py:316} ERROR - Topic ETL-PROJECT not found in cluster metadata
[2025-07-31T14:46:31.202+0000] {cluster.py:316} ERROR - Topic ETL-PROJECT not found in cluster metadata
[2025-07-31T14:46:31.305+0000] {cluster.py:316} ERROR - Topic ETL-PROJECT not found in cluster metadata
[2025-07-31T14:46:31.408+0000] {cluster.py:316} ERROR - Topic ETL-PROJECT not found in cluster metadata
[2025-07-31T14:46:31.511+0000] {cluster.py:316} ERROR - Topic ETL-PROJECT not found in cluster metadata
[2025-07-31T14:46:31.614+0000] {cluster.py:316} ERROR - Topic ETL-PROJECT not found in cluster metadata
[2025-07-31T14:46:31.717+0000] {cluster.py:316} ERROR - Topic ETL-PROJECT not found in cluster metadata
[2025-07-31T14:46:31.821+0000] {cluster.py:316} ERROR - Topic ETL-PROJECT not found in cluster metadata
[2025-07-31T14:46:31.924+0000] {cluster.py:316} ERROR - Topic ETL-PROJECT not found in cluster metadata
[2025-07-31T14:46:32.026+0000] {cluster.py:316} ERROR - Topic ETL-PROJECT not found in cluster metadata
[2025-07-31T14:46:32.130+0000] {cluster.py:316} ERROR - Topic ETL-PROJECT not found in cluster metadata
[2025-07-31T14:46:32.233+0000] {cluster.py:316} ERROR - Topic ETL-PROJECT not found in cluster metadata
[2025-07-31T14:46:32.336+0000] {cluster.py:316} ERROR - Topic ETL-PROJECT not found in cluster metadata
[2025-07-31T14:46:32.439+0000] {cluster.py:316} ERROR - Topic ETL-PROJECT not found in cluster metadata
[2025-07-31T14:46:32.542+0000] {cluster.py:316} ERROR - Topic ETL-PROJECT not found in cluster metadata
[2025-07-31T14:46:32.645+0000] {cluster.py:316} ERROR - Topic ETL-PROJECT not found in cluster metadata
[2025-07-31T14:46:32.748+0000] {cluster.py:316} ERROR - Topic ETL-PROJECT not found in cluster metadata
[2025-07-31T14:46:32.851+0000] {cluster.py:316} ERROR - Topic ETL-PROJECT not found in cluster metadata
[2025-07-31T14:46:32.954+0000] {cluster.py:316} ERROR - Topic ETL-PROJECT not found in cluster metadata
[2025-07-31T14:46:33.057+0000] {cluster.py:316} ERROR - Topic ETL-PROJECT not found in cluster metadata
[2025-07-31T14:46:33.160+0000] {cluster.py:316} ERROR - Topic ETL-PROJECT not found in cluster metadata
[2025-07-31T14:46:33.263+0000] {cluster.py:316} ERROR - Topic ETL-PROJECT not found in cluster metadata
[2025-07-31T14:46:33.366+0000] {cluster.py:316} ERROR - Topic ETL-PROJECT not found in cluster metadata
[2025-07-31T14:46:33.470+0000] {cluster.py:316} ERROR - Topic ETL-PROJECT not found in cluster metadata
[2025-07-31T14:46:33.573+0000] {cluster.py:316} ERROR - Topic ETL-PROJECT not found in cluster metadata
[2025-07-31T14:46:33.675+0000] {cluster.py:316} ERROR - Topic ETL-PROJECT not found in cluster metadata
[2025-07-31T14:46:33.779+0000] {cluster.py:316} ERROR - Topic ETL-PROJECT not found in cluster metadata
[2025-07-31T14:46:33.882+0000] {cluster.py:316} ERROR - Topic ETL-PROJECT not found in cluster metadata
[2025-07-31T14:46:33.984+0000] {cluster.py:316} ERROR - Topic ETL-PROJECT not found in cluster metadata
[2025-07-31T14:46:34.088+0000] {cluster.py:316} ERROR - Topic ETL-PROJECT not found in cluster metadata
[2025-07-31T14:46:34.190+0000] {cluster.py:316} ERROR - Topic ETL-PROJECT not found in cluster metadata
[2025-07-31T14:46:34.294+0000] {cluster.py:316} ERROR - Topic ETL-PROJECT not found in cluster metadata
[2025-07-31T14:46:34.397+0000] {cluster.py:316} ERROR - Topic ETL-PROJECT not found in cluster metadata
[2025-07-31T14:46:34.500+0000] {cluster.py:316} ERROR - Topic ETL-PROJECT not found in cluster metadata
[2025-07-31T14:46:34.602+0000] {cluster.py:316} ERROR - Topic ETL-PROJECT not found in cluster metadata
[2025-07-31T14:46:34.705+0000] {cluster.py:316} ERROR - Topic ETL-PROJECT not found in cluster metadata
[2025-07-31T14:46:34.809+0000] {cluster.py:316} ERROR - Topic ETL-PROJECT not found in cluster metadata
[2025-07-31T14:46:34.912+0000] {cluster.py:316} ERROR - Topic ETL-PROJECT not found in cluster metadata
[2025-07-31T14:46:35.014+0000] {cluster.py:316} ERROR - Topic ETL-PROJECT not found in cluster metadata
[2025-07-31T14:46:35.117+0000] {cluster.py:316} ERROR - Topic ETL-PROJECT not found in cluster metadata
[2025-07-31T14:46:35.220+0000] {cluster.py:316} ERROR - Topic ETL-PROJECT not found in cluster metadata
[2025-07-31T14:46:35.323+0000] {cluster.py:316} ERROR - Topic ETL-PROJECT not found in cluster metadata
[2025-07-31T14:46:35.426+0000] {cluster.py:316} ERROR - Topic ETL-PROJECT not found in cluster metadata
[2025-07-31T14:46:35.529+0000] {cluster.py:316} ERROR - Topic ETL-PROJECT not found in cluster metadata
[2025-07-31T14:46:35.632+0000] {cluster.py:316} ERROR - Topic ETL-PROJECT not found in cluster metadata
[2025-07-31T14:46:35.737+0000] {cluster.py:316} ERROR - Topic ETL-PROJECT not found in cluster metadata
[2025-07-31T14:46:35.840+0000] {cluster.py:316} ERROR - Topic ETL-PROJECT not found in cluster metadata
[2025-07-31T14:46:35.943+0000] {cluster.py:316} ERROR - Topic ETL-PROJECT not found in cluster metadata
[2025-07-31T14:46:36.046+0000] {cluster.py:316} ERROR - Topic ETL-PROJECT not found in cluster metadata
[2025-07-31T14:46:36.149+0000] {cluster.py:316} ERROR - Topic ETL-PROJECT not found in cluster metadata
[2025-07-31T14:46:36.252+0000] {cluster.py:316} ERROR - Topic ETL-PROJECT not found in cluster metadata
[2025-07-31T14:46:36.355+0000] {cluster.py:316} ERROR - Topic ETL-PROJECT not found in cluster metadata
[2025-07-31T14:46:36.458+0000] {cluster.py:316} ERROR - Topic ETL-PROJECT not found in cluster metadata
[2025-07-31T14:46:36.561+0000] {cluster.py:316} ERROR - Topic ETL-PROJECT not found in cluster metadata
[2025-07-31T14:46:36.665+0000] {cluster.py:316} ERROR - Topic ETL-PROJECT not found in cluster metadata
[2025-07-31T14:46:36.768+0000] {cluster.py:316} ERROR - Topic ETL-PROJECT not found in cluster metadata
[2025-07-31T14:46:36.871+0000] {cluster.py:316} ERROR - Topic ETL-PROJECT not found in cluster metadata
[2025-07-31T14:46:36.974+0000] {cluster.py:316} ERROR - Topic ETL-PROJECT not found in cluster metadata
[2025-07-31T14:46:37.076+0000] {cluster.py:316} ERROR - Topic ETL-PROJECT not found in cluster metadata
[2025-07-31T14:46:37.179+0000] {cluster.py:316} ERROR - Topic ETL-PROJECT not found in cluster metadata
[2025-07-31T14:46:37.282+0000] {cluster.py:316} ERROR - Topic ETL-PROJECT not found in cluster metadata
[2025-07-31T14:46:37.385+0000] {cluster.py:316} ERROR - Topic ETL-PROJECT not found in cluster metadata
[2025-07-31T14:46:37.488+0000] {cluster.py:316} ERROR - Topic ETL-PROJECT not found in cluster metadata
[2025-07-31T14:46:37.591+0000] {cluster.py:316} ERROR - Topic ETL-PROJECT not found in cluster metadata
[2025-07-31T14:46:37.694+0000] {cluster.py:316} ERROR - Topic ETL-PROJECT not found in cluster metadata
[2025-07-31T14:46:37.797+0000] {cluster.py:316} ERROR - Topic ETL-PROJECT not found in cluster metadata
[2025-07-31T14:46:37.899+0000] {cluster.py:316} ERROR - Topic ETL-PROJECT not found in cluster metadata
[2025-07-31T14:46:38.002+0000] {cluster.py:316} ERROR - Topic ETL-PROJECT not found in cluster metadata
[2025-07-31T14:46:38.105+0000] {cluster.py:316} ERROR - Topic ETL-PROJECT not found in cluster metadata
[2025-07-31T14:46:38.209+0000] {cluster.py:316} ERROR - Topic ETL-PROJECT not found in cluster metadata
[2025-07-31T14:46:38.312+0000] {cluster.py:316} ERROR - Topic ETL-PROJECT not found in cluster metadata
[2025-07-31T14:46:38.415+0000] {cluster.py:316} ERROR - Topic ETL-PROJECT not found in cluster metadata
[2025-07-31T14:46:38.518+0000] {cluster.py:316} ERROR - Topic ETL-PROJECT not found in cluster metadata
[2025-07-31T14:46:38.621+0000] {cluster.py:316} ERROR - Topic ETL-PROJECT not found in cluster metadata
[2025-07-31T14:46:38.724+0000] {cluster.py:316} ERROR - Topic ETL-PROJECT not found in cluster metadata
[2025-07-31T14:46:38.827+0000] {cluster.py:316} ERROR - Topic ETL-PROJECT not found in cluster metadata
[2025-07-31T14:46:38.930+0000] {cluster.py:316} ERROR - Topic ETL-PROJECT not found in cluster metadata
[2025-07-31T14:46:39.033+0000] {cluster.py:316} ERROR - Topic ETL-PROJECT not found in cluster metadata
[2025-07-31T14:46:39.136+0000] {cluster.py:316} ERROR - Topic ETL-PROJECT not found in cluster metadata
[2025-07-31T14:46:39.239+0000] {cluster.py:316} ERROR - Topic ETL-PROJECT not found in cluster metadata
[2025-07-31T14:46:39.342+0000] {cluster.py:316} ERROR - Topic ETL-PROJECT not found in cluster metadata
[2025-07-31T14:46:39.445+0000] {cluster.py:316} ERROR - Topic ETL-PROJECT not found in cluster metadata
[2025-07-31T14:46:39.548+0000] {cluster.py:316} ERROR - Topic ETL-PROJECT not found in cluster metadata
[2025-07-31T14:46:39.651+0000] {cluster.py:316} ERROR - Topic ETL-PROJECT not found in cluster metadata
[2025-07-31T14:46:39.754+0000] {cluster.py:316} ERROR - Topic ETL-PROJECT not found in cluster metadata
[2025-07-31T14:46:39.857+0000] {cluster.py:316} ERROR - Topic ETL-PROJECT not found in cluster metadata
[2025-07-31T14:46:39.960+0000] {cluster.py:316} ERROR - Topic ETL-PROJECT not found in cluster metadata
[2025-07-31T14:46:40.063+0000] {cluster.py:316} ERROR - Topic ETL-PROJECT not found in cluster metadata
[2025-07-31T14:46:40.166+0000] {cluster.py:316} ERROR - Topic ETL-PROJECT not found in cluster metadata
[2025-07-31T14:46:40.269+0000] {cluster.py:316} ERROR - Topic ETL-PROJECT not found in cluster metadata
[2025-07-31T14:46:40.371+0000] {cluster.py:316} ERROR - Topic ETL-PROJECT not found in cluster metadata
[2025-07-31T14:46:40.475+0000] {cluster.py:316} ERROR - Topic ETL-PROJECT not found in cluster metadata
[2025-07-31T14:46:40.577+0000] {cluster.py:316} ERROR - Topic ETL-PROJECT not found in cluster metadata
[2025-07-31T14:46:40.680+0000] {cluster.py:316} ERROR - Topic ETL-PROJECT not found in cluster metadata
[2025-07-31T14:46:40.783+0000] {cluster.py:316} ERROR - Topic ETL-PROJECT not found in cluster metadata
[2025-07-31T14:46:40.886+0000] {cluster.py:316} ERROR - Topic ETL-PROJECT not found in cluster metadata
[2025-07-31T14:46:40.989+0000] {cluster.py:316} ERROR - Topic ETL-PROJECT not found in cluster metadata
[2025-07-31T14:46:41.092+0000] {cluster.py:316} ERROR - Topic ETL-PROJECT not found in cluster metadata
[2025-07-31T14:46:41.195+0000] {cluster.py:316} ERROR - Topic ETL-PROJECT not found in cluster metadata
[2025-07-31T14:46:41.298+0000] {cluster.py:316} ERROR - Topic ETL-PROJECT not found in cluster metadata
[2025-07-31T14:46:41.401+0000] {cluster.py:316} ERROR - Topic ETL-PROJECT not found in cluster metadata
[2025-07-31T14:46:41.504+0000] {cluster.py:316} ERROR - Topic ETL-PROJECT not found in cluster metadata
[2025-07-31T14:46:41.607+0000] {cluster.py:316} ERROR - Topic ETL-PROJECT not found in cluster metadata
[2025-07-31T14:46:41.711+0000] {cluster.py:316} ERROR - Topic ETL-PROJECT not found in cluster metadata
[2025-07-31T14:46:41.814+0000] {cluster.py:316} ERROR - Topic ETL-PROJECT not found in cluster metadata
[2025-07-31T14:46:41.917+0000] {cluster.py:316} ERROR - Topic ETL-PROJECT not found in cluster metadata
[2025-07-31T14:46:42.019+0000] {cluster.py:316} ERROR - Topic ETL-PROJECT not found in cluster metadata
[2025-07-31T14:46:42.122+0000] {cluster.py:316} ERROR - Topic ETL-PROJECT not found in cluster metadata
[2025-07-31T14:46:42.225+0000] {cluster.py:316} ERROR - Topic ETL-PROJECT not found in cluster metadata
[2025-07-31T14:46:42.329+0000] {cluster.py:316} ERROR - Topic ETL-PROJECT not found in cluster metadata
[2025-07-31T14:46:42.432+0000] {cluster.py:316} ERROR - Topic ETL-PROJECT not found in cluster metadata
[2025-07-31T14:46:42.534+0000] {cluster.py:316} ERROR - Topic ETL-PROJECT not found in cluster metadata
[2025-07-31T14:46:42.637+0000] {cluster.py:316} ERROR - Topic ETL-PROJECT not found in cluster metadata
[2025-07-31T14:46:42.740+0000] {cluster.py:316} ERROR - Topic ETL-PROJECT not found in cluster metadata
[2025-07-31T14:46:42.843+0000] {cluster.py:316} ERROR - Topic ETL-PROJECT not found in cluster metadata
[2025-07-31T14:46:42.946+0000] {cluster.py:316} ERROR - Topic ETL-PROJECT not found in cluster metadata
[2025-07-31T14:46:43.048+0000] {cluster.py:316} ERROR - Topic ETL-PROJECT not found in cluster metadata
[2025-07-31T14:46:43.151+0000] {cluster.py:316} ERROR - Topic ETL-PROJECT not found in cluster metadata
[2025-07-31T14:46:43.254+0000] {cluster.py:316} ERROR - Topic ETL-PROJECT not found in cluster metadata
[2025-07-31T14:46:43.356+0000] {cluster.py:316} ERROR - Topic ETL-PROJECT not found in cluster metadata
[2025-07-31T14:46:43.459+0000] {cluster.py:316} ERROR - Topic ETL-PROJECT not found in cluster metadata
[2025-07-31T14:46:43.562+0000] {cluster.py:316} ERROR - Topic ETL-PROJECT not found in cluster metadata
[2025-07-31T14:46:43.665+0000] {cluster.py:316} ERROR - Topic ETL-PROJECT not found in cluster metadata
[2025-07-31T14:46:43.768+0000] {cluster.py:316} ERROR - Topic ETL-PROJECT not found in cluster metadata
[2025-07-31T14:46:43.871+0000] {cluster.py:316} ERROR - Topic ETL-PROJECT not found in cluster metadata
[2025-07-31T14:46:43.973+0000] {cluster.py:316} ERROR - Topic ETL-PROJECT not found in cluster metadata
[2025-07-31T14:46:44.076+0000] {cluster.py:316} ERROR - Topic ETL-PROJECT not found in cluster metadata
[2025-07-31T14:46:44.179+0000] {cluster.py:316} ERROR - Topic ETL-PROJECT not found in cluster metadata
[2025-07-31T14:46:44.282+0000] {cluster.py:316} ERROR - Topic ETL-PROJECT not found in cluster metadata
[2025-07-31T14:46:44.385+0000] {cluster.py:316} ERROR - Topic ETL-PROJECT not found in cluster metadata
[2025-07-31T14:46:44.488+0000] {cluster.py:316} ERROR - Topic ETL-PROJECT not found in cluster metadata
[2025-07-31T14:46:44.590+0000] {cluster.py:316} ERROR - Topic ETL-PROJECT not found in cluster metadata
[2025-07-31T14:46:44.693+0000] {cluster.py:316} ERROR - Topic ETL-PROJECT not found in cluster metadata
[2025-07-31T14:46:44.796+0000] {cluster.py:316} ERROR - Topic ETL-PROJECT not found in cluster metadata
[2025-07-31T14:46:44.899+0000] {cluster.py:316} ERROR - Topic ETL-PROJECT not found in cluster metadata
[2025-07-31T14:46:45.002+0000] {cluster.py:316} ERROR - Topic ETL-PROJECT not found in cluster metadata
[2025-07-31T14:46:45.105+0000] {cluster.py:316} ERROR - Topic ETL-PROJECT not found in cluster metadata
[2025-07-31T14:46:45.208+0000] {cluster.py:316} ERROR - Topic ETL-PROJECT not found in cluster metadata
[2025-07-31T14:46:45.311+0000] {cluster.py:316} ERROR - Topic ETL-PROJECT not found in cluster metadata
[2025-07-31T14:46:45.414+0000] {cluster.py:316} ERROR - Topic ETL-PROJECT not found in cluster metadata
[2025-07-31T14:46:45.517+0000] {cluster.py:316} ERROR - Topic ETL-PROJECT not found in cluster metadata
[2025-07-31T14:46:45.619+0000] {cluster.py:316} ERROR - Topic ETL-PROJECT not found in cluster metadata
[2025-07-31T14:46:45.722+0000] {cluster.py:316} ERROR - Topic ETL-PROJECT not found in cluster metadata
[2025-07-31T14:46:45.825+0000] {cluster.py:316} ERROR - Topic ETL-PROJECT not found in cluster metadata
[2025-07-31T14:46:45.928+0000] {cluster.py:316} ERROR - Topic ETL-PROJECT not found in cluster metadata
[2025-07-31T14:46:46.032+0000] {cluster.py:316} ERROR - Topic ETL-PROJECT not found in cluster metadata
[2025-07-31T14:46:46.135+0000] {cluster.py:316} ERROR - Topic ETL-PROJECT not found in cluster metadata
[2025-07-31T14:46:46.237+0000] {cluster.py:316} ERROR - Topic ETL-PROJECT not found in cluster metadata
[2025-07-31T14:46:46.340+0000] {cluster.py:316} ERROR - Topic ETL-PROJECT not found in cluster metadata
[2025-07-31T14:46:46.443+0000] {cluster.py:316} ERROR - Topic ETL-PROJECT not found in cluster metadata
[2025-07-31T14:46:46.546+0000] {cluster.py:316} ERROR - Topic ETL-PROJECT not found in cluster metadata
[2025-07-31T14:46:46.649+0000] {cluster.py:316} ERROR - Topic ETL-PROJECT not found in cluster metadata
[2025-07-31T14:46:46.751+0000] {cluster.py:316} ERROR - Topic ETL-PROJECT not found in cluster metadata
[2025-07-31T14:46:46.854+0000] {cluster.py:316} ERROR - Topic ETL-PROJECT not found in cluster metadata
[2025-07-31T14:46:46.957+0000] {cluster.py:316} ERROR - Topic ETL-PROJECT not found in cluster metadata
[2025-07-31T14:46:47.059+0000] {cluster.py:316} ERROR - Topic ETL-PROJECT not found in cluster metadata
[2025-07-31T14:46:47.162+0000] {cluster.py:316} ERROR - Topic ETL-PROJECT not found in cluster metadata
[2025-07-31T14:46:47.265+0000] {cluster.py:316} ERROR - Topic ETL-PROJECT not found in cluster metadata
[2025-07-31T14:46:47.367+0000] {cluster.py:316} ERROR - Topic ETL-PROJECT not found in cluster metadata
[2025-07-31T14:46:47.471+0000] {cluster.py:316} ERROR - Topic ETL-PROJECT not found in cluster metadata
[2025-07-31T14:46:47.573+0000] {cluster.py:316} ERROR - Topic ETL-PROJECT not found in cluster metadata
[2025-07-31T14:46:47.676+0000] {cluster.py:316} ERROR - Topic ETL-PROJECT not found in cluster metadata
[2025-07-31T14:46:47.779+0000] {cluster.py:316} ERROR - Topic ETL-PROJECT not found in cluster metadata
[2025-07-31T14:46:47.882+0000] {cluster.py:316} ERROR - Topic ETL-PROJECT not found in cluster metadata
[2025-07-31T14:46:47.984+0000] {cluster.py:316} ERROR - Topic ETL-PROJECT not found in cluster metadata
[2025-07-31T14:46:48.087+0000] {cluster.py:316} ERROR - Topic ETL-PROJECT not found in cluster metadata
[2025-07-31T14:46:48.190+0000] {cluster.py:316} ERROR - Topic ETL-PROJECT not found in cluster metadata
[2025-07-31T14:46:48.293+0000] {cluster.py:316} ERROR - Topic ETL-PROJECT not found in cluster metadata
[2025-07-31T14:46:48.397+0000] {cluster.py:316} ERROR - Topic ETL-PROJECT not found in cluster metadata
[2025-07-31T14:46:48.499+0000] {cluster.py:316} ERROR - Topic ETL-PROJECT not found in cluster metadata
[2025-07-31T14:46:48.602+0000] {cluster.py:316} ERROR - Topic ETL-PROJECT not found in cluster metadata
[2025-07-31T14:46:48.705+0000] {cluster.py:316} ERROR - Topic ETL-PROJECT not found in cluster metadata
[2025-07-31T14:46:48.807+0000] {cluster.py:316} ERROR - Topic ETL-PROJECT not found in cluster metadata
[2025-07-31T14:46:48.911+0000] {cluster.py:316} ERROR - Topic ETL-PROJECT not found in cluster metadata
[2025-07-31T14:46:49.013+0000] {cluster.py:316} ERROR - Topic ETL-PROJECT not found in cluster metadata
[2025-07-31T14:46:49.116+0000] {cluster.py:316} ERROR - Topic ETL-PROJECT not found in cluster metadata
[2025-07-31T14:46:49.219+0000] {cluster.py:316} ERROR - Topic ETL-PROJECT not found in cluster metadata
[2025-07-31T14:46:49.322+0000] {cluster.py:316} ERROR - Topic ETL-PROJECT not found in cluster metadata
[2025-07-31T14:46:49.424+0000] {cluster.py:316} ERROR - Topic ETL-PROJECT not found in cluster metadata
[2025-07-31T14:46:49.527+0000] {cluster.py:316} ERROR - Topic ETL-PROJECT not found in cluster metadata
[2025-07-31T14:46:49.630+0000] {cluster.py:316} ERROR - Topic ETL-PROJECT not found in cluster metadata
[2025-07-31T14:46:49.733+0000] {cluster.py:316} ERROR - Topic ETL-PROJECT not found in cluster metadata
[2025-07-31T14:46:49.836+0000] {cluster.py:316} ERROR - Topic ETL-PROJECT not found in cluster metadata
[2025-07-31T14:46:49.938+0000] {cluster.py:316} ERROR - Topic ETL-PROJECT not found in cluster metadata
[2025-07-31T14:46:50.041+0000] {cluster.py:316} ERROR - Topic ETL-PROJECT not found in cluster metadata
[2025-07-31T14:46:50.144+0000] {cluster.py:316} ERROR - Topic ETL-PROJECT not found in cluster metadata
[2025-07-31T14:46:50.246+0000] {cluster.py:316} ERROR - Topic ETL-PROJECT not found in cluster metadata
[2025-07-31T14:46:50.348+0000] {cluster.py:316} ERROR - Topic ETL-PROJECT not found in cluster metadata
[2025-07-31T14:46:50.451+0000] {cluster.py:316} ERROR - Topic ETL-PROJECT not found in cluster metadata
[2025-07-31T14:46:50.554+0000] {cluster.py:316} ERROR - Topic ETL-PROJECT not found in cluster metadata
[2025-07-31T14:46:50.657+0000] {cluster.py:316} ERROR - Topic ETL-PROJECT not found in cluster metadata
[2025-07-31T14:46:50.760+0000] {cluster.py:316} ERROR - Topic ETL-PROJECT not found in cluster metadata
[2025-07-31T14:46:50.863+0000] {cluster.py:316} ERROR - Topic ETL-PROJECT not found in cluster metadata
[2025-07-31T14:46:50.966+0000] {cluster.py:316} ERROR - Topic ETL-PROJECT not found in cluster metadata
[2025-07-31T14:46:51.069+0000] {cluster.py:316} ERROR - Topic ETL-PROJECT not found in cluster metadata
[2025-07-31T14:46:51.172+0000] {cluster.py:316} ERROR - Topic ETL-PROJECT not found in cluster metadata
[2025-07-31T14:46:51.274+0000] {cluster.py:316} ERROR - Topic ETL-PROJECT not found in cluster metadata
[2025-07-31T14:46:51.377+0000] {cluster.py:316} ERROR - Topic ETL-PROJECT not found in cluster metadata
[2025-07-31T14:46:51.481+0000] {cluster.py:316} ERROR - Topic ETL-PROJECT not found in cluster metadata
[2025-07-31T14:46:51.584+0000] {cluster.py:316} ERROR - Topic ETL-PROJECT not found in cluster metadata
[2025-07-31T14:46:51.687+0000] {cluster.py:316} ERROR - Topic ETL-PROJECT not found in cluster metadata
[2025-07-31T14:46:51.790+0000] {cluster.py:316} ERROR - Topic ETL-PROJECT not found in cluster metadata
[2025-07-31T14:46:51.893+0000] {cluster.py:316} ERROR - Topic ETL-PROJECT not found in cluster metadata
[2025-07-31T14:46:51.996+0000] {cluster.py:316} ERROR - Topic ETL-PROJECT not found in cluster metadata
[2025-07-31T14:46:52.099+0000] {cluster.py:316} ERROR - Topic ETL-PROJECT not found in cluster metadata
[2025-07-31T14:46:52.203+0000] {cluster.py:316} ERROR - Topic ETL-PROJECT not found in cluster metadata
[2025-07-31T14:46:52.306+0000] {cluster.py:316} ERROR - Topic ETL-PROJECT not found in cluster metadata
[2025-07-31T14:46:52.409+0000] {cluster.py:316} ERROR - Topic ETL-PROJECT not found in cluster metadata
[2025-07-31T14:46:52.512+0000] {cluster.py:316} ERROR - Topic ETL-PROJECT not found in cluster metadata
[2025-07-31T14:46:52.614+0000] {cluster.py:316} ERROR - Topic ETL-PROJECT not found in cluster metadata
[2025-07-31T14:46:52.717+0000] {cluster.py:316} ERROR - Topic ETL-PROJECT not found in cluster metadata
[2025-07-31T14:46:52.820+0000] {cluster.py:316} ERROR - Topic ETL-PROJECT not found in cluster metadata
[2025-07-31T14:46:52.922+0000] {cluster.py:316} ERROR - Topic ETL-PROJECT not found in cluster metadata
[2025-07-31T14:46:53.025+0000] {cluster.py:316} ERROR - Topic ETL-PROJECT not found in cluster metadata
[2025-07-31T14:46:53.128+0000] {cluster.py:316} ERROR - Topic ETL-PROJECT not found in cluster metadata
[2025-07-31T14:46:53.231+0000] {cluster.py:316} ERROR - Topic ETL-PROJECT not found in cluster metadata
[2025-07-31T14:46:53.333+0000] {cluster.py:316} ERROR - Topic ETL-PROJECT not found in cluster metadata
[2025-07-31T14:46:53.436+0000] {cluster.py:316} ERROR - Topic ETL-PROJECT not found in cluster metadata
[2025-07-31T14:46:53.539+0000] {cluster.py:316} ERROR - Topic ETL-PROJECT not found in cluster metadata
[2025-07-31T14:46:53.642+0000] {cluster.py:316} ERROR - Topic ETL-PROJECT not found in cluster metadata
[2025-07-31T14:46:53.745+0000] {cluster.py:316} ERROR - Topic ETL-PROJECT not found in cluster metadata
[2025-07-31T14:46:53.847+0000] {cluster.py:316} ERROR - Topic ETL-PROJECT not found in cluster metadata
[2025-07-31T14:46:53.951+0000] {cluster.py:316} ERROR - Topic ETL-PROJECT not found in cluster metadata
[2025-07-31T14:46:54.053+0000] {cluster.py:316} ERROR - Topic ETL-PROJECT not found in cluster metadata
[2025-07-31T14:46:54.156+0000] {cluster.py:316} ERROR - Topic ETL-PROJECT not found in cluster metadata
[2025-07-31T14:46:54.259+0000] {cluster.py:316} ERROR - Topic ETL-PROJECT not found in cluster metadata
[2025-07-31T14:46:54.362+0000] {cluster.py:316} ERROR - Topic ETL-PROJECT not found in cluster metadata
[2025-07-31T14:46:54.464+0000] {cluster.py:316} ERROR - Topic ETL-PROJECT not found in cluster metadata
[2025-07-31T14:46:54.567+0000] {cluster.py:316} ERROR - Topic ETL-PROJECT not found in cluster metadata
[2025-07-31T14:46:54.670+0000] {cluster.py:316} ERROR - Topic ETL-PROJECT not found in cluster metadata
[2025-07-31T14:46:54.773+0000] {cluster.py:316} ERROR - Topic ETL-PROJECT not found in cluster metadata
[2025-07-31T14:46:54.876+0000] {cluster.py:316} ERROR - Topic ETL-PROJECT not found in cluster metadata
[2025-07-31T14:46:54.978+0000] {cluster.py:316} ERROR - Topic ETL-PROJECT not found in cluster metadata
[2025-07-31T14:46:55.081+0000] {cluster.py:316} ERROR - Topic ETL-PROJECT not found in cluster metadata
[2025-07-31T14:46:55.184+0000] {cluster.py:316} ERROR - Topic ETL-PROJECT not found in cluster metadata
[2025-07-31T14:46:55.287+0000] {cluster.py:316} ERROR - Topic ETL-PROJECT not found in cluster metadata
[2025-07-31T14:46:55.389+0000] {cluster.py:316} ERROR - Topic ETL-PROJECT not found in cluster metadata
[2025-07-31T14:46:55.492+0000] {cluster.py:316} ERROR - Topic ETL-PROJECT not found in cluster metadata
[2025-07-31T14:46:55.594+0000] {cluster.py:316} ERROR - Topic ETL-PROJECT not found in cluster metadata
[2025-07-31T14:46:55.697+0000] {cluster.py:316} ERROR - Topic ETL-PROJECT not found in cluster metadata
[2025-07-31T14:46:55.800+0000] {cluster.py:316} ERROR - Topic ETL-PROJECT not found in cluster metadata
[2025-07-31T14:46:55.903+0000] {cluster.py:316} ERROR - Topic ETL-PROJECT not found in cluster metadata
[2025-07-31T14:46:56.005+0000] {cluster.py:316} ERROR - Topic ETL-PROJECT not found in cluster metadata
[2025-07-31T14:46:56.108+0000] {cluster.py:316} ERROR - Topic ETL-PROJECT not found in cluster metadata
[2025-07-31T14:46:56.211+0000] {cluster.py:316} ERROR - Topic ETL-PROJECT not found in cluster metadata
[2025-07-31T14:46:56.314+0000] {cluster.py:316} ERROR - Topic ETL-PROJECT not found in cluster metadata
[2025-07-31T14:46:56.416+0000] {cluster.py:316} ERROR - Topic ETL-PROJECT not found in cluster metadata
[2025-07-31T14:46:56.519+0000] {cluster.py:316} ERROR - Topic ETL-PROJECT not found in cluster metadata
[2025-07-31T14:46:56.622+0000] {cluster.py:316} ERROR - Topic ETL-PROJECT not found in cluster metadata
[2025-07-31T14:46:56.725+0000] {cluster.py:316} ERROR - Topic ETL-PROJECT not found in cluster metadata
[2025-07-31T14:46:56.827+0000] {cluster.py:316} ERROR - Topic ETL-PROJECT not found in cluster metadata
[2025-07-31T14:46:56.930+0000] {cluster.py:316} ERROR - Topic ETL-PROJECT not found in cluster metadata
[2025-07-31T14:46:57.033+0000] {cluster.py:316} ERROR - Topic ETL-PROJECT not found in cluster metadata
[2025-07-31T14:46:57.136+0000] {cluster.py:316} ERROR - Topic ETL-PROJECT not found in cluster metadata
[2025-07-31T14:46:57.239+0000] {cluster.py:316} ERROR - Topic ETL-PROJECT not found in cluster metadata
[2025-07-31T14:46:57.342+0000] {cluster.py:316} ERROR - Topic ETL-PROJECT not found in cluster metadata
[2025-07-31T14:46:57.445+0000] {cluster.py:316} ERROR - Topic ETL-PROJECT not found in cluster metadata
[2025-07-31T14:46:57.548+0000] {cluster.py:316} ERROR - Topic ETL-PROJECT not found in cluster metadata
[2025-07-31T14:46:57.650+0000] {cluster.py:316} ERROR - Topic ETL-PROJECT not found in cluster metadata
[2025-07-31T14:46:57.754+0000] {cluster.py:316} ERROR - Topic ETL-PROJECT not found in cluster metadata
[2025-07-31T14:46:57.856+0000] {cluster.py:316} ERROR - Topic ETL-PROJECT not found in cluster metadata
[2025-07-31T14:46:57.959+0000] {cluster.py:316} ERROR - Topic ETL-PROJECT not found in cluster metadata
[2025-07-31T14:46:58.062+0000] {cluster.py:316} ERROR - Topic ETL-PROJECT not found in cluster metadata
[2025-07-31T14:46:58.165+0000] {cluster.py:316} ERROR - Topic ETL-PROJECT not found in cluster metadata
[2025-07-31T14:46:58.267+0000] {cluster.py:316} ERROR - Topic ETL-PROJECT not found in cluster metadata
[2025-07-31T14:46:58.370+0000] {cluster.py:316} ERROR - Topic ETL-PROJECT not found in cluster metadata
[2025-07-31T14:46:58.473+0000] {cluster.py:316} ERROR - Topic ETL-PROJECT not found in cluster metadata
[2025-07-31T14:46:58.575+0000] {cluster.py:316} ERROR - Topic ETL-PROJECT not found in cluster metadata
[2025-07-31T14:46:58.678+0000] {cluster.py:316} ERROR - Topic ETL-PROJECT not found in cluster metadata
[2025-07-31T14:46:58.781+0000] {cluster.py:316} ERROR - Topic ETL-PROJECT not found in cluster metadata
[2025-07-31T14:46:58.883+0000] {cluster.py:316} ERROR - Topic ETL-PROJECT not found in cluster metadata
[2025-07-31T14:46:58.986+0000] {cluster.py:316} ERROR - Topic ETL-PROJECT not found in cluster metadata
[2025-07-31T14:46:59.089+0000] {cluster.py:316} ERROR - Topic ETL-PROJECT not found in cluster metadata
[2025-07-31T14:46:59.192+0000] {cluster.py:316} ERROR - Topic ETL-PROJECT not found in cluster metadata
[2025-07-31T14:46:59.294+0000] {cluster.py:316} ERROR - Topic ETL-PROJECT not found in cluster metadata
[2025-07-31T14:46:59.397+0000] {cluster.py:316} ERROR - Topic ETL-PROJECT not found in cluster metadata
[2025-07-31T14:46:59.500+0000] {cluster.py:316} ERROR - Topic ETL-PROJECT not found in cluster metadata
[2025-07-31T14:46:59.603+0000] {cluster.py:316} ERROR - Topic ETL-PROJECT not found in cluster metadata
[2025-07-31T14:46:59.705+0000] {cluster.py:316} ERROR - Topic ETL-PROJECT not found in cluster metadata
[2025-07-31T14:46:59.808+0000] {cluster.py:316} ERROR - Topic ETL-PROJECT not found in cluster metadata
[2025-07-31T14:46:59.910+0000] {cluster.py:316} ERROR - Topic ETL-PROJECT not found in cluster metadata
[2025-07-31T14:47:00.013+0000] {cluster.py:316} ERROR - Topic ETL-PROJECT not found in cluster metadata
[2025-07-31T14:47:00.116+0000] {cluster.py:316} ERROR - Topic ETL-PROJECT not found in cluster metadata
[2025-07-31T14:47:00.218+0000] {cluster.py:316} ERROR - Topic ETL-PROJECT not found in cluster metadata
[2025-07-31T14:47:00.322+0000] {cluster.py:316} ERROR - Topic ETL-PROJECT not found in cluster metadata
[2025-07-31T14:47:00.425+0000] {cluster.py:316} ERROR - Topic ETL-PROJECT not found in cluster metadata
[2025-07-31T14:47:00.528+0000] {cluster.py:316} ERROR - Topic ETL-PROJECT not found in cluster metadata
[2025-07-31T14:47:00.631+0000] {cluster.py:316} ERROR - Topic ETL-PROJECT not found in cluster metadata
[2025-07-31T14:47:00.733+0000] {cluster.py:316} ERROR - Topic ETL-PROJECT not found in cluster metadata
[2025-07-31T14:47:00.836+0000] {cluster.py:316} ERROR - Topic ETL-PROJECT not found in cluster metadata
[2025-07-31T14:47:00.939+0000] {cluster.py:316} ERROR - Topic ETL-PROJECT not found in cluster metadata
[2025-07-31T14:47:01.041+0000] {cluster.py:316} ERROR - Topic ETL-PROJECT not found in cluster metadata
[2025-07-31T14:47:01.144+0000] {cluster.py:316} ERROR - Topic ETL-PROJECT not found in cluster metadata
[2025-07-31T14:47:01.246+0000] {cluster.py:316} ERROR - Topic ETL-PROJECT not found in cluster metadata
[2025-07-31T14:47:01.349+0000] {cluster.py:316} ERROR - Topic ETL-PROJECT not found in cluster metadata
[2025-07-31T14:47:01.451+0000] {cluster.py:316} ERROR - Topic ETL-PROJECT not found in cluster metadata
[2025-07-31T14:47:01.554+0000] {cluster.py:316} ERROR - Topic ETL-PROJECT not found in cluster metadata
[2025-07-31T14:47:01.657+0000] {cluster.py:316} ERROR - Topic ETL-PROJECT not found in cluster metadata
[2025-07-31T14:47:01.759+0000] {cluster.py:316} ERROR - Topic ETL-PROJECT not found in cluster metadata
[2025-07-31T14:47:01.861+0000] {cluster.py:316} ERROR - Topic ETL-PROJECT not found in cluster metadata
[2025-07-31T14:47:01.964+0000] {cluster.py:316} ERROR - Topic ETL-PROJECT not found in cluster metadata
[2025-07-31T14:47:02.067+0000] {cluster.py:316} ERROR - Topic ETL-PROJECT not found in cluster metadata
[2025-07-31T14:47:02.169+0000] {cluster.py:316} ERROR - Topic ETL-PROJECT not found in cluster metadata
[2025-07-31T14:47:02.272+0000] {cluster.py:316} ERROR - Topic ETL-PROJECT not found in cluster metadata
[2025-07-31T14:47:02.374+0000] {cluster.py:316} ERROR - Topic ETL-PROJECT not found in cluster metadata
[2025-07-31T14:47:02.477+0000] {cluster.py:316} ERROR - Topic ETL-PROJECT not found in cluster metadata
[2025-07-31T14:47:02.580+0000] {cluster.py:316} ERROR - Topic ETL-PROJECT not found in cluster metadata
[2025-07-31T14:47:02.683+0000] {cluster.py:316} ERROR - Topic ETL-PROJECT not found in cluster metadata
[2025-07-31T14:47:02.786+0000] {cluster.py:316} ERROR - Topic ETL-PROJECT not found in cluster metadata
[2025-07-31T14:47:02.889+0000] {cluster.py:316} ERROR - Topic ETL-PROJECT not found in cluster metadata
[2025-07-31T14:47:02.993+0000] {cluster.py:316} ERROR - Topic ETL-PROJECT not found in cluster metadata
[2025-07-31T14:47:03.095+0000] {cluster.py:316} ERROR - Topic ETL-PROJECT not found in cluster metadata
[2025-07-31T14:47:03.199+0000] {cluster.py:316} ERROR - Topic ETL-PROJECT not found in cluster metadata
[2025-07-31T14:47:03.302+0000] {cluster.py:316} ERROR - Topic ETL-PROJECT not found in cluster metadata
[2025-07-31T14:47:03.405+0000] {cluster.py:316} ERROR - Topic ETL-PROJECT not found in cluster metadata
[2025-07-31T14:47:03.508+0000] {cluster.py:316} ERROR - Topic ETL-PROJECT not found in cluster metadata
[2025-07-31T14:47:03.611+0000] {cluster.py:316} ERROR - Topic ETL-PROJECT not found in cluster metadata
[2025-07-31T14:47:03.715+0000] {cluster.py:316} ERROR - Topic ETL-PROJECT not found in cluster metadata
[2025-07-31T14:47:03.818+0000] {cluster.py:316} ERROR - Topic ETL-PROJECT not found in cluster metadata
[2025-07-31T14:47:03.921+0000] {cluster.py:316} ERROR - Topic ETL-PROJECT not found in cluster metadata
[2025-07-31T14:47:04.024+0000] {cluster.py:316} ERROR - Topic ETL-PROJECT not found in cluster metadata
[2025-07-31T14:47:04.128+0000] {cluster.py:316} ERROR - Topic ETL-PROJECT not found in cluster metadata
[2025-07-31T14:47:04.231+0000] {cluster.py:316} ERROR - Topic ETL-PROJECT not found in cluster metadata
[2025-07-31T14:47:04.334+0000] {cluster.py:316} ERROR - Topic ETL-PROJECT not found in cluster metadata
[2025-07-31T14:47:04.437+0000] {cluster.py:316} ERROR - Topic ETL-PROJECT not found in cluster metadata
[2025-07-31T14:47:04.540+0000] {cluster.py:316} ERROR - Topic ETL-PROJECT not found in cluster metadata
[2025-07-31T14:47:04.643+0000] {cluster.py:316} ERROR - Topic ETL-PROJECT not found in cluster metadata
[2025-07-31T14:47:04.746+0000] {cluster.py:316} ERROR - Topic ETL-PROJECT not found in cluster metadata
[2025-07-31T14:47:04.849+0000] {cluster.py:316} ERROR - Topic ETL-PROJECT not found in cluster metadata
[2025-07-31T14:47:04.953+0000] {cluster.py:316} ERROR - Topic ETL-PROJECT not found in cluster metadata
[2025-07-31T14:47:05.057+0000] {cluster.py:316} ERROR - Topic ETL-PROJECT not found in cluster metadata
[2025-07-31T14:47:05.160+0000] {cluster.py:316} ERROR - Topic ETL-PROJECT not found in cluster metadata
[2025-07-31T14:47:05.263+0000] {cluster.py:316} ERROR - Topic ETL-PROJECT not found in cluster metadata
[2025-07-31T14:47:05.366+0000] {cluster.py:316} ERROR - Topic ETL-PROJECT not found in cluster metadata
[2025-07-31T14:47:05.379+0000] {logging_mixin.py:190} INFO - Error sending data to Kafka: KafkaTimeoutError: Failed to update metadata after 60.0 secs.
[2025-07-31T14:47:05.380+0000] {kafka.py:629} INFO - <KafkaProducer client_id=kafka-python-producer-1 transactional_id=None>: Closing the Kafka producer with 9223372036.0 secs timeout.
[2025-07-31T14:47:05.381+0000] {conn.py:945} INFO - <BrokerConnection client_id=kafka-python-producer-1, node_id=1 host=kafka:9092 <connected> [IPv4 ('172.18.0.7', 9092)]>: Closing connection. 
[2025-07-31T14:47:05.382+0000] {taskinstance.py:3311} ERROR - Task failed with exception
Traceback (most recent call last):
  File "/home/airflow/.local/lib/python3.12/site-packages/airflow/models/taskinstance.py", line 767, in _execute_task
    result = _execute_callable(context=context, **execute_callable_kwargs)
             ^^^^^^^^^^^^^^^^^^^^^^^^^^^^^^^^^^^^^^^^^^^^^^^^^^^^^^^^^^^^^
  File "/home/airflow/.local/lib/python3.12/site-packages/airflow/models/taskinstance.py", line 733, in _execute_callable
    return ExecutionCallableRunner(
           ^^^^^^^^^^^^^^^^^^^^^^^^
  File "/home/airflow/.local/lib/python3.12/site-packages/airflow/utils/operator_helpers.py", line 252, in run
    return self.func(*args, **kwargs)
           ^^^^^^^^^^^^^^^^^^^^^^^^^^
  File "/home/airflow/.local/lib/python3.12/site-packages/airflow/models/baseoperator.py", line 422, in wrapper
    return func(self, *args, **kwargs)
           ^^^^^^^^^^^^^^^^^^^^^^^^^^^
  File "/home/airflow/.local/lib/python3.12/site-packages/airflow/operators/python.py", line 238, in execute
    return_value = self.execute_callable()
                   ^^^^^^^^^^^^^^^^^^^^^^^
  File "/home/airflow/.local/lib/python3.12/site-packages/airflow/operators/python.py", line 256, in execute_callable
    return runner.run(*self.op_args, **self.op_kwargs)
           ^^^^^^^^^^^^^^^^^^^^^^^^^^^^^^^^^^^^^^^^^^^
  File "/home/airflow/.local/lib/python3.12/site-packages/airflow/utils/operator_helpers.py", line 252, in run
    return self.func(*args, **kwargs)
           ^^^^^^^^^^^^^^^^^^^^^^^^^^
  File "/opt/airflow/dags/project_01_dag.py", line 233, in send_dataframe_to_kafka
    producer.send('ETL-PROJECT', value=record)
  File "/home/airflow/.local/lib/python3.12/site-packages/kafka/producer/kafka.py", line 840, in send
    self._wait_on_metadata(topic, timer.timeout_ms)
  File "/home/airflow/.local/lib/python3.12/site-packages/kafka/producer/kafka.py", line 964, in _wait_on_metadata
    raise Errors.KafkaTimeoutError(
kafka.errors.KafkaTimeoutError: KafkaTimeoutError: Failed to update metadata after 60.0 secs.
[2025-07-31T14:47:05.399+0000] {taskinstance.py:1225} INFO - Marking task as UP_FOR_RETRY. dag_id=world_population_ETL_dag_43, task_id=send_dataframe_to_kafka_task, run_id=manual__2025-07-31T14:45:55.779305+00:00, execution_date=20250731T144555, start_date=20250731T144605, end_date=20250731T144705
[2025-07-31T14:47:05.414+0000] {taskinstance.py:340} INFO - ::group::Post task execution logs
[2025-07-31T14:47:05.415+0000] {standard_task_runner.py:124} ERROR - Failed to execute job 4 for task send_dataframe_to_kafka_task (KafkaTimeoutError: Failed to update metadata after 60.0 secs.; 228)
Traceback (most recent call last):
  File "/home/airflow/.local/lib/python3.12/site-packages/airflow/task/task_runner/standard_task_runner.py", line 117, in _start_by_fork
    ret = args.func(args, dag=self.dag)
          ^^^^^^^^^^^^^^^^^^^^^^^^^^^^^
  File "/home/airflow/.local/lib/python3.12/site-packages/airflow/cli/cli_config.py", line 49, in command
    return func(*args, **kwargs)
           ^^^^^^^^^^^^^^^^^^^^^
  File "/home/airflow/.local/lib/python3.12/site-packages/airflow/utils/cli.py", line 116, in wrapper
    return f(*args, **kwargs)
           ^^^^^^^^^^^^^^^^^^
  File "/home/airflow/.local/lib/python3.12/site-packages/airflow/cli/commands/task_command.py", line 483, in task_run
    task_return_code = _run_task_by_selected_method(args, _dag, ti)
                       ^^^^^^^^^^^^^^^^^^^^^^^^^^^^^^^^^^^^^^^^^^^^
  File "/home/airflow/.local/lib/python3.12/site-packages/airflow/cli/commands/task_command.py", line 256, in _run_task_by_selected_method
    return _run_raw_task(args, ti)
           ^^^^^^^^^^^^^^^^^^^^^^^
  File "/home/airflow/.local/lib/python3.12/site-packages/airflow/cli/commands/task_command.py", line 341, in _run_raw_task
    return ti._run_raw_task(
           ^^^^^^^^^^^^^^^^^
  File "/home/airflow/.local/lib/python3.12/site-packages/airflow/utils/session.py", line 97, in wrapper
    return func(*args, session=session, **kwargs)
           ^^^^^^^^^^^^^^^^^^^^^^^^^^^^^^^^^^^^^^
  File "/home/airflow/.local/lib/python3.12/site-packages/airflow/models/taskinstance.py", line 3005, in _run_raw_task
    return _run_raw_task(
           ^^^^^^^^^^^^^^
  File "/home/airflow/.local/lib/python3.12/site-packages/airflow/models/taskinstance.py", line 273, in _run_raw_task
    TaskInstance._execute_task_with_callbacks(
  File "/home/airflow/.local/lib/python3.12/site-packages/airflow/models/taskinstance.py", line 3159, in _execute_task_with_callbacks
    result = self._execute_task(context, task_orig)
             ^^^^^^^^^^^^^^^^^^^^^^^^^^^^^^^^^^^^^^
  File "/home/airflow/.local/lib/python3.12/site-packages/airflow/models/taskinstance.py", line 3183, in _execute_task
    return _execute_task(self, context, task_orig)
           ^^^^^^^^^^^^^^^^^^^^^^^^^^^^^^^^^^^^^^^
  File "/home/airflow/.local/lib/python3.12/site-packages/airflow/models/taskinstance.py", line 767, in _execute_task
    result = _execute_callable(context=context, **execute_callable_kwargs)
             ^^^^^^^^^^^^^^^^^^^^^^^^^^^^^^^^^^^^^^^^^^^^^^^^^^^^^^^^^^^^^
  File "/home/airflow/.local/lib/python3.12/site-packages/airflow/models/taskinstance.py", line 733, in _execute_callable
    return ExecutionCallableRunner(
           ^^^^^^^^^^^^^^^^^^^^^^^^
  File "/home/airflow/.local/lib/python3.12/site-packages/airflow/utils/operator_helpers.py", line 252, in run
    return self.func(*args, **kwargs)
           ^^^^^^^^^^^^^^^^^^^^^^^^^^
  File "/home/airflow/.local/lib/python3.12/site-packages/airflow/models/baseoperator.py", line 422, in wrapper
    return func(self, *args, **kwargs)
           ^^^^^^^^^^^^^^^^^^^^^^^^^^^
  File "/home/airflow/.local/lib/python3.12/site-packages/airflow/operators/python.py", line 238, in execute
    return_value = self.execute_callable()
                   ^^^^^^^^^^^^^^^^^^^^^^^
  File "/home/airflow/.local/lib/python3.12/site-packages/airflow/operators/python.py", line 256, in execute_callable
    return runner.run(*self.op_args, **self.op_kwargs)
           ^^^^^^^^^^^^^^^^^^^^^^^^^^^^^^^^^^^^^^^^^^^
  File "/home/airflow/.local/lib/python3.12/site-packages/airflow/utils/operator_helpers.py", line 252, in run
    return self.func(*args, **kwargs)
           ^^^^^^^^^^^^^^^^^^^^^^^^^^
  File "/opt/airflow/dags/project_01_dag.py", line 233, in send_dataframe_to_kafka
    producer.send('ETL-PROJECT', value=record)
  File "/home/airflow/.local/lib/python3.12/site-packages/kafka/producer/kafka.py", line 840, in send
    self._wait_on_metadata(topic, timer.timeout_ms)
  File "/home/airflow/.local/lib/python3.12/site-packages/kafka/producer/kafka.py", line 964, in _wait_on_metadata
    raise Errors.KafkaTimeoutError(
kafka.errors.KafkaTimeoutError: KafkaTimeoutError: Failed to update metadata after 60.0 secs.
[2025-07-31T14:47:05.456+0000] {local_task_job_runner.py:266} INFO - Task exited with return code 1
[2025-07-31T14:47:05.494+0000] {taskinstance.py:3895} INFO - 0 downstream tasks scheduled from follow-on schedule check
[2025-07-31T14:47:05.496+0000] {local_task_job_runner.py:245} INFO - ::endgroup::
