[2025-07-31T12:27:35.070+0000] {local_task_job_runner.py:123} INFO - ::group::Pre task execution logs
[2025-07-31T12:27:35.080+0000] {taskinstance.py:2613} INFO - Dependencies all met for dep_context=non-requeueable deps ti=<TaskInstance: world_population_ETL_dag_43.process_data_task manual__2025-07-31T12:27:32.067267+00:00 [queued]>
[2025-07-31T12:27:35.084+0000] {taskinstance.py:2613} INFO - Dependencies all met for dep_context=requeueable deps ti=<TaskInstance: world_population_ETL_dag_43.process_data_task manual__2025-07-31T12:27:32.067267+00:00 [queued]>
[2025-07-31T12:27:35.084+0000] {taskinstance.py:2866} INFO - Starting attempt 1 of 2
[2025-07-31T12:27:35.091+0000] {taskinstance.py:2889} INFO - Executing <Task(PythonOperator): process_data_task> on 2025-07-31 12:27:32.067267+00:00
[2025-07-31T12:27:35.100+0000] {logging_mixin.py:190} WARNING - /home/***/.local/lib/python3.12/site-packages/***/task/task_runner/standard_task_runner.py:70 DeprecationWarning: This process (pid=711) is multi-threaded, use of fork() may lead to deadlocks in the child.
[2025-07-31T12:27:35.101+0000] {standard_task_runner.py:72} INFO - Started process 713 to run task
[2025-07-31T12:27:35.101+0000] {standard_task_runner.py:104} INFO - Running: ['***', 'tasks', 'run', 'world_population_ETL_dag_43', 'process_data_task', 'manual__2025-07-31T12:27:32.067267+00:00', '--job-id', '43', '--raw', '--subdir', 'DAGS_FOLDER/project_01_dag.py', '--cfg-path', '/tmp/tmp9m9rv5d_']
[2025-07-31T12:27:35.102+0000] {standard_task_runner.py:105} INFO - Job 43: Subtask process_data_task
[2025-07-31T12:27:35.132+0000] {task_command.py:467} INFO - Running <TaskInstance: world_population_ETL_dag_43.process_data_task manual__2025-07-31T12:27:32.067267+00:00 [running]> on host 1e069286f646
[2025-07-31T12:27:35.228+0000] {taskinstance.py:3132} INFO - Exporting env vars: AIRFLOW_CTX_DAG_OWNER='givi-abe' AIRFLOW_CTX_DAG_ID='world_population_ETL_dag_43' AIRFLOW_CTX_TASK_ID='process_data_task' AIRFLOW_CTX_EXECUTION_DATE='2025-07-31T12:27:32.067267+00:00' AIRFLOW_CTX_TRY_NUMBER='1' AIRFLOW_CTX_DAG_RUN_ID='manual__2025-07-31T12:27:32.067267+00:00'
[2025-07-31T12:27:35.229+0000] {taskinstance.py:731} INFO - ::endgroup::
[2025-07-31T12:27:35.826+0000] {logging_mixin.py:190} INFO - Connection to the website established.
[2025-07-31T12:27:35.839+0000] {logging_mixin.py:190} INFO - Lists are clear!
[2025-07-31T12:27:35.839+0000] {logging_mixin.py:190} INFO - Lists are full of data!
[2025-07-31T12:27:35.842+0000] {logging_mixin.py:190} INFO - Data processing complete.
[2025-07-31T12:27:35.842+0000] {python.py:240} INFO - Done. Returned value was:                 COUNTRY  ...                    INS_DATE
0                India   ...  2025-07-31 12:27:35.832891
1                China   ...  2025-07-31 12:27:35.832940
2        United States   ...  2025-07-31 12:27:35.832968
3            Indonesia   ...  2025-07-31 12:27:35.832994
4             Pakistan   ...  2025-07-31 12:27:35.833021
..                  ...  ...                         ...
228         Montserrat   ...  2025-07-31 12:27:35.838927
229   Falkland Islands   ...  2025-07-31 12:27:35.838950
230            Tokelau   ...  2025-07-31 12:27:35.838973
231               Niue   ...  2025-07-31 12:27:35.838998
232           Holy See   ...  2025-07-31 12:27:35.839028

[233 rows x 12 columns]
[2025-07-31T12:27:35.883+0000] {taskinstance.py:340} INFO - ::group::Post task execution logs
[2025-07-31T12:27:35.884+0000] {taskinstance.py:352} INFO - Marking task as SUCCESS. dag_id=world_population_ETL_dag_43, task_id=process_data_task, run_id=manual__2025-07-31T12:27:32.067267+00:00, execution_date=20250731T122732, start_date=20250731T122735, end_date=20250731T122735
[2025-07-31T12:27:35.916+0000] {local_task_job_runner.py:266} INFO - Task exited with return code 0
[2025-07-31T12:27:35.933+0000] {taskinstance.py:3895} INFO - 2 downstream tasks scheduled from follow-on schedule check
[2025-07-31T12:27:35.934+0000] {local_task_job_runner.py:245} INFO - ::endgroup::
