[2025-04-04T05:32:02.119+0000] {taskinstance.py:1083} INFO - Dependencies all met for <TaskInstance: HemaDag.fetch_data manual__2025-04-04T05:32:01.147752+00:00 [queued]>
[2025-04-04T05:32:02.125+0000] {taskinstance.py:1083} INFO - Dependencies all met for <TaskInstance: HemaDag.fetch_data manual__2025-04-04T05:32:01.147752+00:00 [queued]>
[2025-04-04T05:32:02.125+0000] {taskinstance.py:1279} INFO - 
--------------------------------------------------------------------------------
[2025-04-04T05:32:02.125+0000] {taskinstance.py:1280} INFO - Starting attempt 1 of 1
[2025-04-04T05:32:02.125+0000] {taskinstance.py:1281} INFO - 
--------------------------------------------------------------------------------
[2025-04-04T05:32:02.134+0000] {taskinstance.py:1300} INFO - Executing <Task(BashOperator): fetch_data> on 2025-04-04 05:32:01.147752+00:00
[2025-04-04T05:32:02.140+0000] {standard_task_runner.py:55} INFO - Started process 210 to run task
[2025-04-04T05:32:02.142+0000] {standard_task_runner.py:82} INFO - Running: ['***', 'tasks', 'run', 'HemaDag', 'fetch_data', 'manual__2025-04-04T05:32:01.147752+00:00', '--job-id', '2', '--raw', '--subdir', 'DAGS_FOLDER/day.py', '--cfg-path', '/tmp/tmpvcre2tw2']
[2025-04-04T05:32:02.143+0000] {standard_task_runner.py:83} INFO - Job 2: Subtask fetch_data
[2025-04-04T05:32:02.186+0000] {task_command.py:388} INFO - Running <TaskInstance: HemaDag.fetch_data manual__2025-04-04T05:32:01.147752+00:00 [running]> on host 4c5752d95fa1
[2025-04-04T05:32:02.234+0000] {taskinstance.py:1509} INFO - Exporting the following env vars:
AIRFLOW_CTX_DAG_OWNER=***
AIRFLOW_CTX_DAG_ID=HemaDag
AIRFLOW_CTX_TASK_ID=fetch_data
AIRFLOW_CTX_EXECUTION_DATE=2025-04-04T05:32:01.147752+00:00
AIRFLOW_CTX_TRY_NUMBER=1
AIRFLOW_CTX_DAG_RUN_ID=manual__2025-04-04T05:32:01.147752+00:00
[2025-04-04T05:32:02.235+0000] {subprocess.py:63} INFO - Tmp dir root location: 
 /tmp
[2025-04-04T05:32:02.235+0000] {subprocess.py:75} INFO - Running command: ['/bin/bash', '-c', 'python3 /opt/***/scripts/Extract.py']
[2025-04-04T05:32:02.247+0000] {subprocess.py:86} INFO - Output:
[2025-04-04T05:32:03.338+0000] {subprocess.py:93} INFO - Table 1 saved to: data/table_1.csv
[2025-04-04T05:32:03.338+0000] {subprocess.py:93} INFO - 
[2025-04-04T05:32:03.338+0000] {subprocess.py:93} INFO - All 1 tables saved to 'data'!
[2025-04-04T05:32:03.405+0000] {subprocess.py:97} INFO - Command exited with return code 0
[2025-04-04T05:32:03.434+0000] {taskinstance.py:1323} INFO - Marking task as SUCCESS. dag_id=HemaDag, task_id=fetch_data, execution_date=20250404T053201, start_date=20250404T053202, end_date=20250404T053203
[2025-04-04T05:32:03.477+0000] {local_task_job.py:208} INFO - Task exited with return code 0
[2025-04-04T05:32:03.495+0000] {taskinstance.py:2578} INFO - 0 downstream tasks scheduled from follow-on schedule check
