[2025-04-13T13:23:54.673+0000] {taskinstance.py:1083} INFO - Dependencies all met for <TaskInstance: our_first_dag.first_task scheduled__2023-11-08T00:00:00+00:00 [queued]>
[2025-04-13T13:23:54.692+0000] {taskinstance.py:1083} INFO - Dependencies all met for <TaskInstance: our_first_dag.first_task scheduled__2023-11-08T00:00:00+00:00 [queued]>
[2025-04-13T13:23:54.693+0000] {taskinstance.py:1279} INFO - 
--------------------------------------------------------------------------------
[2025-04-13T13:23:54.693+0000] {taskinstance.py:1280} INFO - Starting attempt 1 of 6
[2025-04-13T13:23:54.693+0000] {taskinstance.py:1281} INFO - 
--------------------------------------------------------------------------------
[2025-04-13T13:23:54.753+0000] {taskinstance.py:1300} INFO - Executing <Task(BashOperator): first_task> on 2023-11-08 00:00:00+00:00
[2025-04-13T13:23:54.769+0000] {standard_task_runner.py:55} INFO - Started process 744 to run task
[2025-04-13T13:23:54.774+0000] {standard_task_runner.py:82} INFO - Running: ['***', 'tasks', 'run', 'our_first_dag', 'first_task', 'scheduled__2023-11-08T00:00:00+00:00', '--job-id', '80', '--raw', '--subdir', 'DAGS_FOLDER/ourfirt_dag.py', '--cfg-path', '/tmp/tmpbkqrlt67']
[2025-04-13T13:23:54.777+0000] {standard_task_runner.py:83} INFO - Job 80: Subtask first_task
[2025-04-13T13:23:54.918+0000] {task_command.py:388} INFO - Running <TaskInstance: our_first_dag.first_task scheduled__2023-11-08T00:00:00+00:00 [running]> on host 7ff1b264ad9f
[2025-04-13T13:23:55.107+0000] {taskinstance.py:1509} INFO - Exporting the following env vars:
AIRFLOW_CTX_DAG_OWNER=erbarhim emad
AIRFLOW_CTX_DAG_ID=our_first_dag
AIRFLOW_CTX_TASK_ID=first_task
AIRFLOW_CTX_EXECUTION_DATE=2023-11-08T00:00:00+00:00
AIRFLOW_CTX_TRY_NUMBER=1
AIRFLOW_CTX_DAG_RUN_ID=scheduled__2023-11-08T00:00:00+00:00
[2025-04-13T13:23:55.111+0000] {subprocess.py:63} INFO - Tmp dir root location: 
 /tmp
[2025-04-13T13:23:55.112+0000] {subprocess.py:75} INFO - Running command: ['/bin/bash', '-c', 'echo Hello world this is the first task ']
[2025-04-13T13:23:55.158+0000] {subprocess.py:86} INFO - Output:
[2025-04-13T13:23:55.161+0000] {subprocess.py:93} INFO - Hello world this is the first task
[2025-04-13T13:23:55.162+0000] {subprocess.py:97} INFO - Command exited with return code 0
[2025-04-13T13:23:55.222+0000] {taskinstance.py:1323} INFO - Marking task as SUCCESS. dag_id=our_first_dag, task_id=first_task, execution_date=20231108T000000, start_date=20250413T132354, end_date=20250413T132355
[2025-04-13T13:23:55.319+0000] {local_task_job.py:208} INFO - Task exited with return code 0
[2025-04-13T13:23:55.431+0000] {taskinstance.py:2578} INFO - 0 downstream tasks scheduled from follow-on schedule check
