[2025-04-14T13:08:17.365+0000] {taskinstance.py:1083} INFO - Dependencies all met for <TaskInstance: HemaDag.Transform_data scheduled__2025-04-06T00:00:00+00:00 [queued]>
[2025-04-14T13:08:17.373+0000] {taskinstance.py:1083} INFO - Dependencies all met for <TaskInstance: HemaDag.Transform_data scheduled__2025-04-06T00:00:00+00:00 [queued]>
[2025-04-14T13:08:17.374+0000] {taskinstance.py:1279} INFO - 
--------------------------------------------------------------------------------
[2025-04-14T13:08:17.374+0000] {taskinstance.py:1280} INFO - Starting attempt 1 of 1
[2025-04-14T13:08:17.374+0000] {taskinstance.py:1281} INFO - 
--------------------------------------------------------------------------------
[2025-04-14T13:08:17.388+0000] {taskinstance.py:1300} INFO - Executing <Task(BashOperator): Transform_data> on 2025-04-06 00:00:00+00:00
[2025-04-14T13:08:17.394+0000] {standard_task_runner.py:55} INFO - Started process 3141 to run task
[2025-04-14T13:08:17.397+0000] {standard_task_runner.py:82} INFO - Running: ['***', 'tasks', 'run', 'HemaDag', 'Transform_data', 'scheduled__2025-04-06T00:00:00+00:00', '--job-id', '205', '--raw', '--subdir', 'DAGS_FOLDER/day.py', '--cfg-path', '/tmp/tmp4dcoekfr']
[2025-04-14T13:08:17.398+0000] {standard_task_runner.py:83} INFO - Job 205: Subtask Transform_data
[2025-04-14T13:08:17.444+0000] {task_command.py:388} INFO - Running <TaskInstance: HemaDag.Transform_data scheduled__2025-04-06T00:00:00+00:00 [running]> on host 7ff1b264ad9f
[2025-04-14T13:08:17.502+0000] {taskinstance.py:1509} INFO - Exporting the following env vars:
AIRFLOW_CTX_DAG_OWNER=***
AIRFLOW_CTX_DAG_ID=HemaDag
AIRFLOW_CTX_TASK_ID=Transform_data
AIRFLOW_CTX_EXECUTION_DATE=2025-04-06T00:00:00+00:00
AIRFLOW_CTX_TRY_NUMBER=1
AIRFLOW_CTX_DAG_RUN_ID=scheduled__2025-04-06T00:00:00+00:00
[2025-04-14T13:08:17.503+0000] {subprocess.py:63} INFO - Tmp dir root location: 
 /tmp
[2025-04-14T13:08:17.504+0000] {subprocess.py:75} INFO - Running command: ['/bin/bash', '-c', 'python3 /opt/***/scripts/Transform.py']
[2025-04-14T13:08:17.521+0000] {subprocess.py:86} INFO - Output:
[2025-04-14T13:08:19.094+0000] {subprocess.py:93} INFO - Table 1 saved to: /opt/***/data/table_1.csv
[2025-04-14T13:08:19.095+0000] {subprocess.py:93} INFO - 
[2025-04-14T13:08:19.095+0000] {subprocess.py:93} INFO - All 1 tables saved to '/opt/***/data/'!
[2025-04-14T13:08:19.095+0000] {subprocess.py:93} INFO - Table 1 saved to: /opt/***/data/table_1.csv
[2025-04-14T13:08:19.095+0000] {subprocess.py:93} INFO - 
[2025-04-14T13:08:19.095+0000] {subprocess.py:93} INFO - All 1 tables saved to '/opt/***/data/'!
[2025-04-14T13:08:19.166+0000] {subprocess.py:97} INFO - Command exited with return code 0
[2025-04-14T13:08:19.186+0000] {taskinstance.py:1323} INFO - Marking task as SUCCESS. dag_id=HemaDag, task_id=Transform_data, execution_date=20250406T000000, start_date=20250414T130817, end_date=20250414T130819
[2025-04-14T13:08:19.212+0000] {local_task_job.py:208} INFO - Task exited with return code 0
[2025-04-14T13:08:19.226+0000] {taskinstance.py:2578} INFO - 0 downstream tasks scheduled from follow-on schedule check
[2025-04-14T15:03:46.684+0000] {taskinstance.py:1083} INFO - Dependencies all met for <TaskInstance: HemaDag.Transform_data scheduled__2025-04-06T00:00:00+00:00 [queued]>
[2025-04-14T15:03:46.697+0000] {taskinstance.py:1083} INFO - Dependencies all met for <TaskInstance: HemaDag.Transform_data scheduled__2025-04-06T00:00:00+00:00 [queued]>
[2025-04-14T15:03:46.698+0000] {taskinstance.py:1279} INFO - 
--------------------------------------------------------------------------------
[2025-04-14T15:03:46.698+0000] {taskinstance.py:1280} INFO - Starting attempt 1 of 1
[2025-04-14T15:03:46.698+0000] {taskinstance.py:1281} INFO - 
--------------------------------------------------------------------------------
[2025-04-14T15:03:46.716+0000] {taskinstance.py:1300} INFO - Executing <Task(BashOperator): Transform_data> on 2025-04-06 00:00:00+00:00
[2025-04-14T15:03:46.729+0000] {standard_task_runner.py:55} INFO - Started process 292 to run task
[2025-04-14T15:03:46.734+0000] {standard_task_runner.py:82} INFO - Running: ['***', 'tasks', 'run', 'HemaDag', 'Transform_data', 'scheduled__2025-04-06T00:00:00+00:00', '--job-id', '7', '--raw', '--subdir', 'DAGS_FOLDER/day.py', '--cfg-path', '/tmp/tmpdjjsf_2g']
[2025-04-14T15:03:46.737+0000] {standard_task_runner.py:83} INFO - Job 7: Subtask Transform_data
[2025-04-14T15:03:46.826+0000] {task_command.py:388} INFO - Running <TaskInstance: HemaDag.Transform_data scheduled__2025-04-06T00:00:00+00:00 [running]> on host 0c4d66587ca1
[2025-04-14T15:03:46.923+0000] {taskinstance.py:1509} INFO - Exporting the following env vars:
AIRFLOW_CTX_DAG_OWNER=***
AIRFLOW_CTX_DAG_ID=HemaDag
AIRFLOW_CTX_TASK_ID=Transform_data
AIRFLOW_CTX_EXECUTION_DATE=2025-04-06T00:00:00+00:00
AIRFLOW_CTX_TRY_NUMBER=1
AIRFLOW_CTX_DAG_RUN_ID=scheduled__2025-04-06T00:00:00+00:00
[2025-04-14T15:03:46.924+0000] {subprocess.py:63} INFO - Tmp dir root location: 
 /tmp
[2025-04-14T15:03:46.925+0000] {subprocess.py:75} INFO - Running command: ['/bin/bash', '-c', 'python3 /opt/***/scripts/Transform.py']
[2025-04-14T15:03:46.944+0000] {subprocess.py:86} INFO - Output:
[2025-04-14T15:03:49.495+0000] {subprocess.py:93} INFO - Table 1 saved to: /opt/***/data/table_1.csv
[2025-04-14T15:03:49.496+0000] {subprocess.py:93} INFO - 
[2025-04-14T15:03:49.496+0000] {subprocess.py:93} INFO - All 1 tables saved to '/opt/***/data/'!
[2025-04-14T15:03:49.497+0000] {subprocess.py:93} INFO - Table 1 saved to: /opt/***/data/table_1.csv
[2025-04-14T15:03:49.497+0000] {subprocess.py:93} INFO - 
[2025-04-14T15:03:49.497+0000] {subprocess.py:93} INFO - All 1 tables saved to '/opt/***/data/'!
[2025-04-14T15:03:49.615+0000] {subprocess.py:97} INFO - Command exited with return code 0
[2025-04-14T15:03:49.655+0000] {taskinstance.py:1323} INFO - Marking task as SUCCESS. dag_id=HemaDag, task_id=Transform_data, execution_date=20250406T000000, start_date=20250414T150346, end_date=20250414T150349
[2025-04-14T15:03:49.714+0000] {local_task_job.py:208} INFO - Task exited with return code 0
[2025-04-14T15:03:49.739+0000] {taskinstance.py:2578} INFO - 0 downstream tasks scheduled from follow-on schedule check
