[2025-04-14T15:36:54.558+0000] {taskinstance.py:1083} INFO - Dependencies all met for <TaskInstance: HemaDag.Transform_data manual__2025-04-14T15:36:47.621693+00:00 [queued]>
[2025-04-14T15:36:54.575+0000] {taskinstance.py:1083} INFO - Dependencies all met for <TaskInstance: HemaDag.Transform_data manual__2025-04-14T15:36:47.621693+00:00 [queued]>
[2025-04-14T15:36:54.575+0000] {taskinstance.py:1279} INFO - 
--------------------------------------------------------------------------------
[2025-04-14T15:36:54.575+0000] {taskinstance.py:1280} INFO - Starting attempt 1 of 1
[2025-04-14T15:36:54.576+0000] {taskinstance.py:1281} INFO - 
--------------------------------------------------------------------------------
[2025-04-14T15:36:54.606+0000] {taskinstance.py:1300} INFO - Executing <Task(BashOperator): Transform_data> on 2025-04-14 15:36:47.621693+00:00
[2025-04-14T15:36:54.621+0000] {standard_task_runner.py:55} INFO - Started process 1174 to run task
[2025-04-14T15:36:54.626+0000] {standard_task_runner.py:82} INFO - Running: ['***', 'tasks', 'run', 'HemaDag', 'Transform_data', 'manual__2025-04-14T15:36:47.621693+00:00', '--job-id', '38', '--raw', '--subdir', 'DAGS_FOLDER/day.py', '--cfg-path', '/tmp/tmp0i5h_x63']
[2025-04-14T15:36:54.628+0000] {standard_task_runner.py:83} INFO - Job 38: Subtask Transform_data
[2025-04-14T15:36:54.731+0000] {task_command.py:388} INFO - Running <TaskInstance: HemaDag.Transform_data manual__2025-04-14T15:36:47.621693+00:00 [running]> on host 0c4d66587ca1
[2025-04-14T15:36:54.864+0000] {taskinstance.py:1509} INFO - Exporting the following env vars:
AIRFLOW_CTX_DAG_OWNER=***
AIRFLOW_CTX_DAG_ID=HemaDag
AIRFLOW_CTX_TASK_ID=Transform_data
AIRFLOW_CTX_EXECUTION_DATE=2025-04-14T15:36:47.621693+00:00
AIRFLOW_CTX_TRY_NUMBER=1
AIRFLOW_CTX_DAG_RUN_ID=manual__2025-04-14T15:36:47.621693+00:00
[2025-04-14T15:36:54.866+0000] {subprocess.py:63} INFO - Tmp dir root location: 
 /tmp
[2025-04-14T15:36:54.867+0000] {subprocess.py:75} INFO - Running command: ['/bin/bash', '-c', 'python3 /opt/***/scripts/Transform.py "All 1 tables saved to \'/opt/***/data/\'!"']
[2025-04-14T15:36:54.891+0000] {subprocess.py:86} INFO - Output:
[2025-04-14T15:36:57.437+0000] {subprocess.py:93} INFO - Table 1 saved to: /opt/***/data/table_1.csv
[2025-04-14T15:36:57.438+0000] {subprocess.py:93} INFO - 
[2025-04-14T15:36:57.438+0000] {subprocess.py:93} INFO - All 1 tables saved to '/opt/***/data/'!
[2025-04-14T15:36:57.438+0000] {subprocess.py:93} INFO - Table 1 saved to: /opt/***/data/table_1.csv
[2025-04-14T15:36:57.438+0000] {subprocess.py:93} INFO - 
[2025-04-14T15:36:57.438+0000] {subprocess.py:93} INFO - All 1 tables saved to '/opt/***/data/'!
[2025-04-14T15:36:57.538+0000] {subprocess.py:97} INFO - Command exited with return code 0
[2025-04-14T15:36:57.584+0000] {taskinstance.py:1323} INFO - Marking task as SUCCESS. dag_id=HemaDag, task_id=Transform_data, execution_date=20250414T153647, start_date=20250414T153654, end_date=20250414T153657
[2025-04-14T15:36:57.646+0000] {local_task_job.py:208} INFO - Task exited with return code 0
[2025-04-14T15:36:57.687+0000] {taskinstance.py:2578} INFO - 1 downstream tasks scheduled from follow-on schedule check
