[2025-04-13T13:23:47.114+0000] {taskinstance.py:1083} INFO - Dependencies all met for <TaskInstance: our_first_dag.second_task scheduled__2023-10-21T00:00:00+00:00 [queued]>
[2025-04-13T13:23:47.138+0000] {taskinstance.py:1083} INFO - Dependencies all met for <TaskInstance: our_first_dag.second_task scheduled__2023-10-21T00:00:00+00:00 [queued]>
[2025-04-13T13:23:47.138+0000] {taskinstance.py:1279} INFO - 
--------------------------------------------------------------------------------
[2025-04-13T13:23:47.138+0000] {taskinstance.py:1280} INFO - Starting attempt 1 of 6
[2025-04-13T13:23:47.139+0000] {taskinstance.py:1281} INFO - 
--------------------------------------------------------------------------------
[2025-04-13T13:23:47.186+0000] {taskinstance.py:1300} INFO - Executing <Task(BashOperator): second_task> on 2023-10-21 00:00:00+00:00
[2025-04-13T13:23:47.217+0000] {standard_task_runner.py:55} INFO - Started process 631 to run task
[2025-04-13T13:23:47.229+0000] {standard_task_runner.py:82} INFO - Running: ['***', 'tasks', 'run', 'our_first_dag', 'second_task', 'scheduled__2023-10-21T00:00:00+00:00', '--job-id', '45', '--raw', '--subdir', 'DAGS_FOLDER/ourfirt_dag.py', '--cfg-path', '/tmp/tmpsw6h3lg4']
[2025-04-13T13:23:47.237+0000] {standard_task_runner.py:83} INFO - Job 45: Subtask second_task
[2025-04-13T13:23:47.407+0000] {task_command.py:388} INFO - Running <TaskInstance: our_first_dag.second_task scheduled__2023-10-21T00:00:00+00:00 [running]> on host 7ff1b264ad9f
[2025-04-13T13:23:47.587+0000] {taskinstance.py:1509} INFO - Exporting the following env vars:
AIRFLOW_CTX_DAG_OWNER=erbarhim emad
AIRFLOW_CTX_DAG_ID=our_first_dag
AIRFLOW_CTX_TASK_ID=second_task
AIRFLOW_CTX_EXECUTION_DATE=2023-10-21T00:00:00+00:00
AIRFLOW_CTX_TRY_NUMBER=1
AIRFLOW_CTX_DAG_RUN_ID=scheduled__2023-10-21T00:00:00+00:00
[2025-04-13T13:23:47.589+0000] {subprocess.py:63} INFO - Tmp dir root location: 
 /tmp
[2025-04-13T13:23:47.590+0000] {subprocess.py:75} INFO - Running command: ['/bin/bash', '-c', 'echo Hello world this is the second task ']
[2025-04-13T13:23:47.616+0000] {subprocess.py:86} INFO - Output:
[2025-04-13T13:23:47.619+0000] {subprocess.py:93} INFO - Hello world this is the second task
[2025-04-13T13:23:47.620+0000] {subprocess.py:97} INFO - Command exited with return code 0
[2025-04-13T13:23:47.718+0000] {taskinstance.py:1323} INFO - Marking task as SUCCESS. dag_id=our_first_dag, task_id=second_task, execution_date=20231021T000000, start_date=20250413T132347, end_date=20250413T132347
[2025-04-13T13:23:47.789+0000] {local_task_job.py:208} INFO - Task exited with return code 0
[2025-04-13T13:23:47.838+0000] {taskinstance.py:2578} INFO - 0 downstream tasks scheduled from follow-on schedule check
