[2025-04-13T13:24:17.958+0000] {taskinstance.py:1083} INFO - Dependencies all met for <TaskInstance: our_first_dag.second_task scheduled__2023-12-23T00:00:00+00:00 [queued]>
[2025-04-13T13:24:17.980+0000] {taskinstance.py:1083} INFO - Dependencies all met for <TaskInstance: our_first_dag.second_task scheduled__2023-12-23T00:00:00+00:00 [queued]>
[2025-04-13T13:24:17.981+0000] {taskinstance.py:1279} INFO - 
--------------------------------------------------------------------------------
[2025-04-13T13:24:17.981+0000] {taskinstance.py:1280} INFO - Starting attempt 1 of 6
[2025-04-13T13:24:17.981+0000] {taskinstance.py:1281} INFO - 
--------------------------------------------------------------------------------
[2025-04-13T13:24:18.016+0000] {taskinstance.py:1300} INFO - Executing <Task(BashOperator): second_task> on 2023-12-23 00:00:00+00:00
[2025-04-13T13:24:18.032+0000] {standard_task_runner.py:55} INFO - Started process 1017 to run task
[2025-04-13T13:24:18.038+0000] {standard_task_runner.py:82} INFO - Running: ['***', 'tasks', 'run', 'our_first_dag', 'second_task', 'scheduled__2023-12-23T00:00:00+00:00', '--job-id', '170', '--raw', '--subdir', 'DAGS_FOLDER/ourfirt_dag.py', '--cfg-path', '/tmp/tmp7stnvrg9']
[2025-04-13T13:24:18.041+0000] {standard_task_runner.py:83} INFO - Job 170: Subtask second_task
[2025-04-13T13:24:18.178+0000] {task_command.py:388} INFO - Running <TaskInstance: our_first_dag.second_task scheduled__2023-12-23T00:00:00+00:00 [running]> on host 7ff1b264ad9f
[2025-04-13T13:24:18.333+0000] {taskinstance.py:1509} INFO - Exporting the following env vars:
AIRFLOW_CTX_DAG_OWNER=erbarhim emad
AIRFLOW_CTX_DAG_ID=our_first_dag
AIRFLOW_CTX_TASK_ID=second_task
AIRFLOW_CTX_EXECUTION_DATE=2023-12-23T00:00:00+00:00
AIRFLOW_CTX_TRY_NUMBER=1
AIRFLOW_CTX_DAG_RUN_ID=scheduled__2023-12-23T00:00:00+00:00
[2025-04-13T13:24:18.334+0000] {subprocess.py:63} INFO - Tmp dir root location: 
 /tmp
[2025-04-13T13:24:18.335+0000] {subprocess.py:75} INFO - Running command: ['/bin/bash', '-c', 'echo Hello world this is the second task ']
[2025-04-13T13:24:18.359+0000] {subprocess.py:86} INFO - Output:
[2025-04-13T13:24:18.361+0000] {subprocess.py:93} INFO - Hello world this is the second task
[2025-04-13T13:24:18.362+0000] {subprocess.py:97} INFO - Command exited with return code 0
[2025-04-13T13:24:18.407+0000] {taskinstance.py:1323} INFO - Marking task as SUCCESS. dag_id=our_first_dag, task_id=second_task, execution_date=20231223T000000, start_date=20250413T132417, end_date=20250413T132418
[2025-04-13T13:24:18.451+0000] {local_task_job.py:208} INFO - Task exited with return code 0
[2025-04-13T13:24:18.482+0000] {taskinstance.py:2578} INFO - 0 downstream tasks scheduled from follow-on schedule check
