[2025-04-03T18:12:03.697+0000] {manager.py:483} INFO - Processing files using up to 2 processes at a time 
[2025-04-03T18:12:03.698+0000] {manager.py:484} INFO - Process each file at most once every 30 seconds
[2025-04-03T18:12:03.698+0000] {manager.py:486} INFO - Checking for new files in /opt/airflow/dags every 300 seconds
[2025-04-03T18:12:03.698+0000] {manager.py:726} INFO - Searching for files in /opt/airflow/dags
[2025-04-03T18:12:03.699+0000] {manager.py:729} INFO - There are 1 files in /opt/airflow/dags
[2025-04-03T18:12:03.860+0000] {manager.py:854} INFO - 
================================================================================
DAG File Processing Stats

File Path                   PID  Runtime      # DAGs    # Errors  Last Runtime    Last Run
------------------------  -----  ---------  --------  ----------  --------------  ----------
/opt/airflow/dags/day.py    187  0.03s             0           0
================================================================================
[2025-04-03T18:12:34.040+0000] {manager.py:854} INFO - 
================================================================================
DAG File Processing Stats

File Path                   PID  Runtime      # DAGs    # Errors  Last Runtime    Last Run
------------------------  -----  ---------  --------  ----------  --------------  -------------------
/opt/airflow/dags/day.py    193  0.01s             0           1  0.14s           2025-04-03T18:12:03
================================================================================
[2025-04-03T18:13:04.222+0000] {manager.py:854} INFO - 
================================================================================
DAG File Processing Stats

File Path                   PID  Runtime      # DAGs    # Errors  Last Runtime    Last Run
------------------------  -----  ---------  --------  ----------  --------------  -------------------
/opt/airflow/dags/day.py    198  0.01s             0           1  0.08s           2025-04-03T18:12:34
================================================================================
[2025-04-03T18:13:34.399+0000] {manager.py:854} INFO - 
================================================================================
DAG File Processing Stats

File Path                   PID  Runtime      # DAGs    # Errors  Last Runtime    Last Run
------------------------  -----  ---------  --------  ----------  --------------  -------------------
/opt/airflow/dags/day.py    203  0.01s             0           1  0.07s           2025-04-03T18:13:04
================================================================================
[2025-04-03T18:14:04.595+0000] {manager.py:854} INFO - 
================================================================================
DAG File Processing Stats

File Path                   PID  Runtime      # DAGs    # Errors  Last Runtime    Last Run
------------------------  -----  ---------  --------  ----------  --------------  -------------------
/opt/airflow/dags/day.py    208  0.01s             0           1  0.09s           2025-04-03T18:13:34
================================================================================
[2025-04-03T18:14:34.829+0000] {manager.py:854} INFO - 
================================================================================
DAG File Processing Stats

File Path                   PID  Runtime      # DAGs    # Errors  Last Runtime    Last Run
------------------------  -----  ---------  --------  ----------  --------------  -------------------
/opt/airflow/dags/day.py    213  0.01s             0           1  0.10s           2025-04-03T18:14:04
================================================================================
[2025-04-03T18:15:05.042+0000] {manager.py:854} INFO - 
================================================================================
DAG File Processing Stats

File Path                   PID  Runtime      # DAGs    # Errors  Last Runtime    Last Run
------------------------  -----  ---------  --------  ----------  --------------  -------------------
/opt/airflow/dags/day.py    218  0.01s             0           1  0.08s           2025-04-03T18:14:34
================================================================================
[2025-04-03T18:15:35.238+0000] {manager.py:854} INFO - 
================================================================================
DAG File Processing Stats

File Path                   PID  Runtime      # DAGs    # Errors  Last Runtime    Last Run
------------------------  -----  ---------  --------  ----------  --------------  -------------------
/opt/airflow/dags/day.py    223  0.01s             0           1  0.09s           2025-04-03T18:15:05
================================================================================
[2025-04-03T18:16:05.462+0000] {manager.py:854} INFO - 
================================================================================
DAG File Processing Stats

File Path                   PID  Runtime      # DAGs    # Errors  Last Runtime    Last Run
------------------------  -----  ---------  --------  ----------  --------------  -------------------
/opt/airflow/dags/day.py    228  0.01s             0           1  0.08s           2025-04-03T18:15:35
================================================================================
[2025-04-03T18:16:35.662+0000] {manager.py:854} INFO - 
================================================================================
DAG File Processing Stats

File Path                   PID  Runtime      # DAGs    # Errors  Last Runtime    Last Run
------------------------  -----  ---------  --------  ----------  --------------  -------------------
/opt/airflow/dags/day.py    233  0.01s             0           1  0.08s           2025-04-03T18:16:05
================================================================================
[2025-04-03T18:16:43.608+0000] {manager.py:465} INFO - Exiting gracefully upon receiving signal 15
[2025-04-03T18:18:33.227+0000] {manager.py:483} INFO - Processing files using up to 2 processes at a time 
[2025-04-03T18:18:33.229+0000] {manager.py:484} INFO - Process each file at most once every 30 seconds
[2025-04-03T18:18:33.229+0000] {manager.py:486} INFO - Checking for new files in /opt/airflow/dags every 300 seconds
[2025-04-03T18:18:33.229+0000] {manager.py:726} INFO - Searching for files in /opt/airflow/dags
[2025-04-03T18:18:33.230+0000] {manager.py:729} INFO - There are 1 files in /opt/airflow/dags
[2025-04-03T18:18:33.408+0000] {manager.py:854} INFO - 
================================================================================
DAG File Processing Stats

File Path                   PID  Runtime      # DAGs    # Errors  Last Runtime    Last Run
------------------------  -----  ---------  --------  ----------  --------------  ----------
/opt/airflow/dags/day.py    203  0.03s             0           0
================================================================================
[2025-04-03T18:19:03.591+0000] {manager.py:854} INFO - 
================================================================================
DAG File Processing Stats

File Path                   PID  Runtime      # DAGs    # Errors  Last Runtime    Last Run
------------------------  -----  ---------  --------  ----------  --------------  -------------------
/opt/airflow/dags/day.py    209  0.01s             0           1  0.15s           2025-04-03T18:18:33
================================================================================
[2025-04-03T18:19:33.831+0000] {manager.py:854} INFO - 
================================================================================
DAG File Processing Stats

File Path                 PID    Runtime      # DAGs    # Errors  Last Runtime    Last Run
------------------------  -----  ---------  --------  ----------  --------------  -------------------
/opt/airflow/dags/day.py                           0           1  0.08s           2025-04-03T18:19:12
================================================================================
[2025-04-03T18:20:04.025+0000] {manager.py:854} INFO - 
================================================================================
DAG File Processing Stats

File Path                 PID    Runtime      # DAGs    # Errors  Last Runtime    Last Run
------------------------  -----  ---------  --------  ----------  --------------  -------------------
/opt/airflow/dags/day.py                           0           1  0.09s           2025-04-03T18:19:42
================================================================================
[2025-04-03T18:20:34.235+0000] {manager.py:854} INFO - 
================================================================================
DAG File Processing Stats

File Path                 PID    Runtime      # DAGs    # Errors  Last Runtime    Last Run
------------------------  -----  ---------  --------  ----------  --------------  -------------------
/opt/airflow/dags/day.py                           0           1  0.11s           2025-04-03T18:20:13
================================================================================
[2025-04-03T18:21:04.434+0000] {manager.py:854} INFO - 
================================================================================
DAG File Processing Stats

File Path                 PID    Runtime      # DAGs    # Errors  Last Runtime    Last Run
------------------------  -----  ---------  --------  ----------  --------------  -------------------
/opt/airflow/dags/day.py                           0           1  0.08s           2025-04-03T18:20:43
================================================================================
[2025-04-03T18:21:34.618+0000] {manager.py:854} INFO - 
================================================================================
DAG File Processing Stats

File Path                 PID    Runtime      # DAGs    # Errors  Last Runtime    Last Run
------------------------  -----  ---------  --------  ----------  --------------  -------------------
/opt/airflow/dags/day.py                           0           1  0.08s           2025-04-03T18:21:13
================================================================================
[2025-04-03T18:22:04.829+0000] {manager.py:854} INFO - 
================================================================================
DAG File Processing Stats

File Path                 PID    Runtime      # DAGs    # Errors  Last Runtime    Last Run
------------------------  -----  ---------  --------  ----------  --------------  -------------------
/opt/airflow/dags/day.py                           0           1  0.10s           2025-04-03T18:21:43
================================================================================
[2025-04-03T18:22:35.019+0000] {manager.py:854} INFO - 
================================================================================
DAG File Processing Stats

File Path                 PID    Runtime      # DAGs    # Errors  Last Runtime    Last Run
------------------------  -----  ---------  --------  ----------  --------------  -------------------
/opt/airflow/dags/day.py                           0           1  0.08s           2025-04-03T18:22:13
================================================================================
[2025-04-03T18:23:05.229+0000] {manager.py:854} INFO - 
================================================================================
DAG File Processing Stats

File Path                 PID    Runtime      # DAGs    # Errors  Last Runtime    Last Run
------------------------  -----  ---------  --------  ----------  --------------  -------------------
/opt/airflow/dags/day.py                           0           1  0.09s           2025-04-03T18:22:44
================================================================================
[2025-04-03T18:23:33.477+0000] {manager.py:726} INFO - Searching for files in /opt/airflow/dags
[2025-04-03T18:23:33.479+0000] {manager.py:729} INFO - There are 1 files in /opt/airflow/dags
[2025-04-03T18:23:35.504+0000] {manager.py:854} INFO - 
================================================================================
DAG File Processing Stats

File Path                 PID    Runtime      # DAGs    # Errors  Last Runtime    Last Run
------------------------  -----  ---------  --------  ----------  --------------  -------------------
/opt/airflow/dags/day.py                           1           0  0.36s           2025-04-03T18:23:23
================================================================================
[2025-04-03T18:24:05.680+0000] {manager.py:854} INFO - 
================================================================================
DAG File Processing Stats

File Path                 PID    Runtime      # DAGs    # Errors  Last Runtime    Last Run
------------------------  -----  ---------  --------  ----------  --------------  -------------------
/opt/airflow/dags/day.py                           0           1  0.10s           2025-04-03T18:23:49
================================================================================
[2025-04-03T18:24:35.987+0000] {manager.py:520} INFO - DAG daily_2pm_dag is missing and will be deactivated.
[2025-04-03T18:24:35.993+0000] {manager.py:530} INFO - Deactivated 1 DAGs which are no longer present in file.
[2025-04-03T18:24:35.996+0000] {manager.py:534} INFO - Deleted DAG daily_2pm_dag in serialized_dag table
[2025-04-03T18:24:36.001+0000] {manager.py:854} INFO - 
================================================================================
DAG File Processing Stats

File Path                 PID    Runtime      # DAGs    # Errors  Last Runtime    Last Run
------------------------  -----  ---------  --------  ----------  --------------  -------------------
/opt/airflow/dags/day.py                           0           1  0.08s           2025-04-03T18:24:35
================================================================================
[2025-04-03T18:25:06.205+0000] {manager.py:854} INFO - 
================================================================================
DAG File Processing Stats

File Path                 PID    Runtime      # DAGs    # Errors  Last Runtime    Last Run
------------------------  -----  ---------  --------  ----------  --------------  -------------------
/opt/airflow/dags/day.py                           0           1  0.08s           2025-04-03T18:24:48
================================================================================
[2025-04-03T18:26:30.338+0000] {manager.py:483} INFO - Processing files using up to 2 processes at a time 
[2025-04-03T18:26:30.339+0000] {manager.py:484} INFO - Process each file at most once every 30 seconds
[2025-04-03T18:26:30.339+0000] {manager.py:486} INFO - Checking for new files in /opt/airflow/dags every 300 seconds
[2025-04-03T18:26:30.339+0000] {manager.py:726} INFO - Searching for files in /opt/airflow/dags
[2025-04-03T18:26:30.340+0000] {manager.py:729} INFO - There are 1 files in /opt/airflow/dags
[2025-04-03T18:26:30.498+0000] {manager.py:854} INFO - 
================================================================================
DAG File Processing Stats

File Path                   PID  Runtime      # DAGs    # Errors  Last Runtime    Last Run
------------------------  -----  ---------  --------  ----------  --------------  ----------
/opt/airflow/dags/day.py    187  0.03s             0           0
================================================================================
[2025-04-03T18:27:00.679+0000] {manager.py:854} INFO - 
================================================================================
DAG File Processing Stats

File Path                   PID  Runtime      # DAGs    # Errors  Last Runtime    Last Run
------------------------  -----  ---------  --------  ----------  --------------  -------------------
/opt/airflow/dags/day.py    193  0.01s             0           1  0.14s           2025-04-03T18:26:30
================================================================================
[2025-04-03T18:27:30.882+0000] {manager.py:854} INFO - 
================================================================================
DAG File Processing Stats

File Path                   PID  Runtime      # DAGs    # Errors  Last Runtime    Last Run
------------------------  -----  ---------  --------  ----------  --------------  -------------------
/opt/airflow/dags/day.py    198  0.01s             0           1  0.08s           2025-04-03T18:27:00
================================================================================
[2025-04-03T18:28:01.096+0000] {manager.py:854} INFO - 
================================================================================
DAG File Processing Stats

File Path                   PID  Runtime      # DAGs    # Errors  Last Runtime    Last Run
------------------------  -----  ---------  --------  ----------  --------------  -------------------
/opt/airflow/dags/day.py    203  0.01s             0           1  0.09s           2025-04-03T18:27:30
================================================================================
[2025-04-03T18:33:18.074+0000] {manager.py:483} INFO - Processing files using up to 2 processes at a time 
[2025-04-03T18:33:18.082+0000] {manager.py:484} INFO - Process each file at most once every 30 seconds
[2025-04-03T18:33:18.083+0000] {manager.py:486} INFO - Checking for new files in /opt/airflow/dags every 300 seconds
[2025-04-03T18:33:18.083+0000] {manager.py:726} INFO - Searching for files in /opt/airflow/dags
[2025-04-03T18:33:18.084+0000] {manager.py:729} INFO - There are 1 files in /opt/airflow/dags
[2025-04-03T18:33:18.250+0000] {manager.py:854} INFO - 
================================================================================
DAG File Processing Stats

File Path                   PID  Runtime      # DAGs    # Errors  Last Runtime    Last Run
------------------------  -----  ---------  --------  ----------  --------------  ----------
/opt/airflow/dags/day.py    203  0.03s             0           0
================================================================================
[2025-04-03T18:33:26.587+0000] {manager.py:465} INFO - Exiting gracefully upon receiving signal 15
[2025-04-03T18:34:08.927+0000] {manager.py:483} INFO - Processing files using up to 2 processes at a time 
[2025-04-03T18:34:08.929+0000] {manager.py:484} INFO - Process each file at most once every 30 seconds
[2025-04-03T18:34:08.929+0000] {manager.py:486} INFO - Checking for new files in /opt/airflow/dags every 300 seconds
[2025-04-03T18:34:08.929+0000] {manager.py:726} INFO - Searching for files in /opt/airflow/dags
[2025-04-03T18:34:08.930+0000] {manager.py:729} INFO - There are 1 files in /opt/airflow/dags
[2025-04-03T18:34:09.121+0000] {manager.py:854} INFO - 
================================================================================
DAG File Processing Stats

File Path                   PID  Runtime      # DAGs    # Errors  Last Runtime    Last Run
------------------------  -----  ---------  --------  ----------  --------------  ----------
/opt/airflow/dags/day.py    187  0.03s             0           0
================================================================================
[2025-04-03T18:34:39.288+0000] {manager.py:854} INFO - 
================================================================================
DAG File Processing Stats

File Path                   PID  Runtime      # DAGs    # Errors  Last Runtime    Last Run
------------------------  -----  ---------  --------  ----------  --------------  -------------------
/opt/airflow/dags/day.py    193  0.01s             0           1  0.17s           2025-04-03T18:34:09
================================================================================
