[2025-04-13T13:24:21.903+0000] {taskinstance.py:1083} INFO - Dependencies all met for <TaskInstance: our_first_dag.first_task scheduled__2023-12-28T00:00:00+00:00 [queued]>
[2025-04-13T13:24:21.916+0000] {taskinstance.py:1083} INFO - Dependencies all met for <TaskInstance: our_first_dag.first_task scheduled__2023-12-28T00:00:00+00:00 [queued]>
[2025-04-13T13:24:21.916+0000] {taskinstance.py:1279} INFO - 
--------------------------------------------------------------------------------
[2025-04-13T13:24:21.916+0000] {taskinstance.py:1280} INFO - Starting attempt 1 of 6
[2025-04-13T13:24:21.916+0000] {taskinstance.py:1281} INFO - 
--------------------------------------------------------------------------------
[2025-04-13T13:24:21.937+0000] {taskinstance.py:1300} INFO - Executing <Task(BashOperator): first_task> on 2023-12-28 00:00:00+00:00
[2025-04-13T13:24:21.947+0000] {standard_task_runner.py:55} INFO - Started process 1050 to run task
[2025-04-13T13:24:21.951+0000] {standard_task_runner.py:82} INFO - Running: ['***', 'tasks', 'run', 'our_first_dag', 'first_task', 'scheduled__2023-12-28T00:00:00+00:00', '--job-id', '180', '--raw', '--subdir', 'DAGS_FOLDER/ourfirt_dag.py', '--cfg-path', '/tmp/tmp4wcoq3er']
[2025-04-13T13:24:21.953+0000] {standard_task_runner.py:83} INFO - Job 180: Subtask first_task
[2025-04-13T13:24:22.049+0000] {task_command.py:388} INFO - Running <TaskInstance: our_first_dag.first_task scheduled__2023-12-28T00:00:00+00:00 [running]> on host 7ff1b264ad9f
[2025-04-13T13:24:22.154+0000] {taskinstance.py:1509} INFO - Exporting the following env vars:
AIRFLOW_CTX_DAG_OWNER=erbarhim emad
AIRFLOW_CTX_DAG_ID=our_first_dag
AIRFLOW_CTX_TASK_ID=first_task
AIRFLOW_CTX_EXECUTION_DATE=2023-12-28T00:00:00+00:00
AIRFLOW_CTX_TRY_NUMBER=1
AIRFLOW_CTX_DAG_RUN_ID=scheduled__2023-12-28T00:00:00+00:00
[2025-04-13T13:24:22.156+0000] {subprocess.py:63} INFO - Tmp dir root location: 
 /tmp
[2025-04-13T13:24:22.156+0000] {subprocess.py:75} INFO - Running command: ['/bin/bash', '-c', 'echo Hello world this is the first task ']
[2025-04-13T13:24:22.175+0000] {subprocess.py:86} INFO - Output:
[2025-04-13T13:24:22.177+0000] {subprocess.py:93} INFO - Hello world this is the first task
[2025-04-13T13:24:22.178+0000] {subprocess.py:97} INFO - Command exited with return code 0
[2025-04-13T13:24:22.217+0000] {taskinstance.py:1323} INFO - Marking task as SUCCESS. dag_id=our_first_dag, task_id=first_task, execution_date=20231228T000000, start_date=20250413T132421, end_date=20250413T132422
[2025-04-13T13:24:22.283+0000] {local_task_job.py:208} INFO - Task exited with return code 0
[2025-04-13T13:24:22.318+0000] {taskinstance.py:2578} INFO - 0 downstream tasks scheduled from follow-on schedule check
