[2025-04-16T05:32:01.150+0000] {taskinstance.py:1083} INFO - Dependencies all met for <TaskInstance: Anas.create_table_task manual__2025-04-16T05:31:51.133135+00:00 [queued]>
[2025-04-16T05:32:01.164+0000] {taskinstance.py:1083} INFO - Dependencies all met for <TaskInstance: Anas.create_table_task manual__2025-04-16T05:31:51.133135+00:00 [queued]>
[2025-04-16T05:32:01.164+0000] {taskinstance.py:1279} INFO - 
--------------------------------------------------------------------------------
[2025-04-16T05:32:01.164+0000] {taskinstance.py:1280} INFO - Starting attempt 1 of 1
[2025-04-16T05:32:01.164+0000] {taskinstance.py:1281} INFO - 
--------------------------------------------------------------------------------
[2025-04-16T05:32:01.183+0000] {taskinstance.py:1300} INFO - Executing <Task(PythonOperator): create_table_task> on 2025-04-16 05:31:51.133135+00:00
[2025-04-16T05:32:01.196+0000] {standard_task_runner.py:55} INFO - Started process 1356 to run task
[2025-04-16T05:32:01.201+0000] {standard_task_runner.py:82} INFO - Running: ['***', 'tasks', 'run', 'Anas', 'create_table_task', 'manual__2025-04-16T05:31:51.133135+00:00', '--job-id', '23', '--raw', '--subdir', 'DAGS_FOLDER/day.py', '--cfg-path', '/tmp/tmp0k8na5nx']
[2025-04-16T05:32:01.203+0000] {standard_task_runner.py:83} INFO - Job 23: Subtask create_table_task
[2025-04-16T05:32:01.290+0000] {task_command.py:388} INFO - Running <TaskInstance: Anas.create_table_task manual__2025-04-16T05:31:51.133135+00:00 [running]> on host 4d6caa4360c9
[2025-04-16T05:32:01.391+0000] {taskinstance.py:1509} INFO - Exporting the following env vars:
AIRFLOW_CTX_DAG_OWNER=***
AIRFLOW_CTX_DAG_ID=Anas
AIRFLOW_CTX_TASK_ID=create_table_task
AIRFLOW_CTX_EXECUTION_DATE=2025-04-16T05:31:51.133135+00:00
AIRFLOW_CTX_TRY_NUMBER=1
AIRFLOW_CTX_DAG_RUN_ID=manual__2025-04-16T05:31:51.133135+00:00
[2025-04-16T05:32:01.397+0000] {logging_mixin.py:137} INFO - ✅ Connected to PostgreSQL
[2025-04-16T05:32:01.399+0000] {logging_mixin.py:137} INFO - ✅ Table created successfully
[2025-04-16T05:32:01.399+0000] {logging_mixin.py:137} INFO - ✅ PostgreSQL connection closed
[2025-04-16T05:32:01.399+0000] {python.py:177} INFO - Done. Returned value was: None
[2025-04-16T05:32:01.412+0000] {taskinstance.py:1323} INFO - Marking task as SUCCESS. dag_id=Anas, task_id=create_table_task, execution_date=20250416T053151, start_date=20250416T053201, end_date=20250416T053201
[2025-04-16T05:32:01.452+0000] {local_task_job.py:208} INFO - Task exited with return code 0
[2025-04-16T05:32:01.483+0000] {taskinstance.py:2578} INFO - 1 downstream tasks scheduled from follow-on schedule check
