[2025-04-06T16:09:59.242+0000] {taskinstance.py:1083} INFO - Dependencies all met for <TaskInstance: HemaDag.fetch_data manual__2025-04-06T16:09:58.367684+00:00 [queued]>
[2025-04-06T16:09:59.262+0000] {taskinstance.py:1083} INFO - Dependencies all met for <TaskInstance: HemaDag.fetch_data manual__2025-04-06T16:09:58.367684+00:00 [queued]>
[2025-04-06T16:09:59.263+0000] {taskinstance.py:1279} INFO - 
--------------------------------------------------------------------------------
[2025-04-06T16:09:59.263+0000] {taskinstance.py:1280} INFO - Starting attempt 1 of 1
[2025-04-06T16:09:59.263+0000] {taskinstance.py:1281} INFO - 
--------------------------------------------------------------------------------
[2025-04-06T16:09:59.295+0000] {taskinstance.py:1300} INFO - Executing <Task(BashOperator): fetch_data> on 2025-04-06 16:09:58.367684+00:00
[2025-04-06T16:09:59.308+0000] {standard_task_runner.py:55} INFO - Started process 537 to run task
[2025-04-06T16:09:59.314+0000] {standard_task_runner.py:82} INFO - Running: ['***', 'tasks', 'run', 'HemaDag', 'fetch_data', 'manual__2025-04-06T16:09:58.367684+00:00', '--job-id', '16', '--raw', '--subdir', 'DAGS_FOLDER/day.py', '--cfg-path', '/tmp/tmpmsnt2s4x']
[2025-04-06T16:09:59.316+0000] {standard_task_runner.py:83} INFO - Job 16: Subtask fetch_data
[2025-04-06T16:09:59.423+0000] {task_command.py:388} INFO - Running <TaskInstance: HemaDag.fetch_data manual__2025-04-06T16:09:58.367684+00:00 [running]> on host 39d9912bf493
[2025-04-06T16:09:59.543+0000] {taskinstance.py:1509} INFO - Exporting the following env vars:
AIRFLOW_CTX_DAG_OWNER=***
AIRFLOW_CTX_DAG_ID=HemaDag
AIRFLOW_CTX_TASK_ID=fetch_data
AIRFLOW_CTX_EXECUTION_DATE=2025-04-06T16:09:58.367684+00:00
AIRFLOW_CTX_TRY_NUMBER=1
AIRFLOW_CTX_DAG_RUN_ID=manual__2025-04-06T16:09:58.367684+00:00
[2025-04-06T16:09:59.545+0000] {subprocess.py:63} INFO - Tmp dir root location: 
 /tmp
[2025-04-06T16:09:59.546+0000] {subprocess.py:75} INFO - Running command: ['/bin/bash', '-c', 'python3 /opt/***/scripts/Extract.py']
[2025-04-06T16:09:59.567+0000] {subprocess.py:86} INFO - Output:
[2025-04-06T16:10:01.444+0000] {subprocess.py:93} INFO - Table 1 saved to: /opt/***/data/table_1.csv
[2025-04-06T16:10:01.445+0000] {subprocess.py:93} INFO - 
[2025-04-06T16:10:01.445+0000] {subprocess.py:93} INFO - All 1 tables saved to '/opt/***/data/'!
[2025-04-06T16:10:01.536+0000] {subprocess.py:97} INFO - Command exited with return code 0
[2025-04-06T16:10:01.577+0000] {taskinstance.py:1323} INFO - Marking task as SUCCESS. dag_id=HemaDag, task_id=fetch_data, execution_date=20250406T160958, start_date=20250406T160959, end_date=20250406T161001
[2025-04-06T16:10:01.611+0000] {local_task_job.py:208} INFO - Task exited with return code 0
[2025-04-06T16:10:01.645+0000] {taskinstance.py:2578} INFO - 1 downstream tasks scheduled from follow-on schedule check
