[2025-04-14T15:06:59.287+0000] {taskinstance.py:1083} INFO - Dependencies all met for <TaskInstance: HemaDag.fetch_data manual__2025-04-14T15:06:57.738403+00:00 [queued]>
[2025-04-14T15:06:59.300+0000] {taskinstance.py:1083} INFO - Dependencies all met for <TaskInstance: HemaDag.fetch_data manual__2025-04-14T15:06:57.738403+00:00 [queued]>
[2025-04-14T15:06:59.301+0000] {taskinstance.py:1279} INFO - 
--------------------------------------------------------------------------------
[2025-04-14T15:06:59.301+0000] {taskinstance.py:1280} INFO - Starting attempt 1 of 1
[2025-04-14T15:06:59.301+0000] {taskinstance.py:1281} INFO - 
--------------------------------------------------------------------------------
[2025-04-14T15:06:59.319+0000] {taskinstance.py:1300} INFO - Executing <Task(BashOperator): fetch_data> on 2025-04-14 15:06:57.738403+00:00
[2025-04-14T15:06:59.332+0000] {standard_task_runner.py:55} INFO - Started process 389 to run task
[2025-04-14T15:06:59.336+0000] {standard_task_runner.py:82} INFO - Running: ['***', 'tasks', 'run', 'HemaDag', 'fetch_data', 'manual__2025-04-14T15:06:57.738403+00:00', '--job-id', '8', '--raw', '--subdir', 'DAGS_FOLDER/day.py', '--cfg-path', '/tmp/tmp4l6d7gj_']
[2025-04-14T15:06:59.339+0000] {standard_task_runner.py:83} INFO - Job 8: Subtask fetch_data
[2025-04-14T15:06:59.434+0000] {task_command.py:388} INFO - Running <TaskInstance: HemaDag.fetch_data manual__2025-04-14T15:06:57.738403+00:00 [running]> on host 0c4d66587ca1
[2025-04-14T15:06:59.535+0000] {taskinstance.py:1509} INFO - Exporting the following env vars:
AIRFLOW_CTX_DAG_OWNER=***
AIRFLOW_CTX_DAG_ID=HemaDag
AIRFLOW_CTX_TASK_ID=fetch_data
AIRFLOW_CTX_EXECUTION_DATE=2025-04-14T15:06:57.738403+00:00
AIRFLOW_CTX_TRY_NUMBER=1
AIRFLOW_CTX_DAG_RUN_ID=manual__2025-04-14T15:06:57.738403+00:00
[2025-04-14T15:06:59.536+0000] {subprocess.py:63} INFO - Tmp dir root location: 
 /tmp
[2025-04-14T15:06:59.536+0000] {subprocess.py:75} INFO - Running command: ['/bin/bash', '-c', 'python3 /opt/***/scripts/Extract.py']
[2025-04-14T15:06:59.558+0000] {subprocess.py:86} INFO - Output:
[2025-04-14T15:07:01.470+0000] {subprocess.py:93} INFO - Table 1 saved to: /opt/***/data/table_1.csv
[2025-04-14T15:07:01.470+0000] {subprocess.py:93} INFO - 
[2025-04-14T15:07:01.470+0000] {subprocess.py:93} INFO - All 1 tables saved to '/opt/***/data/'!
[2025-04-14T15:07:01.565+0000] {subprocess.py:97} INFO - Command exited with return code 0
[2025-04-14T15:07:01.613+0000] {taskinstance.py:1323} INFO - Marking task as SUCCESS. dag_id=HemaDag, task_id=fetch_data, execution_date=20250414T150657, start_date=20250414T150659, end_date=20250414T150701
[2025-04-14T15:07:01.675+0000] {local_task_job.py:208} INFO - Task exited with return code 0
[2025-04-14T15:07:01.709+0000] {taskinstance.py:2578} INFO - 1 downstream tasks scheduled from follow-on schedule check
