[2025-04-13T13:23:39.037+0000] {taskinstance.py:1083} INFO - Dependencies all met for <TaskInstance: our_first_dag.second_task scheduled__2023-10-04T00:00:00+00:00 [queued]>
[2025-04-13T13:23:39.059+0000] {taskinstance.py:1083} INFO - Dependencies all met for <TaskInstance: our_first_dag.second_task scheduled__2023-10-04T00:00:00+00:00 [queued]>
[2025-04-13T13:23:39.060+0000] {taskinstance.py:1279} INFO - 
--------------------------------------------------------------------------------
[2025-04-13T13:23:39.061+0000] {taskinstance.py:1280} INFO - Starting attempt 1 of 6
[2025-04-13T13:23:39.061+0000] {taskinstance.py:1281} INFO - 
--------------------------------------------------------------------------------
[2025-04-13T13:23:39.112+0000] {taskinstance.py:1300} INFO - Executing <Task(BashOperator): second_task> on 2023-10-04 00:00:00+00:00
[2025-04-13T13:23:39.130+0000] {standard_task_runner.py:55} INFO - Started process 522 to run task
[2025-04-13T13:23:39.137+0000] {standard_task_runner.py:82} INFO - Running: ['***', 'tasks', 'run', 'our_first_dag', 'second_task', 'scheduled__2023-10-04T00:00:00+00:00', '--job-id', '9', '--raw', '--subdir', 'DAGS_FOLDER/ourfirt_dag.py', '--cfg-path', '/tmp/tmpwnrz9awg']
[2025-04-13T13:23:39.143+0000] {standard_task_runner.py:83} INFO - Job 9: Subtask second_task
[2025-04-13T13:23:39.315+0000] {task_command.py:388} INFO - Running <TaskInstance: our_first_dag.second_task scheduled__2023-10-04T00:00:00+00:00 [running]> on host 7ff1b264ad9f
[2025-04-13T13:23:39.574+0000] {taskinstance.py:1509} INFO - Exporting the following env vars:
AIRFLOW_CTX_DAG_OWNER=erbarhim emad
AIRFLOW_CTX_DAG_ID=our_first_dag
AIRFLOW_CTX_TASK_ID=second_task
AIRFLOW_CTX_EXECUTION_DATE=2023-10-04T00:00:00+00:00
AIRFLOW_CTX_TRY_NUMBER=1
AIRFLOW_CTX_DAG_RUN_ID=scheduled__2023-10-04T00:00:00+00:00
[2025-04-13T13:23:39.576+0000] {subprocess.py:63} INFO - Tmp dir root location: 
 /tmp
[2025-04-13T13:23:39.578+0000] {subprocess.py:75} INFO - Running command: ['/bin/bash', '-c', 'echo Hello world this is the second task ']
[2025-04-13T13:23:39.643+0000] {subprocess.py:86} INFO - Output:
[2025-04-13T13:23:39.647+0000] {subprocess.py:93} INFO - Hello world this is the second task
[2025-04-13T13:23:39.648+0000] {subprocess.py:97} INFO - Command exited with return code 0
[2025-04-13T13:23:39.708+0000] {taskinstance.py:1323} INFO - Marking task as SUCCESS. dag_id=our_first_dag, task_id=second_task, execution_date=20231004T000000, start_date=20250413T132339, end_date=20250413T132339
[2025-04-13T13:23:39.758+0000] {local_task_job.py:208} INFO - Task exited with return code 0
[2025-04-13T13:23:39.817+0000] {taskinstance.py:2578} INFO - 0 downstream tasks scheduled from follow-on schedule check
