[2025-04-13T13:23:48.108+0000] {taskinstance.py:1083} INFO - Dependencies all met for <TaskInstance: our_first_dag.second_task scheduled__2023-10-26T00:00:00+00:00 [queued]>
[2025-04-13T13:23:48.126+0000] {taskinstance.py:1083} INFO - Dependencies all met for <TaskInstance: our_first_dag.second_task scheduled__2023-10-26T00:00:00+00:00 [queued]>
[2025-04-13T13:23:48.126+0000] {taskinstance.py:1279} INFO - 
--------------------------------------------------------------------------------
[2025-04-13T13:23:48.126+0000] {taskinstance.py:1280} INFO - Starting attempt 1 of 6
[2025-04-13T13:23:48.126+0000] {taskinstance.py:1281} INFO - 
--------------------------------------------------------------------------------
[2025-04-13T13:23:48.153+0000] {taskinstance.py:1300} INFO - Executing <Task(BashOperator): second_task> on 2023-10-26 00:00:00+00:00
[2025-04-13T13:23:48.165+0000] {standard_task_runner.py:55} INFO - Started process 661 to run task
[2025-04-13T13:23:48.171+0000] {standard_task_runner.py:82} INFO - Running: ['***', 'tasks', 'run', 'our_first_dag', 'second_task', 'scheduled__2023-10-26T00:00:00+00:00', '--job-id', '55', '--raw', '--subdir', 'DAGS_FOLDER/ourfirt_dag.py', '--cfg-path', '/tmp/tmptx4y5stz']
[2025-04-13T13:23:48.174+0000] {standard_task_runner.py:83} INFO - Job 55: Subtask second_task
[2025-04-13T13:23:48.290+0000] {task_command.py:388} INFO - Running <TaskInstance: our_first_dag.second_task scheduled__2023-10-26T00:00:00+00:00 [running]> on host 7ff1b264ad9f
[2025-04-13T13:23:48.420+0000] {taskinstance.py:1509} INFO - Exporting the following env vars:
AIRFLOW_CTX_DAG_OWNER=erbarhim emad
AIRFLOW_CTX_DAG_ID=our_first_dag
AIRFLOW_CTX_TASK_ID=second_task
AIRFLOW_CTX_EXECUTION_DATE=2023-10-26T00:00:00+00:00
AIRFLOW_CTX_TRY_NUMBER=1
AIRFLOW_CTX_DAG_RUN_ID=scheduled__2023-10-26T00:00:00+00:00
[2025-04-13T13:23:48.422+0000] {subprocess.py:63} INFO - Tmp dir root location: 
 /tmp
[2025-04-13T13:23:48.423+0000] {subprocess.py:75} INFO - Running command: ['/bin/bash', '-c', 'echo Hello world this is the second task ']
[2025-04-13T13:23:48.448+0000] {subprocess.py:86} INFO - Output:
[2025-04-13T13:23:48.450+0000] {subprocess.py:93} INFO - Hello world this is the second task
[2025-04-13T13:23:48.451+0000] {subprocess.py:97} INFO - Command exited with return code 0
[2025-04-13T13:23:48.501+0000] {taskinstance.py:1323} INFO - Marking task as SUCCESS. dag_id=our_first_dag, task_id=second_task, execution_date=20231026T000000, start_date=20250413T132348, end_date=20250413T132348
[2025-04-13T13:23:48.544+0000] {local_task_job.py:208} INFO - Task exited with return code 0
[2025-04-13T13:23:48.606+0000] {taskinstance.py:2578} INFO - 0 downstream tasks scheduled from follow-on schedule check
